#
# A fatal error has been detected by the Java Runtime Environment:
#
#  SIGSEGV (0xb) at pc=0x00007f3f6b6302e3, pid=115343, tid=115351
#
# JRE version: OpenJDK Runtime Environment (11.0.20.1+1) (build 11.0.20.1+1-post-Ubuntu-0ubuntu120.04)
# Java VM: OpenJDK 64-Bit Server VM (11.0.20.1+1-post-Ubuntu-0ubuntu120.04, mixed mode, sharing, tiered, compressed oops, g1 gc, linux-amd64)
# Problematic frame:
# C  [libZXing.so+0x542e3]  ZXing::SetupLumImageView(ZXing::ImageView, ZXing::LumImage&, ZXing::DecodeHints const&)+0x983
#
# Core dump will be written. Default location: Core dumps may be processed with "/usr/share/apport/apport -p%p -s%s -c%c -d%d -P%P -u%u -g%g -- %E" (or dumping to /home/eduardo/Documentos/Workspaces/Projetos/loadCplus/core.115343)
#
# If you would like to submit a bug report, please visit:
#   https://bugs.launchpad.net/ubuntu/+source/openjdk-lts
# The crash happened outside the Java Virtual Machine in native code.
# See problematic frame for where to report the bug.
#

---------------  S U M M A R Y ------------

Command Line: -Dfile.encoding=UTF-8 loadCplus.ZXingBarcodeReader

Host: 11th Gen Intel(R) Core(TM) i7-1165G7 @ 2.80GHz, 8 cores, 15G, Ubuntu 20.04.6 LTS
Time: Tue Oct 24 17:43:13 2023 -03 elapsed time: 0.327325 seconds (0d 0h 0m 0s)

---------------  T H R E A D  ---------------

Current thread (0x00007f3fc8016800):  JavaThread "main" [_thread_in_native, id=115351, stack(0x00007f3fce02c000,0x00007f3fce12d000)]

Stack: [0x00007f3fce02c000,0x00007f3fce12d000],  sp=0x00007f3fce12a910,  free space=1018k
Native frames: (J=compiled Java code, A=aot compiled Java code, j=interpreted, Vv=VM code, C=native code)
C  [libZXing.so+0x542e3]  ZXing::SetupLumImageView(ZXing::ImageView, ZXing::LumImage&, ZXing::DecodeHints const&)+0x983

Java frames: (J=compiled Java code, j=interpreted, Vv=VM code)
j  com.sun.jna.Native.invokePointer(Lcom/sun/jna/Function;JI[Ljava/lang/Object;)J+0
j  com.sun.jna.Function.invokePointer(I[Ljava/lang/Object;)Lcom/sun/jna/Pointer;+7
j  com.sun.jna.Function.invoke([Ljava/lang/Object;Ljava/lang/Class;ZI)Ljava/lang/Object;+520
j  com.sun.jna.Function.invoke(Ljava/lang/reflect/Method;[Ljava/lang/Class;Ljava/lang/Class;[Ljava/lang/Object;Ljava/util/Map;)Ljava/lang/Object;+271
j  com.sun.jna.Library$Handler.invoke(Ljava/lang/Object;Ljava/lang/reflect/Method;[Ljava/lang/Object;)Ljava/lang/Object;+390
j  com.sun.proxy.$Proxy0.JavaReadBarcodes([BIII[Ljava/lang/String;)[Ljava/lang/String;+43
j  loadCplus.ZXingBarcodeReader.main([Ljava/lang/String;)V+77
v  ~StubRoutines::call_stub

siginfo: si_signo: 11 (SIGSEGV), si_code: 2 (SEGV_ACCERR), si_addr: 0x00007f3fc83aa000

Register to memory mapping:

RAX=0x00007f3fc83aa000 is an unknown value
RBX=0x0000000000000002 is an unknown value
RCX=0x0 is NULL
RDX=0x00007f3f6b479eea points into unknown readable memory: 00 00 00 00 00 00
RSP=0x00007f3fce12a910 is pointing into the stack for thread: 0x00007f3fc8016800
RBP=0x00007f3fc83a99b2 points into unknown readable memory: 00 00 00 00 00 00
RSI=0x00007f3fc83aa000 is an unknown value
RDI=0x00007f3f6b479ff0 points into unknown readable memory: 0x0000000000000000 | 00 00 00 00 00 00 00 00
R8 =0x0000000000000056 is an unknown value
R9 =0xfffffffffffffce0 is an unknown value
R10=0x0000000000000003 is an unknown value
R11=0x0 is NULL
R12=0x0 is NULL
R13=0x0000000000000001 is an unknown value
R14=0x0000000000000320 is an unknown value
R15=0x0000000000000960 is an unknown value


Registers:
RAX=0x00007f3fc83aa000, RBX=0x0000000000000002, RCX=0x0000000000000000, RDX=0x00007f3f6b479eea
RSP=0x00007f3fce12a910, RBP=0x00007f3fc83a99b2, RSI=0x00007f3fc83aa000, RDI=0x00007f3f6b479ff0
R8 =0x0000000000000056, R9 =0xfffffffffffffce0, R10=0x0000000000000003, R11=0x0000000000000000
R12=0x0000000000000000, R13=0x0000000000000001, R14=0x0000000000000320, R15=0x0000000000000960
RIP=0x00007f3f6b6302e3, EFLAGS=0x0000000000010287, CSGSFS=0x002b000000000033, ERR=0x0000000000000004
  TRAPNO=0x000000000000000e

Top of Stack: (sp=0x00007f3fce12a910)
0x00007f3fce12a910:   0000000000000000 00007f3fce12aa80
0x00007f3fce12a920:   00007f3f6b469010 0000032000000243
0x00007f3fce12a930:   00007f3fce12aac0 0000000000000000
0x00007f3fce12a940:   cafebabe00000001 0000000000000000 

Instructions: (pc=0x00007f3f6b6302e3)
0x00007f3f6b6301e3:   80 00 00 00 00 48 8b 44 24 30 41 83 c3 01 48 03
0x00007f3f6b6301f3:   54 24 28 48 8d 7c 07 01 44 39 5c 24 18 0f 85 ca
0x00007f3f6b630203:   f9 ff ff 4c 8b 74 24 58 48 8b 44 24 10 8b 5c 24
0x00007f3f6b630213:   18 41 89 4e 0c 49 8b 7e 20 41 c7 46 08 00 00 00
0x00007f3f6b630223:   01 49 89 06 41 89 5e 10 41 c7 46 14 01 00 00 00
0x00007f3f6b630233:   41 89 4e 18 49 89 46 20 48 85 ff 74 0e e8 0b a1
0x00007f3f6b630243:   fc ff 49 8b 46 20 48 89 44 24 10 48 83 7c 24 10
0x00007f3f6b630253:   00 0f 84 36 f8 ff ff 48 8b 7c 24 08 49 8b 46 10
0x00007f3f6b630263:   f3 41 0f 6f 36 48 89 47 10 41 8b 46 18 0f 11 37
0x00007f3f6b630273:   89 47 18 48 83 c4 68 48 89 f8 5b 5d 41 5c 41 5d
0x00007f3f6b630283:   41 5e 41 5f c3 0f 1f 84 00 00 00 00 00 48 89 fe
0x00007f3f6b630293:   31 c0 e9 08 fb ff ff 66 0f 1f 44 00 00 44 8d 51
0x00007f3f6b6302a3:   ff 48 8b 7c 24 10 48 01 dd 45 31 c0 49 8d 42 01
0x00007f3f6b6302b3:   49 f7 d2 4c 63 6c 24 30 4c 89 74 24 20 4d 89 d1
0x00007f3f6b6302c3:   4c 63 54 24 1c 89 4c 24 1c 48 01 c7 49 89 c6 66
0x00007f3f6b6302d3:   0f 1f 44 00 00 49 8d 14 39 48 89 e8 90 48 89 c6
0x00007f3f6b6302e3:   44 0f b6 18 48 83 c2 01 4c 01 d0 48 29 de 42 0f
0x00007f3f6b6302f3:   b6 0c 26 42 0f b6 34 2e 45 6b db 75 69 c9 32 01
0x00007f3f6b630303:   00 00 69 f6 59 02 00 00 41 8d 8c 0b 00 02 00 00
0x00007f3f6b630313:   01 f1 c1 e9 0a 88 4a ff 48 39 fa 75 c0 41 83 c0
0x00007f3f6b630323:   01 4c 01 f7 4c 01 fd 44 3b 44 24 18 75 a7 8b 4c
0x00007f3f6b630333:   24 1c 4c 8b 74 24 20 e9 cc fe ff ff 90 f3 0f 1e
0x00007f3f6b630343:   fa 41 55 41 54 49 89 fc 55 48 89 d5 40 80 fe 02
0x00007f3f6b630353:   74 7b 77 31 40 84 f6 0f 84 b0 00 00 00 bf 38 00
0x00007f3f6b630363:   00 00 e8 26 9b fc ff 48 89 ee 48 89 c7 49 89 c5
0x00007f3f6b630373:   e8 48 9c fc ff 4d 89 2c 24 4c 89 e0 5d 41 5c 41
0x00007f3f6b630383:   5d c3 0f 1f 00 40 80 fe 03 0f 85 9e 00 00 00 bf
0x00007f3f6b630393:   40 00 00 00 e8 f4 9a fc ff 48 89 ee 48 89 c7 49
0x00007f3f6b6303a3:   89 c5 e8 b6 95 fc ff 48 8b 05 6f 3a 11 00 41 c6
0x00007f3f6b6303b3:   45 38 00 48 83 c0 10 49 89 45 00 4c 89 e0 5d 4d
0x00007f3f6b6303c3:   89 2c 24 41 5c 41 5d c3 0f 1f 44 00 00 bf 40 00
0x00007f3f6b6303d3:   00 00 e8 b6 9a fc ff 48 89 ee 48 89 c7 49 89 c5 


Stack slot to memory mapping:
stack at sp + 0 slots: 0x0 is NULL
stack at sp + 1 slots: 0x00007f3fce12aa80 is pointing into the stack for thread: 0x00007f3fc8016800
stack at sp + 2 slots: 0x00007f3f6b469010 points into unknown readable memory: 0x691d1e01154845e8 | e8 45 48 15 01 1e 1d 69
stack at sp + 3 slots: 0x0000032000000243 is an unknown value
stack at sp + 4 slots: 0x00007f3fce12aac0 is pointing into the stack for thread: 0x00007f3fc8016800
stack at sp + 5 slots: 0x0 is NULL
stack at sp + 6 slots: 0xcafebabe00000001 is an unknown value
stack at sp + 7 slots: 0x0 is NULL


---------------  P R O C E S S  ---------------

Threads class SMR info:
_java_thread_list=0x00007f3fc82daf60, length=14, elements={
0x00007f3fc8016800, 0x00007f3fc81ca000, 0x00007f3fc81cc000, 0x00007f3fc81d2000,
0x00007f3fc81d4000, 0x00007f3fc81d6000, 0x00007f3fc81d8000, 0x00007f3fc81da000,
0x00007f3fc822d000, 0x00007f3f7821a000, 0x00007f3fc82c7800, 0x00007f3f6000d000,
0x00007f3fc8360000, 0x00007f3fc82db800
}

Java Threads: ( => current thread )
=>0x00007f3fc8016800 JavaThread "main" [_thread_in_native, id=115351, stack(0x00007f3fce02c000,0x00007f3fce12d000)]
  0x00007f3fc81ca000 JavaThread "Reference Handler" daemon [_thread_blocked, id=115359, stack(0x00007f3f9d21c000,0x00007f3f9d31d000)]
  0x00007f3fc81cc000 JavaThread "Finalizer" daemon [_thread_blocked, id=115360, stack(0x00007f3f9d11b000,0x00007f3f9d21c000)]
  0x00007f3fc81d2000 JavaThread "Signal Dispatcher" daemon [_thread_blocked, id=115361, stack(0x00007f3f9caa8000,0x00007f3f9cba9000)]
  0x00007f3fc81d4000 JavaThread "Service Thread" daemon [_thread_blocked, id=115362, stack(0x00007f3f9c9a7000,0x00007f3f9caa8000)]
  0x00007f3fc81d6000 JavaThread "C2 CompilerThread0" daemon [_thread_blocked, id=115363, stack(0x00007f3f9c8a6000,0x00007f3f9c9a7000)]
  0x00007f3fc81d8000 JavaThread "C1 CompilerThread0" daemon [_thread_blocked, id=115364, stack(0x00007f3f9c7a5000,0x00007f3f9c8a6000)]
  0x00007f3fc81da000 JavaThread "Sweeper thread" daemon [_thread_blocked, id=115365, stack(0x00007f3f9c6a4000,0x00007f3f9c7a5000)]
  0x00007f3fc822d000 JavaThread "Common-Cleaner" daemon [_thread_blocked, id=115367, stack(0x00007f3f9c4a1000,0x00007f3f9c5a2000)]
  0x00007f3f7821a000 JavaThread "C2 CompilerThread1" daemon [_thread_blocked, id=115368, stack(0x00007f3f9c08d000,0x00007f3f9c18e000)]
  0x00007f3fc82c7800 JavaThread "Java2D Disposer" daemon [_thread_blocked, id=115369, stack(0x00007f3f6baef000,0x00007f3f6bbf0000)]
  0x00007f3f6000d000 JavaThread "C2 CompilerThread2" daemon [_thread_blocked, id=115370, stack(0x00007f3f6b969000,0x00007f3f6ba6a000)]
  0x00007f3fc8360000 JavaThread "process reaper" daemon [_thread_blocked, id=115372, stack(0x00007f3f9c05e000,0x00007f3f9c080000)]
  0x00007f3fc82db800 JavaThread "JNA Cleaner" daemon [_thread_blocked, id=115373, stack(0x00007f3f6b4db000,0x00007f3f6b5dc000)]

Other Threads:
  0x00007f3fc81c7800 VMThread "VM Thread" [stack: 0x00007f3f9d31f000,0x00007f3f9d41f000] [id=115358]
  0x00007f3fc822b000 WatcherThread [stack: 0x00007f3f9c5a4000,0x00007f3f9c6a4000] [id=115366]
  0x00007f3fc802e000 GCTaskThread "GC Thread#0" [stack: 0x00007f3fcdce3000,0x00007f3fcdde3000] [id=115353]
  0x00007f3fc808b000 ConcurrentGCThread "G1 Main Marker" [stack: 0x00007f3fcc37f000,0x00007f3fcc47f000] [id=115354]
  0x00007f3fc808d000 ConcurrentGCThread "G1 Conc#0" [stack: 0x00007f3fcc27d000,0x00007f3fcc37d000] [id=115355]
  0x00007f3fc8189800 ConcurrentGCThread "G1 Refine#0" [stack: 0x00007f3f9ddff000,0x00007f3f9deff000] [id=115356]
  0x00007f3fc818b000 ConcurrentGCThread "G1 Young RemSet Sampling" [stack: 0x00007f3f9dcfd000,0x00007f3f9ddfd000] [id=115357]

Threads with active compile tasks:

VM state:not at safepoint (normal execution)

VM Mutex/Monitor currently owned by a thread: None

Heap address: 0x000000070a400000, size: 3932 MB, Compressed Oops mode: Zero based, Oop shift amount: 3
Narrow klass base: 0x0000000800000000, Narrow klass shift: 3
Compressed class space size: 1073741824 Address: 0x0000000840000000

Heap:
 garbage-first heap   total 253952K, used 13008K [0x000000070a400000, 0x0000000800000000)
  region size 1024K, 8 young (8192K), 0 survivors (0K)
 Metaspace       used 3707K, capacity 5201K, committed 5504K, reserved 1056768K
  class space    used 386K, capacity 532K, committed 640K, reserved 1048576K
Heap Regions: E=young(eden), S=young(survivor), O=old, HS=humongous(starts), HC=humongous(continues), CS=collection set, F=free, A=archive, TAMS=top-at-mark-start (previous, next)
|   0|0x000000070a400000, 0x000000070a500000, 0x000000070a500000|100%|HS|  |TAMS 0x000000070a400000, 0x000000070a400000| Complete 
|   1|0x000000070a500000, 0x000000070a600000, 0x000000070a600000|100%|HC|  |TAMS 0x000000070a500000, 0x000000070a500000| Complete 
|   2|0x000000070a600000, 0x000000070a700000, 0x000000070a700000|100%|HS|  |TAMS 0x000000070a600000, 0x000000070a600000| Complete 
|   3|0x000000070a700000, 0x000000070a800000, 0x000000070a800000|100%|HS|  |TAMS 0x000000070a700000, 0x000000070a700000| Complete 
|   4|0x000000070a800000, 0x000000070a900000, 0x000000070a900000|100%|HC|  |TAMS 0x000000070a800000, 0x000000070a800000| Complete 
|   5|0x000000070a900000, 0x000000070aa00000, 0x000000070aa00000|100%|HS|  |TAMS 0x000000070a900000, 0x000000070a900000| Complete 
|   6|0x000000070aa00000, 0x000000070aa00000, 0x000000070ab00000|  0%| F|  |TAMS 0x000000070aa00000, 0x000000070aa00000| Untracked 
|   7|0x000000070ab00000, 0x000000070ab00000, 0x000000070ac00000|  0%| F|  |TAMS 0x000000070ab00000, 0x000000070ab00000| Untracked 
|   8|0x000000070ac00000, 0x000000070ac00000, 0x000000070ad00000|  0%| F|  |TAMS 0x000000070ac00000, 0x000000070ac00000| Untracked 
|   9|0x000000070ad00000, 0x000000070ad00000, 0x000000070ae00000|  0%| F|  |TAMS 0x000000070ad00000, 0x000000070ad00000| Untracked 
|  10|0x000000070ae00000, 0x000000070ae00000, 0x000000070af00000|  0%| F|  |TAMS 0x000000070ae00000, 0x000000070ae00000| Untracked 
|  11|0x000000070af00000, 0x000000070af00000, 0x000000070b000000|  0%| F|  |TAMS 0x000000070af00000, 0x000000070af00000| Untracked 
|  12|0x000000070b000000, 0x000000070b000000, 0x000000070b100000|  0%| F|  |TAMS 0x000000070b000000, 0x000000070b000000| Untracked 
|  13|0x000000070b100000, 0x000000070b100000, 0x000000070b200000|  0%| F|  |TAMS 0x000000070b100000, 0x000000070b100000| Untracked 
|  14|0x000000070b200000, 0x000000070b200000, 0x000000070b300000|  0%| F|  |TAMS 0x000000070b200000, 0x000000070b200000| Untracked 
|  15|0x000000070b300000, 0x000000070b300000, 0x000000070b400000|  0%| F|  |TAMS 0x000000070b300000, 0x000000070b300000| Untracked 
|  16|0x000000070b400000, 0x000000070b400000, 0x000000070b500000|  0%| F|  |TAMS 0x000000070b400000, 0x000000070b400000| Untracked 
|  17|0x000000070b500000, 0x000000070b500000, 0x000000070b600000|  0%| F|  |TAMS 0x000000070b500000, 0x000000070b500000| Untracked 
|  18|0x000000070b600000, 0x000000070b600000, 0x000000070b700000|  0%| F|  |TAMS 0x000000070b600000, 0x000000070b600000| Untracked 
|  19|0x000000070b700000, 0x000000070b700000, 0x000000070b800000|  0%| F|  |TAMS 0x000000070b700000, 0x000000070b700000| Untracked 
|  20|0x000000070b800000, 0x000000070b800000, 0x000000070b900000|  0%| F|  |TAMS 0x000000070b800000, 0x000000070b800000| Untracked 
|  21|0x000000070b900000, 0x000000070b900000, 0x000000070ba00000|  0%| F|  |TAMS 0x000000070b900000, 0x000000070b900000| Untracked 
|  22|0x000000070ba00000, 0x000000070ba00000, 0x000000070bb00000|  0%| F|  |TAMS 0x000000070ba00000, 0x000000070ba00000| Untracked 
|  23|0x000000070bb00000, 0x000000070bb00000, 0x000000070bc00000|  0%| F|  |TAMS 0x000000070bb00000, 0x000000070bb00000| Untracked 
|  24|0x000000070bc00000, 0x000000070bc00000, 0x000000070bd00000|  0%| F|  |TAMS 0x000000070bc00000, 0x000000070bc00000| Untracked 
|  25|0x000000070bd00000, 0x000000070bd00000, 0x000000070be00000|  0%| F|  |TAMS 0x000000070bd00000, 0x000000070bd00000| Untracked 
|  26|0x000000070be00000, 0x000000070be00000, 0x000000070bf00000|  0%| F|  |TAMS 0x000000070be00000, 0x000000070be00000| Untracked 
|  27|0x000000070bf00000, 0x000000070bf00000, 0x000000070c000000|  0%| F|  |TAMS 0x000000070bf00000, 0x000000070bf00000| Untracked 
|  28|0x000000070c000000, 0x000000070c000000, 0x000000070c100000|  0%| F|  |TAMS 0x000000070c000000, 0x000000070c000000| Untracked 
|  29|0x000000070c100000, 0x000000070c100000, 0x000000070c200000|  0%| F|  |TAMS 0x000000070c100000, 0x000000070c100000| Untracked 
|  30|0x000000070c200000, 0x000000070c200000, 0x000000070c300000|  0%| F|  |TAMS 0x000000070c200000, 0x000000070c200000| Untracked 
|  31|0x000000070c300000, 0x000000070c300000, 0x000000070c400000|  0%| F|  |TAMS 0x000000070c300000, 0x000000070c300000| Untracked 
|  32|0x000000070c400000, 0x000000070c400000, 0x000000070c500000|  0%| F|  |TAMS 0x000000070c400000, 0x000000070c400000| Untracked 
|  33|0x000000070c500000, 0x000000070c500000, 0x000000070c600000|  0%| F|  |TAMS 0x000000070c500000, 0x000000070c500000| Untracked 
|  34|0x000000070c600000, 0x000000070c600000, 0x000000070c700000|  0%| F|  |TAMS 0x000000070c600000, 0x000000070c600000| Untracked 
|  35|0x000000070c700000, 0x000000070c700000, 0x000000070c800000|  0%| F|  |TAMS 0x000000070c700000, 0x000000070c700000| Untracked 
|  36|0x000000070c800000, 0x000000070c800000, 0x000000070c900000|  0%| F|  |TAMS 0x000000070c800000, 0x000000070c800000| Untracked 
|  37|0x000000070c900000, 0x000000070c900000, 0x000000070ca00000|  0%| F|  |TAMS 0x000000070c900000, 0x000000070c900000| Untracked 
|  38|0x000000070ca00000, 0x000000070ca00000, 0x000000070cb00000|  0%| F|  |TAMS 0x000000070ca00000, 0x000000070ca00000| Untracked 
|  39|0x000000070cb00000, 0x000000070cb00000, 0x000000070cc00000|  0%| F|  |TAMS 0x000000070cb00000, 0x000000070cb00000| Untracked 
|  40|0x000000070cc00000, 0x000000070cc00000, 0x000000070cd00000|  0%| F|  |TAMS 0x000000070cc00000, 0x000000070cc00000| Untracked 
|  41|0x000000070cd00000, 0x000000070cd00000, 0x000000070ce00000|  0%| F|  |TAMS 0x000000070cd00000, 0x000000070cd00000| Untracked 
|  42|0x000000070ce00000, 0x000000070ce00000, 0x000000070cf00000|  0%| F|  |TAMS 0x000000070ce00000, 0x000000070ce00000| Untracked 
|  43|0x000000070cf00000, 0x000000070cf00000, 0x000000070d000000|  0%| F|  |TAMS 0x000000070cf00000, 0x000000070cf00000| Untracked 
|  44|0x000000070d000000, 0x000000070d000000, 0x000000070d100000|  0%| F|  |TAMS 0x000000070d000000, 0x000000070d000000| Untracked 
|  45|0x000000070d100000, 0x000000070d100000, 0x000000070d200000|  0%| F|  |TAMS 0x000000070d100000, 0x000000070d100000| Untracked 
|  46|0x000000070d200000, 0x000000070d200000, 0x000000070d300000|  0%| F|  |TAMS 0x000000070d200000, 0x000000070d200000| Untracked 
|  47|0x000000070d300000, 0x000000070d300000, 0x000000070d400000|  0%| F|  |TAMS 0x000000070d300000, 0x000000070d300000| Untracked 
|  48|0x000000070d400000, 0x000000070d400000, 0x000000070d500000|  0%| F|  |TAMS 0x000000070d400000, 0x000000070d400000| Untracked 
|  49|0x000000070d500000, 0x000000070d500000, 0x000000070d600000|  0%| F|  |TAMS 0x000000070d500000, 0x000000070d500000| Untracked 
|  50|0x000000070d600000, 0x000000070d600000, 0x000000070d700000|  0%| F|  |TAMS 0x000000070d600000, 0x000000070d600000| Untracked 
|  51|0x000000070d700000, 0x000000070d700000, 0x000000070d800000|  0%| F|  |TAMS 0x000000070d700000, 0x000000070d700000| Untracked 
|  52|0x000000070d800000, 0x000000070d800000, 0x000000070d900000|  0%| F|  |TAMS 0x000000070d800000, 0x000000070d800000| Untracked 
|  53|0x000000070d900000, 0x000000070d900000, 0x000000070da00000|  0%| F|  |TAMS 0x000000070d900000, 0x000000070d900000| Untracked 
|  54|0x000000070da00000, 0x000000070da00000, 0x000000070db00000|  0%| F|  |TAMS 0x000000070da00000, 0x000000070da00000| Untracked 
|  55|0x000000070db00000, 0x000000070db00000, 0x000000070dc00000|  0%| F|  |TAMS 0x000000070db00000, 0x000000070db00000| Untracked 
|  56|0x000000070dc00000, 0x000000070dc00000, 0x000000070dd00000|  0%| F|  |TAMS 0x000000070dc00000, 0x000000070dc00000| Untracked 
|  57|0x000000070dd00000, 0x000000070dd00000, 0x000000070de00000|  0%| F|  |TAMS 0x000000070dd00000, 0x000000070dd00000| Untracked 
|  58|0x000000070de00000, 0x000000070de00000, 0x000000070df00000|  0%| F|  |TAMS 0x000000070de00000, 0x000000070de00000| Untracked 
|  59|0x000000070df00000, 0x000000070df00000, 0x000000070e000000|  0%| F|  |TAMS 0x000000070df00000, 0x000000070df00000| Untracked 
|  60|0x000000070e000000, 0x000000070e000000, 0x000000070e100000|  0%| F|  |TAMS 0x000000070e000000, 0x000000070e000000| Untracked 
|  61|0x000000070e100000, 0x000000070e100000, 0x000000070e200000|  0%| F|  |TAMS 0x000000070e100000, 0x000000070e100000| Untracked 
|  62|0x000000070e200000, 0x000000070e200000, 0x000000070e300000|  0%| F|  |TAMS 0x000000070e200000, 0x000000070e200000| Untracked 
|  63|0x000000070e300000, 0x000000070e300000, 0x000000070e400000|  0%| F|  |TAMS 0x000000070e300000, 0x000000070e300000| Untracked 
|  64|0x000000070e400000, 0x000000070e400000, 0x000000070e500000|  0%| F|  |TAMS 0x000000070e400000, 0x000000070e400000| Untracked 
|  65|0x000000070e500000, 0x000000070e500000, 0x000000070e600000|  0%| F|  |TAMS 0x000000070e500000, 0x000000070e500000| Untracked 
|  66|0x000000070e600000, 0x000000070e600000, 0x000000070e700000|  0%| F|  |TAMS 0x000000070e600000, 0x000000070e600000| Untracked 
|  67|0x000000070e700000, 0x000000070e700000, 0x000000070e800000|  0%| F|  |TAMS 0x000000070e700000, 0x000000070e700000| Untracked 
|  68|0x000000070e800000, 0x000000070e800000, 0x000000070e900000|  0%| F|  |TAMS 0x000000070e800000, 0x000000070e800000| Untracked 
|  69|0x000000070e900000, 0x000000070e900000, 0x000000070ea00000|  0%| F|  |TAMS 0x000000070e900000, 0x000000070e900000| Untracked 
|  70|0x000000070ea00000, 0x000000070ea00000, 0x000000070eb00000|  0%| F|  |TAMS 0x000000070ea00000, 0x000000070ea00000| Untracked 
|  71|0x000000070eb00000, 0x000000070eb00000, 0x000000070ec00000|  0%| F|  |TAMS 0x000000070eb00000, 0x000000070eb00000| Untracked 
|  72|0x000000070ec00000, 0x000000070ec00000, 0x000000070ed00000|  0%| F|  |TAMS 0x000000070ec00000, 0x000000070ec00000| Untracked 
|  73|0x000000070ed00000, 0x000000070ed00000, 0x000000070ee00000|  0%| F|  |TAMS 0x000000070ed00000, 0x000000070ed00000| Untracked 
|  74|0x000000070ee00000, 0x000000070ee00000, 0x000000070ef00000|  0%| F|  |TAMS 0x000000070ee00000, 0x000000070ee00000| Untracked 
|  75|0x000000070ef00000, 0x000000070ef00000, 0x000000070f000000|  0%| F|  |TAMS 0x000000070ef00000, 0x000000070ef00000| Untracked 
|  76|0x000000070f000000, 0x000000070f000000, 0x000000070f100000|  0%| F|  |TAMS 0x000000070f000000, 0x000000070f000000| Untracked 
|  77|0x000000070f100000, 0x000000070f100000, 0x000000070f200000|  0%| F|  |TAMS 0x000000070f100000, 0x000000070f100000| Untracked 
|  78|0x000000070f200000, 0x000000070f200000, 0x000000070f300000|  0%| F|  |TAMS 0x000000070f200000, 0x000000070f200000| Untracked 
|  79|0x000000070f300000, 0x000000070f300000, 0x000000070f400000|  0%| F|  |TAMS 0x000000070f300000, 0x000000070f300000| Untracked 
|  80|0x000000070f400000, 0x000000070f400000, 0x000000070f500000|  0%| F|  |TAMS 0x000000070f400000, 0x000000070f400000| Untracked 
|  81|0x000000070f500000, 0x000000070f500000, 0x000000070f600000|  0%| F|  |TAMS 0x000000070f500000, 0x000000070f500000| Untracked 
|  82|0x000000070f600000, 0x000000070f600000, 0x000000070f700000|  0%| F|  |TAMS 0x000000070f600000, 0x000000070f600000| Untracked 
|  83|0x000000070f700000, 0x000000070f700000, 0x000000070f800000|  0%| F|  |TAMS 0x000000070f700000, 0x000000070f700000| Untracked 
|  84|0x000000070f800000, 0x000000070f800000, 0x000000070f900000|  0%| F|  |TAMS 0x000000070f800000, 0x000000070f800000| Untracked 
|  85|0x000000070f900000, 0x000000070f900000, 0x000000070fa00000|  0%| F|  |TAMS 0x000000070f900000, 0x000000070f900000| Untracked 
|  86|0x000000070fa00000, 0x000000070fa00000, 0x000000070fb00000|  0%| F|  |TAMS 0x000000070fa00000, 0x000000070fa00000| Untracked 
|  87|0x000000070fb00000, 0x000000070fb00000, 0x000000070fc00000|  0%| F|  |TAMS 0x000000070fb00000, 0x000000070fb00000| Untracked 
|  88|0x000000070fc00000, 0x000000070fc00000, 0x000000070fd00000|  0%| F|  |TAMS 0x000000070fc00000, 0x000000070fc00000| Untracked 
|  89|0x000000070fd00000, 0x000000070fd00000, 0x000000070fe00000|  0%| F|  |TAMS 0x000000070fd00000, 0x000000070fd00000| Untracked 
|  90|0x000000070fe00000, 0x000000070fe00000, 0x000000070ff00000|  0%| F|  |TAMS 0x000000070fe00000, 0x000000070fe00000| Untracked 
|  91|0x000000070ff00000, 0x000000070ff00000, 0x0000000710000000|  0%| F|  |TAMS 0x000000070ff00000, 0x000000070ff00000| Untracked 
|  92|0x0000000710000000, 0x0000000710000000, 0x0000000710100000|  0%| F|  |TAMS 0x0000000710000000, 0x0000000710000000| Untracked 
|  93|0x0000000710100000, 0x0000000710100000, 0x0000000710200000|  0%| F|  |TAMS 0x0000000710100000, 0x0000000710100000| Untracked 
|  94|0x0000000710200000, 0x0000000710200000, 0x0000000710300000|  0%| F|  |TAMS 0x0000000710200000, 0x0000000710200000| Untracked 
|  95|0x0000000710300000, 0x0000000710300000, 0x0000000710400000|  0%| F|  |TAMS 0x0000000710300000, 0x0000000710300000| Untracked 
|  96|0x0000000710400000, 0x0000000710400000, 0x0000000710500000|  0%| F|  |TAMS 0x0000000710400000, 0x0000000710400000| Untracked 
|  97|0x0000000710500000, 0x0000000710500000, 0x0000000710600000|  0%| F|  |TAMS 0x0000000710500000, 0x0000000710500000| Untracked 
|  98|0x0000000710600000, 0x0000000710600000, 0x0000000710700000|  0%| F|  |TAMS 0x0000000710600000, 0x0000000710600000| Untracked 
|  99|0x0000000710700000, 0x0000000710700000, 0x0000000710800000|  0%| F|  |TAMS 0x0000000710700000, 0x0000000710700000| Untracked 
| 100|0x0000000710800000, 0x0000000710800000, 0x0000000710900000|  0%| F|  |TAMS 0x0000000710800000, 0x0000000710800000| Untracked 
| 101|0x0000000710900000, 0x0000000710900000, 0x0000000710a00000|  0%| F|  |TAMS 0x0000000710900000, 0x0000000710900000| Untracked 
| 102|0x0000000710a00000, 0x0000000710a00000, 0x0000000710b00000|  0%| F|  |TAMS 0x0000000710a00000, 0x0000000710a00000| Untracked 
| 103|0x0000000710b00000, 0x0000000710b00000, 0x0000000710c00000|  0%| F|  |TAMS 0x0000000710b00000, 0x0000000710b00000| Untracked 
| 104|0x0000000710c00000, 0x0000000710c00000, 0x0000000710d00000|  0%| F|  |TAMS 0x0000000710c00000, 0x0000000710c00000| Untracked 
| 105|0x0000000710d00000, 0x0000000710d00000, 0x0000000710e00000|  0%| F|  |TAMS 0x0000000710d00000, 0x0000000710d00000| Untracked 
| 106|0x0000000710e00000, 0x0000000710e00000, 0x0000000710f00000|  0%| F|  |TAMS 0x0000000710e00000, 0x0000000710e00000| Untracked 
| 107|0x0000000710f00000, 0x0000000710f00000, 0x0000000711000000|  0%| F|  |TAMS 0x0000000710f00000, 0x0000000710f00000| Untracked 
| 108|0x0000000711000000, 0x0000000711000000, 0x0000000711100000|  0%| F|  |TAMS 0x0000000711000000, 0x0000000711000000| Untracked 
| 109|0x0000000711100000, 0x0000000711100000, 0x0000000711200000|  0%| F|  |TAMS 0x0000000711100000, 0x0000000711100000| Untracked 
| 110|0x0000000711200000, 0x0000000711200000, 0x0000000711300000|  0%| F|  |TAMS 0x0000000711200000, 0x0000000711200000| Untracked 
| 111|0x0000000711300000, 0x0000000711300000, 0x0000000711400000|  0%| F|  |TAMS 0x0000000711300000, 0x0000000711300000| Untracked 
| 112|0x0000000711400000, 0x0000000711400000, 0x0000000711500000|  0%| F|  |TAMS 0x0000000711400000, 0x0000000711400000| Untracked 
| 113|0x0000000711500000, 0x0000000711500000, 0x0000000711600000|  0%| F|  |TAMS 0x0000000711500000, 0x0000000711500000| Untracked 
| 114|0x0000000711600000, 0x0000000711600000, 0x0000000711700000|  0%| F|  |TAMS 0x0000000711600000, 0x0000000711600000| Untracked 
| 115|0x0000000711700000, 0x0000000711700000, 0x0000000711800000|  0%| F|  |TAMS 0x0000000711700000, 0x0000000711700000| Untracked 
| 116|0x0000000711800000, 0x0000000711800000, 0x0000000711900000|  0%| F|  |TAMS 0x0000000711800000, 0x0000000711800000| Untracked 
| 117|0x0000000711900000, 0x0000000711900000, 0x0000000711a00000|  0%| F|  |TAMS 0x0000000711900000, 0x0000000711900000| Untracked 
| 118|0x0000000711a00000, 0x0000000711a00000, 0x0000000711b00000|  0%| F|  |TAMS 0x0000000711a00000, 0x0000000711a00000| Untracked 
| 119|0x0000000711b00000, 0x0000000711b00000, 0x0000000711c00000|  0%| F|  |TAMS 0x0000000711b00000, 0x0000000711b00000| Untracked 
| 120|0x0000000711c00000, 0x0000000711c00000, 0x0000000711d00000|  0%| F|  |TAMS 0x0000000711c00000, 0x0000000711c00000| Untracked 
| 121|0x0000000711d00000, 0x0000000711d00000, 0x0000000711e00000|  0%| F|  |TAMS 0x0000000711d00000, 0x0000000711d00000| Untracked 
| 122|0x0000000711e00000, 0x0000000711e00000, 0x0000000711f00000|  0%| F|  |TAMS 0x0000000711e00000, 0x0000000711e00000| Untracked 
| 123|0x0000000711f00000, 0x0000000711f00000, 0x0000000712000000|  0%| F|  |TAMS 0x0000000711f00000, 0x0000000711f00000| Untracked 
| 124|0x0000000712000000, 0x0000000712000000, 0x0000000712100000|  0%| F|  |TAMS 0x0000000712000000, 0x0000000712000000| Untracked 
| 125|0x0000000712100000, 0x0000000712100000, 0x0000000712200000|  0%| F|  |TAMS 0x0000000712100000, 0x0000000712100000| Untracked 
| 126|0x0000000712200000, 0x0000000712200000, 0x0000000712300000|  0%| F|  |TAMS 0x0000000712200000, 0x0000000712200000| Untracked 
| 127|0x0000000712300000, 0x0000000712300000, 0x0000000712400000|  0%| F|  |TAMS 0x0000000712300000, 0x0000000712300000| Untracked 
| 128|0x0000000712400000, 0x0000000712400000, 0x0000000712500000|  0%| F|  |TAMS 0x0000000712400000, 0x0000000712400000| Untracked 
| 129|0x0000000712500000, 0x0000000712500000, 0x0000000712600000|  0%| F|  |TAMS 0x0000000712500000, 0x0000000712500000| Untracked 
| 130|0x0000000712600000, 0x0000000712600000, 0x0000000712700000|  0%| F|  |TAMS 0x0000000712600000, 0x0000000712600000| Untracked 
| 131|0x0000000712700000, 0x0000000712700000, 0x0000000712800000|  0%| F|  |TAMS 0x0000000712700000, 0x0000000712700000| Untracked 
| 132|0x0000000712800000, 0x0000000712800000, 0x0000000712900000|  0%| F|  |TAMS 0x0000000712800000, 0x0000000712800000| Untracked 
| 133|0x0000000712900000, 0x0000000712900000, 0x0000000712a00000|  0%| F|  |TAMS 0x0000000712900000, 0x0000000712900000| Untracked 
| 134|0x0000000712a00000, 0x0000000712a00000, 0x0000000712b00000|  0%| F|  |TAMS 0x0000000712a00000, 0x0000000712a00000| Untracked 
| 135|0x0000000712b00000, 0x0000000712b00000, 0x0000000712c00000|  0%| F|  |TAMS 0x0000000712b00000, 0x0000000712b00000| Untracked 
| 136|0x0000000712c00000, 0x0000000712c00000, 0x0000000712d00000|  0%| F|  |TAMS 0x0000000712c00000, 0x0000000712c00000| Untracked 
| 137|0x0000000712d00000, 0x0000000712d00000, 0x0000000712e00000|  0%| F|  |TAMS 0x0000000712d00000, 0x0000000712d00000| Untracked 
| 138|0x0000000712e00000, 0x0000000712e00000, 0x0000000712f00000|  0%| F|  |TAMS 0x0000000712e00000, 0x0000000712e00000| Untracked 
| 139|0x0000000712f00000, 0x0000000712f00000, 0x0000000713000000|  0%| F|  |TAMS 0x0000000712f00000, 0x0000000712f00000| Untracked 
| 140|0x0000000713000000, 0x0000000713000000, 0x0000000713100000|  0%| F|  |TAMS 0x0000000713000000, 0x0000000713000000| Untracked 
| 141|0x0000000713100000, 0x0000000713100000, 0x0000000713200000|  0%| F|  |TAMS 0x0000000713100000, 0x0000000713100000| Untracked 
| 142|0x0000000713200000, 0x0000000713200000, 0x0000000713300000|  0%| F|  |TAMS 0x0000000713200000, 0x0000000713200000| Untracked 
| 143|0x0000000713300000, 0x0000000713300000, 0x0000000713400000|  0%| F|  |TAMS 0x0000000713300000, 0x0000000713300000| Untracked 
| 144|0x0000000713400000, 0x0000000713400000, 0x0000000713500000|  0%| F|  |TAMS 0x0000000713400000, 0x0000000713400000| Untracked 
| 145|0x0000000713500000, 0x0000000713500000, 0x0000000713600000|  0%| F|  |TAMS 0x0000000713500000, 0x0000000713500000| Untracked 
| 146|0x0000000713600000, 0x0000000713600000, 0x0000000713700000|  0%| F|  |TAMS 0x0000000713600000, 0x0000000713600000| Untracked 
| 147|0x0000000713700000, 0x0000000713700000, 0x0000000713800000|  0%| F|  |TAMS 0x0000000713700000, 0x0000000713700000| Untracked 
| 148|0x0000000713800000, 0x0000000713800000, 0x0000000713900000|  0%| F|  |TAMS 0x0000000713800000, 0x0000000713800000| Untracked 
| 149|0x0000000713900000, 0x0000000713900000, 0x0000000713a00000|  0%| F|  |TAMS 0x0000000713900000, 0x0000000713900000| Untracked 
| 150|0x0000000713a00000, 0x0000000713a00000, 0x0000000713b00000|  0%| F|  |TAMS 0x0000000713a00000, 0x0000000713a00000| Untracked 
| 151|0x0000000713b00000, 0x0000000713b00000, 0x0000000713c00000|  0%| F|  |TAMS 0x0000000713b00000, 0x0000000713b00000| Untracked 
| 152|0x0000000713c00000, 0x0000000713c00000, 0x0000000713d00000|  0%| F|  |TAMS 0x0000000713c00000, 0x0000000713c00000| Untracked 
| 153|0x0000000713d00000, 0x0000000713d00000, 0x0000000713e00000|  0%| F|  |TAMS 0x0000000713d00000, 0x0000000713d00000| Untracked 
| 154|0x0000000713e00000, 0x0000000713e00000, 0x0000000713f00000|  0%| F|  |TAMS 0x0000000713e00000, 0x0000000713e00000| Untracked 
| 155|0x0000000713f00000, 0x0000000713f00000, 0x0000000714000000|  0%| F|  |TAMS 0x0000000713f00000, 0x0000000713f00000| Untracked 
| 156|0x0000000714000000, 0x0000000714000000, 0x0000000714100000|  0%| F|  |TAMS 0x0000000714000000, 0x0000000714000000| Untracked 
| 157|0x0000000714100000, 0x0000000714100000, 0x0000000714200000|  0%| F|  |TAMS 0x0000000714100000, 0x0000000714100000| Untracked 
| 158|0x0000000714200000, 0x0000000714200000, 0x0000000714300000|  0%| F|  |TAMS 0x0000000714200000, 0x0000000714200000| Untracked 
| 159|0x0000000714300000, 0x0000000714300000, 0x0000000714400000|  0%| F|  |TAMS 0x0000000714300000, 0x0000000714300000| Untracked 
| 160|0x0000000714400000, 0x0000000714400000, 0x0000000714500000|  0%| F|  |TAMS 0x0000000714400000, 0x0000000714400000| Untracked 
| 161|0x0000000714500000, 0x0000000714500000, 0x0000000714600000|  0%| F|  |TAMS 0x0000000714500000, 0x0000000714500000| Untracked 
| 162|0x0000000714600000, 0x0000000714600000, 0x0000000714700000|  0%| F|  |TAMS 0x0000000714600000, 0x0000000714600000| Untracked 
| 163|0x0000000714700000, 0x0000000714700000, 0x0000000714800000|  0%| F|  |TAMS 0x0000000714700000, 0x0000000714700000| Untracked 
| 164|0x0000000714800000, 0x0000000714800000, 0x0000000714900000|  0%| F|  |TAMS 0x0000000714800000, 0x0000000714800000| Untracked 
| 165|0x0000000714900000, 0x0000000714900000, 0x0000000714a00000|  0%| F|  |TAMS 0x0000000714900000, 0x0000000714900000| Untracked 
| 166|0x0000000714a00000, 0x0000000714a00000, 0x0000000714b00000|  0%| F|  |TAMS 0x0000000714a00000, 0x0000000714a00000| Untracked 
| 167|0x0000000714b00000, 0x0000000714b00000, 0x0000000714c00000|  0%| F|  |TAMS 0x0000000714b00000, 0x0000000714b00000| Untracked 
| 168|0x0000000714c00000, 0x0000000714c00000, 0x0000000714d00000|  0%| F|  |TAMS 0x0000000714c00000, 0x0000000714c00000| Untracked 
| 169|0x0000000714d00000, 0x0000000714d00000, 0x0000000714e00000|  0%| F|  |TAMS 0x0000000714d00000, 0x0000000714d00000| Untracked 
| 170|0x0000000714e00000, 0x0000000714e00000, 0x0000000714f00000|  0%| F|  |TAMS 0x0000000714e00000, 0x0000000714e00000| Untracked 
| 171|0x0000000714f00000, 0x0000000714f00000, 0x0000000715000000|  0%| F|  |TAMS 0x0000000714f00000, 0x0000000714f00000| Untracked 
| 172|0x0000000715000000, 0x0000000715000000, 0x0000000715100000|  0%| F|  |TAMS 0x0000000715000000, 0x0000000715000000| Untracked 
| 173|0x0000000715100000, 0x0000000715100000, 0x0000000715200000|  0%| F|  |TAMS 0x0000000715100000, 0x0000000715100000| Untracked 
| 174|0x0000000715200000, 0x0000000715200000, 0x0000000715300000|  0%| F|  |TAMS 0x0000000715200000, 0x0000000715200000| Untracked 
| 175|0x0000000715300000, 0x0000000715300000, 0x0000000715400000|  0%| F|  |TAMS 0x0000000715300000, 0x0000000715300000| Untracked 
| 176|0x0000000715400000, 0x0000000715400000, 0x0000000715500000|  0%| F|  |TAMS 0x0000000715400000, 0x0000000715400000| Untracked 
| 177|0x0000000715500000, 0x0000000715500000, 0x0000000715600000|  0%| F|  |TAMS 0x0000000715500000, 0x0000000715500000| Untracked 
| 178|0x0000000715600000, 0x0000000715600000, 0x0000000715700000|  0%| F|  |TAMS 0x0000000715600000, 0x0000000715600000| Untracked 
| 179|0x0000000715700000, 0x0000000715700000, 0x0000000715800000|  0%| F|  |TAMS 0x0000000715700000, 0x0000000715700000| Untracked 
| 180|0x0000000715800000, 0x0000000715800000, 0x0000000715900000|  0%| F|  |TAMS 0x0000000715800000, 0x0000000715800000| Untracked 
| 181|0x0000000715900000, 0x0000000715900000, 0x0000000715a00000|  0%| F|  |TAMS 0x0000000715900000, 0x0000000715900000| Untracked 
| 182|0x0000000715a00000, 0x0000000715a00000, 0x0000000715b00000|  0%| F|  |TAMS 0x0000000715a00000, 0x0000000715a00000| Untracked 
| 183|0x0000000715b00000, 0x0000000715b00000, 0x0000000715c00000|  0%| F|  |TAMS 0x0000000715b00000, 0x0000000715b00000| Untracked 
| 184|0x0000000715c00000, 0x0000000715c00000, 0x0000000715d00000|  0%| F|  |TAMS 0x0000000715c00000, 0x0000000715c00000| Untracked 
| 185|0x0000000715d00000, 0x0000000715d00000, 0x0000000715e00000|  0%| F|  |TAMS 0x0000000715d00000, 0x0000000715d00000| Untracked 
| 186|0x0000000715e00000, 0x0000000715e00000, 0x0000000715f00000|  0%| F|  |TAMS 0x0000000715e00000, 0x0000000715e00000| Untracked 
| 187|0x0000000715f00000, 0x0000000715f00000, 0x0000000716000000|  0%| F|  |TAMS 0x0000000715f00000, 0x0000000715f00000| Untracked 
| 188|0x0000000716000000, 0x0000000716000000, 0x0000000716100000|  0%| F|  |TAMS 0x0000000716000000, 0x0000000716000000| Untracked 
| 189|0x0000000716100000, 0x0000000716100000, 0x0000000716200000|  0%| F|  |TAMS 0x0000000716100000, 0x0000000716100000| Untracked 
| 190|0x0000000716200000, 0x0000000716200000, 0x0000000716300000|  0%| F|  |TAMS 0x0000000716200000, 0x0000000716200000| Untracked 
| 191|0x0000000716300000, 0x0000000716300000, 0x0000000716400000|  0%| F|  |TAMS 0x0000000716300000, 0x0000000716300000| Untracked 
| 192|0x0000000716400000, 0x0000000716400000, 0x0000000716500000|  0%| F|  |TAMS 0x0000000716400000, 0x0000000716400000| Untracked 
| 193|0x0000000716500000, 0x0000000716500000, 0x0000000716600000|  0%| F|  |TAMS 0x0000000716500000, 0x0000000716500000| Untracked 
| 194|0x0000000716600000, 0x0000000716600000, 0x0000000716700000|  0%| F|  |TAMS 0x0000000716600000, 0x0000000716600000| Untracked 
| 195|0x0000000716700000, 0x0000000716700000, 0x0000000716800000|  0%| F|  |TAMS 0x0000000716700000, 0x0000000716700000| Untracked 
| 196|0x0000000716800000, 0x0000000716800000, 0x0000000716900000|  0%| F|  |TAMS 0x0000000716800000, 0x0000000716800000| Untracked 
| 197|0x0000000716900000, 0x0000000716900000, 0x0000000716a00000|  0%| F|  |TAMS 0x0000000716900000, 0x0000000716900000| Untracked 
| 198|0x0000000716a00000, 0x0000000716a00000, 0x0000000716b00000|  0%| F|  |TAMS 0x0000000716a00000, 0x0000000716a00000| Untracked 
| 199|0x0000000716b00000, 0x0000000716b00000, 0x0000000716c00000|  0%| F|  |TAMS 0x0000000716b00000, 0x0000000716b00000| Untracked 
| 200|0x0000000716c00000, 0x0000000716c00000, 0x0000000716d00000|  0%| F|  |TAMS 0x0000000716c00000, 0x0000000716c00000| Untracked 
| 201|0x0000000716d00000, 0x0000000716d00000, 0x0000000716e00000|  0%| F|  |TAMS 0x0000000716d00000, 0x0000000716d00000| Untracked 
| 202|0x0000000716e00000, 0x0000000716e00000, 0x0000000716f00000|  0%| F|  |TAMS 0x0000000716e00000, 0x0000000716e00000| Untracked 
| 203|0x0000000716f00000, 0x0000000716f00000, 0x0000000717000000|  0%| F|  |TAMS 0x0000000716f00000, 0x0000000716f00000| Untracked 
| 204|0x0000000717000000, 0x0000000717000000, 0x0000000717100000|  0%| F|  |TAMS 0x0000000717000000, 0x0000000717000000| Untracked 
| 205|0x0000000717100000, 0x0000000717100000, 0x0000000717200000|  0%| F|  |TAMS 0x0000000717100000, 0x0000000717100000| Untracked 
| 206|0x0000000717200000, 0x0000000717200000, 0x0000000717300000|  0%| F|  |TAMS 0x0000000717200000, 0x0000000717200000| Untracked 
| 207|0x0000000717300000, 0x0000000717300000, 0x0000000717400000|  0%| F|  |TAMS 0x0000000717300000, 0x0000000717300000| Untracked 
| 208|0x0000000717400000, 0x0000000717400000, 0x0000000717500000|  0%| F|  |TAMS 0x0000000717400000, 0x0000000717400000| Untracked 
| 209|0x0000000717500000, 0x0000000717500000, 0x0000000717600000|  0%| F|  |TAMS 0x0000000717500000, 0x0000000717500000| Untracked 
| 210|0x0000000717600000, 0x0000000717600000, 0x0000000717700000|  0%| F|  |TAMS 0x0000000717600000, 0x0000000717600000| Untracked 
| 211|0x0000000717700000, 0x0000000717700000, 0x0000000717800000|  0%| F|  |TAMS 0x0000000717700000, 0x0000000717700000| Untracked 
| 212|0x0000000717800000, 0x0000000717800000, 0x0000000717900000|  0%| F|  |TAMS 0x0000000717800000, 0x0000000717800000| Untracked 
| 213|0x0000000717900000, 0x0000000717900000, 0x0000000717a00000|  0%| F|  |TAMS 0x0000000717900000, 0x0000000717900000| Untracked 
| 214|0x0000000717a00000, 0x0000000717a00000, 0x0000000717b00000|  0%| F|  |TAMS 0x0000000717a00000, 0x0000000717a00000| Untracked 
| 215|0x0000000717b00000, 0x0000000717b00000, 0x0000000717c00000|  0%| F|  |TAMS 0x0000000717b00000, 0x0000000717b00000| Untracked 
| 216|0x0000000717c00000, 0x0000000717c00000, 0x0000000717d00000|  0%| F|  |TAMS 0x0000000717c00000, 0x0000000717c00000| Untracked 
| 217|0x0000000717d00000, 0x0000000717d00000, 0x0000000717e00000|  0%| F|  |TAMS 0x0000000717d00000, 0x0000000717d00000| Untracked 
| 218|0x0000000717e00000, 0x0000000717e00000, 0x0000000717f00000|  0%| F|  |TAMS 0x0000000717e00000, 0x0000000717e00000| Untracked 
| 219|0x0000000717f00000, 0x0000000717f00000, 0x0000000718000000|  0%| F|  |TAMS 0x0000000717f00000, 0x0000000717f00000| Untracked 
| 220|0x0000000718000000, 0x0000000718000000, 0x0000000718100000|  0%| F|  |TAMS 0x0000000718000000, 0x0000000718000000| Untracked 
| 221|0x0000000718100000, 0x0000000718100000, 0x0000000718200000|  0%| F|  |TAMS 0x0000000718100000, 0x0000000718100000| Untracked 
| 222|0x0000000718200000, 0x0000000718200000, 0x0000000718300000|  0%| F|  |TAMS 0x0000000718200000, 0x0000000718200000| Untracked 
| 223|0x0000000718300000, 0x0000000718300000, 0x0000000718400000|  0%| F|  |TAMS 0x0000000718300000, 0x0000000718300000| Untracked 
| 224|0x0000000718400000, 0x0000000718400000, 0x0000000718500000|  0%| F|  |TAMS 0x0000000718400000, 0x0000000718400000| Untracked 
| 225|0x0000000718500000, 0x0000000718500000, 0x0000000718600000|  0%| F|  |TAMS 0x0000000718500000, 0x0000000718500000| Untracked 
| 226|0x0000000718600000, 0x0000000718600000, 0x0000000718700000|  0%| F|  |TAMS 0x0000000718600000, 0x0000000718600000| Untracked 
| 227|0x0000000718700000, 0x0000000718700000, 0x0000000718800000|  0%| F|  |TAMS 0x0000000718700000, 0x0000000718700000| Untracked 
| 228|0x0000000718800000, 0x0000000718800000, 0x0000000718900000|  0%| F|  |TAMS 0x0000000718800000, 0x0000000718800000| Untracked 
| 229|0x0000000718900000, 0x0000000718900000, 0x0000000718a00000|  0%| F|  |TAMS 0x0000000718900000, 0x0000000718900000| Untracked 
| 230|0x0000000718a00000, 0x0000000718a00000, 0x0000000718b00000|  0%| F|  |TAMS 0x0000000718a00000, 0x0000000718a00000| Untracked 
| 231|0x0000000718b00000, 0x0000000718b00000, 0x0000000718c00000|  0%| F|  |TAMS 0x0000000718b00000, 0x0000000718b00000| Untracked 
| 232|0x0000000718c00000, 0x0000000718c00000, 0x0000000718d00000|  0%| F|  |TAMS 0x0000000718c00000, 0x0000000718c00000| Untracked 
| 233|0x0000000718d00000, 0x0000000718d00000, 0x0000000718e00000|  0%| F|  |TAMS 0x0000000718d00000, 0x0000000718d00000| Untracked 
| 234|0x0000000718e00000, 0x0000000718e00000, 0x0000000718f00000|  0%| F|  |TAMS 0x0000000718e00000, 0x0000000718e00000| Untracked 
| 235|0x0000000718f00000, 0x0000000718f00000, 0x0000000719000000|  0%| F|  |TAMS 0x0000000718f00000, 0x0000000718f00000| Untracked 
| 236|0x0000000719000000, 0x0000000719000000, 0x0000000719100000|  0%| F|  |TAMS 0x0000000719000000, 0x0000000719000000| Untracked 
| 237|0x0000000719100000, 0x0000000719100000, 0x0000000719200000|  0%| F|  |TAMS 0x0000000719100000, 0x0000000719100000| Untracked 
| 238|0x0000000719200000, 0x00000007192f6490, 0x0000000719300000| 96%| E|  |TAMS 0x0000000719200000, 0x0000000719200000| Complete 
| 239|0x0000000719300000, 0x0000000719400000, 0x0000000719400000|100%| E|CS|TAMS 0x0000000719300000, 0x0000000719300000| Complete 
| 240|0x0000000719400000, 0x0000000719500000, 0x0000000719500000|100%| E|CS|TAMS 0x0000000719400000, 0x0000000719400000| Complete 
| 241|0x0000000719500000, 0x0000000719600000, 0x0000000719600000|100%| E|  |TAMS 0x0000000719500000, 0x0000000719500000| Complete 
| 242|0x0000000719600000, 0x0000000719700000, 0x0000000719700000|100%| E|CS|TAMS 0x0000000719600000, 0x0000000719600000| Complete 
| 243|0x0000000719700000, 0x0000000719800000, 0x0000000719800000|100%| E|CS|TAMS 0x0000000719700000, 0x0000000719700000| Complete 
| 244|0x0000000719800000, 0x0000000719900000, 0x0000000719900000|100%| E|CS|TAMS 0x0000000719800000, 0x0000000719800000| Complete 
| 245|0x0000000719900000, 0x0000000719a00000, 0x0000000719a00000|100%| E|CS|TAMS 0x0000000719900000, 0x0000000719900000| Complete 
|2906|0x00000007bfe00000, 0x00000007bfe48000, 0x00000007bff00000| 28%|OA|  |TAMS 0x00000007bfe00000, 0x00000007bfe00000| Untracked 
|2907|0x00000007bff00000, 0x00000007bff6c000, 0x00000007c0000000| 42%|CA|  |TAMS 0x00000007bff00000, 0x00000007bff00000| Untracked 

Card table byte_map: [0x00007f3fcc57d000,0x00007f3fccd2b000] _byte_map_base: 0x00007f3fc8d2b000

Marking Bits (Prev, Next): (CMBitMap*) 0x00007f3fc807af18, (CMBitMap*) 0x00007f3fc807af50
 Prev Bits: [0x00007f3fa8290000, 0x00007f3fac000000)
 Next Bits: [0x00007f3fa4520000, 0x00007f3fa8290000)

Polling page: 0x00007f3fcf997000

Metaspace:

Usage:
  Non-class:      4,56 MB capacity,     3,24 MB ( 71%) used,     1,30 MB ( 29%) free+waste,    11,88 KB ( <1%) overhead. 
      Class:    532,00 KB capacity,   386,24 KB ( 73%) used,   138,63 KB ( 26%) free+waste,     7,12 KB (  1%) overhead. 
       Both:      5,08 MB capacity,     3,62 MB ( 71%) used,     1,44 MB ( 28%) free+waste,    19,00 KB ( <1%) overhead. 

Virtual space:
  Non-class space:        8,00 MB reserved,       4,75 MB ( 59%) committed 
      Class space:        1,00 GB reserved,     640,00 KB ( <1%) committed 
             Both:        1,01 GB reserved,       5,38 MB ( <1%) committed 

Chunk freelists:
   Non-Class:  23,00 KB
       Class:  12,00 KB
        Both:  35,00 KB

MaxMetaspaceSize: unlimited
CompressedClassSpaceSize: 1,00 GB
Initial GC threshold: 20,80 MB
Current GC threshold: 20,80 MB
CDS: on

CodeHeap 'non-profiled nmethods': size=120032Kb used=236Kb max_used=236Kb free=119795Kb
 bounds [0x00007f3fb82b9000, 0x00007f3fb8529000, 0x00007f3fbf7f1000]
CodeHeap 'profiled nmethods': size=120028Kb used=1006Kb max_used=1006Kb free=119021Kb
 bounds [0x00007f3fb0d82000, 0x00007f3fb0ff2000, 0x00007f3fb82b9000]
CodeHeap 'non-nmethods': size=5700Kb used=1167Kb max_used=1185Kb free=4532Kb
 bounds [0x00007f3fb07f1000, 0x00007f3fb0a61000, 0x00007f3fb0d82000]
 total_blobs=1034 nmethods=616 adapters=332
 compilation: enabled
              stopped_count=0, restarted_count=0
 full_count=0

Compilation events (20 events):
Event: 0,297 Thread 0x00007f3fc81d8000  606       3       java.io.ByteArrayOutputStream::ensureCapacity (16 bytes)
Event: 0,298 Thread 0x00007f3fc81d8000 nmethod 606 0x00007f3fb0e78b90 code [0x00007f3fb0e78d40, 0x00007f3fb0e78ee0]
Event: 0,298 Thread 0x00007f3fc81d8000  608       3       java.io.DataOutputStream::incCount (20 bytes)
Event: 0,298 Thread 0x00007f3fc81d8000 nmethod 608 0x00007f3fb0e78f90 code [0x00007f3fb0e79140, 0x00007f3fb0e79290]
Event: 0,298 Thread 0x00007f3fc81d8000  607  s    3       java.io.ByteArrayOutputStream::write (32 bytes)
Event: 0,298 Thread 0x00007f3fc81d8000 nmethod 607 0x00007f3fb0e79310 code [0x00007f3fb0e794e0, 0x00007f3fb0e798c0]
Event: 0,298 Thread 0x00007f3fc81d8000  609       3       java.io.DataOutputStream::writeByte (14 bytes)
Event: 0,298 Thread 0x00007f3fc81d8000 nmethod 609 0x00007f3fb0e79a10 code [0x00007f3fb0e79be0, 0x00007f3fb0e79e80]
Event: 0,298 Thread 0x00007f3fc81d8000  610  s    3       java.io.DataOutputStream::write (14 bytes)
Event: 0,298 Thread 0x00007f3fc81d8000 nmethod 610 0x00007f3fb0e79f90 code [0x00007f3fb0e7a160, 0x00007f3fb0e7a5a0]
Event: 0,299 Thread 0x00007f3fc81d8000  611       3       java.io.UnixFileSystem::normalize (75 bytes)
Event: 0,299 Thread 0x00007f3fc81d8000 nmethod 611 0x00007f3fb0e7a690 code [0x00007f3fb0e7a8e0, 0x00007f3fb0e7b230]
Event: 0,299 Thread 0x00007f3fc81d8000  612       3       java.lang.String::substring (68 bytes)
Event: 0,300 Thread 0x00007f3fc81d8000 nmethod 612 0x00007f3fb0e7b610 code [0x00007f3fb0e7b860, 0x00007f3fb0e7bfd0]
Event: 0,300 Thread 0x00007f3fc81d8000  613       3       java.lang.PublicMethods$Key::matches (31 bytes)
Event: 0,300 Thread 0x00007f3fc81d8000 nmethod 613 0x00007f3fb0e7c290 code [0x00007f3fb0e7c4a0, 0x00007f3fb0e7c930]
Event: 0,302 Thread 0x00007f3fc81d8000  615       3       sun.net.www.ParseUtil::firstEncodeIndex (86 bytes)
Event: 0,303 Thread 0x00007f3fc81d8000 nmethod 615 0x00007f3fb0e7cb10 code [0x00007f3fb0e7cd60, 0x00007f3fb0e7d700]
Event: 0,303 Thread 0x00007f3fc81d8000  616       1       java.lang.reflect.Method::getModifiers (5 bytes)
Event: 0,303 Thread 0x00007f3fc81d8000 nmethod 616 0x00007f3fb82f1b10 code [0x00007f3fb82f1cc0, 0x00007f3fb82f1d90]

GC Heap History (0 events):
No events

Deoptimization events (20 events):
Event: 0,231 Thread 0x00007f3fc8016800 DEOPT PACKING pc=0x00007f3fb0e24859 sp=0x00007f3fce12b590
Event: 0,231 Thread 0x00007f3fc8016800 DEOPT UNPACKING pc=0x00007f3fb083a9fa sp=0x00007f3fce12aa50 mode 0
Event: 0,231 Thread 0x00007f3fc8016800 DEOPT PACKING pc=0x00007f3fb0e24859 sp=0x00007f3fce12b590
Event: 0,231 Thread 0x00007f3fc8016800 DEOPT UNPACKING pc=0x00007f3fb083a9fa sp=0x00007f3fce12aa50 mode 0
Event: 0,231 Thread 0x00007f3fc8016800 DEOPT PACKING pc=0x00007f3fb0e24859 sp=0x00007f3fce12b590
Event: 0,231 Thread 0x00007f3fc8016800 DEOPT UNPACKING pc=0x00007f3fb083a9fa sp=0x00007f3fce12aa50 mode 0
Event: 0,231 Thread 0x00007f3fc8016800 DEOPT PACKING pc=0x00007f3fb0e24859 sp=0x00007f3fce12b590
Event: 0,231 Thread 0x00007f3fc8016800 DEOPT UNPACKING pc=0x00007f3fb083a9fa sp=0x00007f3fce12aa50 mode 0
Event: 0,231 Thread 0x00007f3fc8016800 DEOPT PACKING pc=0x00007f3fb0e24859 sp=0x00007f3fce12b590
Event: 0,231 Thread 0x00007f3fc8016800 DEOPT UNPACKING pc=0x00007f3fb083a9fa sp=0x00007f3fce12aa50 mode 0
Event: 0,231 Thread 0x00007f3fc8016800 DEOPT PACKING pc=0x00007f3fb0e24859 sp=0x00007f3fce12b590
Event: 0,231 Thread 0x00007f3fc8016800 DEOPT UNPACKING pc=0x00007f3fb083a9fa sp=0x00007f3fce12aa50 mode 0
Event: 0,231 Thread 0x00007f3fc8016800 DEOPT PACKING pc=0x00007f3fb0e24859 sp=0x00007f3fce12b590
Event: 0,231 Thread 0x00007f3fc8016800 DEOPT UNPACKING pc=0x00007f3fb083a9fa sp=0x00007f3fce12aa50 mode 0
Event: 0,231 Thread 0x00007f3fc8016800 DEOPT PACKING pc=0x00007f3fb0e24859 sp=0x00007f3fce12b590
Event: 0,231 Thread 0x00007f3fc8016800 DEOPT UNPACKING pc=0x00007f3fb083a9fa sp=0x00007f3fce12aa50 mode 0
Event: 0,292 Thread 0x00007f3fc8016800 Uncommon trap: trap_request=0xffffff4d fr.pc=0x00007f3fb82e0998 relative=0x0000000000000558
Event: 0,292 Thread 0x00007f3fc8016800 Uncommon trap: reason=unstable_if action=reinterpret pc=0x00007f3fb82e0998 method=java.lang.AbstractStringBuilder.append(Ljava/lang/String;)Ljava/lang/AbstractStringBuilder; @ 1 c2
Event: 0,292 Thread 0x00007f3fc8016800 DEOPT PACKING pc=0x00007f3fb82e0998 sp=0x00007f3fce12ae50
Event: 0,292 Thread 0x00007f3fc8016800 DEOPT UNPACKING pc=0x00007f3fb07f92a5 sp=0x00007f3fce12ade0 mode 2

Classes redefined (0 events):
No events

Internal exceptions (13 events):
Event: 0,092 Thread 0x00007f3fc8016800 Exception <a 'java/lang/ClassNotFoundException'{0x0000000719802888}: sun/awt/resources/spi/awtProvider> (0x0000000719802888) thrown at [src/hotspot/share/classfile/systemDictionary.cpp, line 230]
Event: 0,131 Thread 0x00007f3fc8016800 Exception <a 'java/io/FileNotFoundException'{0x00000007198a18a8}> (0x00000007198a18a8) thrown at [src/hotspot/share/prims/jni.cpp, line 617]
Event: 0,144 Thread 0x00007f3fc8016800 Exception <a 'java/lang/NoSuchMethodError'{0x00000007198fc678}: 'java.lang.Object java.lang.invoke.DirectMethodHandle$Holder.invokeStatic(java.lang.Object, java.lang.Object, java.lang.Object, java.lang.Object, java.lang.Object, java.lang.Object, java.lang.Object, java.lang.Object, java.lang.Object, java.lang.Object, java.lang.Object, java.lang.Object, java.lang.Object, java.lang.Object, java.lang.Object)'> (0x00000007198fc678) thrown at [src/hotspot/share/interpreter/linkResolver.cpp, line 772]
Event: 0,146 Thread 0x00007f3fc8016800 Exception <a 'java/lang/NoSuchMethodError'{0x000000071970a7d8}: 'java.lang.Object java.lang.invoke.DirectMethodHandle$Holder.invokeStatic(java.lang.Object, java.lang.Object, java.lang.Object, java.lang.Object, java.lang.Object, java.lang.Object, java.lang.Object, java.lang.Object, java.lang.Object, java.lang.Object, java.lang.Object, java.lang.Object, java.lang.Object, java.lang.Object, java.lang.Object, java.lang.Object)'> (0x000000071970a7d8) thrown at [src/hotspot/share/interpreter/linkResolver.cpp, lin
Event: 0,148 Thread 0x00007f3fc8016800 Exception <a 'java/lang/NoSuchMethodError'{0x0000000719718448}: 'java.lang.Object java.lang.invoke.DirectMethodHandle$Holder.invokeSpecial(java.lang.Object, java.lang.Object, int, int, java.lang.Object, java.lang.Object, java.lang.Object)'> (0x0000000719718448) thrown at [src/hotspot/share/interpreter/linkResolver.cpp, line 772]
Event: 0,148 Thread 0x00007f3fc8016800 Exception <a 'java/lang/NoSuchMethodError'{0x000000071971b9d8}: 'java.lang.Object java.lang.invoke.DelegatingMethodHandle$Holder.reinvoke_L(java.lang.Object, int, int, java.lang.Object, java.lang.Object, java.lang.Object)'> (0x000000071971b9d8) thrown at [src/hotspot/share/interpreter/linkResolver.cpp, line 772]
Event: 0,148 Thread 0x00007f3fc8016800 Exception <a 'java/lang/NoSuchMethodError'{0x000000071971fd60}: 'java.lang.Object java.lang.invoke.DirectMethodHandle$Holder.invokeStatic(java.lang.Object, java.lang.Object, java.lang.Object, java.lang.Object, int)'> (0x000000071971fd60) thrown at [src/hotspot/share/interpreter/linkResolver.cpp, line 772]
Event: 0,275 Thread 0x00007f3fc8016800 Exception <a 'java/lang/NoSuchMethodError'{0x000000071937e480}: 'java.lang.Object java.lang.invoke.DirectMethodHandle$Holder.invokeStaticInit(java.lang.Object, java.lang.Object, long, java.lang.Object)'> (0x000000071937e480) thrown at [src/hotspot/share/interpreter/linkResolver.cpp, line 772]
Event: 0,276 Thread 0x00007f3fc8016800 Exception <a 'java/lang/NoSuchMethodError'{0x000000071938a5e0}: 'java.lang.Object java.lang.invoke.Invokers$Holder.linkToTargetMethod(java.lang.Object, long, java.lang.Object)'> (0x000000071938a5e0) thrown at [src/hotspot/share/interpreter/linkResolver.cpp, line 772]
Event: 0,277 Thread 0x00007f3fc8016800 Exception <a 'java/lang/NoSuchMethodError'{0x00000007193917a0}: 'java.lang.Object java.lang.invoke.DirectMethodHandle$Holder.invokeStatic(java.lang.Object, java.lang.Object, java.lang.Object, int)'> (0x00000007193917a0) thrown at [src/hotspot/share/interpreter/linkResolver.cpp, line 772]
Event: 0,278 Thread 0x00007f3fc8016800 Exception <a 'java/lang/NoSuchMethodError'{0x00000007193950b8}: 'java.lang.Object java.lang.invoke.DirectMethodHandle$Holder.invokeSpecial(java.lang.Object, java.lang.Object, java.lang.Object, java.lang.Object, int)'> (0x00000007193950b8) thrown at [src/hotspot/share/interpreter/linkResolver.cpp, line 772]
Event: 0,278 Thread 0x00007f3fc8016800 Exception <a 'java/lang/NoSuchMethodError'{0x0000000719398120}: 'java.lang.Object java.lang.invoke.Invokers$Holder.linkToTargetMethod(java.lang.Object, java.lang.Object, int, java.lang.Object)'> (0x0000000719398120) thrown at [src/hotspot/share/interpreter/linkResolver.cpp, line 772]
Event: 0,292 Thread 0x00007f3fc8016800 Implicit null exception at 0x00007f3fb82e0483 to 0x00007f3fb82e0980

Events (20 events):
Event: 0,299 loading class java/lang/reflect/TypeVariable
Event: 0,299 loading class java/lang/reflect/TypeVariable done
Event: 0,299 loading class java/lang/reflect/AnnotatedType
Event: 0,300 loading class java/lang/reflect/AnnotatedType done
Event: 0,300 loading class java/lang/TypeNotPresentException
Event: 0,300 loading class java/lang/TypeNotPresentException done
Event: 0,300 loading class com/sun/jna/Function
Event: 0,300 loading class com/sun/jna/Function done
Event: 0,301 loading class com/sun/jna/MethodParameterContext
Event: 0,301 loading class com/sun/jna/MethodParameterContext done
Event: 0,301 loading class com/sun/jna/FunctionParameterContext
Event: 0,301 loading class com/sun/jna/FunctionParameterContext done
Event: 0,302 loading class com/sun/jna/VarArgsChecker
Event: 0,302 loading class com/sun/jna/VarArgsChecker done
Event: 0,302 loading class com/sun/jna/VarArgsChecker$RealVarArgsChecker
Event: 0,302 loading class com/sun/jna/VarArgsChecker$RealVarArgsChecker done
Event: 0,302 loading class com/sun/jna/VarArgsChecker$NoVarArgsChecker
Event: 0,302 loading class com/sun/jna/VarArgsChecker$NoVarArgsChecker done
Event: 0,303 loading class com/sun/jna/Library$Handler$FunctionInfo
Event: 0,303 loading class com/sun/jna/Library$Handler$FunctionInfo done


Dynamic libraries:
70a400000-719a00000 rw-p 00000000 00:00 0 
719a00000-7bfe00000 ---p 00000000 00:00 0 
7bfe00000-7bfe48000 rw-p 00b13000 103:03 2232165                         /usr/lib/jvm/java-11-openjdk-amd64/lib/server/classes.jsa
7bfe48000-7bff00000 rw-p 00000000 00:00 0 
7bff00000-7bff6c000 rw-p 00aa7000 103:03 2232165                         /usr/lib/jvm/java-11-openjdk-amd64/lib/server/classes.jsa
7bff6c000-7c0000000 rw-p 00000000 00:00 0 
7c0000000-800000000 ---p 00000000 00:00 0 
800000000-800002000 rwxp 00001000 103:03 2232165                         /usr/lib/jvm/java-11-openjdk-amd64/lib/server/classes.jsa
800002000-8003ce000 rw-p 00003000 103:03 2232165                         /usr/lib/jvm/java-11-openjdk-amd64/lib/server/classes.jsa
8003ce000-800aa5000 r--p 003cf000 103:03 2232165                         /usr/lib/jvm/java-11-openjdk-amd64/lib/server/classes.jsa
800aa5000-800aa6000 rw-p 00aa6000 103:03 2232165                         /usr/lib/jvm/java-11-openjdk-amd64/lib/server/classes.jsa
840000000-8400a0000 rw-p 00000000 00:00 0 
8400a0000-880000000 ---p 00000000 00:00 0 
55d332582000-55d332583000 r--p 00000000 103:03 2230722                   /usr/lib/jvm/java-11-openjdk-amd64/bin/java
55d332583000-55d332584000 r-xp 00001000 103:03 2230722                   /usr/lib/jvm/java-11-openjdk-amd64/bin/java
55d332584000-55d332585000 r--p 00002000 103:03 2230722                   /usr/lib/jvm/java-11-openjdk-amd64/bin/java
55d332585000-55d332586000 r--p 00002000 103:03 2230722                   /usr/lib/jvm/java-11-openjdk-amd64/bin/java
55d332586000-55d332587000 rw-p 00003000 103:03 2230722                   /usr/lib/jvm/java-11-openjdk-amd64/bin/java
55d33406d000-55d33408e000 rw-p 00000000 00:00 0                          [heap]
7f3f50000000-7f3f50021000 rw-p 00000000 00:00 0 
7f3f50021000-7f3f54000000 ---p 00000000 00:00 0 
7f3f54000000-7f3f54021000 rw-p 00000000 00:00 0 
7f3f54021000-7f3f58000000 ---p 00000000 00:00 0 
7f3f58000000-7f3f58021000 rw-p 00000000 00:00 0 
7f3f58021000-7f3f5c000000 ---p 00000000 00:00 0 
7f3f5c000000-7f3f5c19e000 rw-p 00000000 00:00 0 
7f3f5c19e000-7f3f60000000 ---p 00000000 00:00 0 
7f3f60000000-7f3f6014b000 rw-p 00000000 00:00 0 
7f3f6014b000-7f3f64000000 ---p 00000000 00:00 0 
7f3f64000000-7f3f64021000 rw-p 00000000 00:00 0 
7f3f64021000-7f3f68000000 ---p 00000000 00:00 0 
7f3f6b469000-7f3f6b4db000 rw-p 00000000 00:00 0 
7f3f6b4db000-7f3f6b4df000 ---p 00000000 00:00 0 
7f3f6b4df000-7f3f6b5dc000 rw-p 00000000 00:00 0 
7f3f6b5dc000-7f3f6b5f7000 r--p 00000000 103:03 1052772                   /usr/local/lib/libZXing.so.2.1.0
7f3f6b5f7000-7f3f6b6cb000 r-xp 0001b000 103:03 1052772                   /usr/local/lib/libZXing.so.2.1.0
7f3f6b6cb000-7f3f6b741000 r--p 000ef000 103:03 1052772                   /usr/local/lib/libZXing.so.2.1.0
7f3f6b741000-7f3f6b742000 ---p 00165000 103:03 1052772                   /usr/local/lib/libZXing.so.2.1.0
7f3f6b742000-7f3f6b744000 r--p 00165000 103:03 1052772                   /usr/local/lib/libZXing.so.2.1.0
7f3f6b744000-7f3f6b746000 rw-p 00167000 103:03 1052772                   /usr/local/lib/libZXing.so.2.1.0
7f3f6b746000-7f3f6b74a000 rw-p 00000000 00:00 0 
7f3f6b74a000-7f3f6b768000 r-xp 00000000 103:03 5377553                   /home/eduardo/.cache/JNA/temp/jna8114486000566422175.tmp (deleted)
7f3f6b768000-7f3f6b967000 ---p 0001e000 103:03 5377553                   /home/eduardo/.cache/JNA/temp/jna8114486000566422175.tmp (deleted)
7f3f6b967000-7f3f6b968000 rw-p 0001d000 103:03 5377553                   /home/eduardo/.cache/JNA/temp/jna8114486000566422175.tmp (deleted)
7f3f6b968000-7f3f6b969000 rw-p 00000000 00:00 0 
7f3f6b969000-7f3f6b96d000 ---p 00000000 00:00 0 
7f3f6b96d000-7f3f6ba6a000 rw-p 00000000 00:00 0 
7f3f6ba6a000-7f3f6ba6e000 r--p 00000000 103:03 395299                    /usr/lib/x86_64-linux-gnu/libjpeg.so.8.2.2
7f3f6ba6e000-7f3f6bab2000 r-xp 00004000 103:03 395299                    /usr/lib/x86_64-linux-gnu/libjpeg.so.8.2.2
7f3f6bab2000-7f3f6baec000 r--p 00048000 103:03 395299                    /usr/lib/x86_64-linux-gnu/libjpeg.so.8.2.2
7f3f6baec000-7f3f6baed000 ---p 00082000 103:03 395299                    /usr/lib/x86_64-linux-gnu/libjpeg.so.8.2.2
7f3f6baed000-7f3f6baee000 r--p 00082000 103:03 395299                    /usr/lib/x86_64-linux-gnu/libjpeg.so.8.2.2
7f3f6baee000-7f3f6baef000 rw-p 00083000 103:03 395299                    /usr/lib/x86_64-linux-gnu/libjpeg.so.8.2.2
7f3f6baef000-7f3f6baf3000 ---p 00000000 00:00 0 
7f3f6baf3000-7f3f6bbf0000 rw-p 00000000 00:00 0 
7f3f6bbf0000-7f3f6bbf5000 r-xp 00000000 103:03 400073                    /usr/lib/x86_64-linux-gnu/libXtst.so.6.1.0
7f3f6bbf5000-7f3f6bdf4000 ---p 00005000 103:03 400073                    /usr/lib/x86_64-linux-gnu/libXtst.so.6.1.0
7f3f6bdf4000-7f3f6bdf5000 r--p 00004000 103:03 400073                    /usr/lib/x86_64-linux-gnu/libXtst.so.6.1.0
7f3f6bdf5000-7f3f6bdf6000 rw-p 00005000 103:03 400073                    /usr/lib/x86_64-linux-gnu/libXtst.so.6.1.0
7f3f6bdf6000-7f3f6bdff000 r-xp 00000000 103:03 400067                    /usr/lib/x86_64-linux-gnu/libXrender.so.1.3.0
7f3f6bdff000-7f3f6bffe000 ---p 00009000 103:03 400067                    /usr/lib/x86_64-linux-gnu/libXrender.so.1.3.0
7f3f6bffe000-7f3f6bfff000 r--p 00008000 103:03 400067                    /usr/lib/x86_64-linux-gnu/libXrender.so.1.3.0
7f3f6bfff000-7f3f6c000000 rw-p 00009000 103:03 400067                    /usr/lib/x86_64-linux-gnu/libXrender.so.1.3.0
7f3f6c000000-7f3f6c021000 rw-p 00000000 00:00 0 
7f3f6c021000-7f3f70000000 ---p 00000000 00:00 0 
7f3f70000000-7f3f70021000 rw-p 00000000 00:00 0 
7f3f70021000-7f3f74000000 ---p 00000000 00:00 0 
7f3f74000000-7f3f7424d000 rw-p 00000000 00:00 0 
7f3f7424d000-7f3f78000000 ---p 00000000 00:00 0 
7f3f78000000-7f3f78231000 rw-p 00000000 00:00 0 
7f3f78231000-7f3f7c000000 ---p 00000000 00:00 0 
7f3f7c000000-7f3f7c021000 rw-p 00000000 00:00 0 
7f3f7c021000-7f3f80000000 ---p 00000000 00:00 0 
7f3f80000000-7f3f80021000 rw-p 00000000 00:00 0 
7f3f80021000-7f3f84000000 ---p 00000000 00:00 0 
7f3f84000000-7f3f84021000 rw-p 00000000 00:00 0 
7f3f84021000-7f3f88000000 ---p 00000000 00:00 0 
7f3f88000000-7f3f88021000 rw-p 00000000 00:00 0 
7f3f88021000-7f3f8c000000 ---p 00000000 00:00 0 
7f3f8c000000-7f3f8c021000 rw-p 00000000 00:00 0 
7f3f8c021000-7f3f90000000 ---p 00000000 00:00 0 
7f3f90000000-7f3f90021000 rw-p 00000000 00:00 0 
7f3f90021000-7f3f94000000 ---p 00000000 00:00 0 
7f3f94000000-7f3f94021000 rw-p 00000000 00:00 0 
7f3f94021000-7f3f98000000 ---p 00000000 00:00 0 
7f3f98000000-7f3f98021000 rw-p 00000000 00:00 0 
7f3f98021000-7f3f9c000000 ---p 00000000 00:00 0 
7f3f9c05e000-7f3f9c062000 ---p 00000000 00:00 0 
7f3f9c062000-7f3f9c080000 rw-p 00000000 00:00 0 
7f3f9c080000-7f3f9c082000 r--p 00000000 103:03 2273413                   /usr/lib/jvm/java-11-openjdk-amd64/lib/libjavajpeg.so
7f3f9c082000-7f3f9c089000 r-xp 00002000 103:03 2273413                   /usr/lib/jvm/java-11-openjdk-amd64/lib/libjavajpeg.so
7f3f9c089000-7f3f9c08a000 r--p 00009000 103:03 2273413                   /usr/lib/jvm/java-11-openjdk-amd64/lib/libjavajpeg.so
7f3f9c08a000-7f3f9c08b000 ---p 0000a000 103:03 2273413                   /usr/lib/jvm/java-11-openjdk-amd64/lib/libjavajpeg.so
7f3f9c08b000-7f3f9c08c000 r--p 0000a000 103:03 2273413                   /usr/lib/jvm/java-11-openjdk-amd64/lib/libjavajpeg.so
7f3f9c08c000-7f3f9c08d000 rw-p 0000b000 103:03 2273413                   /usr/lib/jvm/java-11-openjdk-amd64/lib/libjavajpeg.so
7f3f9c08d000-7f3f9c091000 ---p 00000000 00:00 0 
7f3f9c091000-7f3f9c18e000 rw-p 00000000 00:00 0 
7f3f9c18e000-7f3f9c192000 r--p 00000000 103:03 400198                    /usr/lib/x86_64-linux-gnu/libbsd.so.0.10.0
7f3f9c192000-7f3f9c1a1000 r-xp 00004000 103:03 400198                    /usr/lib/x86_64-linux-gnu/libbsd.so.0.10.0
7f3f9c1a1000-7f3f9c1a4000 r--p 00013000 103:03 400198                    /usr/lib/x86_64-linux-gnu/libbsd.so.0.10.0
7f3f9c1a4000-7f3f9c1a5000 ---p 00016000 103:03 400198                    /usr/lib/x86_64-linux-gnu/libbsd.so.0.10.0
7f3f9c1a5000-7f3f9c1a6000 r--p 00016000 103:03 400198                    /usr/lib/x86_64-linux-gnu/libbsd.so.0.10.0
7f3f9c1a6000-7f3f9c1a7000 rw-p 00017000 103:03 400198                    /usr/lib/x86_64-linux-gnu/libbsd.so.0.10.0
7f3f9c1a7000-7f3f9c1a8000 rw-p 00000000 00:00 0 
7f3f9c1a8000-7f3f9c1b3000 r--p 00000000 103:03 401372                    /usr/lib/x86_64-linux-gnu/libxcb.so.1.1.0
7f3f9c1b3000-7f3f9c1c7000 r-xp 0000b000 103:03 401372                    /usr/lib/x86_64-linux-gnu/libxcb.so.1.1.0
7f3f9c1c7000-7f3f9c1d0000 r--p 0001f000 103:03 401372                    /usr/lib/x86_64-linux-gnu/libxcb.so.1.1.0
7f3f9c1d0000-7f3f9c1d1000 r--p 00027000 103:03 401372                    /usr/lib/x86_64-linux-gnu/libxcb.so.1.1.0
7f3f9c1d1000-7f3f9c1d2000 rw-p 00028000 103:03 401372                    /usr/lib/x86_64-linux-gnu/libxcb.so.1.1.0
7f3f9c1d2000-7f3f9c1ea000 r--p 00000000 103:03 397401                    /usr/lib/x86_64-linux-gnu/libX11.so.6.3.0
7f3f9c1ea000-7f3f9c275000 r-xp 00018000 103:03 397401                    /usr/lib/x86_64-linux-gnu/libX11.so.6.3.0
7f3f9c275000-7f3f9c309000 r--p 000a3000 103:03 397401                    /usr/lib/x86_64-linux-gnu/libX11.so.6.3.0
7f3f9c309000-7f3f9c30a000 ---p 00137000 103:03 397401                    /usr/lib/x86_64-linux-gnu/libX11.so.6.3.0
7f3f9c30a000-7f3f9c30b000 r--p 00137000 103:03 397401                    /usr/lib/x86_64-linux-gnu/libX11.so.6.3.0
7f3f9c30b000-7f3f9c30f000 rw-p 00138000 103:03 397401                    /usr/lib/x86_64-linux-gnu/libX11.so.6.3.0
7f3f9c310000-7f3f9c336000 r--p 00000000 103:03 2622352                   /usr/share/locale-langpack/pt_BR/LC_MESSAGES/libc.mo
7f3f9c336000-7f3f9c346000 r--p 00000000 103:03 2273354                   /usr/lib/jvm/java-11-openjdk-amd64/lib/libawt_xawt.so
7f3f9c346000-7f3f9c386000 r-xp 00010000 103:03 2273354                   /usr/lib/jvm/java-11-openjdk-amd64/lib/libawt_xawt.so
7f3f9c386000-7f3f9c398000 r--p 00050000 103:03 2273354                   /usr/lib/jvm/java-11-openjdk-amd64/lib/libawt_xawt.so
7f3f9c398000-7f3f9c399000 r--p 00061000 103:03 2273354                   /usr/lib/jvm/java-11-openjdk-amd64/lib/libawt_xawt.so
7f3f9c399000-7f3f9c39b000 rw-p 00062000 103:03 2273354                   /usr/lib/jvm/java-11-openjdk-amd64/lib/libawt_xawt.so
7f3f9c39b000-7f3f9c39d000 rw-p 00000000 00:00 0 
7f3f9c39d000-7f3f9c3c9000 r--p 00000000 103:03 2273402                   /usr/lib/jvm/java-11-openjdk-amd64/lib/libawt.so
7f3f9c3c9000-7f3f9c432000 r-xp 0002c000 103:03 2273402                   /usr/lib/jvm/java-11-openjdk-amd64/lib/libawt.so
7f3f9c432000-7f3f9c43e000 r--p 00095000 103:03 2273402                   /usr/lib/jvm/java-11-openjdk-amd64/lib/libawt.so
7f3f9c43e000-7f3f9c43f000 ---p 000a1000 103:03 2273402                   /usr/lib/jvm/java-11-openjdk-amd64/lib/libawt.so
7f3f9c43f000-7f3f9c440000 r--p 000a1000 103:03 2273402                   /usr/lib/jvm/java-11-openjdk-amd64/lib/libawt.so
7f3f9c440000-7f3f9c44b000 rw-p 000a2000 103:03 2273402                   /usr/lib/jvm/java-11-openjdk-amd64/lib/libawt.so
7f3f9c44b000-7f3f9c4a1000 rw-p 00000000 00:00 0 
7f3f9c4a1000-7f3f9c4a5000 ---p 00000000 00:00 0 
7f3f9c4a5000-7f3f9c5a2000 rw-p 00000000 00:00 0 
7f3f9c5a2000-7f3f9c5a3000 ---p 00000000 00:00 0 
7f3f9c5a3000-7f3f9c6a4000 rw-p 00000000 00:00 0 
7f3f9c6a4000-7f3f9c6a8000 ---p 00000000 00:00 0 
7f3f9c6a8000-7f3f9c7a5000 rw-p 00000000 00:00 0 
7f3f9c7a5000-7f3f9c7a9000 ---p 00000000 00:00 0 
7f3f9c7a9000-7f3f9c8a6000 rw-p 00000000 00:00 0 
7f3f9c8a6000-7f3f9c8aa000 ---p 00000000 00:00 0 
7f3f9c8aa000-7f3f9c9a7000 rw-p 00000000 00:00 0 
7f3f9c9a7000-7f3f9c9ab000 ---p 00000000 00:00 0 
7f3f9c9ab000-7f3f9caa8000 rw-p 00000000 00:00 0 
7f3f9caa8000-7f3f9caac000 ---p 00000000 00:00 0 
7f3f9caac000-7f3f9cba9000 rw-p 00000000 00:00 0 
7f3f9cba9000-7f3f9d11b000 r--p 00000000 103:03 394020                    /usr/lib/locale/locale-archive
7f3f9d11b000-7f3f9d11f000 ---p 00000000 00:00 0 
7f3f9d11f000-7f3f9d21c000 rw-p 00000000 00:00 0 
7f3f9d21c000-7f3f9d220000 ---p 00000000 00:00 0 
7f3f9d220000-7f3f9d31d000 rw-p 00000000 00:00 0 
7f3f9d31d000-7f3f9d31e000 ---p 00000000 00:00 0 
7f3f9d31e000-7f3f9d9bb000 rw-p 00000000 00:00 0 
7f3f9d9bb000-7f3f9dcfb000 ---p 00000000 00:00 0 
7f3f9dcfb000-7f3f9dcfc000 ---p 00000000 00:00 0 
7f3f9dcfc000-7f3f9ddfd000 rw-p 00000000 00:00 0 
7f3f9ddfd000-7f3f9ddfe000 ---p 00000000 00:00 0 
7f3f9ddfe000-7f3fa0000000 rw-p 00000000 00:00 0 
7f3fa0000000-7f3fa0021000 rw-p 00000000 00:00 0 
7f3fa0021000-7f3fa4000000 ---p 00000000 00:00 0 
7f3fa4009000-7f3fa400b000 r--p 00000000 103:03 400055                    /usr/lib/x86_64-linux-gnu/libXi.so.6.1.0
7f3fa400b000-7f3fa4016000 r-xp 00002000 103:03 400055                    /usr/lib/x86_64-linux-gnu/libXi.so.6.1.0
7f3fa4016000-7f3fa4019000 r--p 0000d000 103:03 400055                    /usr/lib/x86_64-linux-gnu/libXi.so.6.1.0
7f3fa4019000-7f3fa401a000 r--p 0000f000 103:03 400055                    /usr/lib/x86_64-linux-gnu/libXi.so.6.1.0
7f3fa401a000-7f3fa401b000 rw-p 00010000 103:03 400055                    /usr/lib/x86_64-linux-gnu/libXi.so.6.1.0
7f3fa401b000-7f3fa48f8000 rw-p 00000000 00:00 0 
7f3fa48f8000-7f3fa7288000 ---p 00000000 00:00 0 
7f3fa7288000-7f3fa7290000 rw-p 00000000 00:00 0 
7f3fa7290000-7f3fa8290000 ---p 00000000 00:00 0 
7f3fa8290000-7f3fa8668000 rw-p 00000000 00:00 0 
7f3fa8668000-7f3faaff8000 ---p 00000000 00:00 0 
7f3faaff8000-7f3fab000000 rw-p 00000000 00:00 0 
7f3fab000000-7f3fac000000 ---p 00000000 00:00 0 
7f3fac000000-7f3fac021000 rw-p 00000000 00:00 0 
7f3fac021000-7f3fb0000000 ---p 00000000 00:00 0 
7f3fb0002000-7f3fb0006000 r--p 00000000 103:03 400047                    /usr/lib/x86_64-linux-gnu/libXext.so.6.4.0
7f3fb0006000-7f3fb0011000 r-xp 00004000 103:03 400047                    /usr/lib/x86_64-linux-gnu/libXext.so.6.4.0
7f3fb0011000-7f3fb0015000 r--p 0000f000 103:03 400047                    /usr/lib/x86_64-linux-gnu/libXext.so.6.4.0
7f3fb0015000-7f3fb0016000 r--p 00012000 103:03 400047                    /usr/lib/x86_64-linux-gnu/libXext.so.6.4.0
7f3fb0016000-7f3fb0017000 rw-p 00013000 103:03 400047                    /usr/lib/x86_64-linux-gnu/libXext.so.6.4.0
7f3fb0017000-7f3fb001b000 r--p 00000000 103:03 2273423                   /usr/lib/jvm/java-11-openjdk-amd64/lib/libnet.so
7f3fb001b000-7f3fb0029000 r-xp 00004000 103:03 2273423                   /usr/lib/jvm/java-11-openjdk-amd64/lib/libnet.so
7f3fb0029000-7f3fb002d000 r--p 00012000 103:03 2273423                   /usr/lib/jvm/java-11-openjdk-amd64/lib/libnet.so
7f3fb002d000-7f3fb002e000 r--p 00015000 103:03 2273423                   /usr/lib/jvm/java-11-openjdk-amd64/lib/libnet.so
7f3fb002e000-7f3fb002f000 rw-p 00016000 103:03 2273423                   /usr/lib/jvm/java-11-openjdk-amd64/lib/libnet.so
7f3fb002f000-7f3fb0036000 r--p 00000000 103:03 2273424                   /usr/lib/jvm/java-11-openjdk-amd64/lib/libnio.so
7f3fb0036000-7f3fb003e000 r-xp 00007000 103:03 2273424                   /usr/lib/jvm/java-11-openjdk-amd64/lib/libnio.so
7f3fb003e000-7f3fb0041000 r--p 0000f000 103:03 2273424                   /usr/lib/jvm/java-11-openjdk-amd64/lib/libnio.so
7f3fb0041000-7f3fb0042000 r--p 00011000 103:03 2273424                   /usr/lib/jvm/java-11-openjdk-amd64/lib/libnio.so
7f3fb0042000-7f3fb0043000 rw-p 00012000 103:03 2273424                   /usr/lib/jvm/java-11-openjdk-amd64/lib/libnio.so
7f3fb0043000-7f3fb00be000 rw-p 00000000 00:00 0 
7f3fb00be000-7f3fb05f0000 ---p 00000000 00:00 0 
7f3fb05f0000-7f3fb05f1000 rw-p 00000000 00:00 0 
7f3fb05f1000-7f3fb07f1000 ---p 00000000 00:00 0 
7f3fb07f1000-7f3fb0a61000 rwxp 00000000 00:00 0 
7f3fb0a61000-7f3fb0d82000 ---p 00000000 00:00 0 
7f3fb0d82000-7f3fb0ff2000 rwxp 00000000 00:00 0 
7f3fb0ff2000-7f3fb82b9000 ---p 00000000 00:00 0 
7f3fb82b9000-7f3fb8529000 rwxp 00000000 00:00 0 
7f3fb8529000-7f3fbf7f1000 ---p 00000000 00:00 0 
7f3fbf7f1000-7f3fc8000000 r--s 00000000 103:03 2273433                   /usr/lib/jvm/java-11-openjdk-amd64/lib/modules
7f3fc8000000-7f3fc83aa000 rw-p 00000000 00:00 0 
7f3fc83aa000-7f3fcc000000 ---p 00000000 00:00 0 
7f3fcc008000-7f3fcc00f000 r--s 00000000 103:03 931822                    /usr/lib/x86_64-linux-gnu/gconv/gconv-modules.cache
7f3fcc00f000-7f3fcc27b000 rw-p 00000000 00:00 0 
7f3fcc27b000-7f3fcc27c000 ---p 00000000 00:00 0 
7f3fcc27c000-7f3fcc37d000 rw-p 00000000 00:00 0 
7f3fcc37d000-7f3fcc37e000 ---p 00000000 00:00 0 
7f3fcc37e000-7f3fcc5f8000 rw-p 00000000 00:00 0 
7f3fcc5f8000-7f3fccb2a000 ---p 00000000 00:00 0 
7f3fccb2a000-7f3fccb2b000 rw-p 00000000 00:00 0 
7f3fccb2b000-7f3fccd2b000 ---p 00000000 00:00 0 
7f3fccd2b000-7f3fccda6000 rw-p 00000000 00:00 0 
7f3fccda6000-7f3fcd2d8000 ---p 00000000 00:00 0 
7f3fcd2d8000-7f3fcd2d9000 rw-p 00000000 00:00 0 
7f3fcd2d9000-7f3fcd4d9000 ---p 00000000 00:00 0 
7f3fcd4d9000-7f3fcdce1000 rw-p 00000000 00:00 0 
7f3fcdce1000-7f3fcdce2000 ---p 00000000 00:00 0 
7f3fcdce2000-7f3fcdde8000 rw-p 00000000 00:00 0 
7f3fcdde8000-7f3fcdece000 ---p 00000000 00:00 0 
7f3fcdece000-7f3fcded3000 rw-p 00000000 00:00 0 
7f3fcded3000-7f3fcdfb9000 ---p 00000000 00:00 0 
7f3fcdfb9000-7f3fcdfbc000 r--p 00000000 103:03 394907                    /usr/lib/x86_64-linux-gnu/libnss_files-2.31.so
7f3fcdfbc000-7f3fcdfc3000 r-xp 00003000 103:03 394907                    /usr/lib/x86_64-linux-gnu/libnss_files-2.31.so
7f3fcdfc3000-7f3fcdfc5000 r--p 0000a000 103:03 394907                    /usr/lib/x86_64-linux-gnu/libnss_files-2.31.so
7f3fcdfc5000-7f3fcdfc6000 r--p 0000b000 103:03 394907                    /usr/lib/x86_64-linux-gnu/libnss_files-2.31.so
7f3fcdfc6000-7f3fcdfc7000 rw-p 0000c000 103:03 394907                    /usr/lib/x86_64-linux-gnu/libnss_files-2.31.so
7f3fcdfc7000-7f3fcdfcd000 rw-p 00000000 00:00 0 
7f3fcdfcf000-7f3fcdfd1000 r--p 00000000 103:03 400045                    /usr/lib/x86_64-linux-gnu/libXdmcp.so.6.0.0
7f3fcdfd1000-7f3fcdfd3000 r-xp 00002000 103:03 400045                    /usr/lib/x86_64-linux-gnu/libXdmcp.so.6.0.0
7f3fcdfd3000-7f3fcdfd5000 r--p 00004000 103:03 400045                    /usr/lib/x86_64-linux-gnu/libXdmcp.so.6.0.0
7f3fcdfd5000-7f3fcdfd6000 r--p 00005000 103:03 400045                    /usr/lib/x86_64-linux-gnu/libXdmcp.so.6.0.0
7f3fcdfd6000-7f3fcdfd7000 rw-p 00006000 103:03 400045                    /usr/lib/x86_64-linux-gnu/libXdmcp.so.6.0.0
7f3fcdfd7000-7f3fcdfd8000 r--p 00000000 103:03 400034                    /usr/lib/x86_64-linux-gnu/libXau.so.6.0.0
7f3fcdfd8000-7f3fcdfda000 r-xp 00001000 103:03 400034                    /usr/lib/x86_64-linux-gnu/libXau.so.6.0.0
7f3fcdfda000-7f3fcdfdb000 r--p 00003000 103:03 400034                    /usr/lib/x86_64-linux-gnu/libXau.so.6.0.0
7f3fcdfdb000-7f3fcdfdc000 r--p 00003000 103:03 400034                    /usr/lib/x86_64-linux-gnu/libXau.so.6.0.0
7f3fcdfdc000-7f3fcdfdd000 rw-p 00004000 103:03 400034                    /usr/lib/x86_64-linux-gnu/libXau.so.6.0.0
7f3fcdfdd000-7f3fcdfe2000 rw-p 00000000 00:00 0 
7f3fcdfe2000-7f3fcdfe9000 ---p 00000000 00:00 0 
7f3fcdfe9000-7f3fcdfeb000 r--p 00000000 103:03 2273432                   /usr/lib/jvm/java-11-openjdk-amd64/lib/libzip.so
7f3fcdfeb000-7f3fcdff0000 r-xp 00002000 103:03 2273432                   /usr/lib/jvm/java-11-openjdk-amd64/lib/libzip.so
7f3fcdff0000-7f3fcdff2000 r--p 00007000 103:03 2273432                   /usr/lib/jvm/java-11-openjdk-amd64/lib/libzip.so
7f3fcdff2000-7f3fcdff3000 r--p 00008000 103:03 2273432                   /usr/lib/jvm/java-11-openjdk-amd64/lib/libzip.so
7f3fcdff3000-7f3fcdff4000 rw-p 00009000 103:03 2273432                   /usr/lib/jvm/java-11-openjdk-amd64/lib/libzip.so
7f3fcdff4000-7f3fce002000 r--p 00000000 103:03 2273412                   /usr/lib/jvm/java-11-openjdk-amd64/lib/libjava.so
7f3fce002000-7f3fce018000 r-xp 0000e000 103:03 2273412                   /usr/lib/jvm/java-11-openjdk-amd64/lib/libjava.so
7f3fce018000-7f3fce01f000 r--p 00024000 103:03 2273412                   /usr/lib/jvm/java-11-openjdk-amd64/lib/libjava.so
7f3fce01f000-7f3fce020000 r--p 0002a000 103:03 2273412                   /usr/lib/jvm/java-11-openjdk-amd64/lib/libjava.so
7f3fce020000-7f3fce021000 rw-p 0002b000 103:03 2273412                   /usr/lib/jvm/java-11-openjdk-amd64/lib/libjava.so
7f3fce021000-7f3fce022000 rw-p 00000000 00:00 0 
7f3fce022000-7f3fce024000 r--p 00000000 103:03 395360                    /usr/lib/x86_64-linux-gnu/librt-2.31.so
7f3fce024000-7f3fce028000 r-xp 00002000 103:03 395360                    /usr/lib/x86_64-linux-gnu/librt-2.31.so
7f3fce028000-7f3fce02a000 r--p 00006000 103:03 395360                    /usr/lib/x86_64-linux-gnu/librt-2.31.so
7f3fce02a000-7f3fce02b000 r--p 00007000 103:03 395360                    /usr/lib/x86_64-linux-gnu/librt-2.31.so
7f3fce02b000-7f3fce02c000 rw-p 00008000 103:03 395360                    /usr/lib/x86_64-linux-gnu/librt-2.31.so
7f3fce02c000-7f3fce030000 ---p 00000000 00:00 0 
7f3fce030000-7f3fce12d000 rw-p 00000000 00:00 0 
7f3fce12d000-7f3fce130000 r--p 00000000 103:03 395513                    /usr/lib/x86_64-linux-gnu/libgcc_s.so.1
7f3fce130000-7f3fce142000 r-xp 00003000 103:03 395513                    /usr/lib/x86_64-linux-gnu/libgcc_s.so.1
7f3fce142000-7f3fce146000 r--p 00015000 103:03 395513                    /usr/lib/x86_64-linux-gnu/libgcc_s.so.1
7f3fce146000-7f3fce147000 r--p 00018000 103:03 395513                    /usr/lib/x86_64-linux-gnu/libgcc_s.so.1
7f3fce147000-7f3fce148000 rw-p 00019000 103:03 395513                    /usr/lib/x86_64-linux-gnu/libgcc_s.so.1
7f3fce148000-7f3fce155000 r--p 00000000 103:03 393842                    /usr/lib/x86_64-linux-gnu/libm-2.31.so
7f3fce155000-7f3fce1fc000 r-xp 0000d000 103:03 393842                    /usr/lib/x86_64-linux-gnu/libm-2.31.so
7f3fce1fc000-7f3fce295000 r--p 000b4000 103:03 393842                    /usr/lib/x86_64-linux-gnu/libm-2.31.so
7f3fce295000-7f3fce296000 r--p 0014c000 103:03 393842                    /usr/lib/x86_64-linux-gnu/libm-2.31.so
7f3fce296000-7f3fce297000 rw-p 0014d000 103:03 393842                    /usr/lib/x86_64-linux-gnu/libm-2.31.so
7f3fce297000-7f3fce32d000 r--p 00000000 103:03 394152                    /usr/lib/x86_64-linux-gnu/libstdc++.so.6.0.28
7f3fce32d000-7f3fce41e000 r-xp 00096000 103:03 394152                    /usr/lib/x86_64-linux-gnu/libstdc++.so.6.0.28
7f3fce41e000-7f3fce467000 r--p 00187000 103:03 394152                    /usr/lib/x86_64-linux-gnu/libstdc++.so.6.0.28
7f3fce467000-7f3fce468000 ---p 001d0000 103:03 394152                    /usr/lib/x86_64-linux-gnu/libstdc++.so.6.0.28
7f3fce468000-7f3fce473000 r--p 001d0000 103:03 394152                    /usr/lib/x86_64-linux-gnu/libstdc++.so.6.0.28
7f3fce473000-7f3fce476000 rw-p 001db000 103:03 394152                    /usr/lib/x86_64-linux-gnu/libstdc++.so.6.0.28
7f3fce476000-7f3fce479000 rw-p 00000000 00:00 0 
7f3fce479000-7f3fce6fb000 r--p 00000000 103:03 2273436                   /usr/lib/jvm/java-11-openjdk-amd64/lib/server/libjvm.so
7f3fce6fb000-7f3fcf38c000 r-xp 00282000 103:03 2273436                   /usr/lib/jvm/java-11-openjdk-amd64/lib/server/libjvm.so
7f3fcf38c000-7f3fcf5eb000 r--p 00f13000 103:03 2273436                   /usr/lib/jvm/java-11-openjdk-amd64/lib/server/libjvm.so
7f3fcf5eb000-7f3fcf6af000 r--p 01171000 103:03 2273436                   /usr/lib/jvm/java-11-openjdk-amd64/lib/server/libjvm.so
7f3fcf6af000-7f3fcf6ea000 rw-p 01235000 103:03 2273436                   /usr/lib/jvm/java-11-openjdk-amd64/lib/server/libjvm.so
7f3fcf6ea000-7f3fcf743000 rw-p 00000000 00:00 0 
7f3fcf743000-7f3fcf765000 r--p 00000000 103:03 393319                    /usr/lib/x86_64-linux-gnu/libc-2.31.so
7f3fcf765000-7f3fcf8dd000 r-xp 00022000 103:03 393319                    /usr/lib/x86_64-linux-gnu/libc-2.31.so
7f3fcf8dd000-7f3fcf92b000 r--p 0019a000 103:03 393319                    /usr/lib/x86_64-linux-gnu/libc-2.31.so
7f3fcf92b000-7f3fcf92f000 r--p 001e7000 103:03 393319                    /usr/lib/x86_64-linux-gnu/libc-2.31.so
7f3fcf92f000-7f3fcf931000 rw-p 001eb000 103:03 393319                    /usr/lib/x86_64-linux-gnu/libc-2.31.so
7f3fcf931000-7f3fcf935000 rw-p 00000000 00:00 0 
7f3fcf935000-7f3fcf936000 r--p 00000000 103:03 393432                    /usr/lib/x86_64-linux-gnu/libdl-2.31.so
7f3fcf936000-7f3fcf938000 r-xp 00001000 103:03 393432                    /usr/lib/x86_64-linux-gnu/libdl-2.31.so
7f3fcf938000-7f3fcf939000 r--p 00003000 103:03 393432                    /usr/lib/x86_64-linux-gnu/libdl-2.31.so
7f3fcf939000-7f3fcf93a000 r--p 00003000 103:03 393432                    /usr/lib/x86_64-linux-gnu/libdl-2.31.so
7f3fcf93a000-7f3fcf93b000 rw-p 00004000 103:03 393432                    /usr/lib/x86_64-linux-gnu/libdl-2.31.so
7f3fcf93b000-7f3fcf93e000 r--p 00000000 103:03 2273397                   /usr/lib/jvm/java-11-openjdk-amd64/lib/jli/libjli.so
7f3fcf93e000-7f3fcf948000 r-xp 00003000 103:03 2273397                   /usr/lib/jvm/java-11-openjdk-amd64/lib/jli/libjli.so
7f3fcf948000-7f3fcf94b000 r--p 0000d000 103:03 2273397                   /usr/lib/jvm/java-11-openjdk-amd64/lib/jli/libjli.so
7f3fcf94b000-7f3fcf94c000 ---p 00010000 103:03 2273397                   /usr/lib/jvm/java-11-openjdk-amd64/lib/jli/libjli.so
7f3fcf94c000-7f3fcf94d000 r--p 00010000 103:03 2273397                   /usr/lib/jvm/java-11-openjdk-amd64/lib/jli/libjli.so
7f3fcf94d000-7f3fcf94e000 rw-p 00011000 103:03 2273397                   /usr/lib/jvm/java-11-openjdk-amd64/lib/jli/libjli.so
7f3fcf94e000-7f3fcf954000 r--p 00000000 103:03 395358                    /usr/lib/x86_64-linux-gnu/libpthread-2.31.so
7f3fcf954000-7f3fcf965000 r-xp 00006000 103:03 395358                    /usr/lib/x86_64-linux-gnu/libpthread-2.31.so
7f3fcf965000-7f3fcf96b000 r--p 00017000 103:03 395358                    /usr/lib/x86_64-linux-gnu/libpthread-2.31.so
7f3fcf96b000-7f3fcf96c000 r--p 0001c000 103:03 395358                    /usr/lib/x86_64-linux-gnu/libpthread-2.31.so
7f3fcf96c000-7f3fcf96d000 rw-p 0001d000 103:03 395358                    /usr/lib/x86_64-linux-gnu/libpthread-2.31.so
7f3fcf96d000-7f3fcf971000 rw-p 00000000 00:00 0 
7f3fcf971000-7f3fcf973000 r--p 00000000 103:03 393419                    /usr/lib/x86_64-linux-gnu/libz.so.1.2.11
7f3fcf973000-7f3fcf984000 r-xp 00002000 103:03 393419                    /usr/lib/x86_64-linux-gnu/libz.so.1.2.11
7f3fcf984000-7f3fcf98a000 r--p 00013000 103:03 393419                    /usr/lib/x86_64-linux-gnu/libz.so.1.2.11
7f3fcf98a000-7f3fcf98b000 ---p 00019000 103:03 393419                    /usr/lib/x86_64-linux-gnu/libz.so.1.2.11
7f3fcf98b000-7f3fcf98c000 r--p 00019000 103:03 393419                    /usr/lib/x86_64-linux-gnu/libz.so.1.2.11
7f3fcf98c000-7f3fcf98d000 rw-p 0001a000 103:03 393419                    /usr/lib/x86_64-linux-gnu/libz.so.1.2.11
7f3fcf98f000-7f3fcf997000 rw-s 00000000 103:03 12714068                  /tmp/hsperfdata_eduardo/115343
7f3fcf997000-7f3fcf998000 ---p 00000000 00:00 0 
7f3fcf998000-7f3fcf999000 r--p 00000000 00:00 0 
7f3fcf999000-7f3fcf99b000 r--p 00000000 103:03 2273415                   /usr/lib/jvm/java-11-openjdk-amd64/lib/libjimage.so
7f3fcf99b000-7f3fcf99e000 r-xp 00002000 103:03 2273415                   /usr/lib/jvm/java-11-openjdk-amd64/lib/libjimage.so
7f3fcf99e000-7f3fcf99f000 r--p 00005000 103:03 2273415                   /usr/lib/jvm/java-11-openjdk-amd64/lib/libjimage.so
7f3fcf99f000-7f3fcf9a0000 ---p 00006000 103:03 2273415                   /usr/lib/jvm/java-11-openjdk-amd64/lib/libjimage.so
7f3fcf9a0000-7f3fcf9a1000 r--p 00006000 103:03 2273415                   /usr/lib/jvm/java-11-openjdk-amd64/lib/libjimage.so
7f3fcf9a1000-7f3fcf9a2000 rw-p 00007000 103:03 2273415                   /usr/lib/jvm/java-11-openjdk-amd64/lib/libjimage.so
7f3fcf9a2000-7f3fcf9a7000 r--p 00000000 103:03 2273431                   /usr/lib/jvm/java-11-openjdk-amd64/lib/libverify.so
7f3fcf9a7000-7f3fcf9ae000 r-xp 00005000 103:03 2273431                   /usr/lib/jvm/java-11-openjdk-amd64/lib/libverify.so
7f3fcf9ae000-7f3fcf9b0000 r--p 0000c000 103:03 2273431                   /usr/lib/jvm/java-11-openjdk-amd64/lib/libverify.so
7f3fcf9b0000-7f3fcf9b1000 ---p 0000e000 103:03 2273431                   /usr/lib/jvm/java-11-openjdk-amd64/lib/libverify.so
7f3fcf9b1000-7f3fcf9b3000 r--p 0000e000 103:03 2273431                   /usr/lib/jvm/java-11-openjdk-amd64/lib/libverify.so
7f3fcf9b3000-7f3fcf9b4000 rw-p 00010000 103:03 2273431                   /usr/lib/jvm/java-11-openjdk-amd64/lib/libverify.so
7f3fcf9b4000-7f3fcf9b6000 rw-p 00000000 00:00 0 
7f3fcf9b6000-7f3fcf9b7000 r--p 00000000 103:03 393292                    /usr/lib/x86_64-linux-gnu/ld-2.31.so
7f3fcf9b7000-7f3fcf9da000 r-xp 00001000 103:03 393292                    /usr/lib/x86_64-linux-gnu/ld-2.31.so
7f3fcf9da000-7f3fcf9e2000 r--p 00024000 103:03 393292                    /usr/lib/x86_64-linux-gnu/ld-2.31.so
7f3fcf9e3000-7f3fcf9e4000 r--p 0002c000 103:03 393292                    /usr/lib/x86_64-linux-gnu/ld-2.31.so
7f3fcf9e4000-7f3fcf9e5000 rw-p 0002d000 103:03 393292                    /usr/lib/x86_64-linux-gnu/ld-2.31.so
7f3fcf9e5000-7f3fcf9e6000 rw-p 00000000 00:00 0 
7ffea2ae2000-7ffea2b03000 rw-p 00000000 00:00 0                          [stack]
7ffea2b2e000-7ffea2b32000 r--p 00000000 00:00 0                          [vvar]
7ffea2b32000-7ffea2b34000 r-xp 00000000 00:00 0                          [vdso]
ffffffffff600000-ffffffffff601000 --xp 00000000 00:00 0                  [vsyscall]


VM Arguments:
jvm_args: -Dfile.encoding=UTF-8 
java_command: loadCplus.ZXingBarcodeReader
java_class_path (initial): /home/eduardo/Documentos/Workspaces/Projetos/loadCplus/target/classes:/home/eduardo/.m2/repository/net/java/dev/jna/jna/5.13.0/jna-5.13.0.jar
Launcher Type: SUN_STANDARD

[Global flags]
     intx CICompilerCount                          = 4                                         {product} {ergonomic}
     uint ConcGCThreads                            = 2                                         {product} {ergonomic}
     uint G1ConcRefinementThreads                  = 8                                         {product} {ergonomic}
   size_t G1HeapRegionSize                         = 1048576                                   {product} {ergonomic}
    uintx GCDrainStackTargetSize                   = 64                                        {product} {ergonomic}
   size_t InitialHeapSize                          = 257949696                                 {product} {ergonomic}
   size_t MarkStackSize                            = 4194304                                   {product} {ergonomic}
   size_t MaxHeapSize                              = 4123000832                                {product} {ergonomic}
   size_t MaxNewSize                               = 2473590784                                {product} {ergonomic}
   size_t MinHeapDeltaBytes                        = 1048576                                   {product} {ergonomic}
    uintx NonNMethodCodeHeapSize                   = 5836300                                {pd product} {ergonomic}
    uintx NonProfiledCodeHeapSize                  = 122910970                              {pd product} {ergonomic}
    uintx ProfiledCodeHeapSize                     = 122910970                              {pd product} {ergonomic}
    uintx ReservedCodeCacheSize                    = 251658240                              {pd product} {ergonomic}
     bool SegmentedCodeCache                       = true                                      {product} {ergonomic}
     bool UseCompressedClassPointers               = true                                 {lp64_product} {ergonomic}
     bool UseCompressedOops                        = true                                 {lp64_product} {ergonomic}
     bool UseG1GC                                  = true                                      {product} {ergonomic}

Logging:
Log output configuration:
 #0: stdout all=warning uptime,level,tags
 #1: stderr all=off uptime,level,tags

Environment Variables:
JAVA_HOME=/usr/lib/jvm/java-11-openjdk-amd64/
JRE_HOME=/usr/lib/jvm/java-11-openjdk-amd64/bin/java/jre/
PATH=/home/eduardo/.local/bin:/usr/lib/jvm/jdk1.8.0_202/bin:/usr/local/sbin:/usr/local/bin:/usr/sbin:/usr/bin:/sbin:/bin:/usr/games:/usr/local/games:/snap/bin/usr/lib/jvm/jdk1.8.0_202/bin:/usr/lib/jvm/jdk1.8.0_202/db/bin:/usr/lib/jvm/jdk1.8.0_202/jre/bin:/snap/bin:/usr/lib/jvm/java-11-openjdk-amd64/bin
USERNAME=eduardo
SHELL=/usr/bin/zsh
DISPLAY=:0
LANG=pt_BR.UTF-8

Signal Handlers:
SIGSEGV: [libjvm.so+0xea02e0], sa_mask[0]=11111111011111111101111111111110, sa_flags=SA_RESTART|SA_SIGINFO
SIGBUS: [libjvm.so+0xea02e0], sa_mask[0]=11111111011111111101111111111110, sa_flags=SA_RESTART|SA_SIGINFO
SIGFPE: [libjvm.so+0xea02e0], sa_mask[0]=11111111011111111101111111111110, sa_flags=SA_RESTART|SA_SIGINFO
SIGPIPE: [libjvm.so+0xbe5be0], sa_mask[0]=11111111011111111101111111111110, sa_flags=SA_RESTART|SA_SIGINFO
SIGXFSZ: [libjvm.so+0xbe5be0], sa_mask[0]=11111111011111111101111111111110, sa_flags=SA_RESTART|SA_SIGINFO
SIGILL: [libjvm.so+0xea02e0], sa_mask[0]=11111111011111111101111111111110, sa_flags=SA_RESTART|SA_SIGINFO
SIGUSR2: [libjvm.so+0xbe5a80], sa_mask[0]=00100000000000000000000000000000, sa_flags=SA_RESTART|SA_SIGINFO
SIGHUP: [libjvm.so+0xbe6130], sa_mask[0]=11111111011111111101111111111110, sa_flags=SA_RESTART|SA_SIGINFO
SIGINT: [libjvm.so+0xbe6130], sa_mask[0]=11111111011111111101111111111110, sa_flags=SA_RESTART|SA_SIGINFO
SIGTERM: [libjvm.so+0xbe6130], sa_mask[0]=11111111011111111101111111111110, sa_flags=SA_RESTART|SA_SIGINFO
SIGQUIT: [libjvm.so+0xbe6130], sa_mask[0]=11111111011111111101111111111110, sa_flags=SA_RESTART|SA_SIGINFO


---------------  S Y S T E M  ---------------

OS:DISTRIB_ID=Ubuntu
DISTRIB_RELEASE=20.04
DISTRIB_CODENAME=focal
DISTRIB_DESCRIPTION="Ubuntu 20.04.6 LTS"
uname:Linux 5.15.0-87-generic #97~20.04.1-Ubuntu SMP Thu Oct 5 08:25:28 UTC 2023 x86_64
OS uptime: 0 days 9:37 hours
libc:glibc 2.31 NPTL 2.31 
rlimit (soft/hard): STACK 8192k/infinity , CORE 0k/infinity , NPROC 62439/62439 , NOFILE 1048576/1048576 , AS infinity/infinity , CPU infinity/infinity , DATA infinity/infinity , FSIZE infinity/infinity , MEMLOCK 65536k/65536k
load average:1,09 1,08 1,45

/proc/meminfo:
MemTotal:       16102516 kB
MemFree:         2680688 kB
MemAvailable:    6483888 kB
Buffers:          202392 kB
Cached:          5526388 kB
SwapCached:       233260 kB
Active:          3363432 kB
Inactive:        8142276 kB
Active(anon):    1689392 kB
Inactive(anon):  5854268 kB
Active(file):    1674040 kB
Inactive(file):  2288008 kB
Unevictable:     1128756 kB
Mlocked:             160 kB
SwapTotal:      10485752 kB
SwapFree:        7659000 kB
Dirty:            123800 kB
Writeback:             0 kB
AnonPages:       6801156 kB
Mapped:          1533444 kB
Shmem:           1771256 kB
KReclaimable:     183712 kB
Slab:             431900 kB
SReclaimable:     183712 kB
SUnreclaim:       248188 kB
KernelStack:       37968 kB
PageTables:       111524 kB
NFS_Unstable:          0 kB
Bounce:                0 kB
WritebackTmp:          0 kB
CommitLimit:    18537008 kB
Committed_AS:   29378648 kB
VmallocTotal:   34359738367 kB
VmallocUsed:       75876 kB
VmallocChunk:          0 kB
Percpu:            11584 kB
HardwareCorrupted:     0 kB
AnonHugePages:         0 kB
ShmemHugePages:        0 kB
ShmemPmdMapped:        0 kB
FileHugePages:         0 kB
FilePmdMapped:         0 kB
HugePages_Total:       0
HugePages_Free:        0
HugePages_Rsvd:        0
HugePages_Surp:        0
Hugepagesize:       2048 kB
Hugetlb:               0 kB
DirectMap4k:      724140 kB
DirectMap2M:    15781888 kB
DirectMap1G:     1048576 kB

/sys/kernel/mm/transparent_hugepage/enabled:
always [madvise] never
/sys/kernel/mm/transparent_hugepage/defrag (defrag/compaction efforts parameter):
always defer defer+madvise [madvise] never

Process Memory:
Virtual Size: 7122916K (peak: 15535056K)
Resident Set Size: 65924K (peak: 65924K) (anon: 35652K, file: 30272K, shmem: 0K)
Swapped out: 0K
C-Heap outstanding allocations: 26944K, retained: 4471K
glibc malloc tunables: (default)

/proc/sys/kernel/threads-max (system-wide limit on the number of threads):
124879
/proc/sys/vm/max_map_count (maximum number of memory map areas a process may have):
65530
/proc/sys/kernel/pid_max (system-wide limit on number of process identifiers):
4194304

container (cgroup) information:
container_type: cgroupv1
cpu_cpuset_cpus: 0-7
cpu_memory_nodes: 0
active_processor_count: 8
cpu_quota: no quota
cpu_period: 100000
cpu_shares: no shares
memory_limit_in_bytes: unlimited
memory_and_swap_limit_in_bytes: unlimited
memory_soft_limit_in_bytes: unlimited
memory_usage_in_bytes: 11715308 k
memory_max_usage_in_bytes: 15207036 k
kernel_memory_usage_in_bytes: 314796 k
kernel_memory_max_usage_in_bytes: unlimited
kernel_memory_limit_in_bytes: 405272 k
maximum number of tasks: unlimited
current number of tasks: 1908

Steal ticks since vm start: 0
Steal ticks percentage since vm start:  0,000

CPU:total 8 (initial active 8) (4 cores per cpu, 2 threads per core) family 6 model 140 stepping 1 microcode 0xac, cmov, cx8, fxsr, mmx, sse, sse2, sse3, ssse3, sse4.1, sse4.2, popcnt, avx, avx2, aes, clmul, erms, 3dnowpref, lzcnt, ht, tsc, tscinvbit, bmi1, bmi2, adx, evex, sha, fma
CPU Model and flags from /proc/cpuinfo:
model name	: 11th Gen Intel(R) Core(TM) i7-1165G7 @ 2.80GHz
flags		: fpu vme de pse tsc msr pae mce cx8 apic sep mtrr pge mca cmov pat pse36 clflush dts acpi mmx fxsr sse sse2 ss ht tm pbe syscall nx pdpe1gb rdtscp lm constant_tsc art arch_perfmon pebs bts rep_good nopl xtopology nonstop_tsc cpuid aperfmperf tsc_known_freq pni pclmulqdq dtes64 monitor ds_cpl vmx est tm2 ssse3 sdbg fma cx16 xtpr pdcm pcid sse4_1 sse4_2 x2apic movbe popcnt tsc_deadline_timer aes xsave avx f16c rdrand lahf_lm abm 3dnowprefetch cpuid_fault epb cat_l2 invpcid_single cdp_l2 ssbd ibrs ibpb stibp ibrs_enhanced tpr_shadow vnmi flexpriority ept vpid ept_ad fsgsbase tsc_adjust bmi1 avx2 smep bmi2 erms invpcid rdt_a avx512f avx512dq rdseed adx smap avx512ifma clflushopt clwb intel_pt avx512cd sha_ni avx512bw avx512vl xsaveopt xsavec xgetbv1 xsaves split_lock_detect dtherm ida arat pln pts hwp hwp_notify hwp_act_window hwp_epp hwp_pkg_req avx512vbmi umip pku ospke avx512_vbmi2 gfni vaes vpclmulqdq avx512_vnni avx512_bitalg avx512_vpopcntdq rdpid movdiri movdir64b fsrm avx512_vp2intersect md_clear flush_l1d arch_capabilities
Online cpus:
0-7
Offline cpus:

BIOS frequency limitation:
<Not Available>
Frequency switch latency (ns):
0
Available cpu frequencies:
<Not Available>
Current governor:
powersave
Core performance/turbo boost:
<Not Available>

Memory: 4k page, physical 16102516k(2680688k free), swap 10485752k(7659000k free)

vm_info: OpenJDK 64-Bit Server VM (11.0.20.1+1-post-Ubuntu-0ubuntu120.04) for linux-amd64 JRE (11.0.20.1+1-post-Ubuntu-0ubuntu120.04), built on Aug 24 2023 23:12:13 by "unknown" with gcc 9.4.0

END.
