#
# A fatal error has been detected by the Java Runtime Environment:
#
#  SIGSEGV (0xb) at pc=0x00007f23f631503c, pid=17504, tid=17509
#
# JRE version: OpenJDK Runtime Environment (11.0.20.1+1) (build 11.0.20.1+1-post-Ubuntu-0ubuntu120.04)
# Java VM: OpenJDK 64-Bit Server VM (11.0.20.1+1-post-Ubuntu-0ubuntu120.04, mixed mode, sharing, tiered, compressed oops, g1 gc, linux-amd64)
# Problematic frame:
# C  [libZXingJava.so+0x12603c]  JNIEnv_::GetDirectBufferAddress(_jobject*)+0x18
#
# Core dump will be written. Default location: Core dumps may be processed with "/usr/share/apport/apport -p%p -s%s -c%c -d%d -P%P -u%u -g%g -- %E" (or dumping to /home/eduardo/Documentos/Workspaces/Projetos/loadCplus/core.17504)
#
# If you would like to submit a bug report, please visit:
#   https://bugs.launchpad.net/ubuntu/+source/openjdk-lts
# The crash happened outside the Java Virtual Machine in native code.
# See problematic frame for where to report the bug.
#

---------------  S U M M A R Y ------------

Command Line: -Dfile.encoding=UTF-8 loadCplus.ZXingBarcodeReader

Host: 11th Gen Intel(R) Core(TM) i7-1165G7 @ 2.80GHz, 8 cores, 15G, Ubuntu 20.04.6 LTS
Time: Thu Oct 26 08:49:43 2023 -03 elapsed time: 0.247843 seconds (0d 0h 0m 0s)

---------------  T H R E A D  ---------------

Current thread (0x00007f242c016800):  JavaThread "main" [_thread_in_native, id=17509, stack(0x00007f2430cfd000,0x00007f2430dfe000)]

Stack: [0x00007f2430cfd000,0x00007f2430dfe000],  sp=0x00007f2430dfb940,  free space=1018k
Native frames: (J=compiled Java code, A=aot compiled Java code, j=interpreted, Vv=VM code, C=native code)
C  [libZXingJava.so+0x12603c]  JNIEnv_::GetDirectBufferAddress(_jobject*)+0x18
C  [libZXingJava.so+0x125bc1]  Java_com_zxingcpp_BarcodeReader_readYBuffer+0x8d
C  [jna4185085375895002875.tmp+0x16052]

Java frames: (J=compiled Java code, j=interpreted, Vv=VM code)
j  com.sun.jna.Native.invokePointer(Lcom/sun/jna/Function;JI[Ljava/lang/Object;)J+0
j  com.sun.jna.Function.invokePointer(I[Ljava/lang/Object;)Lcom/sun/jna/Pointer;+7
j  com.sun.jna.Function.invokeString(I[Ljava/lang/Object;Z)Ljava/lang/String;+3
j  com.sun.jna.Function.invoke([Ljava/lang/Object;Ljava/lang/Class;ZI)Ljava/lang/Object;+329
j  com.sun.jna.Function.invoke(Ljava/lang/reflect/Method;[Ljava/lang/Class;Ljava/lang/Class;[Ljava/lang/Object;Ljava/util/Map;)Ljava/lang/Object;+271
j  com.sun.jna.Library$Handler.invoke(Ljava/lang/Object;Ljava/lang/reflect/Method;[Ljava/lang/Object;)Ljava/lang/Object;+390
j  com.sun.proxy.$Proxy0.Java_com_zxingcpp_BarcodeReader_readYBuffer(Lcom/sun/jna/Pointer;Lcom/sun/jna/Pointer;Lcom/sun/jna/Pointer;IIIIIILjava/lang/String;ZZZZLcom/sun/jna/Pointer;)Ljava/lang/String;+124
j  loadCplus.ZXingBarcodeReader.main([Ljava/lang/String;)V+123
v  ~StubRoutines::call_stub

siginfo: si_signo: 11 (SIGSEGV), si_code: 1 (SEGV_MAPERR), si_addr: 0x0000000000000000

Register to memory mapping:

RAX=0x0 is NULL
RBX=0x0000000000000078 is an unknown value
RCX=0x0 is NULL
RDX=0x00007f242c37ff80 points into unknown readable memory: 0x0000000000000000 | 00 00 00 00 00 00 00 00
RSP=0x00007f2430dfb940 is pointing into the stack for thread: 0x00007f242c016800
RBP=0x00007f2430dfb950 is pointing into the stack for thread: 0x00007f242c016800
RSI=0x00007f242c37ff80 points into unknown readable memory: 0x0000000000000000 | 00 00 00 00 00 00 00 00
RDI=0x0 is NULL
R8 =0x0 is NULL
R9 =0x0 is NULL
R10=0x00007f23f622b5f2: <offset 0x000000000003c5f2> in /usr/local/lib/libZXingJava.so at 0x00007f23f61ef000
R11=0x00007f23f6315024: _ZN7JNIEnv_22GetDirectBufferAddressEP8_jobject+0x0000000000000000 in /usr/local/lib/libZXingJava.so at 0x00007f23f61ef000
R12=0x00007f2430dfbc90 is pointing into the stack for thread: 0x00007f242c016800
R13=0x0000000000000008 is an unknown value
R14=0x000000000000000f is an unknown value
R15=0x00007f2430dfbc00 is pointing into the stack for thread: 0x00007f242c016800


Registers:
RAX=0x0000000000000000, RBX=0x0000000000000078, RCX=0x0000000000000000, RDX=0x00007f242c37ff80
RSP=0x00007f2430dfb940, RBP=0x00007f2430dfb950, RSI=0x00007f242c37ff80, RDI=0x0000000000000000
R8 =0x0000000000000000, R9 =0x0000000000000000, R10=0x00007f23f622b5f2, R11=0x00007f23f6315024
R12=0x00007f2430dfbc90, R13=0x0000000000000008, R14=0x000000000000000f, R15=0x00007f2430dfbc00
RIP=0x00007f23f631503c, EFLAGS=0x0000000000010202, CSGSFS=0x002b000000000033, ERR=0x0000000000000004
  TRAPNO=0x000000000000000e

Top of Stack: (sp=0x00007f2430dfb940)
0x00007f2430dfb940:   00007f242c37ff80 0000000000000000
0x00007f2430dfb950:   00007f2430dfba10 00007f23f6314bc1
0x00007f2430dfb960:   0000000000000000 00007f242c373070
0x00007f2430dfb970:   00007f002c37ff80 0000000000000300 

Instructions: (pc=0x00007f23f631503c)
0x00007f23f6314f3c:   48 89 55 e8 48 89 4d e0 48 8b 45 f8 48 8b 00 4c
0x00007f23f6314f4c:   8b 80 80 04 00 00 48 8b 4d e0 48 8b 55 e8 48 8b
0x00007f23f6314f5c:   75 f0 48 8b 45 f8 48 89 c7 41 ff d0 c9 c3 f3 0f
0x00007f23f6314f6c:   1e fa 55 48 89 e5 48 83 ec 20 48 89 7d f8 48 89
0x00007f23f6314f7c:   75 f0 48 89 55 e8 48 8b 45 f8 48 8b 00 4c 8b 80
0x00007f23f6314f8c:   88 04 00 00 48 8b 55 e8 48 8b 4d f0 48 8b 45 f8
0x00007f23f6314f9c:   48 89 ce 48 89 c7 41 ff d0 c9 c3 90 f3 0f 1e fa
0x00007f23f6314fac:   55 48 89 e5 48 83 ec 10 48 89 7d f8 89 75 f4 48
0x00007f23f6314fbc:   8b 45 f8 48 8b 00 48 8b 88 80 05 00 00 8b 55 f4
0x00007f23f6314fcc:   48 8b 45 f8 89 d6 48 89 c7 ff d1 c9 c3 90 f3 0f
0x00007f23f6314fdc:   1e fa 55 48 89 e5 48 83 ec 20 48 89 7d f8 48 89
0x00007f23f6314fec:   75 f0 89 55 ec 89 4d e8 4c 89 45 e0 48 8b 45 f8
0x00007f23f6314ffc:   48 8b 00 4c 8b 88 80 06 00 00 48 8b 7d e0 8b 4d
0x00007f23f631500c:   e8 8b 55 ec 48 8b 75 f0 48 8b 45 f8 49 89 f8 48
0x00007f23f631501c:   89 c7 41 ff d1 90 c9 c3 f3 0f 1e fa 55 48 89 e5
0x00007f23f631502c:   48 83 ec 10 48 89 7d f8 48 89 75 f0 48 8b 45 f8
0x00007f23f631503c:   48 8b 00 48 8b 88 30 07 00 00 48 8b 55 f0 48 8b
0x00007f23f631504c:   45 f8 48 89 d6 48 89 c7 ff d1 c9 c3 f3 0f 1e fa
0x00007f23f631505c:   55 48 89 e5 48 89 7d f8 48 89 75 f0 48 8b 45 f0
0x00007f23f631506c:   0f b6 10 48 8b 45 f8 88 10 90 5d c3 f3 0f 1e fa
0x00007f23f631507c:   55 48 89 e5 48 83 ec 20 48 89 7d e8 48 8b 45 e8
0x00007f23f631508c:   48 89 45 f8 b8 00 00 00 00 84 c0 74 0e 48 8b 45
0x00007f23f631509c:   e8 48 89 c7 e8 3b 28 ff ff eb 23 48 8b 45 e8 48
0x00007f23f63150ac:   c7 c1 ff ff ff ff 48 89 c2 b8 00 00 00 00 48 89
0x00007f23f63150bc:   d7 f2 ae 48 89 c8 48 f7 d0 48 83 e8 01 90 c9 c3
0x00007f23f63150cc:   f3 0f 1e fa 55 48 89 e5 48 83 ec 20 48 89 7d f8
0x00007f23f63150dc:   48 89 75 f0 48 89 55 e8 48 83 7d e8 00 75 06 48
0x00007f23f63150ec:   8b 45 f8 eb 1e 48 8b 55 f8 48 8b 45 f0 48 89 d1
0x00007f23f63150fc:   48 89 c6 48 8b 45 e8 48 89 c2 48 89 cf e8 82 f4
0x00007f23f631510c:   fe ff 90 c9 c3 f3 0f 1e fa 55 48 89 e5 48 89 7d
0x00007f23f631511c:   f8 48 89 75 f0 48 8b 45 f0 8b 10 48 8b 45 f8 89
0x00007f23f631512c:   10 90 5d c3 f3 0f 1e fa 55 48 89 e5 48 83 ec 20 


Stack slot to memory mapping:
stack at sp + 0 slots: 0x00007f242c37ff80 points into unknown readable memory: 0x0000000000000000 | 00 00 00 00 00 00 00 00
stack at sp + 1 slots: 0x0 is NULL
stack at sp + 2 slots: 0x00007f2430dfba10 is pointing into the stack for thread: 0x00007f242c016800
stack at sp + 3 slots: 0x00007f23f6314bc1: Java_com_zxingcpp_BarcodeReader_readYBuffer+0x000000000000008d in /usr/local/lib/libZXingJava.so at 0x00007f23f61ef000
stack at sp + 4 slots: 0x0 is NULL
stack at sp + 5 slots: 0x00007f242c373070 points into unknown readable memory: 0x00007f242c000780 | 80 07 00 2c 24 7f 00 00
stack at sp + 6 slots: 0x00007f002c37ff80 is an unknown value
stack at sp + 7 slots: 0x0000000000000300 is an unknown value


---------------  P R O C E S S  ---------------

Threads class SMR info:
_java_thread_list=0x00007f242c3c14d0, length=13, elements={
0x00007f242c016800, 0x00007f242c1ca000, 0x00007f242c1cc000, 0x00007f242c1d2000,
0x00007f242c1d4000, 0x00007f242c1d6000, 0x00007f242c1d8000, 0x00007f242c1da000,
0x00007f242c22d000, 0x00007f23d821a000, 0x00007f242c2cd800, 0x00007f242c37a800,
0x00007f242c3c0000
}

Java Threads: ( => current thread )
=>0x00007f242c016800 JavaThread "main" [_thread_in_native, id=17509, stack(0x00007f2430cfd000,0x00007f2430dfe000)]
  0x00007f242c1ca000 JavaThread "Reference Handler" daemon [_thread_blocked, id=17516, stack(0x00007f23f7dfd000,0x00007f23f7efe000)]
  0x00007f242c1cc000 JavaThread "Finalizer" daemon [_thread_blocked, id=17517, stack(0x00007f23f7cfc000,0x00007f23f7dfd000)]
  0x00007f242c1d2000 JavaThread "Signal Dispatcher" daemon [_thread_blocked, id=17518, stack(0x00007f23f7689000,0x00007f23f778a000)]
  0x00007f242c1d4000 JavaThread "Service Thread" daemon [_thread_blocked, id=17519, stack(0x00007f23f7588000,0x00007f23f7689000)]
  0x00007f242c1d6000 JavaThread "C2 CompilerThread0" daemon [_thread_blocked, id=17520, stack(0x00007f23f7487000,0x00007f23f7588000)]
  0x00007f242c1d8000 JavaThread "C1 CompilerThread0" daemon [_thread_blocked, id=17521, stack(0x00007f23f7386000,0x00007f23f7487000)]
  0x00007f242c1da000 JavaThread "Sweeper thread" daemon [_thread_blocked, id=17522, stack(0x00007f23f7285000,0x00007f23f7386000)]
  0x00007f242c22d000 JavaThread "Common-Cleaner" daemon [_thread_blocked, id=17524, stack(0x00007f23f7082000,0x00007f23f7183000)]
  0x00007f23d821a000 JavaThread "C2 CompilerThread1" daemon [_thread_blocked, id=17525, stack(0x00007f23f695b000,0x00007f23f6a5c000)]
  0x00007f242c2cd800 JavaThread "Java2D Disposer" daemon [_thread_blocked, id=17526, stack(0x00007f23f685a000,0x00007f23f695b000)]
  0x00007f242c37a800 JavaThread "JNA Cleaner" daemon [_thread_blocked, id=17527, stack(0x00007f23f6481000,0x00007f23f6582000)]
  0x00007f242c3c0000 JavaThread "process reaper" daemon [_thread_blocked, id=17529, stack(0x00007f23f682b000,0x00007f23f684d000)]

Other Threads:
  0x00007f242c1c7800 VMThread "VM Thread" [stack: 0x00007f23f7f00000,0x00007f23f8000000] [id=17515]
  0x00007f242c22b000 WatcherThread [stack: 0x00007f23f7185000,0x00007f23f7285000] [id=17523]
  0x00007f242c02e000 GCTaskThread "GC Thread#0" [stack: 0x00007f24309b4000,0x00007f2430ab4000] [id=17510]
  0x00007f242c08b000 ConcurrentGCThread "G1 Main Marker" [stack: 0x00007f24074c4000,0x00007f24075c4000] [id=17511]
  0x00007f242c08d000 ConcurrentGCThread "G1 Conc#0" [stack: 0x00007f24073c2000,0x00007f24074c2000] [id=17512]
  0x00007f242c189800 ConcurrentGCThread "G1 Refine#0" [stack: 0x00007f2404ab8000,0x00007f2404bb8000] [id=17513]
  0x00007f242c18b000 ConcurrentGCThread "G1 Young RemSet Sampling" [stack: 0x00007f24049b6000,0x00007f2404ab6000] [id=17514]

Threads with active compile tasks:

VM state:not at safepoint (normal execution)

VM Mutex/Monitor currently owned by a thread: None

Heap address: 0x000000070a400000, size: 3932 MB, Compressed Oops mode: Zero based, Oop shift amount: 3
Narrow klass base: 0x0000000800000000, Narrow klass shift: 3
Compressed class space size: 1073741824 Address: 0x0000000840000000

Heap:
 garbage-first heap   total 253952K, used 9936K [0x000000070a400000, 0x0000000800000000)
  region size 1024K, 8 young (8192K), 0 survivors (0K)
 Metaspace       used 3739K, capacity 5229K, committed 5504K, reserved 1056768K
  class space    used 391K, capacity 564K, committed 640K, reserved 1048576K
Heap Regions: E=young(eden), S=young(survivor), O=old, HS=humongous(starts), HC=humongous(continues), CS=collection set, F=free, A=archive, TAMS=top-at-mark-start (previous, next)
|   0|0x000000070a400000, 0x000000070a500000, 0x000000070a500000|100%|HS|  |TAMS 0x000000070a400000, 0x000000070a400000| Complete 
|   1|0x000000070a500000, 0x000000070a600000, 0x000000070a600000|100%|HC|  |TAMS 0x000000070a500000, 0x000000070a500000| Complete 
|   2|0x000000070a600000, 0x000000070a600000, 0x000000070a700000|  0%| F|  |TAMS 0x000000070a600000, 0x000000070a600000| Untracked 
|   3|0x000000070a700000, 0x000000070a700000, 0x000000070a800000|  0%| F|  |TAMS 0x000000070a700000, 0x000000070a700000| Untracked 
|   4|0x000000070a800000, 0x000000070a800000, 0x000000070a900000|  0%| F|  |TAMS 0x000000070a800000, 0x000000070a800000| Untracked 
|   5|0x000000070a900000, 0x000000070a900000, 0x000000070aa00000|  0%| F|  |TAMS 0x000000070a900000, 0x000000070a900000| Untracked 
|   6|0x000000070aa00000, 0x000000070aa00000, 0x000000070ab00000|  0%| F|  |TAMS 0x000000070aa00000, 0x000000070aa00000| Untracked 
|   7|0x000000070ab00000, 0x000000070ab00000, 0x000000070ac00000|  0%| F|  |TAMS 0x000000070ab00000, 0x000000070ab00000| Untracked 
|   8|0x000000070ac00000, 0x000000070ac00000, 0x000000070ad00000|  0%| F|  |TAMS 0x000000070ac00000, 0x000000070ac00000| Untracked 
|   9|0x000000070ad00000, 0x000000070ad00000, 0x000000070ae00000|  0%| F|  |TAMS 0x000000070ad00000, 0x000000070ad00000| Untracked 
|  10|0x000000070ae00000, 0x000000070ae00000, 0x000000070af00000|  0%| F|  |TAMS 0x000000070ae00000, 0x000000070ae00000| Untracked 
|  11|0x000000070af00000, 0x000000070af00000, 0x000000070b000000|  0%| F|  |TAMS 0x000000070af00000, 0x000000070af00000| Untracked 
|  12|0x000000070b000000, 0x000000070b000000, 0x000000070b100000|  0%| F|  |TAMS 0x000000070b000000, 0x000000070b000000| Untracked 
|  13|0x000000070b100000, 0x000000070b100000, 0x000000070b200000|  0%| F|  |TAMS 0x000000070b100000, 0x000000070b100000| Untracked 
|  14|0x000000070b200000, 0x000000070b200000, 0x000000070b300000|  0%| F|  |TAMS 0x000000070b200000, 0x000000070b200000| Untracked 
|  15|0x000000070b300000, 0x000000070b300000, 0x000000070b400000|  0%| F|  |TAMS 0x000000070b300000, 0x000000070b300000| Untracked 
|  16|0x000000070b400000, 0x000000070b400000, 0x000000070b500000|  0%| F|  |TAMS 0x000000070b400000, 0x000000070b400000| Untracked 
|  17|0x000000070b500000, 0x000000070b500000, 0x000000070b600000|  0%| F|  |TAMS 0x000000070b500000, 0x000000070b500000| Untracked 
|  18|0x000000070b600000, 0x000000070b600000, 0x000000070b700000|  0%| F|  |TAMS 0x000000070b600000, 0x000000070b600000| Untracked 
|  19|0x000000070b700000, 0x000000070b700000, 0x000000070b800000|  0%| F|  |TAMS 0x000000070b700000, 0x000000070b700000| Untracked 
|  20|0x000000070b800000, 0x000000070b800000, 0x000000070b900000|  0%| F|  |TAMS 0x000000070b800000, 0x000000070b800000| Untracked 
|  21|0x000000070b900000, 0x000000070b900000, 0x000000070ba00000|  0%| F|  |TAMS 0x000000070b900000, 0x000000070b900000| Untracked 
|  22|0x000000070ba00000, 0x000000070ba00000, 0x000000070bb00000|  0%| F|  |TAMS 0x000000070ba00000, 0x000000070ba00000| Untracked 
|  23|0x000000070bb00000, 0x000000070bb00000, 0x000000070bc00000|  0%| F|  |TAMS 0x000000070bb00000, 0x000000070bb00000| Untracked 
|  24|0x000000070bc00000, 0x000000070bc00000, 0x000000070bd00000|  0%| F|  |TAMS 0x000000070bc00000, 0x000000070bc00000| Untracked 
|  25|0x000000070bd00000, 0x000000070bd00000, 0x000000070be00000|  0%| F|  |TAMS 0x000000070bd00000, 0x000000070bd00000| Untracked 
|  26|0x000000070be00000, 0x000000070be00000, 0x000000070bf00000|  0%| F|  |TAMS 0x000000070be00000, 0x000000070be00000| Untracked 
|  27|0x000000070bf00000, 0x000000070bf00000, 0x000000070c000000|  0%| F|  |TAMS 0x000000070bf00000, 0x000000070bf00000| Untracked 
|  28|0x000000070c000000, 0x000000070c000000, 0x000000070c100000|  0%| F|  |TAMS 0x000000070c000000, 0x000000070c000000| Untracked 
|  29|0x000000070c100000, 0x000000070c100000, 0x000000070c200000|  0%| F|  |TAMS 0x000000070c100000, 0x000000070c100000| Untracked 
|  30|0x000000070c200000, 0x000000070c200000, 0x000000070c300000|  0%| F|  |TAMS 0x000000070c200000, 0x000000070c200000| Untracked 
|  31|0x000000070c300000, 0x000000070c300000, 0x000000070c400000|  0%| F|  |TAMS 0x000000070c300000, 0x000000070c300000| Untracked 
|  32|0x000000070c400000, 0x000000070c400000, 0x000000070c500000|  0%| F|  |TAMS 0x000000070c400000, 0x000000070c400000| Untracked 
|  33|0x000000070c500000, 0x000000070c500000, 0x000000070c600000|  0%| F|  |TAMS 0x000000070c500000, 0x000000070c500000| Untracked 
|  34|0x000000070c600000, 0x000000070c600000, 0x000000070c700000|  0%| F|  |TAMS 0x000000070c600000, 0x000000070c600000| Untracked 
|  35|0x000000070c700000, 0x000000070c700000, 0x000000070c800000|  0%| F|  |TAMS 0x000000070c700000, 0x000000070c700000| Untracked 
|  36|0x000000070c800000, 0x000000070c800000, 0x000000070c900000|  0%| F|  |TAMS 0x000000070c800000, 0x000000070c800000| Untracked 
|  37|0x000000070c900000, 0x000000070c900000, 0x000000070ca00000|  0%| F|  |TAMS 0x000000070c900000, 0x000000070c900000| Untracked 
|  38|0x000000070ca00000, 0x000000070ca00000, 0x000000070cb00000|  0%| F|  |TAMS 0x000000070ca00000, 0x000000070ca00000| Untracked 
|  39|0x000000070cb00000, 0x000000070cb00000, 0x000000070cc00000|  0%| F|  |TAMS 0x000000070cb00000, 0x000000070cb00000| Untracked 
|  40|0x000000070cc00000, 0x000000070cc00000, 0x000000070cd00000|  0%| F|  |TAMS 0x000000070cc00000, 0x000000070cc00000| Untracked 
|  41|0x000000070cd00000, 0x000000070cd00000, 0x000000070ce00000|  0%| F|  |TAMS 0x000000070cd00000, 0x000000070cd00000| Untracked 
|  42|0x000000070ce00000, 0x000000070ce00000, 0x000000070cf00000|  0%| F|  |TAMS 0x000000070ce00000, 0x000000070ce00000| Untracked 
|  43|0x000000070cf00000, 0x000000070cf00000, 0x000000070d000000|  0%| F|  |TAMS 0x000000070cf00000, 0x000000070cf00000| Untracked 
|  44|0x000000070d000000, 0x000000070d000000, 0x000000070d100000|  0%| F|  |TAMS 0x000000070d000000, 0x000000070d000000| Untracked 
|  45|0x000000070d100000, 0x000000070d100000, 0x000000070d200000|  0%| F|  |TAMS 0x000000070d100000, 0x000000070d100000| Untracked 
|  46|0x000000070d200000, 0x000000070d200000, 0x000000070d300000|  0%| F|  |TAMS 0x000000070d200000, 0x000000070d200000| Untracked 
|  47|0x000000070d300000, 0x000000070d300000, 0x000000070d400000|  0%| F|  |TAMS 0x000000070d300000, 0x000000070d300000| Untracked 
|  48|0x000000070d400000, 0x000000070d400000, 0x000000070d500000|  0%| F|  |TAMS 0x000000070d400000, 0x000000070d400000| Untracked 
|  49|0x000000070d500000, 0x000000070d500000, 0x000000070d600000|  0%| F|  |TAMS 0x000000070d500000, 0x000000070d500000| Untracked 
|  50|0x000000070d600000, 0x000000070d600000, 0x000000070d700000|  0%| F|  |TAMS 0x000000070d600000, 0x000000070d600000| Untracked 
|  51|0x000000070d700000, 0x000000070d700000, 0x000000070d800000|  0%| F|  |TAMS 0x000000070d700000, 0x000000070d700000| Untracked 
|  52|0x000000070d800000, 0x000000070d800000, 0x000000070d900000|  0%| F|  |TAMS 0x000000070d800000, 0x000000070d800000| Untracked 
|  53|0x000000070d900000, 0x000000070d900000, 0x000000070da00000|  0%| F|  |TAMS 0x000000070d900000, 0x000000070d900000| Untracked 
|  54|0x000000070da00000, 0x000000070da00000, 0x000000070db00000|  0%| F|  |TAMS 0x000000070da00000, 0x000000070da00000| Untracked 
|  55|0x000000070db00000, 0x000000070db00000, 0x000000070dc00000|  0%| F|  |TAMS 0x000000070db00000, 0x000000070db00000| Untracked 
|  56|0x000000070dc00000, 0x000000070dc00000, 0x000000070dd00000|  0%| F|  |TAMS 0x000000070dc00000, 0x000000070dc00000| Untracked 
|  57|0x000000070dd00000, 0x000000070dd00000, 0x000000070de00000|  0%| F|  |TAMS 0x000000070dd00000, 0x000000070dd00000| Untracked 
|  58|0x000000070de00000, 0x000000070de00000, 0x000000070df00000|  0%| F|  |TAMS 0x000000070de00000, 0x000000070de00000| Untracked 
|  59|0x000000070df00000, 0x000000070df00000, 0x000000070e000000|  0%| F|  |TAMS 0x000000070df00000, 0x000000070df00000| Untracked 
|  60|0x000000070e000000, 0x000000070e000000, 0x000000070e100000|  0%| F|  |TAMS 0x000000070e000000, 0x000000070e000000| Untracked 
|  61|0x000000070e100000, 0x000000070e100000, 0x000000070e200000|  0%| F|  |TAMS 0x000000070e100000, 0x000000070e100000| Untracked 
|  62|0x000000070e200000, 0x000000070e200000, 0x000000070e300000|  0%| F|  |TAMS 0x000000070e200000, 0x000000070e200000| Untracked 
|  63|0x000000070e300000, 0x000000070e300000, 0x000000070e400000|  0%| F|  |TAMS 0x000000070e300000, 0x000000070e300000| Untracked 
|  64|0x000000070e400000, 0x000000070e400000, 0x000000070e500000|  0%| F|  |TAMS 0x000000070e400000, 0x000000070e400000| Untracked 
|  65|0x000000070e500000, 0x000000070e500000, 0x000000070e600000|  0%| F|  |TAMS 0x000000070e500000, 0x000000070e500000| Untracked 
|  66|0x000000070e600000, 0x000000070e600000, 0x000000070e700000|  0%| F|  |TAMS 0x000000070e600000, 0x000000070e600000| Untracked 
|  67|0x000000070e700000, 0x000000070e700000, 0x000000070e800000|  0%| F|  |TAMS 0x000000070e700000, 0x000000070e700000| Untracked 
|  68|0x000000070e800000, 0x000000070e800000, 0x000000070e900000|  0%| F|  |TAMS 0x000000070e800000, 0x000000070e800000| Untracked 
|  69|0x000000070e900000, 0x000000070e900000, 0x000000070ea00000|  0%| F|  |TAMS 0x000000070e900000, 0x000000070e900000| Untracked 
|  70|0x000000070ea00000, 0x000000070ea00000, 0x000000070eb00000|  0%| F|  |TAMS 0x000000070ea00000, 0x000000070ea00000| Untracked 
|  71|0x000000070eb00000, 0x000000070eb00000, 0x000000070ec00000|  0%| F|  |TAMS 0x000000070eb00000, 0x000000070eb00000| Untracked 
|  72|0x000000070ec00000, 0x000000070ec00000, 0x000000070ed00000|  0%| F|  |TAMS 0x000000070ec00000, 0x000000070ec00000| Untracked 
|  73|0x000000070ed00000, 0x000000070ed00000, 0x000000070ee00000|  0%| F|  |TAMS 0x000000070ed00000, 0x000000070ed00000| Untracked 
|  74|0x000000070ee00000, 0x000000070ee00000, 0x000000070ef00000|  0%| F|  |TAMS 0x000000070ee00000, 0x000000070ee00000| Untracked 
|  75|0x000000070ef00000, 0x000000070ef00000, 0x000000070f000000|  0%| F|  |TAMS 0x000000070ef00000, 0x000000070ef00000| Untracked 
|  76|0x000000070f000000, 0x000000070f000000, 0x000000070f100000|  0%| F|  |TAMS 0x000000070f000000, 0x000000070f000000| Untracked 
|  77|0x000000070f100000, 0x000000070f100000, 0x000000070f200000|  0%| F|  |TAMS 0x000000070f100000, 0x000000070f100000| Untracked 
|  78|0x000000070f200000, 0x000000070f200000, 0x000000070f300000|  0%| F|  |TAMS 0x000000070f200000, 0x000000070f200000| Untracked 
|  79|0x000000070f300000, 0x000000070f300000, 0x000000070f400000|  0%| F|  |TAMS 0x000000070f300000, 0x000000070f300000| Untracked 
|  80|0x000000070f400000, 0x000000070f400000, 0x000000070f500000|  0%| F|  |TAMS 0x000000070f400000, 0x000000070f400000| Untracked 
|  81|0x000000070f500000, 0x000000070f500000, 0x000000070f600000|  0%| F|  |TAMS 0x000000070f500000, 0x000000070f500000| Untracked 
|  82|0x000000070f600000, 0x000000070f600000, 0x000000070f700000|  0%| F|  |TAMS 0x000000070f600000, 0x000000070f600000| Untracked 
|  83|0x000000070f700000, 0x000000070f700000, 0x000000070f800000|  0%| F|  |TAMS 0x000000070f700000, 0x000000070f700000| Untracked 
|  84|0x000000070f800000, 0x000000070f800000, 0x000000070f900000|  0%| F|  |TAMS 0x000000070f800000, 0x000000070f800000| Untracked 
|  85|0x000000070f900000, 0x000000070f900000, 0x000000070fa00000|  0%| F|  |TAMS 0x000000070f900000, 0x000000070f900000| Untracked 
|  86|0x000000070fa00000, 0x000000070fa00000, 0x000000070fb00000|  0%| F|  |TAMS 0x000000070fa00000, 0x000000070fa00000| Untracked 
|  87|0x000000070fb00000, 0x000000070fb00000, 0x000000070fc00000|  0%| F|  |TAMS 0x000000070fb00000, 0x000000070fb00000| Untracked 
|  88|0x000000070fc00000, 0x000000070fc00000, 0x000000070fd00000|  0%| F|  |TAMS 0x000000070fc00000, 0x000000070fc00000| Untracked 
|  89|0x000000070fd00000, 0x000000070fd00000, 0x000000070fe00000|  0%| F|  |TAMS 0x000000070fd00000, 0x000000070fd00000| Untracked 
|  90|0x000000070fe00000, 0x000000070fe00000, 0x000000070ff00000|  0%| F|  |TAMS 0x000000070fe00000, 0x000000070fe00000| Untracked 
|  91|0x000000070ff00000, 0x000000070ff00000, 0x0000000710000000|  0%| F|  |TAMS 0x000000070ff00000, 0x000000070ff00000| Untracked 
|  92|0x0000000710000000, 0x0000000710000000, 0x0000000710100000|  0%| F|  |TAMS 0x0000000710000000, 0x0000000710000000| Untracked 
|  93|0x0000000710100000, 0x0000000710100000, 0x0000000710200000|  0%| F|  |TAMS 0x0000000710100000, 0x0000000710100000| Untracked 
|  94|0x0000000710200000, 0x0000000710200000, 0x0000000710300000|  0%| F|  |TAMS 0x0000000710200000, 0x0000000710200000| Untracked 
|  95|0x0000000710300000, 0x0000000710300000, 0x0000000710400000|  0%| F|  |TAMS 0x0000000710300000, 0x0000000710300000| Untracked 
|  96|0x0000000710400000, 0x0000000710400000, 0x0000000710500000|  0%| F|  |TAMS 0x0000000710400000, 0x0000000710400000| Untracked 
|  97|0x0000000710500000, 0x0000000710500000, 0x0000000710600000|  0%| F|  |TAMS 0x0000000710500000, 0x0000000710500000| Untracked 
|  98|0x0000000710600000, 0x0000000710600000, 0x0000000710700000|  0%| F|  |TAMS 0x0000000710600000, 0x0000000710600000| Untracked 
|  99|0x0000000710700000, 0x0000000710700000, 0x0000000710800000|  0%| F|  |TAMS 0x0000000710700000, 0x0000000710700000| Untracked 
| 100|0x0000000710800000, 0x0000000710800000, 0x0000000710900000|  0%| F|  |TAMS 0x0000000710800000, 0x0000000710800000| Untracked 
| 101|0x0000000710900000, 0x0000000710900000, 0x0000000710a00000|  0%| F|  |TAMS 0x0000000710900000, 0x0000000710900000| Untracked 
| 102|0x0000000710a00000, 0x0000000710a00000, 0x0000000710b00000|  0%| F|  |TAMS 0x0000000710a00000, 0x0000000710a00000| Untracked 
| 103|0x0000000710b00000, 0x0000000710b00000, 0x0000000710c00000|  0%| F|  |TAMS 0x0000000710b00000, 0x0000000710b00000| Untracked 
| 104|0x0000000710c00000, 0x0000000710c00000, 0x0000000710d00000|  0%| F|  |TAMS 0x0000000710c00000, 0x0000000710c00000| Untracked 
| 105|0x0000000710d00000, 0x0000000710d00000, 0x0000000710e00000|  0%| F|  |TAMS 0x0000000710d00000, 0x0000000710d00000| Untracked 
| 106|0x0000000710e00000, 0x0000000710e00000, 0x0000000710f00000|  0%| F|  |TAMS 0x0000000710e00000, 0x0000000710e00000| Untracked 
| 107|0x0000000710f00000, 0x0000000710f00000, 0x0000000711000000|  0%| F|  |TAMS 0x0000000710f00000, 0x0000000710f00000| Untracked 
| 108|0x0000000711000000, 0x0000000711000000, 0x0000000711100000|  0%| F|  |TAMS 0x0000000711000000, 0x0000000711000000| Untracked 
| 109|0x0000000711100000, 0x0000000711100000, 0x0000000711200000|  0%| F|  |TAMS 0x0000000711100000, 0x0000000711100000| Untracked 
| 110|0x0000000711200000, 0x0000000711200000, 0x0000000711300000|  0%| F|  |TAMS 0x0000000711200000, 0x0000000711200000| Untracked 
| 111|0x0000000711300000, 0x0000000711300000, 0x0000000711400000|  0%| F|  |TAMS 0x0000000711300000, 0x0000000711300000| Untracked 
| 112|0x0000000711400000, 0x0000000711400000, 0x0000000711500000|  0%| F|  |TAMS 0x0000000711400000, 0x0000000711400000| Untracked 
| 113|0x0000000711500000, 0x0000000711500000, 0x0000000711600000|  0%| F|  |TAMS 0x0000000711500000, 0x0000000711500000| Untracked 
| 114|0x0000000711600000, 0x0000000711600000, 0x0000000711700000|  0%| F|  |TAMS 0x0000000711600000, 0x0000000711600000| Untracked 
| 115|0x0000000711700000, 0x0000000711700000, 0x0000000711800000|  0%| F|  |TAMS 0x0000000711700000, 0x0000000711700000| Untracked 
| 116|0x0000000711800000, 0x0000000711800000, 0x0000000711900000|  0%| F|  |TAMS 0x0000000711800000, 0x0000000711800000| Untracked 
| 117|0x0000000711900000, 0x0000000711900000, 0x0000000711a00000|  0%| F|  |TAMS 0x0000000711900000, 0x0000000711900000| Untracked 
| 118|0x0000000711a00000, 0x0000000711a00000, 0x0000000711b00000|  0%| F|  |TAMS 0x0000000711a00000, 0x0000000711a00000| Untracked 
| 119|0x0000000711b00000, 0x0000000711b00000, 0x0000000711c00000|  0%| F|  |TAMS 0x0000000711b00000, 0x0000000711b00000| Untracked 
| 120|0x0000000711c00000, 0x0000000711c00000, 0x0000000711d00000|  0%| F|  |TAMS 0x0000000711c00000, 0x0000000711c00000| Untracked 
| 121|0x0000000711d00000, 0x0000000711d00000, 0x0000000711e00000|  0%| F|  |TAMS 0x0000000711d00000, 0x0000000711d00000| Untracked 
| 122|0x0000000711e00000, 0x0000000711e00000, 0x0000000711f00000|  0%| F|  |TAMS 0x0000000711e00000, 0x0000000711e00000| Untracked 
| 123|0x0000000711f00000, 0x0000000711f00000, 0x0000000712000000|  0%| F|  |TAMS 0x0000000711f00000, 0x0000000711f00000| Untracked 
| 124|0x0000000712000000, 0x0000000712000000, 0x0000000712100000|  0%| F|  |TAMS 0x0000000712000000, 0x0000000712000000| Untracked 
| 125|0x0000000712100000, 0x0000000712100000, 0x0000000712200000|  0%| F|  |TAMS 0x0000000712100000, 0x0000000712100000| Untracked 
| 126|0x0000000712200000, 0x0000000712200000, 0x0000000712300000|  0%| F|  |TAMS 0x0000000712200000, 0x0000000712200000| Untracked 
| 127|0x0000000712300000, 0x0000000712300000, 0x0000000712400000|  0%| F|  |TAMS 0x0000000712300000, 0x0000000712300000| Untracked 
| 128|0x0000000712400000, 0x0000000712400000, 0x0000000712500000|  0%| F|  |TAMS 0x0000000712400000, 0x0000000712400000| Untracked 
| 129|0x0000000712500000, 0x0000000712500000, 0x0000000712600000|  0%| F|  |TAMS 0x0000000712500000, 0x0000000712500000| Untracked 
| 130|0x0000000712600000, 0x0000000712600000, 0x0000000712700000|  0%| F|  |TAMS 0x0000000712600000, 0x0000000712600000| Untracked 
| 131|0x0000000712700000, 0x0000000712700000, 0x0000000712800000|  0%| F|  |TAMS 0x0000000712700000, 0x0000000712700000| Untracked 
| 132|0x0000000712800000, 0x0000000712800000, 0x0000000712900000|  0%| F|  |TAMS 0x0000000712800000, 0x0000000712800000| Untracked 
| 133|0x0000000712900000, 0x0000000712900000, 0x0000000712a00000|  0%| F|  |TAMS 0x0000000712900000, 0x0000000712900000| Untracked 
| 134|0x0000000712a00000, 0x0000000712a00000, 0x0000000712b00000|  0%| F|  |TAMS 0x0000000712a00000, 0x0000000712a00000| Untracked 
| 135|0x0000000712b00000, 0x0000000712b00000, 0x0000000712c00000|  0%| F|  |TAMS 0x0000000712b00000, 0x0000000712b00000| Untracked 
| 136|0x0000000712c00000, 0x0000000712c00000, 0x0000000712d00000|  0%| F|  |TAMS 0x0000000712c00000, 0x0000000712c00000| Untracked 
| 137|0x0000000712d00000, 0x0000000712d00000, 0x0000000712e00000|  0%| F|  |TAMS 0x0000000712d00000, 0x0000000712d00000| Untracked 
| 138|0x0000000712e00000, 0x0000000712e00000, 0x0000000712f00000|  0%| F|  |TAMS 0x0000000712e00000, 0x0000000712e00000| Untracked 
| 139|0x0000000712f00000, 0x0000000712f00000, 0x0000000713000000|  0%| F|  |TAMS 0x0000000712f00000, 0x0000000712f00000| Untracked 
| 140|0x0000000713000000, 0x0000000713000000, 0x0000000713100000|  0%| F|  |TAMS 0x0000000713000000, 0x0000000713000000| Untracked 
| 141|0x0000000713100000, 0x0000000713100000, 0x0000000713200000|  0%| F|  |TAMS 0x0000000713100000, 0x0000000713100000| Untracked 
| 142|0x0000000713200000, 0x0000000713200000, 0x0000000713300000|  0%| F|  |TAMS 0x0000000713200000, 0x0000000713200000| Untracked 
| 143|0x0000000713300000, 0x0000000713300000, 0x0000000713400000|  0%| F|  |TAMS 0x0000000713300000, 0x0000000713300000| Untracked 
| 144|0x0000000713400000, 0x0000000713400000, 0x0000000713500000|  0%| F|  |TAMS 0x0000000713400000, 0x0000000713400000| Untracked 
| 145|0x0000000713500000, 0x0000000713500000, 0x0000000713600000|  0%| F|  |TAMS 0x0000000713500000, 0x0000000713500000| Untracked 
| 146|0x0000000713600000, 0x0000000713600000, 0x0000000713700000|  0%| F|  |TAMS 0x0000000713600000, 0x0000000713600000| Untracked 
| 147|0x0000000713700000, 0x0000000713700000, 0x0000000713800000|  0%| F|  |TAMS 0x0000000713700000, 0x0000000713700000| Untracked 
| 148|0x0000000713800000, 0x0000000713800000, 0x0000000713900000|  0%| F|  |TAMS 0x0000000713800000, 0x0000000713800000| Untracked 
| 149|0x0000000713900000, 0x0000000713900000, 0x0000000713a00000|  0%| F|  |TAMS 0x0000000713900000, 0x0000000713900000| Untracked 
| 150|0x0000000713a00000, 0x0000000713a00000, 0x0000000713b00000|  0%| F|  |TAMS 0x0000000713a00000, 0x0000000713a00000| Untracked 
| 151|0x0000000713b00000, 0x0000000713b00000, 0x0000000713c00000|  0%| F|  |TAMS 0x0000000713b00000, 0x0000000713b00000| Untracked 
| 152|0x0000000713c00000, 0x0000000713c00000, 0x0000000713d00000|  0%| F|  |TAMS 0x0000000713c00000, 0x0000000713c00000| Untracked 
| 153|0x0000000713d00000, 0x0000000713d00000, 0x0000000713e00000|  0%| F|  |TAMS 0x0000000713d00000, 0x0000000713d00000| Untracked 
| 154|0x0000000713e00000, 0x0000000713e00000, 0x0000000713f00000|  0%| F|  |TAMS 0x0000000713e00000, 0x0000000713e00000| Untracked 
| 155|0x0000000713f00000, 0x0000000713f00000, 0x0000000714000000|  0%| F|  |TAMS 0x0000000713f00000, 0x0000000713f00000| Untracked 
| 156|0x0000000714000000, 0x0000000714000000, 0x0000000714100000|  0%| F|  |TAMS 0x0000000714000000, 0x0000000714000000| Untracked 
| 157|0x0000000714100000, 0x0000000714100000, 0x0000000714200000|  0%| F|  |TAMS 0x0000000714100000, 0x0000000714100000| Untracked 
| 158|0x0000000714200000, 0x0000000714200000, 0x0000000714300000|  0%| F|  |TAMS 0x0000000714200000, 0x0000000714200000| Untracked 
| 159|0x0000000714300000, 0x0000000714300000, 0x0000000714400000|  0%| F|  |TAMS 0x0000000714300000, 0x0000000714300000| Untracked 
| 160|0x0000000714400000, 0x0000000714400000, 0x0000000714500000|  0%| F|  |TAMS 0x0000000714400000, 0x0000000714400000| Untracked 
| 161|0x0000000714500000, 0x0000000714500000, 0x0000000714600000|  0%| F|  |TAMS 0x0000000714500000, 0x0000000714500000| Untracked 
| 162|0x0000000714600000, 0x0000000714600000, 0x0000000714700000|  0%| F|  |TAMS 0x0000000714600000, 0x0000000714600000| Untracked 
| 163|0x0000000714700000, 0x0000000714700000, 0x0000000714800000|  0%| F|  |TAMS 0x0000000714700000, 0x0000000714700000| Untracked 
| 164|0x0000000714800000, 0x0000000714800000, 0x0000000714900000|  0%| F|  |TAMS 0x0000000714800000, 0x0000000714800000| Untracked 
| 165|0x0000000714900000, 0x0000000714900000, 0x0000000714a00000|  0%| F|  |TAMS 0x0000000714900000, 0x0000000714900000| Untracked 
| 166|0x0000000714a00000, 0x0000000714a00000, 0x0000000714b00000|  0%| F|  |TAMS 0x0000000714a00000, 0x0000000714a00000| Untracked 
| 167|0x0000000714b00000, 0x0000000714b00000, 0x0000000714c00000|  0%| F|  |TAMS 0x0000000714b00000, 0x0000000714b00000| Untracked 
| 168|0x0000000714c00000, 0x0000000714c00000, 0x0000000714d00000|  0%| F|  |TAMS 0x0000000714c00000, 0x0000000714c00000| Untracked 
| 169|0x0000000714d00000, 0x0000000714d00000, 0x0000000714e00000|  0%| F|  |TAMS 0x0000000714d00000, 0x0000000714d00000| Untracked 
| 170|0x0000000714e00000, 0x0000000714e00000, 0x0000000714f00000|  0%| F|  |TAMS 0x0000000714e00000, 0x0000000714e00000| Untracked 
| 171|0x0000000714f00000, 0x0000000714f00000, 0x0000000715000000|  0%| F|  |TAMS 0x0000000714f00000, 0x0000000714f00000| Untracked 
| 172|0x0000000715000000, 0x0000000715000000, 0x0000000715100000|  0%| F|  |TAMS 0x0000000715000000, 0x0000000715000000| Untracked 
| 173|0x0000000715100000, 0x0000000715100000, 0x0000000715200000|  0%| F|  |TAMS 0x0000000715100000, 0x0000000715100000| Untracked 
| 174|0x0000000715200000, 0x0000000715200000, 0x0000000715300000|  0%| F|  |TAMS 0x0000000715200000, 0x0000000715200000| Untracked 
| 175|0x0000000715300000, 0x0000000715300000, 0x0000000715400000|  0%| F|  |TAMS 0x0000000715300000, 0x0000000715300000| Untracked 
| 176|0x0000000715400000, 0x0000000715400000, 0x0000000715500000|  0%| F|  |TAMS 0x0000000715400000, 0x0000000715400000| Untracked 
| 177|0x0000000715500000, 0x0000000715500000, 0x0000000715600000|  0%| F|  |TAMS 0x0000000715500000, 0x0000000715500000| Untracked 
| 178|0x0000000715600000, 0x0000000715600000, 0x0000000715700000|  0%| F|  |TAMS 0x0000000715600000, 0x0000000715600000| Untracked 
| 179|0x0000000715700000, 0x0000000715700000, 0x0000000715800000|  0%| F|  |TAMS 0x0000000715700000, 0x0000000715700000| Untracked 
| 180|0x0000000715800000, 0x0000000715800000, 0x0000000715900000|  0%| F|  |TAMS 0x0000000715800000, 0x0000000715800000| Untracked 
| 181|0x0000000715900000, 0x0000000715900000, 0x0000000715a00000|  0%| F|  |TAMS 0x0000000715900000, 0x0000000715900000| Untracked 
| 182|0x0000000715a00000, 0x0000000715a00000, 0x0000000715b00000|  0%| F|  |TAMS 0x0000000715a00000, 0x0000000715a00000| Untracked 
| 183|0x0000000715b00000, 0x0000000715b00000, 0x0000000715c00000|  0%| F|  |TAMS 0x0000000715b00000, 0x0000000715b00000| Untracked 
| 184|0x0000000715c00000, 0x0000000715c00000, 0x0000000715d00000|  0%| F|  |TAMS 0x0000000715c00000, 0x0000000715c00000| Untracked 
| 185|0x0000000715d00000, 0x0000000715d00000, 0x0000000715e00000|  0%| F|  |TAMS 0x0000000715d00000, 0x0000000715d00000| Untracked 
| 186|0x0000000715e00000, 0x0000000715e00000, 0x0000000715f00000|  0%| F|  |TAMS 0x0000000715e00000, 0x0000000715e00000| Untracked 
| 187|0x0000000715f00000, 0x0000000715f00000, 0x0000000716000000|  0%| F|  |TAMS 0x0000000715f00000, 0x0000000715f00000| Untracked 
| 188|0x0000000716000000, 0x0000000716000000, 0x0000000716100000|  0%| F|  |TAMS 0x0000000716000000, 0x0000000716000000| Untracked 
| 189|0x0000000716100000, 0x0000000716100000, 0x0000000716200000|  0%| F|  |TAMS 0x0000000716100000, 0x0000000716100000| Untracked 
| 190|0x0000000716200000, 0x0000000716200000, 0x0000000716300000|  0%| F|  |TAMS 0x0000000716200000, 0x0000000716200000| Untracked 
| 191|0x0000000716300000, 0x0000000716300000, 0x0000000716400000|  0%| F|  |TAMS 0x0000000716300000, 0x0000000716300000| Untracked 
| 192|0x0000000716400000, 0x0000000716400000, 0x0000000716500000|  0%| F|  |TAMS 0x0000000716400000, 0x0000000716400000| Untracked 
| 193|0x0000000716500000, 0x0000000716500000, 0x0000000716600000|  0%| F|  |TAMS 0x0000000716500000, 0x0000000716500000| Untracked 
| 194|0x0000000716600000, 0x0000000716600000, 0x0000000716700000|  0%| F|  |TAMS 0x0000000716600000, 0x0000000716600000| Untracked 
| 195|0x0000000716700000, 0x0000000716700000, 0x0000000716800000|  0%| F|  |TAMS 0x0000000716700000, 0x0000000716700000| Untracked 
| 196|0x0000000716800000, 0x0000000716800000, 0x0000000716900000|  0%| F|  |TAMS 0x0000000716800000, 0x0000000716800000| Untracked 
| 197|0x0000000716900000, 0x0000000716900000, 0x0000000716a00000|  0%| F|  |TAMS 0x0000000716900000, 0x0000000716900000| Untracked 
| 198|0x0000000716a00000, 0x0000000716a00000, 0x0000000716b00000|  0%| F|  |TAMS 0x0000000716a00000, 0x0000000716a00000| Untracked 
| 199|0x0000000716b00000, 0x0000000716b00000, 0x0000000716c00000|  0%| F|  |TAMS 0x0000000716b00000, 0x0000000716b00000| Untracked 
| 200|0x0000000716c00000, 0x0000000716c00000, 0x0000000716d00000|  0%| F|  |TAMS 0x0000000716c00000, 0x0000000716c00000| Untracked 
| 201|0x0000000716d00000, 0x0000000716d00000, 0x0000000716e00000|  0%| F|  |TAMS 0x0000000716d00000, 0x0000000716d00000| Untracked 
| 202|0x0000000716e00000, 0x0000000716e00000, 0x0000000716f00000|  0%| F|  |TAMS 0x0000000716e00000, 0x0000000716e00000| Untracked 
| 203|0x0000000716f00000, 0x0000000716f00000, 0x0000000717000000|  0%| F|  |TAMS 0x0000000716f00000, 0x0000000716f00000| Untracked 
| 204|0x0000000717000000, 0x0000000717000000, 0x0000000717100000|  0%| F|  |TAMS 0x0000000717000000, 0x0000000717000000| Untracked 
| 205|0x0000000717100000, 0x0000000717100000, 0x0000000717200000|  0%| F|  |TAMS 0x0000000717100000, 0x0000000717100000| Untracked 
| 206|0x0000000717200000, 0x0000000717200000, 0x0000000717300000|  0%| F|  |TAMS 0x0000000717200000, 0x0000000717200000| Untracked 
| 207|0x0000000717300000, 0x0000000717300000, 0x0000000717400000|  0%| F|  |TAMS 0x0000000717300000, 0x0000000717300000| Untracked 
| 208|0x0000000717400000, 0x0000000717400000, 0x0000000717500000|  0%| F|  |TAMS 0x0000000717400000, 0x0000000717400000| Untracked 
| 209|0x0000000717500000, 0x0000000717500000, 0x0000000717600000|  0%| F|  |TAMS 0x0000000717500000, 0x0000000717500000| Untracked 
| 210|0x0000000717600000, 0x0000000717600000, 0x0000000717700000|  0%| F|  |TAMS 0x0000000717600000, 0x0000000717600000| Untracked 
| 211|0x0000000717700000, 0x0000000717700000, 0x0000000717800000|  0%| F|  |TAMS 0x0000000717700000, 0x0000000717700000| Untracked 
| 212|0x0000000717800000, 0x0000000717800000, 0x0000000717900000|  0%| F|  |TAMS 0x0000000717800000, 0x0000000717800000| Untracked 
| 213|0x0000000717900000, 0x0000000717900000, 0x0000000717a00000|  0%| F|  |TAMS 0x0000000717900000, 0x0000000717900000| Untracked 
| 214|0x0000000717a00000, 0x0000000717a00000, 0x0000000717b00000|  0%| F|  |TAMS 0x0000000717a00000, 0x0000000717a00000| Untracked 
| 215|0x0000000717b00000, 0x0000000717b00000, 0x0000000717c00000|  0%| F|  |TAMS 0x0000000717b00000, 0x0000000717b00000| Untracked 
| 216|0x0000000717c00000, 0x0000000717c00000, 0x0000000717d00000|  0%| F|  |TAMS 0x0000000717c00000, 0x0000000717c00000| Untracked 
| 217|0x0000000717d00000, 0x0000000717d00000, 0x0000000717e00000|  0%| F|  |TAMS 0x0000000717d00000, 0x0000000717d00000| Untracked 
| 218|0x0000000717e00000, 0x0000000717e00000, 0x0000000717f00000|  0%| F|  |TAMS 0x0000000717e00000, 0x0000000717e00000| Untracked 
| 219|0x0000000717f00000, 0x0000000717f00000, 0x0000000718000000|  0%| F|  |TAMS 0x0000000717f00000, 0x0000000717f00000| Untracked 
| 220|0x0000000718000000, 0x0000000718000000, 0x0000000718100000|  0%| F|  |TAMS 0x0000000718000000, 0x0000000718000000| Untracked 
| 221|0x0000000718100000, 0x0000000718100000, 0x0000000718200000|  0%| F|  |TAMS 0x0000000718100000, 0x0000000718100000| Untracked 
| 222|0x0000000718200000, 0x0000000718200000, 0x0000000718300000|  0%| F|  |TAMS 0x0000000718200000, 0x0000000718200000| Untracked 
| 223|0x0000000718300000, 0x0000000718300000, 0x0000000718400000|  0%| F|  |TAMS 0x0000000718300000, 0x0000000718300000| Untracked 
| 224|0x0000000718400000, 0x0000000718400000, 0x0000000718500000|  0%| F|  |TAMS 0x0000000718400000, 0x0000000718400000| Untracked 
| 225|0x0000000718500000, 0x0000000718500000, 0x0000000718600000|  0%| F|  |TAMS 0x0000000718500000, 0x0000000718500000| Untracked 
| 226|0x0000000718600000, 0x0000000718600000, 0x0000000718700000|  0%| F|  |TAMS 0x0000000718600000, 0x0000000718600000| Untracked 
| 227|0x0000000718700000, 0x0000000718700000, 0x0000000718800000|  0%| F|  |TAMS 0x0000000718700000, 0x0000000718700000| Untracked 
| 228|0x0000000718800000, 0x0000000718800000, 0x0000000718900000|  0%| F|  |TAMS 0x0000000718800000, 0x0000000718800000| Untracked 
| 229|0x0000000718900000, 0x0000000718900000, 0x0000000718a00000|  0%| F|  |TAMS 0x0000000718900000, 0x0000000718900000| Untracked 
| 230|0x0000000718a00000, 0x0000000718a00000, 0x0000000718b00000|  0%| F|  |TAMS 0x0000000718a00000, 0x0000000718a00000| Untracked 
| 231|0x0000000718b00000, 0x0000000718b00000, 0x0000000718c00000|  0%| F|  |TAMS 0x0000000718b00000, 0x0000000718b00000| Untracked 
| 232|0x0000000718c00000, 0x0000000718c00000, 0x0000000718d00000|  0%| F|  |TAMS 0x0000000718c00000, 0x0000000718c00000| Untracked 
| 233|0x0000000718d00000, 0x0000000718d00000, 0x0000000718e00000|  0%| F|  |TAMS 0x0000000718d00000, 0x0000000718d00000| Untracked 
| 234|0x0000000718e00000, 0x0000000718e00000, 0x0000000718f00000|  0%| F|  |TAMS 0x0000000718e00000, 0x0000000718e00000| Untracked 
| 235|0x0000000718f00000, 0x0000000718f00000, 0x0000000719000000|  0%| F|  |TAMS 0x0000000718f00000, 0x0000000718f00000| Untracked 
| 236|0x0000000719000000, 0x0000000719000000, 0x0000000719100000|  0%| F|  |TAMS 0x0000000719000000, 0x0000000719000000| Untracked 
| 237|0x0000000719100000, 0x0000000719100000, 0x0000000719200000|  0%| F|  |TAMS 0x0000000719100000, 0x0000000719100000| Untracked 
| 238|0x0000000719200000, 0x000000071927b628, 0x0000000719300000| 48%| E|  |TAMS 0x0000000719200000, 0x0000000719200000| Complete 
| 239|0x0000000719300000, 0x0000000719400000, 0x0000000719400000|100%| E|CS|TAMS 0x0000000719300000, 0x0000000719300000| Complete 
| 240|0x0000000719400000, 0x0000000719500000, 0x0000000719500000|100%| E|CS|TAMS 0x0000000719400000, 0x0000000719400000| Complete 
| 241|0x0000000719500000, 0x0000000719600000, 0x0000000719600000|100%| E|CS|TAMS 0x0000000719500000, 0x0000000719500000| Complete 
| 242|0x0000000719600000, 0x0000000719700000, 0x0000000719700000|100%| E|CS|TAMS 0x0000000719600000, 0x0000000719600000| Complete 
| 243|0x0000000719700000, 0x0000000719800000, 0x0000000719800000|100%| E|CS|TAMS 0x0000000719700000, 0x0000000719700000| Complete 
| 244|0x0000000719800000, 0x0000000719900000, 0x0000000719900000|100%| E|CS|TAMS 0x0000000719800000, 0x0000000719800000| Complete 
| 245|0x0000000719900000, 0x0000000719a00000, 0x0000000719a00000|100%| E|CS|TAMS 0x0000000719900000, 0x0000000719900000| Complete 
|2906|0x00000007bfe00000, 0x00000007bfe48000, 0x00000007bff00000| 28%|OA|  |TAMS 0x00000007bfe00000, 0x00000007bfe00000| Untracked 
|2907|0x00000007bff00000, 0x00000007bff6c000, 0x00000007c0000000| 42%|CA|  |TAMS 0x00000007bff00000, 0x00000007bff00000| Untracked 

Card table byte_map: [0x00007f240f852000,0x00007f2410000000] _byte_map_base: 0x00007f240c000000

Marking Bits (Prev, Next): (CMBitMap*) 0x00007f242c07af28, (CMBitMap*) 0x00007f242c07af60
 Prev Bits: [0x00007f240b334000, 0x00007f240f0a4000)
 Next Bits: [0x00007f24075c4000, 0x00007f240b334000)

Polling page: 0x00007f2432668000

Metaspace:

Usage:
  Non-class:      4,56 MB capacity,     3,27 MB ( 72%) used,     1,27 MB ( 28%) free+waste,    11,81 KB ( <1%) overhead. 
      Class:    564,00 KB capacity,   391,12 KB ( 69%) used,   165,69 KB ( 29%) free+waste,     7,19 KB (  1%) overhead. 
       Both:      5,11 MB capacity,     3,65 MB ( 72%) used,     1,44 MB ( 28%) free+waste,    19,00 KB ( <1%) overhead. 

Virtual space:
  Non-class space:        8,00 MB reserved,       4,75 MB ( 59%) committed 
      Class space:        1,00 GB reserved,     640,00 KB ( <1%) committed 
             Both:        1,01 GB reserved,       5,38 MB ( <1%) committed 

Chunk freelists:
   Non-Class:  55,00 KB
       Class:  12,00 KB
        Both:  67,00 KB

MaxMetaspaceSize: unlimited
CompressedClassSpaceSize: 1,00 GB
Initial GC threshold: 20,80 MB
Current GC threshold: 20,80 MB
CDS: on

CodeHeap 'non-profiled nmethods': size=120032Kb used=197Kb max_used=197Kb free=119835Kb
 bounds [0x00007f241c2b9000, 0x00007f241c529000, 0x00007f24237f1000]
CodeHeap 'profiled nmethods': size=120028Kb used=932Kb max_used=932Kb free=119095Kb
 bounds [0x00007f2414d82000, 0x00007f2414ff2000, 0x00007f241c2b9000]
CodeHeap 'non-nmethods': size=5700Kb used=1166Kb max_used=1183Kb free=4533Kb
 bounds [0x00007f24147f1000, 0x00007f2414a61000, 0x00007f2414d82000]
 total_blobs=1002 nmethods=583 adapters=333
 compilation: enabled
              stopped_count=0, restarted_count=0
 full_count=0

Compilation events (20 events):
Event: 0,220 Thread 0x00007f242c1d8000 nmethod 570 0x00007f2414e64590 code [0x00007f2414e64740, 0x00007f2414e64840]
Event: 0,221 Thread 0x00007f242c1d8000  571       3       java.util.HashMap::resize (356 bytes)
Event: 0,222 Thread 0x00007f242c1d8000 nmethod 571 0x00007f2414e64910 code [0x00007f2414e64be0, 0x00007f2414e66180]
Event: 0,223 Thread 0x00007f242c1d8000  574       3       java.io.DataOutputStream::incCount (20 bytes)
Event: 0,223 Thread 0x00007f242c1d8000 nmethod 574 0x00007f2414e66610 code [0x00007f2414e667c0, 0x00007f2414e66910]
Event: 0,223 Thread 0x00007f242c1d8000  572       3       java.io.ByteArrayOutputStream::ensureCapacity (16 bytes)
Event: 0,223 Thread 0x00007f242c1d8000 nmethod 572 0x00007f2414e66990 code [0x00007f2414e66b40, 0x00007f2414e66ce0]
Event: 0,223 Thread 0x00007f242c1d8000  573  s    3       java.io.ByteArrayOutputStream::write (32 bytes)
Event: 0,223 Thread 0x00007f242c1d8000 nmethod 573 0x00007f2414e66d90 code [0x00007f2414e66f60, 0x00007f2414e67340]
Event: 0,223 Thread 0x00007f242c1d8000  575       3       java.lang.Integer::shortValue (6 bytes)
Event: 0,223 Thread 0x00007f242c1d8000 nmethod 575 0x00007f2414e67490 code [0x00007f2414e67640, 0x00007f2414e67770]
Event: 0,223 Thread 0x00007f242c1d8000  576       3       java.io.DataOutputStream::writeByte (14 bytes)
Event: 0,224 Thread 0x00007f242c1d8000 nmethod 576 0x00007f2414e67810 code [0x00007f2414e679e0, 0x00007f2414e67c80]
Event: 0,224 Thread 0x00007f242c1d8000  577       3       java.lang.PublicMethods$Key::matches (31 bytes)
Event: 0,225 Thread 0x00007f242c1d8000 nmethod 577 0x00007f2414e67d90 code [0x00007f2414e67fa0, 0x00007f2414e68430]
Event: 0,226 Thread 0x00007f242c1d8000  579       3       sun.net.www.ParseUtil::firstEncodeIndex (86 bytes)
Event: 0,227 Thread 0x00007f242c1d8000 nmethod 579 0x00007f2414e68610 code [0x00007f2414e68860, 0x00007f2414e69200]
Event: 0,227 Thread 0x00007f242c1d6000  580       4       java.lang.System::getSecurityManager (4 bytes)
Event: 0,227 Thread 0x00007f242c1d8000  581       3       java.net.URL::isBuiltinStreamHandler (32 bytes)
Event: 0,227 Thread 0x00007f242c1d6000 nmethod 580 0x00007f241c2e7910 code [0x00007f241c2e7aa0, 0x00007f241c2e7af8]

GC Heap History (0 events):
No events

Deoptimization events (6 events):
Event: 0,153 Thread 0x00007f242c016800 DEOPT PACKING pc=0x00007f2414e20ae0 sp=0x00007f2430dfbbe0
Event: 0,153 Thread 0x00007f242c016800 DEOPT UNPACKING pc=0x00007f241483a9fa sp=0x00007f2430dfb0d8 mode 0
Event: 0,153 Thread 0x00007f242c016800 Uncommon trap: trap_request=0xffffff4d fr.pc=0x00007f241c2d8c90 relative=0x0000000000000070
Event: 0,153 Thread 0x00007f242c016800 Uncommon trap: reason=unstable_if action=reinterpret pc=0x00007f241c2d8c90 method=java.nio.Buffer.hasRemaining()Z @ 8 c2
Event: 0,153 Thread 0x00007f242c016800 DEOPT PACKING pc=0x00007f241c2d8c90 sp=0x00007f2430dfc650
Event: 0,153 Thread 0x00007f242c016800 DEOPT UNPACKING pc=0x00007f24147f92a5 sp=0x00007f2430dfc608 mode 2

Classes redefined (0 events):
No events

Internal exceptions (13 events):
Event: 0,074 Thread 0x00007f242c016800 Exception <a 'java/lang/ClassNotFoundException'{0x0000000719826bf8}: sun/awt/resources/spi/awtProvider> (0x0000000719826bf8) thrown at [src/hotspot/share/classfile/systemDictionary.cpp, line 230]
Event: 0,098 Thread 0x00007f242c016800 Exception <a 'java/io/FileNotFoundException'{0x00000007198c5c20}> (0x00000007198c5c20) thrown at [src/hotspot/share/prims/jni.cpp, line 617]
Event: 0,107 Thread 0x00007f242c016800 Exception <a 'java/lang/NoSuchMethodError'{0x00000007197210c8}: 'java.lang.Object java.lang.invoke.DirectMethodHandle$Holder.invokeStatic(java.lang.Object, java.lang.Object, java.lang.Object, java.lang.Object, java.lang.Object, java.lang.Object, java.lang.Object, java.lang.Object, java.lang.Object, java.lang.Object, java.lang.Object, java.lang.Object, java.lang.Object, java.lang.Object, java.lang.Object)'> (0x00000007197210c8) thrown at [src/hotspot/share/interpreter/linkResolver.cpp, line 772]
Event: 0,108 Thread 0x00007f242c016800 Exception <a 'java/lang/NoSuchMethodError'{0x000000071972ed58}: 'java.lang.Object java.lang.invoke.DirectMethodHandle$Holder.invokeStatic(java.lang.Object, java.lang.Object, java.lang.Object, java.lang.Object, java.lang.Object, java.lang.Object, java.lang.Object, java.lang.Object, java.lang.Object, java.lang.Object, java.lang.Object, java.lang.Object, java.lang.Object, java.lang.Object, java.lang.Object, java.lang.Object)'> (0x000000071972ed58) thrown at [src/hotspot/share/interpreter/linkResolver.cpp, lin
Event: 0,109 Thread 0x00007f242c016800 Exception <a 'java/lang/NoSuchMethodError'{0x000000071973c9c8}: 'java.lang.Object java.lang.invoke.DirectMethodHandle$Holder.invokeSpecial(java.lang.Object, java.lang.Object, int, int, java.lang.Object, java.lang.Object, java.lang.Object)'> (0x000000071973c9c8) thrown at [src/hotspot/share/interpreter/linkResolver.cpp, line 772]
Event: 0,109 Thread 0x00007f242c016800 Exception <a 'java/lang/NoSuchMethodError'{0x000000071973ff58}: 'java.lang.Object java.lang.invoke.DelegatingMethodHandle$Holder.reinvoke_L(java.lang.Object, int, int, java.lang.Object, java.lang.Object, java.lang.Object)'> (0x000000071973ff58) thrown at [src/hotspot/share/interpreter/linkResolver.cpp, line 772]
Event: 0,110 Thread 0x00007f242c016800 Exception <a 'java/lang/NoSuchMethodError'{0x00000007197442e0}: 'java.lang.Object java.lang.invoke.DirectMethodHandle$Holder.invokeStatic(java.lang.Object, java.lang.Object, java.lang.Object, java.lang.Object, int)'> (0x00000007197442e0) thrown at [src/hotspot/share/interpreter/linkResolver.cpp, line 772]
Event: 0,196 Thread 0x00007f242c016800 Exception <a 'java/lang/NoSuchMethodError'{0x00000007194fce58}: 'java.lang.Object java.lang.invoke.DirectMethodHandle$Holder.invokeStaticInit(java.lang.Object, java.lang.Object, long, java.lang.Object)'> (0x00000007194fce58) thrown at [src/hotspot/share/interpreter/linkResolver.cpp, line 772]
Event: 0,197 Thread 0x00007f242c016800 Exception <a 'java/lang/NoSuchMethodError'{0x0000000719309440}: 'java.lang.Object java.lang.invoke.Invokers$Holder.linkToTargetMethod(java.lang.Object, long, java.lang.Object)'> (0x0000000719309440) thrown at [src/hotspot/share/interpreter/linkResolver.cpp, line 772]
Event: 0,199 Thread 0x00007f242c016800 Exception <a 'java/lang/NoSuchMethodError'{0x0000000719310398}: 'java.lang.Object java.lang.invoke.DirectMethodHandle$Holder.invokeStatic(java.lang.Object, java.lang.Object, java.lang.Object, int)'> (0x0000000719310398) thrown at [src/hotspot/share/interpreter/linkResolver.cpp, line 772]
Event: 0,200 Thread 0x00007f242c016800 Exception <a 'java/lang/NoSuchMethodError'{0x0000000719313cb0}: 'java.lang.Object java.lang.invoke.DirectMethodHandle$Holder.invokeSpecial(java.lang.Object, java.lang.Object, java.lang.Object, java.lang.Object, int)'> (0x0000000719313cb0) thrown at [src/hotspot/share/interpreter/linkResolver.cpp, line 772]
Event: 0,200 Thread 0x00007f242c016800 Exception <a 'java/lang/NoSuchMethodError'{0x0000000719316d18}: 'java.lang.Object java.lang.invoke.Invokers$Holder.linkToTargetMethod(java.lang.Object, java.lang.Object, int, java.lang.Object)'> (0x0000000719316d18) thrown at [src/hotspot/share/interpreter/linkResolver.cpp, line 772]
Event: 0,216 Thread 0x00007f242c016800 Exception <a 'java/lang/UnsatisfiedLinkError'{0x0000000719205890}: libZXingJava.so: no  possvel abrir arquivo compartilhado: Arquivo ou diretrio inexistente> (0x0000000719205890) thrown at [src/hotspot/share/prims/jni.cpp, line 638]

Events (20 events):
Event: 0,225 loading class java/lang/TypeNotPresentException
Event: 0,225 loading class java/lang/TypeNotPresentException done
Event: 0,225 loading class com/sun/jna/Function
Event: 0,225 loading class com/sun/jna/Function done
Event: 0,226 loading class com/sun/jna/MethodParameterContext
Event: 0,226 loading class com/sun/jna/MethodParameterContext done
Event: 0,226 loading class com/sun/jna/FunctionParameterContext
Event: 0,226 loading class com/sun/jna/FunctionParameterContext done
Event: 0,227 loading class com/sun/jna/VarArgsChecker
Event: 0,227 loading class com/sun/jna/VarArgsChecker done
Event: 0,227 loading class com/sun/jna/VarArgsChecker$RealVarArgsChecker
Event: 0,227 loading class com/sun/jna/VarArgsChecker$RealVarArgsChecker done
Event: 0,227 loading class com/sun/jna/VarArgsChecker$NoVarArgsChecker
Event: 0,227 loading class com/sun/jna/VarArgsChecker$NoVarArgsChecker done
Event: 0,227 loading class com/sun/jna/Library$Handler$FunctionInfo
Event: 0,227 loading class com/sun/jna/Library$Handler$FunctionInfo done
Event: 0,228 loading class com/sun/jna/NativeString
Event: 0,228 loading class com/sun/jna/NativeString done
Event: 0,228 loading class com/sun/jna/NativeString$StringMemory
Event: 0,228 loading class com/sun/jna/NativeString$StringMemory done


Dynamic libraries:
70a400000-719a00000 rw-p 00000000 00:00 0 
719a00000-7bfe00000 ---p 00000000 00:00 0 
7bfe00000-7bfe48000 rw-p 00b13000 103:03 2232165                         /usr/lib/jvm/java-11-openjdk-amd64/lib/server/classes.jsa
7bfe48000-7bff00000 rw-p 00000000 00:00 0 
7bff00000-7bff6c000 rw-p 00aa7000 103:03 2232165                         /usr/lib/jvm/java-11-openjdk-amd64/lib/server/classes.jsa
7bff6c000-7c0000000 rw-p 00000000 00:00 0 
7c0000000-800000000 ---p 00000000 00:00 0 
800000000-800002000 rwxp 00001000 103:03 2232165                         /usr/lib/jvm/java-11-openjdk-amd64/lib/server/classes.jsa
800002000-8003ce000 rw-p 00003000 103:03 2232165                         /usr/lib/jvm/java-11-openjdk-amd64/lib/server/classes.jsa
8003ce000-800aa5000 r--p 003cf000 103:03 2232165                         /usr/lib/jvm/java-11-openjdk-amd64/lib/server/classes.jsa
800aa5000-800aa6000 rw-p 00aa6000 103:03 2232165                         /usr/lib/jvm/java-11-openjdk-amd64/lib/server/classes.jsa
840000000-8400a0000 rw-p 00000000 00:00 0 
8400a0000-880000000 ---p 00000000 00:00 0 
55ca4bb71000-55ca4bb72000 r--p 00000000 103:03 2230722                   /usr/lib/jvm/java-11-openjdk-amd64/bin/java
55ca4bb72000-55ca4bb73000 r-xp 00001000 103:03 2230722                   /usr/lib/jvm/java-11-openjdk-amd64/bin/java
55ca4bb73000-55ca4bb74000 r--p 00002000 103:03 2230722                   /usr/lib/jvm/java-11-openjdk-amd64/bin/java
55ca4bb74000-55ca4bb75000 r--p 00002000 103:03 2230722                   /usr/lib/jvm/java-11-openjdk-amd64/bin/java
55ca4bb75000-55ca4bb76000 rw-p 00003000 103:03 2230722                   /usr/lib/jvm/java-11-openjdk-amd64/bin/java
55ca4da0a000-55ca4da2b000 rw-p 00000000 00:00 0                          [heap]
7f23b4000000-7f23b4021000 rw-p 00000000 00:00 0 
7f23b4021000-7f23b8000000 ---p 00000000 00:00 0 
7f23bc000000-7f23bc021000 rw-p 00000000 00:00 0 
7f23bc021000-7f23c0000000 ---p 00000000 00:00 0 
7f23c0000000-7f23c0021000 rw-p 00000000 00:00 0 
7f23c0021000-7f23c4000000 ---p 00000000 00:00 0 
7f23c4000000-7f23c4021000 rw-p 00000000 00:00 0 
7f23c4021000-7f23c8000000 ---p 00000000 00:00 0 
7f23c8000000-7f23c810f000 rw-p 00000000 00:00 0 
7f23c810f000-7f23cc000000 ---p 00000000 00:00 0 
7f23cc000000-7f23cc021000 rw-p 00000000 00:00 0 
7f23cc021000-7f23d0000000 ---p 00000000 00:00 0 
7f23d0000000-7f23d0021000 rw-p 00000000 00:00 0 
7f23d0021000-7f23d4000000 ---p 00000000 00:00 0 
7f23d4000000-7f23d41bc000 rw-p 00000000 00:00 0 
7f23d41bc000-7f23d8000000 ---p 00000000 00:00 0 
7f23d8000000-7f23d8267000 rw-p 00000000 00:00 0 
7f23d8267000-7f23dc000000 ---p 00000000 00:00 0 
7f23dc000000-7f23dc021000 rw-p 00000000 00:00 0 
7f23dc021000-7f23e0000000 ---p 00000000 00:00 0 
7f23e0000000-7f23e0021000 rw-p 00000000 00:00 0 
7f23e0021000-7f23e4000000 ---p 00000000 00:00 0 
7f23e4000000-7f23e4021000 rw-p 00000000 00:00 0 
7f23e4021000-7f23e8000000 ---p 00000000 00:00 0 
7f23e8000000-7f23e8021000 rw-p 00000000 00:00 0 
7f23e8021000-7f23ec000000 ---p 00000000 00:00 0 
7f23ec000000-7f23ec021000 rw-p 00000000 00:00 0 
7f23ec021000-7f23f0000000 ---p 00000000 00:00 0 
7f23f0000000-7f23f0021000 rw-p 00000000 00:00 0 
7f23f0021000-7f23f4000000 ---p 00000000 00:00 0 
7f23f61ef000-7f23f62e1000 r--p 00000000 103:03 1050664                   /usr/local/lib/libZXingJava.so
7f23f62e1000-7f23f63e2000 r-xp 000f2000 103:03 1050664                   /usr/local/lib/libZXingJava.so
7f23f63e2000-7f23f646e000 r--p 001f3000 103:03 1050664                   /usr/local/lib/libZXingJava.so
7f23f646e000-7f23f646f000 ---p 0027f000 103:03 1050664                   /usr/local/lib/libZXingJava.so
7f23f646f000-7f23f6470000 r--p 0027f000 103:03 1050664                   /usr/local/lib/libZXingJava.so
7f23f6470000-7f23f647d000 rw-p 00280000 103:03 1050664                   /usr/local/lib/libZXingJava.so
7f23f647d000-7f23f6481000 rw-p 00000000 00:00 0 
7f23f6481000-7f23f6485000 ---p 00000000 00:00 0 
7f23f6485000-7f23f6582000 rw-p 00000000 00:00 0 
7f23f6582000-7f23f65a0000 r-xp 00000000 103:03 5377668                   /home/eduardo/.cache/JNA/temp/jna4185085375895002875.tmp (deleted)
7f23f65a0000-7f23f679f000 ---p 0001e000 103:03 5377668                   /home/eduardo/.cache/JNA/temp/jna4185085375895002875.tmp (deleted)
7f23f679f000-7f23f67a0000 rw-p 0001d000 103:03 5377668                   /home/eduardo/.cache/JNA/temp/jna4185085375895002875.tmp (deleted)
7f23f67a0000-7f23f67a1000 rw-p 00000000 00:00 0 
7f23f67a1000-7f23f67a5000 r--p 00000000 103:03 395299                    /usr/lib/x86_64-linux-gnu/libjpeg.so.8.2.2
7f23f67a5000-7f23f67e9000 r-xp 00004000 103:03 395299                    /usr/lib/x86_64-linux-gnu/libjpeg.so.8.2.2
7f23f67e9000-7f23f6823000 r--p 00048000 103:03 395299                    /usr/lib/x86_64-linux-gnu/libjpeg.so.8.2.2
7f23f6823000-7f23f6824000 ---p 00082000 103:03 395299                    /usr/lib/x86_64-linux-gnu/libjpeg.so.8.2.2
7f23f6824000-7f23f6825000 r--p 00082000 103:03 395299                    /usr/lib/x86_64-linux-gnu/libjpeg.so.8.2.2
7f23f6825000-7f23f6826000 rw-p 00083000 103:03 395299                    /usr/lib/x86_64-linux-gnu/libjpeg.so.8.2.2
7f23f682b000-7f23f682f000 ---p 00000000 00:00 0 
7f23f682f000-7f23f684d000 rw-p 00000000 00:00 0 
7f23f684d000-7f23f684f000 r--p 00000000 103:03 2273413                   /usr/lib/jvm/java-11-openjdk-amd64/lib/libjavajpeg.so
7f23f684f000-7f23f6856000 r-xp 00002000 103:03 2273413                   /usr/lib/jvm/java-11-openjdk-amd64/lib/libjavajpeg.so
7f23f6856000-7f23f6857000 r--p 00009000 103:03 2273413                   /usr/lib/jvm/java-11-openjdk-amd64/lib/libjavajpeg.so
7f23f6857000-7f23f6858000 ---p 0000a000 103:03 2273413                   /usr/lib/jvm/java-11-openjdk-amd64/lib/libjavajpeg.so
7f23f6858000-7f23f6859000 r--p 0000a000 103:03 2273413                   /usr/lib/jvm/java-11-openjdk-amd64/lib/libjavajpeg.so
7f23f6859000-7f23f685a000 rw-p 0000b000 103:03 2273413                   /usr/lib/jvm/java-11-openjdk-amd64/lib/libjavajpeg.so
7f23f685a000-7f23f685e000 ---p 00000000 00:00 0 
7f23f685e000-7f23f695b000 rw-p 00000000 00:00 0 
7f23f695b000-7f23f695f000 ---p 00000000 00:00 0 
7f23f695f000-7f23f6a5c000 rw-p 00000000 00:00 0 
7f23f6a5c000-7f23f6a63000 r--s 00000000 103:03 931822                    /usr/lib/x86_64-linux-gnu/gconv/gconv-modules.cache
7f23f6a63000-7f23f6a67000 r--p 00000000 103:03 400198                    /usr/lib/x86_64-linux-gnu/libbsd.so.0.10.0
7f23f6a67000-7f23f6a76000 r-xp 00004000 103:03 400198                    /usr/lib/x86_64-linux-gnu/libbsd.so.0.10.0
7f23f6a76000-7f23f6a79000 r--p 00013000 103:03 400198                    /usr/lib/x86_64-linux-gnu/libbsd.so.0.10.0
7f23f6a79000-7f23f6a7a000 ---p 00016000 103:03 400198                    /usr/lib/x86_64-linux-gnu/libbsd.so.0.10.0
7f23f6a7a000-7f23f6a7b000 r--p 00016000 103:03 400198                    /usr/lib/x86_64-linux-gnu/libbsd.so.0.10.0
7f23f6a7b000-7f23f6a7c000 rw-p 00017000 103:03 400198                    /usr/lib/x86_64-linux-gnu/libbsd.so.0.10.0
7f23f6a7c000-7f23f6a7d000 rw-p 00000000 00:00 0 
7f23f6a7d000-7f23f6a88000 r--p 00000000 103:03 401372                    /usr/lib/x86_64-linux-gnu/libxcb.so.1.1.0
7f23f6a88000-7f23f6a9c000 r-xp 0000b000 103:03 401372                    /usr/lib/x86_64-linux-gnu/libxcb.so.1.1.0
7f23f6a9c000-7f23f6aa5000 r--p 0001f000 103:03 401372                    /usr/lib/x86_64-linux-gnu/libxcb.so.1.1.0
7f23f6aa5000-7f23f6aa6000 r--p 00027000 103:03 401372                    /usr/lib/x86_64-linux-gnu/libxcb.so.1.1.0
7f23f6aa6000-7f23f6aa7000 rw-p 00028000 103:03 401372                    /usr/lib/x86_64-linux-gnu/libxcb.so.1.1.0
7f23f6aa7000-7f23f6aac000 r-xp 00000000 103:03 400073                    /usr/lib/x86_64-linux-gnu/libXtst.so.6.1.0
7f23f6aac000-7f23f6cab000 ---p 00005000 103:03 400073                    /usr/lib/x86_64-linux-gnu/libXtst.so.6.1.0
7f23f6cab000-7f23f6cac000 r--p 00004000 103:03 400073                    /usr/lib/x86_64-linux-gnu/libXtst.so.6.1.0
7f23f6cac000-7f23f6cad000 rw-p 00005000 103:03 400073                    /usr/lib/x86_64-linux-gnu/libXtst.so.6.1.0
7f23f6cad000-7f23f6cb6000 r-xp 00000000 103:03 400067                    /usr/lib/x86_64-linux-gnu/libXrender.so.1.3.0
7f23f6cb6000-7f23f6eb5000 ---p 00009000 103:03 400067                    /usr/lib/x86_64-linux-gnu/libXrender.so.1.3.0
7f23f6eb5000-7f23f6eb6000 r--p 00008000 103:03 400067                    /usr/lib/x86_64-linux-gnu/libXrender.so.1.3.0
7f23f6eb6000-7f23f6eb7000 rw-p 00009000 103:03 400067                    /usr/lib/x86_64-linux-gnu/libXrender.so.1.3.0
7f23f6eb7000-7f23f6ecf000 r--p 00000000 103:03 397401                    /usr/lib/x86_64-linux-gnu/libX11.so.6.3.0
7f23f6ecf000-7f23f6f5a000 r-xp 00018000 103:03 397401                    /usr/lib/x86_64-linux-gnu/libX11.so.6.3.0
7f23f6f5a000-7f23f6fee000 r--p 000a3000 103:03 397401                    /usr/lib/x86_64-linux-gnu/libX11.so.6.3.0
7f23f6fee000-7f23f6fef000 ---p 00137000 103:03 397401                    /usr/lib/x86_64-linux-gnu/libX11.so.6.3.0
7f23f6fef000-7f23f6ff0000 r--p 00137000 103:03 397401                    /usr/lib/x86_64-linux-gnu/libX11.so.6.3.0
7f23f6ff0000-7f23f6ff4000 rw-p 00138000 103:03 397401                    /usr/lib/x86_64-linux-gnu/libX11.so.6.3.0
7f23f6ff5000-7f23f701b000 r--p 00000000 103:03 2622352                   /usr/share/locale-langpack/pt_BR/LC_MESSAGES/libc.mo
7f23f701b000-7f23f702b000 r--p 00000000 103:03 2273354                   /usr/lib/jvm/java-11-openjdk-amd64/lib/libawt_xawt.so
7f23f702b000-7f23f706b000 r-xp 00010000 103:03 2273354                   /usr/lib/jvm/java-11-openjdk-amd64/lib/libawt_xawt.so
7f23f706b000-7f23f707d000 r--p 00050000 103:03 2273354                   /usr/lib/jvm/java-11-openjdk-amd64/lib/libawt_xawt.so
7f23f707d000-7f23f707e000 r--p 00061000 103:03 2273354                   /usr/lib/jvm/java-11-openjdk-amd64/lib/libawt_xawt.so
7f23f707e000-7f23f7080000 rw-p 00062000 103:03 2273354                   /usr/lib/jvm/java-11-openjdk-amd64/lib/libawt_xawt.so
7f23f7080000-7f23f7082000 rw-p 00000000 00:00 0 
7f23f7082000-7f23f7086000 ---p 00000000 00:00 0 
7f23f7086000-7f23f7183000 rw-p 00000000 00:00 0 
7f23f7183000-7f23f7184000 ---p 00000000 00:00 0 
7f23f7184000-7f23f7285000 rw-p 00000000 00:00 0 
7f23f7285000-7f23f7289000 ---p 00000000 00:00 0 
7f23f7289000-7f23f7386000 rw-p 00000000 00:00 0 
7f23f7386000-7f23f738a000 ---p 00000000 00:00 0 
7f23f738a000-7f23f7487000 rw-p 00000000 00:00 0 
7f23f7487000-7f23f748b000 ---p 00000000 00:00 0 
7f23f748b000-7f23f7588000 rw-p 00000000 00:00 0 
7f23f7588000-7f23f758c000 ---p 00000000 00:00 0 
7f23f758c000-7f23f7689000 rw-p 00000000 00:00 0 
7f23f7689000-7f23f768d000 ---p 00000000 00:00 0 
7f23f768d000-7f23f778a000 rw-p 00000000 00:00 0 
7f23f778a000-7f23f7cfc000 r--p 00000000 103:03 394020                    /usr/lib/locale/locale-archive
7f23f7cfc000-7f23f7d00000 ---p 00000000 00:00 0 
7f23f7d00000-7f23f7dfd000 rw-p 00000000 00:00 0 
7f23f7dfd000-7f23f7e01000 ---p 00000000 00:00 0 
7f23f7e01000-7f23f7efe000 rw-p 00000000 00:00 0 
7f23f7efe000-7f23f7eff000 ---p 00000000 00:00 0 
7f23f7eff000-7f23f8000000 rw-p 00000000 00:00 0 
7f23f8000000-7f23f8021000 rw-p 00000000 00:00 0 
7f23f8021000-7f23fc000000 ---p 00000000 00:00 0 
7f23fc000000-7f23fc021000 rw-p 00000000 00:00 0 
7f23fc021000-7f2400000000 ---p 00000000 00:00 0 
7f2400000000-7f2400021000 rw-p 00000000 00:00 0 
7f2400021000-7f2404000000 ---p 00000000 00:00 0 
7f2404005000-7f2404031000 r--p 00000000 103:03 2273402                   /usr/lib/jvm/java-11-openjdk-amd64/lib/libawt.so
7f2404031000-7f240409a000 r-xp 0002c000 103:03 2273402                   /usr/lib/jvm/java-11-openjdk-amd64/lib/libawt.so
7f240409a000-7f24040a6000 r--p 00095000 103:03 2273402                   /usr/lib/jvm/java-11-openjdk-amd64/lib/libawt.so
7f24040a6000-7f24040a7000 ---p 000a1000 103:03 2273402                   /usr/lib/jvm/java-11-openjdk-amd64/lib/libawt.so
7f24040a7000-7f24040a8000 r--p 000a1000 103:03 2273402                   /usr/lib/jvm/java-11-openjdk-amd64/lib/libawt.so
7f24040a8000-7f24040b3000 rw-p 000a2000 103:03 2273402                   /usr/lib/jvm/java-11-openjdk-amd64/lib/libawt.so
7f24040b3000-7f2404674000 rw-p 00000000 00:00 0 
7f2404674000-7f24049b4000 ---p 00000000 00:00 0 
7f24049b4000-7f24049b5000 ---p 00000000 00:00 0 
7f24049b5000-7f2404ab6000 rw-p 00000000 00:00 0 
7f2404ab6000-7f2404ab7000 ---p 00000000 00:00 0 
7f2404ab7000-7f24073c0000 rw-p 00000000 00:00 0 
7f24073c0000-7f24073c1000 ---p 00000000 00:00 0 
7f24073c1000-7f24074c2000 rw-p 00000000 00:00 0 
7f24074c2000-7f24074c3000 ---p 00000000 00:00 0 
7f24074c3000-7f240799c000 rw-p 00000000 00:00 0 
7f240799c000-7f240a32c000 ---p 00000000 00:00 0 
7f240a32c000-7f240a334000 rw-p 00000000 00:00 0 
7f240a334000-7f240b334000 ---p 00000000 00:00 0 
7f240b334000-7f240b70c000 rw-p 00000000 00:00 0 
7f240b70c000-7f240e09c000 ---p 00000000 00:00 0 
7f240e09c000-7f240e0a4000 rw-p 00000000 00:00 0 
7f240e0a4000-7f240f0a4000 ---p 00000000 00:00 0 
7f240f0a4000-7f240f11f000 rw-p 00000000 00:00 0 
7f240f11f000-7f240f651000 ---p 00000000 00:00 0 
7f240f651000-7f240f652000 rw-p 00000000 00:00 0 
7f240f652000-7f240f852000 ---p 00000000 00:00 0 
7f240f852000-7f240f8cd000 rw-p 00000000 00:00 0 
7f240f8cd000-7f240fdff000 ---p 00000000 00:00 0 
7f240fdff000-7f240fe00000 rw-p 00000000 00:00 0 
7f240fe00000-7f2410000000 ---p 00000000 00:00 0 
7f2410000000-7f2410021000 rw-p 00000000 00:00 0 
7f2410021000-7f2414000000 ---p 00000000 00:00 0 
7f2414000000-7f2414002000 r--p 00000000 103:03 400055                    /usr/lib/x86_64-linux-gnu/libXi.so.6.1.0
7f2414002000-7f241400d000 r-xp 00002000 103:03 400055                    /usr/lib/x86_64-linux-gnu/libXi.so.6.1.0
7f241400d000-7f2414010000 r--p 0000d000 103:03 400055                    /usr/lib/x86_64-linux-gnu/libXi.so.6.1.0
7f2414010000-7f2414011000 r--p 0000f000 103:03 400055                    /usr/lib/x86_64-linux-gnu/libXi.so.6.1.0
7f2414011000-7f2414012000 rw-p 00010000 103:03 400055                    /usr/lib/x86_64-linux-gnu/libXi.so.6.1.0
7f2414012000-7f24140be000 rw-p 00000000 00:00 0 
7f24140be000-7f24145f0000 ---p 00000000 00:00 0 
7f24145f0000-7f24145f1000 rw-p 00000000 00:00 0 
7f24145f1000-7f24147f1000 ---p 00000000 00:00 0 
7f24147f1000-7f2414a61000 rwxp 00000000 00:00 0 
7f2414a61000-7f2414d82000 ---p 00000000 00:00 0 
7f2414d82000-7f2414ff2000 rwxp 00000000 00:00 0 
7f2414ff2000-7f241c2b9000 ---p 00000000 00:00 0 
7f241c2b9000-7f241c529000 rwxp 00000000 00:00 0 
7f241c529000-7f24237f1000 ---p 00000000 00:00 0 
7f24237f1000-7f242c000000 r--s 00000000 103:03 2273433                   /usr/lib/jvm/java-11-openjdk-amd64/lib/modules
7f242c000000-7f242c3dd000 rw-p 00000000 00:00 0 
7f242c3dd000-7f2430000000 ---p 00000000 00:00 0 
7f2430001000-7f2430005000 r--p 00000000 103:03 400047                    /usr/lib/x86_64-linux-gnu/libXext.so.6.4.0
7f2430005000-7f2430010000 r-xp 00004000 103:03 400047                    /usr/lib/x86_64-linux-gnu/libXext.so.6.4.0
7f2430010000-7f2430014000 r--p 0000f000 103:03 400047                    /usr/lib/x86_64-linux-gnu/libXext.so.6.4.0
7f2430014000-7f2430015000 r--p 00012000 103:03 400047                    /usr/lib/x86_64-linux-gnu/libXext.so.6.4.0
7f2430015000-7f2430016000 rw-p 00013000 103:03 400047                    /usr/lib/x86_64-linux-gnu/libXext.so.6.4.0
7f2430016000-7f243001a000 r--p 00000000 103:03 2273423                   /usr/lib/jvm/java-11-openjdk-amd64/lib/libnet.so
7f243001a000-7f2430028000 r-xp 00004000 103:03 2273423                   /usr/lib/jvm/java-11-openjdk-amd64/lib/libnet.so
7f2430028000-7f243002c000 r--p 00012000 103:03 2273423                   /usr/lib/jvm/java-11-openjdk-amd64/lib/libnet.so
7f243002c000-7f243002d000 r--p 00015000 103:03 2273423                   /usr/lib/jvm/java-11-openjdk-amd64/lib/libnet.so
7f243002d000-7f243002e000 rw-p 00016000 103:03 2273423                   /usr/lib/jvm/java-11-openjdk-amd64/lib/libnet.so
7f243002e000-7f2430035000 r--p 00000000 103:03 2273424                   /usr/lib/jvm/java-11-openjdk-amd64/lib/libnio.so
7f2430035000-7f243003d000 r-xp 00007000 103:03 2273424                   /usr/lib/jvm/java-11-openjdk-amd64/lib/libnio.so
7f243003d000-7f2430040000 r--p 0000f000 103:03 2273424                   /usr/lib/jvm/java-11-openjdk-amd64/lib/libnio.so
7f2430040000-7f2430041000 r--p 00011000 103:03 2273424                   /usr/lib/jvm/java-11-openjdk-amd64/lib/libnio.so
7f2430041000-7f2430042000 rw-p 00012000 103:03 2273424                   /usr/lib/jvm/java-11-openjdk-amd64/lib/libnio.so
7f2430042000-7f24309b2000 rw-p 00000000 00:00 0 
7f24309b2000-7f24309b3000 ---p 00000000 00:00 0 
7f24309b3000-7f2430ab9000 rw-p 00000000 00:00 0 
7f2430ab9000-7f2430b9f000 ---p 00000000 00:00 0 
7f2430b9f000-7f2430ba4000 rw-p 00000000 00:00 0 
7f2430ba4000-7f2430c8a000 ---p 00000000 00:00 0 
7f2430c8a000-7f2430c8d000 r--p 00000000 103:03 394907                    /usr/lib/x86_64-linux-gnu/libnss_files-2.31.so
7f2430c8d000-7f2430c94000 r-xp 00003000 103:03 394907                    /usr/lib/x86_64-linux-gnu/libnss_files-2.31.so
7f2430c94000-7f2430c96000 r--p 0000a000 103:03 394907                    /usr/lib/x86_64-linux-gnu/libnss_files-2.31.so
7f2430c96000-7f2430c97000 r--p 0000b000 103:03 394907                    /usr/lib/x86_64-linux-gnu/libnss_files-2.31.so
7f2430c97000-7f2430c98000 rw-p 0000c000 103:03 394907                    /usr/lib/x86_64-linux-gnu/libnss_files-2.31.so
7f2430c98000-7f2430c9e000 rw-p 00000000 00:00 0 
7f2430ca0000-7f2430ca2000 r--p 00000000 103:03 400045                    /usr/lib/x86_64-linux-gnu/libXdmcp.so.6.0.0
7f2430ca2000-7f2430ca4000 r-xp 00002000 103:03 400045                    /usr/lib/x86_64-linux-gnu/libXdmcp.so.6.0.0
7f2430ca4000-7f2430ca6000 r--p 00004000 103:03 400045                    /usr/lib/x86_64-linux-gnu/libXdmcp.so.6.0.0
7f2430ca6000-7f2430ca7000 r--p 00005000 103:03 400045                    /usr/lib/x86_64-linux-gnu/libXdmcp.so.6.0.0
7f2430ca7000-7f2430ca8000 rw-p 00006000 103:03 400045                    /usr/lib/x86_64-linux-gnu/libXdmcp.so.6.0.0
7f2430ca8000-7f2430ca9000 r--p 00000000 103:03 400034                    /usr/lib/x86_64-linux-gnu/libXau.so.6.0.0
7f2430ca9000-7f2430cab000 r-xp 00001000 103:03 400034                    /usr/lib/x86_64-linux-gnu/libXau.so.6.0.0
7f2430cab000-7f2430cac000 r--p 00003000 103:03 400034                    /usr/lib/x86_64-linux-gnu/libXau.so.6.0.0
7f2430cac000-7f2430cad000 r--p 00003000 103:03 400034                    /usr/lib/x86_64-linux-gnu/libXau.so.6.0.0
7f2430cad000-7f2430cae000 rw-p 00004000 103:03 400034                    /usr/lib/x86_64-linux-gnu/libXau.so.6.0.0
7f2430cae000-7f2430cb3000 rw-p 00000000 00:00 0 
7f2430cb3000-7f2430cba000 ---p 00000000 00:00 0 
7f2430cba000-7f2430cbc000 r--p 00000000 103:03 2273432                   /usr/lib/jvm/java-11-openjdk-amd64/lib/libzip.so
7f2430cbc000-7f2430cc1000 r-xp 00002000 103:03 2273432                   /usr/lib/jvm/java-11-openjdk-amd64/lib/libzip.so
7f2430cc1000-7f2430cc3000 r--p 00007000 103:03 2273432                   /usr/lib/jvm/java-11-openjdk-amd64/lib/libzip.so
7f2430cc3000-7f2430cc4000 r--p 00008000 103:03 2273432                   /usr/lib/jvm/java-11-openjdk-amd64/lib/libzip.so
7f2430cc4000-7f2430cc5000 rw-p 00009000 103:03 2273432                   /usr/lib/jvm/java-11-openjdk-amd64/lib/libzip.so
7f2430cc5000-7f2430cd3000 r--p 00000000 103:03 2273412                   /usr/lib/jvm/java-11-openjdk-amd64/lib/libjava.so
7f2430cd3000-7f2430ce9000 r-xp 0000e000 103:03 2273412                   /usr/lib/jvm/java-11-openjdk-amd64/lib/libjava.so
7f2430ce9000-7f2430cf0000 r--p 00024000 103:03 2273412                   /usr/lib/jvm/java-11-openjdk-amd64/lib/libjava.so
7f2430cf0000-7f2430cf1000 r--p 0002a000 103:03 2273412                   /usr/lib/jvm/java-11-openjdk-amd64/lib/libjava.so
7f2430cf1000-7f2430cf2000 rw-p 0002b000 103:03 2273412                   /usr/lib/jvm/java-11-openjdk-amd64/lib/libjava.so
7f2430cf2000-7f2430cf3000 rw-p 00000000 00:00 0 
7f2430cf3000-7f2430cf5000 r--p 00000000 103:03 395360                    /usr/lib/x86_64-linux-gnu/librt-2.31.so
7f2430cf5000-7f2430cf9000 r-xp 00002000 103:03 395360                    /usr/lib/x86_64-linux-gnu/librt-2.31.so
7f2430cf9000-7f2430cfb000 r--p 00006000 103:03 395360                    /usr/lib/x86_64-linux-gnu/librt-2.31.so
7f2430cfb000-7f2430cfc000 r--p 00007000 103:03 395360                    /usr/lib/x86_64-linux-gnu/librt-2.31.so
7f2430cfc000-7f2430cfd000 rw-p 00008000 103:03 395360                    /usr/lib/x86_64-linux-gnu/librt-2.31.so
7f2430cfd000-7f2430d01000 ---p 00000000 00:00 0 
7f2430d01000-7f2430dfe000 rw-p 00000000 00:00 0 
7f2430dfe000-7f2430e01000 r--p 00000000 103:03 395513                    /usr/lib/x86_64-linux-gnu/libgcc_s.so.1
7f2430e01000-7f2430e13000 r-xp 00003000 103:03 395513                    /usr/lib/x86_64-linux-gnu/libgcc_s.so.1
7f2430e13000-7f2430e17000 r--p 00015000 103:03 395513                    /usr/lib/x86_64-linux-gnu/libgcc_s.so.1
7f2430e17000-7f2430e18000 r--p 00018000 103:03 395513                    /usr/lib/x86_64-linux-gnu/libgcc_s.so.1
7f2430e18000-7f2430e19000 rw-p 00019000 103:03 395513                    /usr/lib/x86_64-linux-gnu/libgcc_s.so.1
7f2430e19000-7f2430e26000 r--p 00000000 103:03 393842                    /usr/lib/x86_64-linux-gnu/libm-2.31.so
7f2430e26000-7f2430ecd000 r-xp 0000d000 103:03 393842                    /usr/lib/x86_64-linux-gnu/libm-2.31.so
7f2430ecd000-7f2430f66000 r--p 000b4000 103:03 393842                    /usr/lib/x86_64-linux-gnu/libm-2.31.so
7f2430f66000-7f2430f67000 r--p 0014c000 103:03 393842                    /usr/lib/x86_64-linux-gnu/libm-2.31.so
7f2430f67000-7f2430f68000 rw-p 0014d000 103:03 393842                    /usr/lib/x86_64-linux-gnu/libm-2.31.so
7f2430f68000-7f2430ffe000 r--p 00000000 103:03 394152                    /usr/lib/x86_64-linux-gnu/libstdc++.so.6.0.28
7f2430ffe000-7f24310ef000 r-xp 00096000 103:03 394152                    /usr/lib/x86_64-linux-gnu/libstdc++.so.6.0.28
7f24310ef000-7f2431138000 r--p 00187000 103:03 394152                    /usr/lib/x86_64-linux-gnu/libstdc++.so.6.0.28
7f2431138000-7f2431139000 ---p 001d0000 103:03 394152                    /usr/lib/x86_64-linux-gnu/libstdc++.so.6.0.28
7f2431139000-7f2431144000 r--p 001d0000 103:03 394152                    /usr/lib/x86_64-linux-gnu/libstdc++.so.6.0.28
7f2431144000-7f2431147000 rw-p 001db000 103:03 394152                    /usr/lib/x86_64-linux-gnu/libstdc++.so.6.0.28
7f2431147000-7f243114a000 rw-p 00000000 00:00 0 
7f243114a000-7f24313cc000 r--p 00000000 103:03 2273436                   /usr/lib/jvm/java-11-openjdk-amd64/lib/server/libjvm.so
7f24313cc000-7f243205d000 r-xp 00282000 103:03 2273436                   /usr/lib/jvm/java-11-openjdk-amd64/lib/server/libjvm.so
7f243205d000-7f24322bc000 r--p 00f13000 103:03 2273436                   /usr/lib/jvm/java-11-openjdk-amd64/lib/server/libjvm.so
7f24322bc000-7f2432380000 r--p 01171000 103:03 2273436                   /usr/lib/jvm/java-11-openjdk-amd64/lib/server/libjvm.so
7f2432380000-7f24323bb000 rw-p 01235000 103:03 2273436                   /usr/lib/jvm/java-11-openjdk-amd64/lib/server/libjvm.so
7f24323bb000-7f2432414000 rw-p 00000000 00:00 0 
7f2432414000-7f2432436000 r--p 00000000 103:03 393319                    /usr/lib/x86_64-linux-gnu/libc-2.31.so
7f2432436000-7f24325ae000 r-xp 00022000 103:03 393319                    /usr/lib/x86_64-linux-gnu/libc-2.31.so
7f24325ae000-7f24325fc000 r--p 0019a000 103:03 393319                    /usr/lib/x86_64-linux-gnu/libc-2.31.so
7f24325fc000-7f2432600000 r--p 001e7000 103:03 393319                    /usr/lib/x86_64-linux-gnu/libc-2.31.so
7f2432600000-7f2432602000 rw-p 001eb000 103:03 393319                    /usr/lib/x86_64-linux-gnu/libc-2.31.so
7f2432602000-7f2432606000 rw-p 00000000 00:00 0 
7f2432606000-7f2432607000 r--p 00000000 103:03 393432                    /usr/lib/x86_64-linux-gnu/libdl-2.31.so
7f2432607000-7f2432609000 r-xp 00001000 103:03 393432                    /usr/lib/x86_64-linux-gnu/libdl-2.31.so
7f2432609000-7f243260a000 r--p 00003000 103:03 393432                    /usr/lib/x86_64-linux-gnu/libdl-2.31.so
7f243260a000-7f243260b000 r--p 00003000 103:03 393432                    /usr/lib/x86_64-linux-gnu/libdl-2.31.so
7f243260b000-7f243260c000 rw-p 00004000 103:03 393432                    /usr/lib/x86_64-linux-gnu/libdl-2.31.so
7f243260c000-7f243260f000 r--p 00000000 103:03 2273397                   /usr/lib/jvm/java-11-openjdk-amd64/lib/jli/libjli.so
7f243260f000-7f2432619000 r-xp 00003000 103:03 2273397                   /usr/lib/jvm/java-11-openjdk-amd64/lib/jli/libjli.so
7f2432619000-7f243261c000 r--p 0000d000 103:03 2273397                   /usr/lib/jvm/java-11-openjdk-amd64/lib/jli/libjli.so
7f243261c000-7f243261d000 ---p 00010000 103:03 2273397                   /usr/lib/jvm/java-11-openjdk-amd64/lib/jli/libjli.so
7f243261d000-7f243261e000 r--p 00010000 103:03 2273397                   /usr/lib/jvm/java-11-openjdk-amd64/lib/jli/libjli.so
7f243261e000-7f243261f000 rw-p 00011000 103:03 2273397                   /usr/lib/jvm/java-11-openjdk-amd64/lib/jli/libjli.so
7f243261f000-7f2432625000 r--p 00000000 103:03 395358                    /usr/lib/x86_64-linux-gnu/libpthread-2.31.so
7f2432625000-7f2432636000 r-xp 00006000 103:03 395358                    /usr/lib/x86_64-linux-gnu/libpthread-2.31.so
7f2432636000-7f243263c000 r--p 00017000 103:03 395358                    /usr/lib/x86_64-linux-gnu/libpthread-2.31.so
7f243263c000-7f243263d000 r--p 0001c000 103:03 395358                    /usr/lib/x86_64-linux-gnu/libpthread-2.31.so
7f243263d000-7f243263e000 rw-p 0001d000 103:03 395358                    /usr/lib/x86_64-linux-gnu/libpthread-2.31.so
7f243263e000-7f2432642000 rw-p 00000000 00:00 0 
7f2432642000-7f2432644000 r--p 00000000 103:03 393419                    /usr/lib/x86_64-linux-gnu/libz.so.1.2.11
7f2432644000-7f2432655000 r-xp 00002000 103:03 393419                    /usr/lib/x86_64-linux-gnu/libz.so.1.2.11
7f2432655000-7f243265b000 r--p 00013000 103:03 393419                    /usr/lib/x86_64-linux-gnu/libz.so.1.2.11
7f243265b000-7f243265c000 ---p 00019000 103:03 393419                    /usr/lib/x86_64-linux-gnu/libz.so.1.2.11
7f243265c000-7f243265d000 r--p 00019000 103:03 393419                    /usr/lib/x86_64-linux-gnu/libz.so.1.2.11
7f243265d000-7f243265e000 rw-p 0001a000 103:03 393419                    /usr/lib/x86_64-linux-gnu/libz.so.1.2.11
7f2432660000-7f2432668000 rw-s 00000000 103:03 12583100                  /tmp/hsperfdata_eduardo/17504
7f2432668000-7f2432669000 ---p 00000000 00:00 0 
7f2432669000-7f243266a000 r--p 00000000 00:00 0 
7f243266a000-7f243266c000 r--p 00000000 103:03 2273415                   /usr/lib/jvm/java-11-openjdk-amd64/lib/libjimage.so
7f243266c000-7f243266f000 r-xp 00002000 103:03 2273415                   /usr/lib/jvm/java-11-openjdk-amd64/lib/libjimage.so
7f243266f000-7f2432670000 r--p 00005000 103:03 2273415                   /usr/lib/jvm/java-11-openjdk-amd64/lib/libjimage.so
7f2432670000-7f2432671000 ---p 00006000 103:03 2273415                   /usr/lib/jvm/java-11-openjdk-amd64/lib/libjimage.so
7f2432671000-7f2432672000 r--p 00006000 103:03 2273415                   /usr/lib/jvm/java-11-openjdk-amd64/lib/libjimage.so
7f2432672000-7f2432673000 rw-p 00007000 103:03 2273415                   /usr/lib/jvm/java-11-openjdk-amd64/lib/libjimage.so
7f2432673000-7f2432678000 r--p 00000000 103:03 2273431                   /usr/lib/jvm/java-11-openjdk-amd64/lib/libverify.so
7f2432678000-7f243267f000 r-xp 00005000 103:03 2273431                   /usr/lib/jvm/java-11-openjdk-amd64/lib/libverify.so
7f243267f000-7f2432681000 r--p 0000c000 103:03 2273431                   /usr/lib/jvm/java-11-openjdk-amd64/lib/libverify.so
7f2432681000-7f2432682000 ---p 0000e000 103:03 2273431                   /usr/lib/jvm/java-11-openjdk-amd64/lib/libverify.so
7f2432682000-7f2432684000 r--p 0000e000 103:03 2273431                   /usr/lib/jvm/java-11-openjdk-amd64/lib/libverify.so
7f2432684000-7f2432685000 rw-p 00010000 103:03 2273431                   /usr/lib/jvm/java-11-openjdk-amd64/lib/libverify.so
7f2432685000-7f2432687000 rw-p 00000000 00:00 0 
7f2432687000-7f2432688000 r--p 00000000 103:03 393292                    /usr/lib/x86_64-linux-gnu/ld-2.31.so
7f2432688000-7f24326ab000 r-xp 00001000 103:03 393292                    /usr/lib/x86_64-linux-gnu/ld-2.31.so
7f24326ab000-7f24326b3000 r--p 00024000 103:03 393292                    /usr/lib/x86_64-linux-gnu/ld-2.31.so
7f24326b4000-7f24326b5000 r--p 0002c000 103:03 393292                    /usr/lib/x86_64-linux-gnu/ld-2.31.so
7f24326b5000-7f24326b6000 rw-p 0002d000 103:03 393292                    /usr/lib/x86_64-linux-gnu/ld-2.31.so
7f24326b6000-7f24326b7000 rw-p 00000000 00:00 0 
7ffc92b2c000-7ffc92b4d000 rw-p 00000000 00:00 0                          [stack]
7ffc92b95000-7ffc92b99000 r--p 00000000 00:00 0                          [vvar]
7ffc92b99000-7ffc92b9b000 r-xp 00000000 00:00 0                          [vdso]
ffffffffff600000-ffffffffff601000 --xp 00000000 00:00 0                  [vsyscall]


VM Arguments:
jvm_args: -Dfile.encoding=UTF-8 
java_command: loadCplus.ZXingBarcodeReader
java_class_path (initial): /home/eduardo/Documentos/Workspaces/Projetos/loadCplus/target/classes:/home/eduardo/.m2/repository/net/java/dev/jna/jna/5.13.0/jna-5.13.0.jar
Launcher Type: SUN_STANDARD

[Global flags]
     intx CICompilerCount                          = 4                                         {product} {ergonomic}
     uint ConcGCThreads                            = 2                                         {product} {ergonomic}
     uint G1ConcRefinementThreads                  = 8                                         {product} {ergonomic}
   size_t G1HeapRegionSize                         = 1048576                                   {product} {ergonomic}
    uintx GCDrainStackTargetSize                   = 64                                        {product} {ergonomic}
   size_t InitialHeapSize                          = 257949696                                 {product} {ergonomic}
   size_t MarkStackSize                            = 4194304                                   {product} {ergonomic}
   size_t MaxHeapSize                              = 4123000832                                {product} {ergonomic}
   size_t MaxNewSize                               = 2473590784                                {product} {ergonomic}
   size_t MinHeapDeltaBytes                        = 1048576                                   {product} {ergonomic}
    uintx NonNMethodCodeHeapSize                   = 5836300                                {pd product} {ergonomic}
    uintx NonProfiledCodeHeapSize                  = 122910970                              {pd product} {ergonomic}
    uintx ProfiledCodeHeapSize                     = 122910970                              {pd product} {ergonomic}
    uintx ReservedCodeCacheSize                    = 251658240                              {pd product} {ergonomic}
     bool SegmentedCodeCache                       = true                                      {product} {ergonomic}
     bool UseCompressedClassPointers               = true                                 {lp64_product} {ergonomic}
     bool UseCompressedOops                        = true                                 {lp64_product} {ergonomic}
     bool UseG1GC                                  = true                                      {product} {ergonomic}

Logging:
Log output configuration:
 #0: stdout all=warning uptime,level,tags
 #1: stderr all=off uptime,level,tags

Environment Variables:
JAVA_HOME=/usr/lib/jvm/java-11-openjdk-amd64/
JRE_HOME=/usr/lib/jvm/java-11-openjdk-amd64/bin/java/jre/
PATH=/home/eduardo/.local/bin:/usr/lib/jvm/jdk1.8.0_202/bin:/usr/local/sbin:/usr/local/bin:/usr/sbin:/usr/bin:/sbin:/bin:/usr/games:/usr/local/games:/snap/bin/usr/lib/jvm/jdk1.8.0_202/bin:/usr/lib/jvm/jdk1.8.0_202/db/bin:/usr/lib/jvm/jdk1.8.0_202/jre/bin:/snap/bin:/usr/lib/jvm/java-11-openjdk-amd64/bin
USERNAME=eduardo
SHELL=/usr/bin/zsh
DISPLAY=:0
LANG=pt_BR.UTF-8

Signal Handlers:
SIGSEGV: [libjvm.so+0xea02e0], sa_mask[0]=11111111011111111101111111111110, sa_flags=SA_RESTART|SA_SIGINFO
SIGBUS: [libjvm.so+0xea02e0], sa_mask[0]=11111111011111111101111111111110, sa_flags=SA_RESTART|SA_SIGINFO
SIGFPE: [libjvm.so+0xea02e0], sa_mask[0]=11111111011111111101111111111110, sa_flags=SA_RESTART|SA_SIGINFO
SIGPIPE: [libjvm.so+0xbe5be0], sa_mask[0]=11111111011111111101111111111110, sa_flags=SA_RESTART|SA_SIGINFO
SIGXFSZ: [libjvm.so+0xbe5be0], sa_mask[0]=11111111011111111101111111111110, sa_flags=SA_RESTART|SA_SIGINFO
SIGILL: [libjvm.so+0xea02e0], sa_mask[0]=11111111011111111101111111111110, sa_flags=SA_RESTART|SA_SIGINFO
SIGUSR2: [libjvm.so+0xbe5a80], sa_mask[0]=00100000000000000000000000000000, sa_flags=SA_RESTART|SA_SIGINFO
SIGHUP: [libjvm.so+0xbe6130], sa_mask[0]=11111111011111111101111111111110, sa_flags=SA_RESTART|SA_SIGINFO
SIGINT: [libjvm.so+0xbe6130], sa_mask[0]=11111111011111111101111111111110, sa_flags=SA_RESTART|SA_SIGINFO
SIGTERM: [libjvm.so+0xbe6130], sa_mask[0]=11111111011111111101111111111110, sa_flags=SA_RESTART|SA_SIGINFO
SIGQUIT: [libjvm.so+0xbe6130], sa_mask[0]=11111111011111111101111111111110, sa_flags=SA_RESTART|SA_SIGINFO


---------------  S Y S T E M  ---------------

OS:DISTRIB_ID=Ubuntu
DISTRIB_RELEASE=20.04
DISTRIB_CODENAME=focal
DISTRIB_DESCRIPTION="Ubuntu 20.04.6 LTS"
uname:Linux 5.15.0-87-generic #97~20.04.1-Ubuntu SMP Thu Oct 5 08:25:28 UTC 2023 x86_64
OS uptime: 0 days 0:43 hours
libc:glibc 2.31 NPTL 2.31 
rlimit (soft/hard): STACK 8192k/infinity , CORE 0k/infinity , NPROC 62439/62439 , NOFILE 1048576/1048576 , AS infinity/infinity , CPU infinity/infinity , DATA infinity/infinity , FSIZE infinity/infinity , MEMLOCK 65536k/65536k
load average:0,78 0,63 0,70

/proc/meminfo:
MemTotal:       16102524 kB
MemFree:          814408 kB
MemAvailable:    6060940 kB
Buffers:          337912 kB
Cached:          6683228 kB
SwapCached:            0 kB
Active:          1808992 kB
Inactive:       11466624 kB
Active(anon):      22864 kB
Inactive(anon):  7913000 kB
Active(file):    1786128 kB
Inactive(file):  3553624 kB
Unevictable:     1228128 kB
Mlocked:             208 kB
SwapTotal:      10485752 kB
SwapFree:       10485752 kB
Dirty:              1136 kB
Writeback:             0 kB
AnonPages:       7482792 kB
Mapped:          1907604 kB
Shmem:           1681384 kB
KReclaimable:     249340 kB
Slab:             461472 kB
SReclaimable:     249340 kB
SUnreclaim:       212132 kB
KernelStack:       32784 kB
PageTables:        91732 kB
NFS_Unstable:          0 kB
Bounce:                0 kB
WritebackTmp:          0 kB
CommitLimit:    18537012 kB
Committed_AS:   23253216 kB
VmallocTotal:   34359738367 kB
VmallocUsed:       69984 kB
VmallocChunk:          0 kB
Percpu:             9376 kB
HardwareCorrupted:     0 kB
AnonHugePages:         0 kB
ShmemHugePages:        0 kB
ShmemPmdMapped:        0 kB
FileHugePages:         0 kB
FilePmdMapped:         0 kB
HugePages_Total:       0
HugePages_Free:        0
HugePages_Rsvd:        0
HugePages_Surp:        0
Hugepagesize:       2048 kB
Hugetlb:               0 kB
DirectMap4k:      560300 kB
DirectMap2M:    14897152 kB
DirectMap1G:     2097152 kB

/sys/kernel/mm/transparent_hugepage/enabled:
always [madvise] never
/sys/kernel/mm/transparent_hugepage/defrag (defrag/compaction efforts parameter):
always defer defer+madvise [madvise] never

Process Memory:
Virtual Size: 7057064K (peak: 15535056K)
Resident Set Size: 59980K (peak: 60480K) (anon: 28880K, file: 31100K, shmem: 0K)
Swapped out: 0K
C-Heap outstanding allocations: 25311K, retained: 2592K
glibc malloc tunables: (default)

/proc/sys/kernel/threads-max (system-wide limit on the number of threads):
124879
/proc/sys/vm/max_map_count (maximum number of memory map areas a process may have):
65530
/proc/sys/kernel/pid_max (system-wide limit on number of process identifiers):
4194304

container (cgroup) information:
container_type: cgroupv1
cpu_cpuset_cpus: 0-7
cpu_memory_nodes: 0
active_processor_count: 8
cpu_quota: no quota
cpu_period: 100000
cpu_shares: no shares
memory_limit_in_bytes: unlimited
memory_and_swap_limit_in_bytes: unlimited
memory_soft_limit_in_bytes: unlimited
memory_usage_in_bytes: 11997744 k
memory_max_usage_in_bytes: 12069704 k
kernel_memory_usage_in_bytes: 305176 k
kernel_memory_max_usage_in_bytes: unlimited
kernel_memory_limit_in_bytes: 305752 k
maximum number of tasks: unlimited
current number of tasks: 1610

Steal ticks since vm start: 0
Steal ticks percentage since vm start:  0,000

CPU:total 8 (initial active 8) (4 cores per cpu, 2 threads per core) family 6 model 140 stepping 1 microcode 0xac, cmov, cx8, fxsr, mmx, sse, sse2, sse3, ssse3, sse4.1, sse4.2, popcnt, avx, avx2, aes, clmul, erms, 3dnowpref, lzcnt, ht, tsc, tscinvbit, bmi1, bmi2, adx, evex, sha, fma
CPU Model and flags from /proc/cpuinfo:
model name	: 11th Gen Intel(R) Core(TM) i7-1165G7 @ 2.80GHz
flags		: fpu vme de pse tsc msr pae mce cx8 apic sep mtrr pge mca cmov pat pse36 clflush dts acpi mmx fxsr sse sse2 ss ht tm pbe syscall nx pdpe1gb rdtscp lm constant_tsc art arch_perfmon pebs bts rep_good nopl xtopology nonstop_tsc cpuid aperfmperf tsc_known_freq pni pclmulqdq dtes64 monitor ds_cpl vmx est tm2 ssse3 sdbg fma cx16 xtpr pdcm pcid sse4_1 sse4_2 x2apic movbe popcnt tsc_deadline_timer aes xsave avx f16c rdrand lahf_lm abm 3dnowprefetch cpuid_fault epb cat_l2 invpcid_single cdp_l2 ssbd ibrs ibpb stibp ibrs_enhanced tpr_shadow vnmi flexpriority ept vpid ept_ad fsgsbase tsc_adjust bmi1 avx2 smep bmi2 erms invpcid rdt_a avx512f avx512dq rdseed adx smap avx512ifma clflushopt clwb intel_pt avx512cd sha_ni avx512bw avx512vl xsaveopt xsavec xgetbv1 xsaves split_lock_detect dtherm ida arat pln pts hwp hwp_notify hwp_act_window hwp_epp hwp_pkg_req avx512vbmi umip pku ospke avx512_vbmi2 gfni vaes vpclmulqdq avx512_vnni avx512_bitalg avx512_vpopcntdq rdpid movdiri movdir64b fsrm avx512_vp2intersect md_clear flush_l1d arch_capabilities
Online cpus:
0-7
Offline cpus:

BIOS frequency limitation:
<Not Available>
Frequency switch latency (ns):
0
Available cpu frequencies:
<Not Available>
Current governor:
powersave
Core performance/turbo boost:
<Not Available>

Memory: 4k page, physical 16102524k(814408k free), swap 10485752k(10485752k free)

vm_info: OpenJDK 64-Bit Server VM (11.0.20.1+1-post-Ubuntu-0ubuntu120.04) for linux-amd64 JRE (11.0.20.1+1-post-Ubuntu-0ubuntu120.04), built on Aug 24 2023 23:12:13 by "unknown" with gcc 9.4.0

END.
