#
# A fatal error has been detected by the Java Runtime Environment:
#
#  SIGSEGV (0xb) at pc=0x00007fc6b916703c, pid=17630, tid=17635
#
# JRE version: OpenJDK Runtime Environment (11.0.20.1+1) (build 11.0.20.1+1-post-Ubuntu-0ubuntu120.04)
# Java VM: OpenJDK 64-Bit Server VM (11.0.20.1+1-post-Ubuntu-0ubuntu120.04, mixed mode, sharing, tiered, compressed oops, g1 gc, linux-amd64)
# Problematic frame:
# C  [libZXingJava.so+0x12603c]  JNIEnv_::GetDirectBufferAddress(_jobject*)+0x18
#
# Core dump will be written. Default location: Core dumps may be processed with "/usr/share/apport/apport -p%p -s%s -c%c -d%d -P%P -u%u -g%g -- %E" (or dumping to /home/eduardo/Documentos/Workspaces/Projetos/loadCplus/core.17630)
#
# If you would like to submit a bug report, please visit:
#   https://bugs.launchpad.net/ubuntu/+source/openjdk-lts
# The crash happened outside the Java Virtual Machine in native code.
# See problematic frame for where to report the bug.
#

---------------  S U M M A R Y ------------

Command Line: -Dfile.encoding=UTF-8 loadCplus.ZXingBarcodeReader

Host: 11th Gen Intel(R) Core(TM) i7-1165G7 @ 2.80GHz, 8 cores, 15G, Ubuntu 20.04.6 LTS
Time: Thu Oct 26 08:50:17 2023 -03 elapsed time: 0.235619 seconds (0d 0h 0m 0s)

---------------  T H R E A D  ---------------

Current thread (0x00007fc6e4016800):  JavaThread "main" [_thread_in_native, id=17635, stack(0x00007fc6ebb4b000,0x00007fc6ebc4c000)]

Stack: [0x00007fc6ebb4b000,0x00007fc6ebc4c000],  sp=0x00007fc6ebc49940,  free space=1018k
Native frames: (J=compiled Java code, A=aot compiled Java code, j=interpreted, Vv=VM code, C=native code)
C  [libZXingJava.so+0x12603c]  JNIEnv_::GetDirectBufferAddress(_jobject*)+0x18
C  [libZXingJava.so+0x125bc1]  Java_com_zxingcpp_BarcodeReader_readYBuffer+0x8d
C  [jna6931292421236306099.tmp+0x16052]

Java frames: (J=compiled Java code, j=interpreted, Vv=VM code)
j  com.sun.jna.Native.invokePointer(Lcom/sun/jna/Function;JI[Ljava/lang/Object;)J+0
j  com.sun.jna.Function.invokePointer(I[Ljava/lang/Object;)Lcom/sun/jna/Pointer;+7
j  com.sun.jna.Function.invokeString(I[Ljava/lang/Object;Z)Ljava/lang/String;+3
j  com.sun.jna.Function.invoke([Ljava/lang/Object;Ljava/lang/Class;ZI)Ljava/lang/Object;+329
j  com.sun.jna.Function.invoke(Ljava/lang/reflect/Method;[Ljava/lang/Class;Ljava/lang/Class;[Ljava/lang/Object;Ljava/util/Map;)Ljava/lang/Object;+271
j  com.sun.jna.Library$Handler.invoke(Ljava/lang/Object;Ljava/lang/reflect/Method;[Ljava/lang/Object;)Ljava/lang/Object;+390
j  com.sun.proxy.$Proxy0.Java_com_zxingcpp_BarcodeReader_readYBuffer(Lcom/sun/jna/Pointer;Lcom/sun/jna/Pointer;Lcom/sun/jna/Pointer;IIIIIILjava/lang/String;ZZZZLcom/sun/jna/Pointer;)Ljava/lang/String;+124
j  loadCplus.ZXingBarcodeReader.main([Ljava/lang/String;)V+131
v  ~StubRoutines::call_stub

siginfo: si_signo: 11 (SIGSEGV), si_code: 1 (SEGV_MAPERR), si_addr: 0x0000000000000000

Register to memory mapping:

RAX=0x0 is NULL
RBX=0x0000000000000078 is an unknown value
RCX=0x0 is NULL
RDX=0x00007fc6e4367c50 points into unknown readable memory: 0x0000000000000000 | 00 00 00 00 00 00 00 00
RSP=0x00007fc6ebc49940 is pointing into the stack for thread: 0x00007fc6e4016800
RBP=0x00007fc6ebc49950 is pointing into the stack for thread: 0x00007fc6e4016800
RSI=0x00007fc6e4367c50 points into unknown readable memory: 0x0000000000000000 | 00 00 00 00 00 00 00 00
RDI=0x0 is NULL
R8 =0x0 is NULL
R9 =0x0 is NULL
R10=0x00007fc6b907d5f2: <offset 0x000000000003c5f2> in /usr/local/lib/libZXingJava.so at 0x00007fc6b9041000
R11=0x00007fc6b9167024: _ZN7JNIEnv_22GetDirectBufferAddressEP8_jobject+0x0000000000000000 in /usr/local/lib/libZXingJava.so at 0x00007fc6b9041000
R12=0x00007fc6ebc49c90 is pointing into the stack for thread: 0x00007fc6e4016800
R13=0x0000000000000008 is an unknown value
R14=0x000000000000000f is an unknown value
R15=0x00007fc6ebc49c00 is pointing into the stack for thread: 0x00007fc6e4016800


Registers:
RAX=0x0000000000000000, RBX=0x0000000000000078, RCX=0x0000000000000000, RDX=0x00007fc6e4367c50
RSP=0x00007fc6ebc49940, RBP=0x00007fc6ebc49950, RSI=0x00007fc6e4367c50, RDI=0x0000000000000000
R8 =0x0000000000000000, R9 =0x0000000000000000, R10=0x00007fc6b907d5f2, R11=0x00007fc6b9167024
R12=0x00007fc6ebc49c90, R13=0x0000000000000008, R14=0x000000000000000f, R15=0x00007fc6ebc49c00
RIP=0x00007fc6b916703c, EFLAGS=0x0000000000010202, CSGSFS=0x002b000000000033, ERR=0x0000000000000004
  TRAPNO=0x000000000000000e

Top of Stack: (sp=0x00007fc6ebc49940)
0x00007fc6ebc49940:   00007fc6e4367c50 0000000000000000
0x00007fc6ebc49950:   00007fc6ebc49a10 00007fc6b9166bc1
0x00007fc6ebc49960:   0000000000000000 00007fc6e435b2a0
0x00007fc6ebc49970:   00007f00e4367c50 0000000000000300 

Instructions: (pc=0x00007fc6b916703c)
0x00007fc6b9166f3c:   48 89 55 e8 48 89 4d e0 48 8b 45 f8 48 8b 00 4c
0x00007fc6b9166f4c:   8b 80 80 04 00 00 48 8b 4d e0 48 8b 55 e8 48 8b
0x00007fc6b9166f5c:   75 f0 48 8b 45 f8 48 89 c7 41 ff d0 c9 c3 f3 0f
0x00007fc6b9166f6c:   1e fa 55 48 89 e5 48 83 ec 20 48 89 7d f8 48 89
0x00007fc6b9166f7c:   75 f0 48 89 55 e8 48 8b 45 f8 48 8b 00 4c 8b 80
0x00007fc6b9166f8c:   88 04 00 00 48 8b 55 e8 48 8b 4d f0 48 8b 45 f8
0x00007fc6b9166f9c:   48 89 ce 48 89 c7 41 ff d0 c9 c3 90 f3 0f 1e fa
0x00007fc6b9166fac:   55 48 89 e5 48 83 ec 10 48 89 7d f8 89 75 f4 48
0x00007fc6b9166fbc:   8b 45 f8 48 8b 00 48 8b 88 80 05 00 00 8b 55 f4
0x00007fc6b9166fcc:   48 8b 45 f8 89 d6 48 89 c7 ff d1 c9 c3 90 f3 0f
0x00007fc6b9166fdc:   1e fa 55 48 89 e5 48 83 ec 20 48 89 7d f8 48 89
0x00007fc6b9166fec:   75 f0 89 55 ec 89 4d e8 4c 89 45 e0 48 8b 45 f8
0x00007fc6b9166ffc:   48 8b 00 4c 8b 88 80 06 00 00 48 8b 7d e0 8b 4d
0x00007fc6b916700c:   e8 8b 55 ec 48 8b 75 f0 48 8b 45 f8 49 89 f8 48
0x00007fc6b916701c:   89 c7 41 ff d1 90 c9 c3 f3 0f 1e fa 55 48 89 e5
0x00007fc6b916702c:   48 83 ec 10 48 89 7d f8 48 89 75 f0 48 8b 45 f8
0x00007fc6b916703c:   48 8b 00 48 8b 88 30 07 00 00 48 8b 55 f0 48 8b
0x00007fc6b916704c:   45 f8 48 89 d6 48 89 c7 ff d1 c9 c3 f3 0f 1e fa
0x00007fc6b916705c:   55 48 89 e5 48 89 7d f8 48 89 75 f0 48 8b 45 f0
0x00007fc6b916706c:   0f b6 10 48 8b 45 f8 88 10 90 5d c3 f3 0f 1e fa
0x00007fc6b916707c:   55 48 89 e5 48 83 ec 20 48 89 7d e8 48 8b 45 e8
0x00007fc6b916708c:   48 89 45 f8 b8 00 00 00 00 84 c0 74 0e 48 8b 45
0x00007fc6b916709c:   e8 48 89 c7 e8 3b 28 ff ff eb 23 48 8b 45 e8 48
0x00007fc6b91670ac:   c7 c1 ff ff ff ff 48 89 c2 b8 00 00 00 00 48 89
0x00007fc6b91670bc:   d7 f2 ae 48 89 c8 48 f7 d0 48 83 e8 01 90 c9 c3
0x00007fc6b91670cc:   f3 0f 1e fa 55 48 89 e5 48 83 ec 20 48 89 7d f8
0x00007fc6b91670dc:   48 89 75 f0 48 89 55 e8 48 83 7d e8 00 75 06 48
0x00007fc6b91670ec:   8b 45 f8 eb 1e 48 8b 55 f8 48 8b 45 f0 48 89 d1
0x00007fc6b91670fc:   48 89 c6 48 8b 45 e8 48 89 c2 48 89 cf e8 82 f4
0x00007fc6b916710c:   fe ff 90 c9 c3 f3 0f 1e fa 55 48 89 e5 48 89 7d
0x00007fc6b916711c:   f8 48 89 75 f0 48 8b 45 f0 8b 10 48 8b 45 f8 89
0x00007fc6b916712c:   10 90 5d c3 f3 0f 1e fa 55 48 89 e5 48 83 ec 20 


Stack slot to memory mapping:
stack at sp + 0 slots: 0x00007fc6e4367c50 points into unknown readable memory: 0x0000000000000000 | 00 00 00 00 00 00 00 00
stack at sp + 1 slots: 0x0 is NULL
stack at sp + 2 slots: 0x00007fc6ebc49a10 is pointing into the stack for thread: 0x00007fc6e4016800
stack at sp + 3 slots: 0x00007fc6b9166bc1: Java_com_zxingcpp_BarcodeReader_readYBuffer+0x000000000000008d in /usr/local/lib/libZXingJava.so at 0x00007fc6b9041000
stack at sp + 4 slots: 0x0 is NULL
stack at sp + 5 slots: 0x00007fc6e435b2a0 points into unknown readable memory: 0x00007fc6e4000780 | 80 07 00 e4 c6 7f 00 00
stack at sp + 6 slots: 0x00007f00e4367c50 is an unknown value
stack at sp + 7 slots: 0x0000000000000300 is an unknown value


---------------  P R O C E S S  ---------------

Threads class SMR info:
_java_thread_list=0x00007fc6e43a91f0, length=13, elements={
0x00007fc6e4016800, 0x00007fc6e41ca800, 0x00007fc6e41cc800, 0x00007fc6e41d2000,
0x00007fc6e41d4000, 0x00007fc6e41d6000, 0x00007fc6e41d8000, 0x00007fc6e41da000,
0x00007fc6e4225000, 0x00007fc694222000, 0x00007fc6e42ad000, 0x00007fc6e4362800,
0x00007fc6e43a7800
}

Java Threads: ( => current thread )
=>0x00007fc6e4016800 JavaThread "main" [_thread_in_native, id=17635, stack(0x00007fc6ebb4b000,0x00007fc6ebc4c000)]
  0x00007fc6e41ca800 JavaThread "Reference Handler" daemon [_thread_blocked, id=17642, stack(0x00007fc6e8097000,0x00007fc6e8198000)]
  0x00007fc6e41cc800 JavaThread "Finalizer" daemon [_thread_blocked, id=17643, stack(0x00007fc6cc6f0000,0x00007fc6cc7f1000)]
  0x00007fc6e41d2000 JavaThread "Signal Dispatcher" daemon [_thread_blocked, id=17644, stack(0x00007fc6cc07d000,0x00007fc6cc17e000)]
  0x00007fc6e41d4000 JavaThread "Service Thread" daemon [_thread_blocked, id=17645, stack(0x00007fc6c041f000,0x00007fc6c0520000)]
  0x00007fc6e41d6000 JavaThread "C2 CompilerThread0" daemon [_thread_blocked, id=17646, stack(0x00007fc6c031e000,0x00007fc6c041f000)]
  0x00007fc6e41d8000 JavaThread "C1 CompilerThread0" daemon [_thread_blocked, id=17647, stack(0x00007fc6c021d000,0x00007fc6c031e000)]
  0x00007fc6e41da000 JavaThread "Sweeper thread" daemon [_thread_blocked, id=17648, stack(0x00007fc6c011c000,0x00007fc6c021d000)]
  0x00007fc6e4225000 JavaThread "Common-Cleaner" daemon [_thread_blocked, id=17650, stack(0x00007fc6b9eff000,0x00007fc6ba000000)]
  0x00007fc694222000 JavaThread "C2 CompilerThread1" daemon [_thread_blocked, id=17651, stack(0x00007fc6b97ad000,0x00007fc6b98ae000)]
  0x00007fc6e42ad000 JavaThread "Java2D Disposer" daemon [_thread_blocked, id=17652, stack(0x00007fc6b96ac000,0x00007fc6b97ad000)]
  0x00007fc6e4362800 JavaThread "JNA Cleaner" daemon [_thread_blocked, id=17653, stack(0x00007fc6b92d3000,0x00007fc6b93d4000)]
  0x00007fc6e43a7800 JavaThread "process reaper" daemon [_thread_blocked, id=17655, stack(0x00007fc6b967d000,0x00007fc6b969f000)]

Other Threads:
  0x00007fc6e41c7800 VMThread "VM Thread" [stack: 0x00007fc6e819a000,0x00007fc6e829a000] [id=17641]
  0x00007fc6e4223000 WatcherThread [stack: 0x00007fc6c001c000,0x00007fc6c011c000] [id=17649]
  0x00007fc6e402e000 GCTaskThread "GC Thread#0" [stack: 0x00007fc6eb802000,0x00007fc6eb902000] [id=17636]
  0x00007fc6e408b000 ConcurrentGCThread "G1 Main Marker" [stack: 0x00007fc6e96f0000,0x00007fc6e97f0000] [id=17637]
  0x00007fc6e408d000 ConcurrentGCThread "G1 Conc#0" [stack: 0x00007fc6e95ee000,0x00007fc6e96ee000] [id=17638]
  0x00007fc6e4189800 ConcurrentGCThread "G1 Refine#0" [stack: 0x00007fc6e8ce4000,0x00007fc6e8de4000] [id=17639]
  0x00007fc6e418b000 ConcurrentGCThread "G1 Young RemSet Sampling" [stack: 0x00007fc6e8be2000,0x00007fc6e8ce2000] [id=17640]

Threads with active compile tasks:

VM state:not at safepoint (normal execution)

VM Mutex/Monitor currently owned by a thread: None

Heap address: 0x000000070a400000, size: 3932 MB, Compressed Oops mode: Zero based, Oop shift amount: 3
Narrow klass base: 0x0000000800000000, Narrow klass shift: 3
Compressed class space size: 1073741824 Address: 0x0000000840000000

Heap:
 garbage-first heap   total 253952K, used 9936K [0x000000070a400000, 0x0000000800000000)
  region size 1024K, 8 young (8192K), 0 survivors (0K)
 Metaspace       used 3730K, capacity 5229K, committed 5504K, reserved 1056768K
  class space    used 391K, capacity 564K, committed 640K, reserved 1048576K
Heap Regions: E=young(eden), S=young(survivor), O=old, HS=humongous(starts), HC=humongous(continues), CS=collection set, F=free, A=archive, TAMS=top-at-mark-start (previous, next)
|   0|0x000000070a400000, 0x000000070a500000, 0x000000070a500000|100%|HS|  |TAMS 0x000000070a400000, 0x000000070a400000| Complete 
|   1|0x000000070a500000, 0x000000070a600000, 0x000000070a600000|100%|HC|  |TAMS 0x000000070a500000, 0x000000070a500000| Complete 
|   2|0x000000070a600000, 0x000000070a600000, 0x000000070a700000|  0%| F|  |TAMS 0x000000070a600000, 0x000000070a600000| Untracked 
|   3|0x000000070a700000, 0x000000070a700000, 0x000000070a800000|  0%| F|  |TAMS 0x000000070a700000, 0x000000070a700000| Untracked 
|   4|0x000000070a800000, 0x000000070a800000, 0x000000070a900000|  0%| F|  |TAMS 0x000000070a800000, 0x000000070a800000| Untracked 
|   5|0x000000070a900000, 0x000000070a900000, 0x000000070aa00000|  0%| F|  |TAMS 0x000000070a900000, 0x000000070a900000| Untracked 
|   6|0x000000070aa00000, 0x000000070aa00000, 0x000000070ab00000|  0%| F|  |TAMS 0x000000070aa00000, 0x000000070aa00000| Untracked 
|   7|0x000000070ab00000, 0x000000070ab00000, 0x000000070ac00000|  0%| F|  |TAMS 0x000000070ab00000, 0x000000070ab00000| Untracked 
|   8|0x000000070ac00000, 0x000000070ac00000, 0x000000070ad00000|  0%| F|  |TAMS 0x000000070ac00000, 0x000000070ac00000| Untracked 
|   9|0x000000070ad00000, 0x000000070ad00000, 0x000000070ae00000|  0%| F|  |TAMS 0x000000070ad00000, 0x000000070ad00000| Untracked 
|  10|0x000000070ae00000, 0x000000070ae00000, 0x000000070af00000|  0%| F|  |TAMS 0x000000070ae00000, 0x000000070ae00000| Untracked 
|  11|0x000000070af00000, 0x000000070af00000, 0x000000070b000000|  0%| F|  |TAMS 0x000000070af00000, 0x000000070af00000| Untracked 
|  12|0x000000070b000000, 0x000000070b000000, 0x000000070b100000|  0%| F|  |TAMS 0x000000070b000000, 0x000000070b000000| Untracked 
|  13|0x000000070b100000, 0x000000070b100000, 0x000000070b200000|  0%| F|  |TAMS 0x000000070b100000, 0x000000070b100000| Untracked 
|  14|0x000000070b200000, 0x000000070b200000, 0x000000070b300000|  0%| F|  |TAMS 0x000000070b200000, 0x000000070b200000| Untracked 
|  15|0x000000070b300000, 0x000000070b300000, 0x000000070b400000|  0%| F|  |TAMS 0x000000070b300000, 0x000000070b300000| Untracked 
|  16|0x000000070b400000, 0x000000070b400000, 0x000000070b500000|  0%| F|  |TAMS 0x000000070b400000, 0x000000070b400000| Untracked 
|  17|0x000000070b500000, 0x000000070b500000, 0x000000070b600000|  0%| F|  |TAMS 0x000000070b500000, 0x000000070b500000| Untracked 
|  18|0x000000070b600000, 0x000000070b600000, 0x000000070b700000|  0%| F|  |TAMS 0x000000070b600000, 0x000000070b600000| Untracked 
|  19|0x000000070b700000, 0x000000070b700000, 0x000000070b800000|  0%| F|  |TAMS 0x000000070b700000, 0x000000070b700000| Untracked 
|  20|0x000000070b800000, 0x000000070b800000, 0x000000070b900000|  0%| F|  |TAMS 0x000000070b800000, 0x000000070b800000| Untracked 
|  21|0x000000070b900000, 0x000000070b900000, 0x000000070ba00000|  0%| F|  |TAMS 0x000000070b900000, 0x000000070b900000| Untracked 
|  22|0x000000070ba00000, 0x000000070ba00000, 0x000000070bb00000|  0%| F|  |TAMS 0x000000070ba00000, 0x000000070ba00000| Untracked 
|  23|0x000000070bb00000, 0x000000070bb00000, 0x000000070bc00000|  0%| F|  |TAMS 0x000000070bb00000, 0x000000070bb00000| Untracked 
|  24|0x000000070bc00000, 0x000000070bc00000, 0x000000070bd00000|  0%| F|  |TAMS 0x000000070bc00000, 0x000000070bc00000| Untracked 
|  25|0x000000070bd00000, 0x000000070bd00000, 0x000000070be00000|  0%| F|  |TAMS 0x000000070bd00000, 0x000000070bd00000| Untracked 
|  26|0x000000070be00000, 0x000000070be00000, 0x000000070bf00000|  0%| F|  |TAMS 0x000000070be00000, 0x000000070be00000| Untracked 
|  27|0x000000070bf00000, 0x000000070bf00000, 0x000000070c000000|  0%| F|  |TAMS 0x000000070bf00000, 0x000000070bf00000| Untracked 
|  28|0x000000070c000000, 0x000000070c000000, 0x000000070c100000|  0%| F|  |TAMS 0x000000070c000000, 0x000000070c000000| Untracked 
|  29|0x000000070c100000, 0x000000070c100000, 0x000000070c200000|  0%| F|  |TAMS 0x000000070c100000, 0x000000070c100000| Untracked 
|  30|0x000000070c200000, 0x000000070c200000, 0x000000070c300000|  0%| F|  |TAMS 0x000000070c200000, 0x000000070c200000| Untracked 
|  31|0x000000070c300000, 0x000000070c300000, 0x000000070c400000|  0%| F|  |TAMS 0x000000070c300000, 0x000000070c300000| Untracked 
|  32|0x000000070c400000, 0x000000070c400000, 0x000000070c500000|  0%| F|  |TAMS 0x000000070c400000, 0x000000070c400000| Untracked 
|  33|0x000000070c500000, 0x000000070c500000, 0x000000070c600000|  0%| F|  |TAMS 0x000000070c500000, 0x000000070c500000| Untracked 
|  34|0x000000070c600000, 0x000000070c600000, 0x000000070c700000|  0%| F|  |TAMS 0x000000070c600000, 0x000000070c600000| Untracked 
|  35|0x000000070c700000, 0x000000070c700000, 0x000000070c800000|  0%| F|  |TAMS 0x000000070c700000, 0x000000070c700000| Untracked 
|  36|0x000000070c800000, 0x000000070c800000, 0x000000070c900000|  0%| F|  |TAMS 0x000000070c800000, 0x000000070c800000| Untracked 
|  37|0x000000070c900000, 0x000000070c900000, 0x000000070ca00000|  0%| F|  |TAMS 0x000000070c900000, 0x000000070c900000| Untracked 
|  38|0x000000070ca00000, 0x000000070ca00000, 0x000000070cb00000|  0%| F|  |TAMS 0x000000070ca00000, 0x000000070ca00000| Untracked 
|  39|0x000000070cb00000, 0x000000070cb00000, 0x000000070cc00000|  0%| F|  |TAMS 0x000000070cb00000, 0x000000070cb00000| Untracked 
|  40|0x000000070cc00000, 0x000000070cc00000, 0x000000070cd00000|  0%| F|  |TAMS 0x000000070cc00000, 0x000000070cc00000| Untracked 
|  41|0x000000070cd00000, 0x000000070cd00000, 0x000000070ce00000|  0%| F|  |TAMS 0x000000070cd00000, 0x000000070cd00000| Untracked 
|  42|0x000000070ce00000, 0x000000070ce00000, 0x000000070cf00000|  0%| F|  |TAMS 0x000000070ce00000, 0x000000070ce00000| Untracked 
|  43|0x000000070cf00000, 0x000000070cf00000, 0x000000070d000000|  0%| F|  |TAMS 0x000000070cf00000, 0x000000070cf00000| Untracked 
|  44|0x000000070d000000, 0x000000070d000000, 0x000000070d100000|  0%| F|  |TAMS 0x000000070d000000, 0x000000070d000000| Untracked 
|  45|0x000000070d100000, 0x000000070d100000, 0x000000070d200000|  0%| F|  |TAMS 0x000000070d100000, 0x000000070d100000| Untracked 
|  46|0x000000070d200000, 0x000000070d200000, 0x000000070d300000|  0%| F|  |TAMS 0x000000070d200000, 0x000000070d200000| Untracked 
|  47|0x000000070d300000, 0x000000070d300000, 0x000000070d400000|  0%| F|  |TAMS 0x000000070d300000, 0x000000070d300000| Untracked 
|  48|0x000000070d400000, 0x000000070d400000, 0x000000070d500000|  0%| F|  |TAMS 0x000000070d400000, 0x000000070d400000| Untracked 
|  49|0x000000070d500000, 0x000000070d500000, 0x000000070d600000|  0%| F|  |TAMS 0x000000070d500000, 0x000000070d500000| Untracked 
|  50|0x000000070d600000, 0x000000070d600000, 0x000000070d700000|  0%| F|  |TAMS 0x000000070d600000, 0x000000070d600000| Untracked 
|  51|0x000000070d700000, 0x000000070d700000, 0x000000070d800000|  0%| F|  |TAMS 0x000000070d700000, 0x000000070d700000| Untracked 
|  52|0x000000070d800000, 0x000000070d800000, 0x000000070d900000|  0%| F|  |TAMS 0x000000070d800000, 0x000000070d800000| Untracked 
|  53|0x000000070d900000, 0x000000070d900000, 0x000000070da00000|  0%| F|  |TAMS 0x000000070d900000, 0x000000070d900000| Untracked 
|  54|0x000000070da00000, 0x000000070da00000, 0x000000070db00000|  0%| F|  |TAMS 0x000000070da00000, 0x000000070da00000| Untracked 
|  55|0x000000070db00000, 0x000000070db00000, 0x000000070dc00000|  0%| F|  |TAMS 0x000000070db00000, 0x000000070db00000| Untracked 
|  56|0x000000070dc00000, 0x000000070dc00000, 0x000000070dd00000|  0%| F|  |TAMS 0x000000070dc00000, 0x000000070dc00000| Untracked 
|  57|0x000000070dd00000, 0x000000070dd00000, 0x000000070de00000|  0%| F|  |TAMS 0x000000070dd00000, 0x000000070dd00000| Untracked 
|  58|0x000000070de00000, 0x000000070de00000, 0x000000070df00000|  0%| F|  |TAMS 0x000000070de00000, 0x000000070de00000| Untracked 
|  59|0x000000070df00000, 0x000000070df00000, 0x000000070e000000|  0%| F|  |TAMS 0x000000070df00000, 0x000000070df00000| Untracked 
|  60|0x000000070e000000, 0x000000070e000000, 0x000000070e100000|  0%| F|  |TAMS 0x000000070e000000, 0x000000070e000000| Untracked 
|  61|0x000000070e100000, 0x000000070e100000, 0x000000070e200000|  0%| F|  |TAMS 0x000000070e100000, 0x000000070e100000| Untracked 
|  62|0x000000070e200000, 0x000000070e200000, 0x000000070e300000|  0%| F|  |TAMS 0x000000070e200000, 0x000000070e200000| Untracked 
|  63|0x000000070e300000, 0x000000070e300000, 0x000000070e400000|  0%| F|  |TAMS 0x000000070e300000, 0x000000070e300000| Untracked 
|  64|0x000000070e400000, 0x000000070e400000, 0x000000070e500000|  0%| F|  |TAMS 0x000000070e400000, 0x000000070e400000| Untracked 
|  65|0x000000070e500000, 0x000000070e500000, 0x000000070e600000|  0%| F|  |TAMS 0x000000070e500000, 0x000000070e500000| Untracked 
|  66|0x000000070e600000, 0x000000070e600000, 0x000000070e700000|  0%| F|  |TAMS 0x000000070e600000, 0x000000070e600000| Untracked 
|  67|0x000000070e700000, 0x000000070e700000, 0x000000070e800000|  0%| F|  |TAMS 0x000000070e700000, 0x000000070e700000| Untracked 
|  68|0x000000070e800000, 0x000000070e800000, 0x000000070e900000|  0%| F|  |TAMS 0x000000070e800000, 0x000000070e800000| Untracked 
|  69|0x000000070e900000, 0x000000070e900000, 0x000000070ea00000|  0%| F|  |TAMS 0x000000070e900000, 0x000000070e900000| Untracked 
|  70|0x000000070ea00000, 0x000000070ea00000, 0x000000070eb00000|  0%| F|  |TAMS 0x000000070ea00000, 0x000000070ea00000| Untracked 
|  71|0x000000070eb00000, 0x000000070eb00000, 0x000000070ec00000|  0%| F|  |TAMS 0x000000070eb00000, 0x000000070eb00000| Untracked 
|  72|0x000000070ec00000, 0x000000070ec00000, 0x000000070ed00000|  0%| F|  |TAMS 0x000000070ec00000, 0x000000070ec00000| Untracked 
|  73|0x000000070ed00000, 0x000000070ed00000, 0x000000070ee00000|  0%| F|  |TAMS 0x000000070ed00000, 0x000000070ed00000| Untracked 
|  74|0x000000070ee00000, 0x000000070ee00000, 0x000000070ef00000|  0%| F|  |TAMS 0x000000070ee00000, 0x000000070ee00000| Untracked 
|  75|0x000000070ef00000, 0x000000070ef00000, 0x000000070f000000|  0%| F|  |TAMS 0x000000070ef00000, 0x000000070ef00000| Untracked 
|  76|0x000000070f000000, 0x000000070f000000, 0x000000070f100000|  0%| F|  |TAMS 0x000000070f000000, 0x000000070f000000| Untracked 
|  77|0x000000070f100000, 0x000000070f100000, 0x000000070f200000|  0%| F|  |TAMS 0x000000070f100000, 0x000000070f100000| Untracked 
|  78|0x000000070f200000, 0x000000070f200000, 0x000000070f300000|  0%| F|  |TAMS 0x000000070f200000, 0x000000070f200000| Untracked 
|  79|0x000000070f300000, 0x000000070f300000, 0x000000070f400000|  0%| F|  |TAMS 0x000000070f300000, 0x000000070f300000| Untracked 
|  80|0x000000070f400000, 0x000000070f400000, 0x000000070f500000|  0%| F|  |TAMS 0x000000070f400000, 0x000000070f400000| Untracked 
|  81|0x000000070f500000, 0x000000070f500000, 0x000000070f600000|  0%| F|  |TAMS 0x000000070f500000, 0x000000070f500000| Untracked 
|  82|0x000000070f600000, 0x000000070f600000, 0x000000070f700000|  0%| F|  |TAMS 0x000000070f600000, 0x000000070f600000| Untracked 
|  83|0x000000070f700000, 0x000000070f700000, 0x000000070f800000|  0%| F|  |TAMS 0x000000070f700000, 0x000000070f700000| Untracked 
|  84|0x000000070f800000, 0x000000070f800000, 0x000000070f900000|  0%| F|  |TAMS 0x000000070f800000, 0x000000070f800000| Untracked 
|  85|0x000000070f900000, 0x000000070f900000, 0x000000070fa00000|  0%| F|  |TAMS 0x000000070f900000, 0x000000070f900000| Untracked 
|  86|0x000000070fa00000, 0x000000070fa00000, 0x000000070fb00000|  0%| F|  |TAMS 0x000000070fa00000, 0x000000070fa00000| Untracked 
|  87|0x000000070fb00000, 0x000000070fb00000, 0x000000070fc00000|  0%| F|  |TAMS 0x000000070fb00000, 0x000000070fb00000| Untracked 
|  88|0x000000070fc00000, 0x000000070fc00000, 0x000000070fd00000|  0%| F|  |TAMS 0x000000070fc00000, 0x000000070fc00000| Untracked 
|  89|0x000000070fd00000, 0x000000070fd00000, 0x000000070fe00000|  0%| F|  |TAMS 0x000000070fd00000, 0x000000070fd00000| Untracked 
|  90|0x000000070fe00000, 0x000000070fe00000, 0x000000070ff00000|  0%| F|  |TAMS 0x000000070fe00000, 0x000000070fe00000| Untracked 
|  91|0x000000070ff00000, 0x000000070ff00000, 0x0000000710000000|  0%| F|  |TAMS 0x000000070ff00000, 0x000000070ff00000| Untracked 
|  92|0x0000000710000000, 0x0000000710000000, 0x0000000710100000|  0%| F|  |TAMS 0x0000000710000000, 0x0000000710000000| Untracked 
|  93|0x0000000710100000, 0x0000000710100000, 0x0000000710200000|  0%| F|  |TAMS 0x0000000710100000, 0x0000000710100000| Untracked 
|  94|0x0000000710200000, 0x0000000710200000, 0x0000000710300000|  0%| F|  |TAMS 0x0000000710200000, 0x0000000710200000| Untracked 
|  95|0x0000000710300000, 0x0000000710300000, 0x0000000710400000|  0%| F|  |TAMS 0x0000000710300000, 0x0000000710300000| Untracked 
|  96|0x0000000710400000, 0x0000000710400000, 0x0000000710500000|  0%| F|  |TAMS 0x0000000710400000, 0x0000000710400000| Untracked 
|  97|0x0000000710500000, 0x0000000710500000, 0x0000000710600000|  0%| F|  |TAMS 0x0000000710500000, 0x0000000710500000| Untracked 
|  98|0x0000000710600000, 0x0000000710600000, 0x0000000710700000|  0%| F|  |TAMS 0x0000000710600000, 0x0000000710600000| Untracked 
|  99|0x0000000710700000, 0x0000000710700000, 0x0000000710800000|  0%| F|  |TAMS 0x0000000710700000, 0x0000000710700000| Untracked 
| 100|0x0000000710800000, 0x0000000710800000, 0x0000000710900000|  0%| F|  |TAMS 0x0000000710800000, 0x0000000710800000| Untracked 
| 101|0x0000000710900000, 0x0000000710900000, 0x0000000710a00000|  0%| F|  |TAMS 0x0000000710900000, 0x0000000710900000| Untracked 
| 102|0x0000000710a00000, 0x0000000710a00000, 0x0000000710b00000|  0%| F|  |TAMS 0x0000000710a00000, 0x0000000710a00000| Untracked 
| 103|0x0000000710b00000, 0x0000000710b00000, 0x0000000710c00000|  0%| F|  |TAMS 0x0000000710b00000, 0x0000000710b00000| Untracked 
| 104|0x0000000710c00000, 0x0000000710c00000, 0x0000000710d00000|  0%| F|  |TAMS 0x0000000710c00000, 0x0000000710c00000| Untracked 
| 105|0x0000000710d00000, 0x0000000710d00000, 0x0000000710e00000|  0%| F|  |TAMS 0x0000000710d00000, 0x0000000710d00000| Untracked 
| 106|0x0000000710e00000, 0x0000000710e00000, 0x0000000710f00000|  0%| F|  |TAMS 0x0000000710e00000, 0x0000000710e00000| Untracked 
| 107|0x0000000710f00000, 0x0000000710f00000, 0x0000000711000000|  0%| F|  |TAMS 0x0000000710f00000, 0x0000000710f00000| Untracked 
| 108|0x0000000711000000, 0x0000000711000000, 0x0000000711100000|  0%| F|  |TAMS 0x0000000711000000, 0x0000000711000000| Untracked 
| 109|0x0000000711100000, 0x0000000711100000, 0x0000000711200000|  0%| F|  |TAMS 0x0000000711100000, 0x0000000711100000| Untracked 
| 110|0x0000000711200000, 0x0000000711200000, 0x0000000711300000|  0%| F|  |TAMS 0x0000000711200000, 0x0000000711200000| Untracked 
| 111|0x0000000711300000, 0x0000000711300000, 0x0000000711400000|  0%| F|  |TAMS 0x0000000711300000, 0x0000000711300000| Untracked 
| 112|0x0000000711400000, 0x0000000711400000, 0x0000000711500000|  0%| F|  |TAMS 0x0000000711400000, 0x0000000711400000| Untracked 
| 113|0x0000000711500000, 0x0000000711500000, 0x0000000711600000|  0%| F|  |TAMS 0x0000000711500000, 0x0000000711500000| Untracked 
| 114|0x0000000711600000, 0x0000000711600000, 0x0000000711700000|  0%| F|  |TAMS 0x0000000711600000, 0x0000000711600000| Untracked 
| 115|0x0000000711700000, 0x0000000711700000, 0x0000000711800000|  0%| F|  |TAMS 0x0000000711700000, 0x0000000711700000| Untracked 
| 116|0x0000000711800000, 0x0000000711800000, 0x0000000711900000|  0%| F|  |TAMS 0x0000000711800000, 0x0000000711800000| Untracked 
| 117|0x0000000711900000, 0x0000000711900000, 0x0000000711a00000|  0%| F|  |TAMS 0x0000000711900000, 0x0000000711900000| Untracked 
| 118|0x0000000711a00000, 0x0000000711a00000, 0x0000000711b00000|  0%| F|  |TAMS 0x0000000711a00000, 0x0000000711a00000| Untracked 
| 119|0x0000000711b00000, 0x0000000711b00000, 0x0000000711c00000|  0%| F|  |TAMS 0x0000000711b00000, 0x0000000711b00000| Untracked 
| 120|0x0000000711c00000, 0x0000000711c00000, 0x0000000711d00000|  0%| F|  |TAMS 0x0000000711c00000, 0x0000000711c00000| Untracked 
| 121|0x0000000711d00000, 0x0000000711d00000, 0x0000000711e00000|  0%| F|  |TAMS 0x0000000711d00000, 0x0000000711d00000| Untracked 
| 122|0x0000000711e00000, 0x0000000711e00000, 0x0000000711f00000|  0%| F|  |TAMS 0x0000000711e00000, 0x0000000711e00000| Untracked 
| 123|0x0000000711f00000, 0x0000000711f00000, 0x0000000712000000|  0%| F|  |TAMS 0x0000000711f00000, 0x0000000711f00000| Untracked 
| 124|0x0000000712000000, 0x0000000712000000, 0x0000000712100000|  0%| F|  |TAMS 0x0000000712000000, 0x0000000712000000| Untracked 
| 125|0x0000000712100000, 0x0000000712100000, 0x0000000712200000|  0%| F|  |TAMS 0x0000000712100000, 0x0000000712100000| Untracked 
| 126|0x0000000712200000, 0x0000000712200000, 0x0000000712300000|  0%| F|  |TAMS 0x0000000712200000, 0x0000000712200000| Untracked 
| 127|0x0000000712300000, 0x0000000712300000, 0x0000000712400000|  0%| F|  |TAMS 0x0000000712300000, 0x0000000712300000| Untracked 
| 128|0x0000000712400000, 0x0000000712400000, 0x0000000712500000|  0%| F|  |TAMS 0x0000000712400000, 0x0000000712400000| Untracked 
| 129|0x0000000712500000, 0x0000000712500000, 0x0000000712600000|  0%| F|  |TAMS 0x0000000712500000, 0x0000000712500000| Untracked 
| 130|0x0000000712600000, 0x0000000712600000, 0x0000000712700000|  0%| F|  |TAMS 0x0000000712600000, 0x0000000712600000| Untracked 
| 131|0x0000000712700000, 0x0000000712700000, 0x0000000712800000|  0%| F|  |TAMS 0x0000000712700000, 0x0000000712700000| Untracked 
| 132|0x0000000712800000, 0x0000000712800000, 0x0000000712900000|  0%| F|  |TAMS 0x0000000712800000, 0x0000000712800000| Untracked 
| 133|0x0000000712900000, 0x0000000712900000, 0x0000000712a00000|  0%| F|  |TAMS 0x0000000712900000, 0x0000000712900000| Untracked 
| 134|0x0000000712a00000, 0x0000000712a00000, 0x0000000712b00000|  0%| F|  |TAMS 0x0000000712a00000, 0x0000000712a00000| Untracked 
| 135|0x0000000712b00000, 0x0000000712b00000, 0x0000000712c00000|  0%| F|  |TAMS 0x0000000712b00000, 0x0000000712b00000| Untracked 
| 136|0x0000000712c00000, 0x0000000712c00000, 0x0000000712d00000|  0%| F|  |TAMS 0x0000000712c00000, 0x0000000712c00000| Untracked 
| 137|0x0000000712d00000, 0x0000000712d00000, 0x0000000712e00000|  0%| F|  |TAMS 0x0000000712d00000, 0x0000000712d00000| Untracked 
| 138|0x0000000712e00000, 0x0000000712e00000, 0x0000000712f00000|  0%| F|  |TAMS 0x0000000712e00000, 0x0000000712e00000| Untracked 
| 139|0x0000000712f00000, 0x0000000712f00000, 0x0000000713000000|  0%| F|  |TAMS 0x0000000712f00000, 0x0000000712f00000| Untracked 
| 140|0x0000000713000000, 0x0000000713000000, 0x0000000713100000|  0%| F|  |TAMS 0x0000000713000000, 0x0000000713000000| Untracked 
| 141|0x0000000713100000, 0x0000000713100000, 0x0000000713200000|  0%| F|  |TAMS 0x0000000713100000, 0x0000000713100000| Untracked 
| 142|0x0000000713200000, 0x0000000713200000, 0x0000000713300000|  0%| F|  |TAMS 0x0000000713200000, 0x0000000713200000| Untracked 
| 143|0x0000000713300000, 0x0000000713300000, 0x0000000713400000|  0%| F|  |TAMS 0x0000000713300000, 0x0000000713300000| Untracked 
| 144|0x0000000713400000, 0x0000000713400000, 0x0000000713500000|  0%| F|  |TAMS 0x0000000713400000, 0x0000000713400000| Untracked 
| 145|0x0000000713500000, 0x0000000713500000, 0x0000000713600000|  0%| F|  |TAMS 0x0000000713500000, 0x0000000713500000| Untracked 
| 146|0x0000000713600000, 0x0000000713600000, 0x0000000713700000|  0%| F|  |TAMS 0x0000000713600000, 0x0000000713600000| Untracked 
| 147|0x0000000713700000, 0x0000000713700000, 0x0000000713800000|  0%| F|  |TAMS 0x0000000713700000, 0x0000000713700000| Untracked 
| 148|0x0000000713800000, 0x0000000713800000, 0x0000000713900000|  0%| F|  |TAMS 0x0000000713800000, 0x0000000713800000| Untracked 
| 149|0x0000000713900000, 0x0000000713900000, 0x0000000713a00000|  0%| F|  |TAMS 0x0000000713900000, 0x0000000713900000| Untracked 
| 150|0x0000000713a00000, 0x0000000713a00000, 0x0000000713b00000|  0%| F|  |TAMS 0x0000000713a00000, 0x0000000713a00000| Untracked 
| 151|0x0000000713b00000, 0x0000000713b00000, 0x0000000713c00000|  0%| F|  |TAMS 0x0000000713b00000, 0x0000000713b00000| Untracked 
| 152|0x0000000713c00000, 0x0000000713c00000, 0x0000000713d00000|  0%| F|  |TAMS 0x0000000713c00000, 0x0000000713c00000| Untracked 
| 153|0x0000000713d00000, 0x0000000713d00000, 0x0000000713e00000|  0%| F|  |TAMS 0x0000000713d00000, 0x0000000713d00000| Untracked 
| 154|0x0000000713e00000, 0x0000000713e00000, 0x0000000713f00000|  0%| F|  |TAMS 0x0000000713e00000, 0x0000000713e00000| Untracked 
| 155|0x0000000713f00000, 0x0000000713f00000, 0x0000000714000000|  0%| F|  |TAMS 0x0000000713f00000, 0x0000000713f00000| Untracked 
| 156|0x0000000714000000, 0x0000000714000000, 0x0000000714100000|  0%| F|  |TAMS 0x0000000714000000, 0x0000000714000000| Untracked 
| 157|0x0000000714100000, 0x0000000714100000, 0x0000000714200000|  0%| F|  |TAMS 0x0000000714100000, 0x0000000714100000| Untracked 
| 158|0x0000000714200000, 0x0000000714200000, 0x0000000714300000|  0%| F|  |TAMS 0x0000000714200000, 0x0000000714200000| Untracked 
| 159|0x0000000714300000, 0x0000000714300000, 0x0000000714400000|  0%| F|  |TAMS 0x0000000714300000, 0x0000000714300000| Untracked 
| 160|0x0000000714400000, 0x0000000714400000, 0x0000000714500000|  0%| F|  |TAMS 0x0000000714400000, 0x0000000714400000| Untracked 
| 161|0x0000000714500000, 0x0000000714500000, 0x0000000714600000|  0%| F|  |TAMS 0x0000000714500000, 0x0000000714500000| Untracked 
| 162|0x0000000714600000, 0x0000000714600000, 0x0000000714700000|  0%| F|  |TAMS 0x0000000714600000, 0x0000000714600000| Untracked 
| 163|0x0000000714700000, 0x0000000714700000, 0x0000000714800000|  0%| F|  |TAMS 0x0000000714700000, 0x0000000714700000| Untracked 
| 164|0x0000000714800000, 0x0000000714800000, 0x0000000714900000|  0%| F|  |TAMS 0x0000000714800000, 0x0000000714800000| Untracked 
| 165|0x0000000714900000, 0x0000000714900000, 0x0000000714a00000|  0%| F|  |TAMS 0x0000000714900000, 0x0000000714900000| Untracked 
| 166|0x0000000714a00000, 0x0000000714a00000, 0x0000000714b00000|  0%| F|  |TAMS 0x0000000714a00000, 0x0000000714a00000| Untracked 
| 167|0x0000000714b00000, 0x0000000714b00000, 0x0000000714c00000|  0%| F|  |TAMS 0x0000000714b00000, 0x0000000714b00000| Untracked 
| 168|0x0000000714c00000, 0x0000000714c00000, 0x0000000714d00000|  0%| F|  |TAMS 0x0000000714c00000, 0x0000000714c00000| Untracked 
| 169|0x0000000714d00000, 0x0000000714d00000, 0x0000000714e00000|  0%| F|  |TAMS 0x0000000714d00000, 0x0000000714d00000| Untracked 
| 170|0x0000000714e00000, 0x0000000714e00000, 0x0000000714f00000|  0%| F|  |TAMS 0x0000000714e00000, 0x0000000714e00000| Untracked 
| 171|0x0000000714f00000, 0x0000000714f00000, 0x0000000715000000|  0%| F|  |TAMS 0x0000000714f00000, 0x0000000714f00000| Untracked 
| 172|0x0000000715000000, 0x0000000715000000, 0x0000000715100000|  0%| F|  |TAMS 0x0000000715000000, 0x0000000715000000| Untracked 
| 173|0x0000000715100000, 0x0000000715100000, 0x0000000715200000|  0%| F|  |TAMS 0x0000000715100000, 0x0000000715100000| Untracked 
| 174|0x0000000715200000, 0x0000000715200000, 0x0000000715300000|  0%| F|  |TAMS 0x0000000715200000, 0x0000000715200000| Untracked 
| 175|0x0000000715300000, 0x0000000715300000, 0x0000000715400000|  0%| F|  |TAMS 0x0000000715300000, 0x0000000715300000| Untracked 
| 176|0x0000000715400000, 0x0000000715400000, 0x0000000715500000|  0%| F|  |TAMS 0x0000000715400000, 0x0000000715400000| Untracked 
| 177|0x0000000715500000, 0x0000000715500000, 0x0000000715600000|  0%| F|  |TAMS 0x0000000715500000, 0x0000000715500000| Untracked 
| 178|0x0000000715600000, 0x0000000715600000, 0x0000000715700000|  0%| F|  |TAMS 0x0000000715600000, 0x0000000715600000| Untracked 
| 179|0x0000000715700000, 0x0000000715700000, 0x0000000715800000|  0%| F|  |TAMS 0x0000000715700000, 0x0000000715700000| Untracked 
| 180|0x0000000715800000, 0x0000000715800000, 0x0000000715900000|  0%| F|  |TAMS 0x0000000715800000, 0x0000000715800000| Untracked 
| 181|0x0000000715900000, 0x0000000715900000, 0x0000000715a00000|  0%| F|  |TAMS 0x0000000715900000, 0x0000000715900000| Untracked 
| 182|0x0000000715a00000, 0x0000000715a00000, 0x0000000715b00000|  0%| F|  |TAMS 0x0000000715a00000, 0x0000000715a00000| Untracked 
| 183|0x0000000715b00000, 0x0000000715b00000, 0x0000000715c00000|  0%| F|  |TAMS 0x0000000715b00000, 0x0000000715b00000| Untracked 
| 184|0x0000000715c00000, 0x0000000715c00000, 0x0000000715d00000|  0%| F|  |TAMS 0x0000000715c00000, 0x0000000715c00000| Untracked 
| 185|0x0000000715d00000, 0x0000000715d00000, 0x0000000715e00000|  0%| F|  |TAMS 0x0000000715d00000, 0x0000000715d00000| Untracked 
| 186|0x0000000715e00000, 0x0000000715e00000, 0x0000000715f00000|  0%| F|  |TAMS 0x0000000715e00000, 0x0000000715e00000| Untracked 
| 187|0x0000000715f00000, 0x0000000715f00000, 0x0000000716000000|  0%| F|  |TAMS 0x0000000715f00000, 0x0000000715f00000| Untracked 
| 188|0x0000000716000000, 0x0000000716000000, 0x0000000716100000|  0%| F|  |TAMS 0x0000000716000000, 0x0000000716000000| Untracked 
| 189|0x0000000716100000, 0x0000000716100000, 0x0000000716200000|  0%| F|  |TAMS 0x0000000716100000, 0x0000000716100000| Untracked 
| 190|0x0000000716200000, 0x0000000716200000, 0x0000000716300000|  0%| F|  |TAMS 0x0000000716200000, 0x0000000716200000| Untracked 
| 191|0x0000000716300000, 0x0000000716300000, 0x0000000716400000|  0%| F|  |TAMS 0x0000000716300000, 0x0000000716300000| Untracked 
| 192|0x0000000716400000, 0x0000000716400000, 0x0000000716500000|  0%| F|  |TAMS 0x0000000716400000, 0x0000000716400000| Untracked 
| 193|0x0000000716500000, 0x0000000716500000, 0x0000000716600000|  0%| F|  |TAMS 0x0000000716500000, 0x0000000716500000| Untracked 
| 194|0x0000000716600000, 0x0000000716600000, 0x0000000716700000|  0%| F|  |TAMS 0x0000000716600000, 0x0000000716600000| Untracked 
| 195|0x0000000716700000, 0x0000000716700000, 0x0000000716800000|  0%| F|  |TAMS 0x0000000716700000, 0x0000000716700000| Untracked 
| 196|0x0000000716800000, 0x0000000716800000, 0x0000000716900000|  0%| F|  |TAMS 0x0000000716800000, 0x0000000716800000| Untracked 
| 197|0x0000000716900000, 0x0000000716900000, 0x0000000716a00000|  0%| F|  |TAMS 0x0000000716900000, 0x0000000716900000| Untracked 
| 198|0x0000000716a00000, 0x0000000716a00000, 0x0000000716b00000|  0%| F|  |TAMS 0x0000000716a00000, 0x0000000716a00000| Untracked 
| 199|0x0000000716b00000, 0x0000000716b00000, 0x0000000716c00000|  0%| F|  |TAMS 0x0000000716b00000, 0x0000000716b00000| Untracked 
| 200|0x0000000716c00000, 0x0000000716c00000, 0x0000000716d00000|  0%| F|  |TAMS 0x0000000716c00000, 0x0000000716c00000| Untracked 
| 201|0x0000000716d00000, 0x0000000716d00000, 0x0000000716e00000|  0%| F|  |TAMS 0x0000000716d00000, 0x0000000716d00000| Untracked 
| 202|0x0000000716e00000, 0x0000000716e00000, 0x0000000716f00000|  0%| F|  |TAMS 0x0000000716e00000, 0x0000000716e00000| Untracked 
| 203|0x0000000716f00000, 0x0000000716f00000, 0x0000000717000000|  0%| F|  |TAMS 0x0000000716f00000, 0x0000000716f00000| Untracked 
| 204|0x0000000717000000, 0x0000000717000000, 0x0000000717100000|  0%| F|  |TAMS 0x0000000717000000, 0x0000000717000000| Untracked 
| 205|0x0000000717100000, 0x0000000717100000, 0x0000000717200000|  0%| F|  |TAMS 0x0000000717100000, 0x0000000717100000| Untracked 
| 206|0x0000000717200000, 0x0000000717200000, 0x0000000717300000|  0%| F|  |TAMS 0x0000000717200000, 0x0000000717200000| Untracked 
| 207|0x0000000717300000, 0x0000000717300000, 0x0000000717400000|  0%| F|  |TAMS 0x0000000717300000, 0x0000000717300000| Untracked 
| 208|0x0000000717400000, 0x0000000717400000, 0x0000000717500000|  0%| F|  |TAMS 0x0000000717400000, 0x0000000717400000| Untracked 
| 209|0x0000000717500000, 0x0000000717500000, 0x0000000717600000|  0%| F|  |TAMS 0x0000000717500000, 0x0000000717500000| Untracked 
| 210|0x0000000717600000, 0x0000000717600000, 0x0000000717700000|  0%| F|  |TAMS 0x0000000717600000, 0x0000000717600000| Untracked 
| 211|0x0000000717700000, 0x0000000717700000, 0x0000000717800000|  0%| F|  |TAMS 0x0000000717700000, 0x0000000717700000| Untracked 
| 212|0x0000000717800000, 0x0000000717800000, 0x0000000717900000|  0%| F|  |TAMS 0x0000000717800000, 0x0000000717800000| Untracked 
| 213|0x0000000717900000, 0x0000000717900000, 0x0000000717a00000|  0%| F|  |TAMS 0x0000000717900000, 0x0000000717900000| Untracked 
| 214|0x0000000717a00000, 0x0000000717a00000, 0x0000000717b00000|  0%| F|  |TAMS 0x0000000717a00000, 0x0000000717a00000| Untracked 
| 215|0x0000000717b00000, 0x0000000717b00000, 0x0000000717c00000|  0%| F|  |TAMS 0x0000000717b00000, 0x0000000717b00000| Untracked 
| 216|0x0000000717c00000, 0x0000000717c00000, 0x0000000717d00000|  0%| F|  |TAMS 0x0000000717c00000, 0x0000000717c00000| Untracked 
| 217|0x0000000717d00000, 0x0000000717d00000, 0x0000000717e00000|  0%| F|  |TAMS 0x0000000717d00000, 0x0000000717d00000| Untracked 
| 218|0x0000000717e00000, 0x0000000717e00000, 0x0000000717f00000|  0%| F|  |TAMS 0x0000000717e00000, 0x0000000717e00000| Untracked 
| 219|0x0000000717f00000, 0x0000000717f00000, 0x0000000718000000|  0%| F|  |TAMS 0x0000000717f00000, 0x0000000717f00000| Untracked 
| 220|0x0000000718000000, 0x0000000718000000, 0x0000000718100000|  0%| F|  |TAMS 0x0000000718000000, 0x0000000718000000| Untracked 
| 221|0x0000000718100000, 0x0000000718100000, 0x0000000718200000|  0%| F|  |TAMS 0x0000000718100000, 0x0000000718100000| Untracked 
| 222|0x0000000718200000, 0x0000000718200000, 0x0000000718300000|  0%| F|  |TAMS 0x0000000718200000, 0x0000000718200000| Untracked 
| 223|0x0000000718300000, 0x0000000718300000, 0x0000000718400000|  0%| F|  |TAMS 0x0000000718300000, 0x0000000718300000| Untracked 
| 224|0x0000000718400000, 0x0000000718400000, 0x0000000718500000|  0%| F|  |TAMS 0x0000000718400000, 0x0000000718400000| Untracked 
| 225|0x0000000718500000, 0x0000000718500000, 0x0000000718600000|  0%| F|  |TAMS 0x0000000718500000, 0x0000000718500000| Untracked 
| 226|0x0000000718600000, 0x0000000718600000, 0x0000000718700000|  0%| F|  |TAMS 0x0000000718600000, 0x0000000718600000| Untracked 
| 227|0x0000000718700000, 0x0000000718700000, 0x0000000718800000|  0%| F|  |TAMS 0x0000000718700000, 0x0000000718700000| Untracked 
| 228|0x0000000718800000, 0x0000000718800000, 0x0000000718900000|  0%| F|  |TAMS 0x0000000718800000, 0x0000000718800000| Untracked 
| 229|0x0000000718900000, 0x0000000718900000, 0x0000000718a00000|  0%| F|  |TAMS 0x0000000718900000, 0x0000000718900000| Untracked 
| 230|0x0000000718a00000, 0x0000000718a00000, 0x0000000718b00000|  0%| F|  |TAMS 0x0000000718a00000, 0x0000000718a00000| Untracked 
| 231|0x0000000718b00000, 0x0000000718b00000, 0x0000000718c00000|  0%| F|  |TAMS 0x0000000718b00000, 0x0000000718b00000| Untracked 
| 232|0x0000000718c00000, 0x0000000718c00000, 0x0000000718d00000|  0%| F|  |TAMS 0x0000000718c00000, 0x0000000718c00000| Untracked 
| 233|0x0000000718d00000, 0x0000000718d00000, 0x0000000718e00000|  0%| F|  |TAMS 0x0000000718d00000, 0x0000000718d00000| Untracked 
| 234|0x0000000718e00000, 0x0000000718e00000, 0x0000000718f00000|  0%| F|  |TAMS 0x0000000718e00000, 0x0000000718e00000| Untracked 
| 235|0x0000000718f00000, 0x0000000718f00000, 0x0000000719000000|  0%| F|  |TAMS 0x0000000718f00000, 0x0000000718f00000| Untracked 
| 236|0x0000000719000000, 0x0000000719000000, 0x0000000719100000|  0%| F|  |TAMS 0x0000000719000000, 0x0000000719000000| Untracked 
| 237|0x0000000719100000, 0x0000000719100000, 0x0000000719200000|  0%| F|  |TAMS 0x0000000719100000, 0x0000000719100000| Untracked 
| 238|0x0000000719200000, 0x000000071927b638, 0x0000000719300000| 48%| E|  |TAMS 0x0000000719200000, 0x0000000719200000| Complete 
| 239|0x0000000719300000, 0x0000000719400000, 0x0000000719400000|100%| E|CS|TAMS 0x0000000719300000, 0x0000000719300000| Complete 
| 240|0x0000000719400000, 0x0000000719500000, 0x0000000719500000|100%| E|CS|TAMS 0x0000000719400000, 0x0000000719400000| Complete 
| 241|0x0000000719500000, 0x0000000719600000, 0x0000000719600000|100%| E|CS|TAMS 0x0000000719500000, 0x0000000719500000| Complete 
| 242|0x0000000719600000, 0x0000000719700000, 0x0000000719700000|100%| E|CS|TAMS 0x0000000719600000, 0x0000000719600000| Complete 
| 243|0x0000000719700000, 0x0000000719800000, 0x0000000719800000|100%| E|CS|TAMS 0x0000000719700000, 0x0000000719700000| Complete 
| 244|0x0000000719800000, 0x0000000719900000, 0x0000000719900000|100%| E|CS|TAMS 0x0000000719800000, 0x0000000719800000| Complete 
| 245|0x0000000719900000, 0x0000000719a00000, 0x0000000719a00000|100%| E|CS|TAMS 0x0000000719900000, 0x0000000719900000| Complete 
|2906|0x00000007bfe00000, 0x00000007bfe48000, 0x00000007bff00000| 28%|OA|  |TAMS 0x00000007bfe00000, 0x00000007bfe00000| Untracked 
|2907|0x00000007bff00000, 0x00000007bff6c000, 0x00000007c0000000| 42%|CA|  |TAMS 0x00000007bff00000, 0x00000007bff00000| Untracked 

Card table byte_map: [0x00007fc6ea09c000,0x00007fc6ea84a000] _byte_map_base: 0x00007fc6e684a000

Marking Bits (Prev, Next): (CMBitMap*) 0x00007fc6e407af28, (CMBitMap*) 0x00007fc6e407af60
 Prev Bits: [0x00007fc6c4290000, 0x00007fc6c8000000)
 Next Bits: [0x00007fc6c0520000, 0x00007fc6c4290000)

Polling page: 0x00007fc6ed4b6000

Metaspace:

Usage:
  Non-class:      4,56 MB capacity,     3,26 MB ( 72%) used,     1,28 MB ( 28%) free+waste,    11,81 KB ( <1%) overhead. 
      Class:    564,00 KB capacity,   391,12 KB ( 69%) used,   165,69 KB ( 29%) free+waste,     7,19 KB (  1%) overhead. 
       Both:      5,11 MB capacity,     3,64 MB ( 71%) used,     1,44 MB ( 28%) free+waste,    19,00 KB ( <1%) overhead. 

Virtual space:
  Non-class space:        8,00 MB reserved,       4,75 MB ( 59%) committed 
      Class space:        1,00 GB reserved,     640,00 KB ( <1%) committed 
             Both:        1,01 GB reserved,       5,38 MB ( <1%) committed 

Chunk freelists:
   Non-Class:  15,00 KB
       Class:  12,00 KB
        Both:  27,00 KB

MaxMetaspaceSize: unlimited
CompressedClassSpaceSize: 1,00 GB
Initial GC threshold: 20,80 MB
Current GC threshold: 20,80 MB
CDS: on

CodeHeap 'non-profiled nmethods': size=120032Kb used=199Kb max_used=199Kb free=119832Kb
 bounds [0x00007fc6d42b9000, 0x00007fc6d4529000, 0x00007fc6db7f1000]
CodeHeap 'profiled nmethods': size=120028Kb used=951Kb max_used=951Kb free=119076Kb
 bounds [0x00007fc6ccd82000, 0x00007fc6ccff2000, 0x00007fc6d42b9000]
CodeHeap 'non-nmethods': size=5700Kb used=1166Kb max_used=1184Kb free=4533Kb
 bounds [0x00007fc6cc7f1000, 0x00007fc6cca61000, 0x00007fc6ccd82000]
 total_blobs=1005 nmethods=586 adapters=333
 compilation: enabled
              stopped_count=0, restarted_count=0
 full_count=0

Compilation events (20 events):
Event: 0,212 Thread 0x00007fc6e41d8000  576  s    3       java.io.DataOutputStream::write (14 bytes)
Event: 0,212 Thread 0x00007fc6e41d8000 nmethod 576 0x00007fc6cce6b410 code [0x00007fc6cce6b5e0, 0x00007fc6cce6ba20]
Event: 0,212 Thread 0x00007fc6e41d8000  577       3       java.lang.reflect.ProxyGenerator$ConstantPool$IndirectEntry::equals (49 bytes)
Event: 0,212 Thread 0x00007fc6e41d8000 nmethod 577 0x00007fc6cce6bb10 code [0x00007fc6cce6bce0, 0x00007fc6cce6c130]
Event: 0,214 Thread 0x00007fc6e41d8000  578       3       java.lang.PublicMethods$Key::matches (31 bytes)
Event: 0,214 Thread 0x00007fc6e41d8000 nmethod 578 0x00007fc6cce6c210 code [0x00007fc6cce6c420, 0x00007fc6cce6c8b0]
Event: 0,214 Thread 0x00007fc6e41d8000  580       3       java.lang.invoke.MemberName::init (66 bytes)
Event: 0,214 Thread 0x00007fc6e41d8000 nmethod 580 0x00007fc6cce6ca90 code [0x00007fc6cce6cc40, 0x00007fc6cce6ceb0]
Event: 0,214 Thread 0x00007fc6e41d8000  579       3       java.lang.invoke.MemberName::flagsMods (72 bytes)
Event: 0,214 Thread 0x00007fc6e41d8000 nmethod 579 0x00007fc6cce6cf90 code [0x00007fc6cce6d140, 0x00007fc6cce6d250]
Event: 0,215 Thread 0x00007fc6e41d8000  582       3       sun.net.www.ParseUtil::firstEncodeIndex (86 bytes)
Event: 0,216 Thread 0x00007fc6e41d8000 nmethod 582 0x00007fc6cce6d310 code [0x00007fc6cce6d560, 0x00007fc6cce6df00]
Event: 0,216 Thread 0x00007fc694222000  583       4       java.lang.System::getSecurityManager (4 bytes)
Event: 0,216 Thread 0x00007fc6e41d8000  584       3       java.net.URL::isBuiltinStreamHandler (32 bytes)
Event: 0,216 Thread 0x00007fc694222000 nmethod 583 0x00007fc6d42e8590 code [0x00007fc6d42e8720, 0x00007fc6d42e8778]
Event: 0,217 Thread 0x00007fc6e41d8000 nmethod 584 0x00007fc6cce6e290 code [0x00007fc6cce6e560, 0x00007fc6cce6f450]
Event: 0,217 Thread 0x00007fc6e41d8000  585       3       java.net.URL::isBuiltinStreamHandler (7 bytes)
Event: 0,218 Thread 0x00007fc6e41d8000 nmethod 585 0x00007fc6cce6f990 code [0x00007fc6cce6fb60, 0x00007fc6cce6fd20]
Event: 0,218 Thread 0x00007fc6e41d8000  586       1       java.lang.reflect.Method::getModifiers (5 bytes)
Event: 0,218 Thread 0x00007fc6e41d8000 nmethod 586 0x00007fc6d42e8890 code [0x00007fc6d42e8a40, 0x00007fc6d42e8b10]

GC Heap History (0 events):
No events

Deoptimization events (8 events):
Event: 0,153 Thread 0x00007fc6e4016800 DEOPT PACKING pc=0x00007fc6cce20ae0 sp=0x00007fc6ebc49be0
Event: 0,153 Thread 0x00007fc6e4016800 DEOPT UNPACKING pc=0x00007fc6cc83a9fa sp=0x00007fc6ebc490d8 mode 0
Event: 0,153 Thread 0x00007fc6e4016800 DEOPT PACKING pc=0x00007fc6cce20ae0 sp=0x00007fc6ebc49be0
Event: 0,153 Thread 0x00007fc6e4016800 DEOPT UNPACKING pc=0x00007fc6cc83a9fa sp=0x00007fc6ebc490d8 mode 0
Event: 0,153 Thread 0x00007fc6e4016800 Uncommon trap: trap_request=0xffffff4d fr.pc=0x00007fc6d42da110 relative=0x0000000000000070
Event: 0,153 Thread 0x00007fc6e4016800 Uncommon trap: reason=unstable_if action=reinterpret pc=0x00007fc6d42da110 method=java.nio.Buffer.hasRemaining()Z @ 8 c2
Event: 0,153 Thread 0x00007fc6e4016800 DEOPT PACKING pc=0x00007fc6d42da110 sp=0x00007fc6ebc4a650
Event: 0,153 Thread 0x00007fc6e4016800 DEOPT UNPACKING pc=0x00007fc6cc7f92a5 sp=0x00007fc6ebc4a608 mode 2

Classes redefined (0 events):
No events

Internal exceptions (13 events):
Event: 0,079 Thread 0x00007fc6e4016800 Exception <a 'java/lang/ClassNotFoundException'{0x0000000719826bb8}: sun/awt/resources/spi/awtProvider> (0x0000000719826bb8) thrown at [src/hotspot/share/classfile/systemDictionary.cpp, line 230]
Event: 0,104 Thread 0x00007fc6e4016800 Exception <a 'java/io/FileNotFoundException'{0x00000007198c5bd0}> (0x00000007198c5bd0) thrown at [src/hotspot/share/prims/jni.cpp, line 617]
Event: 0,112 Thread 0x00007fc6e4016800 Exception <a 'java/lang/NoSuchMethodError'{0x00000007197210c8}: 'java.lang.Object java.lang.invoke.DirectMethodHandle$Holder.invokeStatic(java.lang.Object, java.lang.Object, java.lang.Object, java.lang.Object, java.lang.Object, java.lang.Object, java.lang.Object, java.lang.Object, java.lang.Object, java.lang.Object, java.lang.Object, java.lang.Object, java.lang.Object, java.lang.Object, java.lang.Object)'> (0x00000007197210c8) thrown at [src/hotspot/share/interpreter/linkResolver.cpp, line 772]
Event: 0,113 Thread 0x00007fc6e4016800 Exception <a 'java/lang/NoSuchMethodError'{0x000000071972ed58}: 'java.lang.Object java.lang.invoke.DirectMethodHandle$Holder.invokeStatic(java.lang.Object, java.lang.Object, java.lang.Object, java.lang.Object, java.lang.Object, java.lang.Object, java.lang.Object, java.lang.Object, java.lang.Object, java.lang.Object, java.lang.Object, java.lang.Object, java.lang.Object, java.lang.Object, java.lang.Object, java.lang.Object)'> (0x000000071972ed58) thrown at [src/hotspot/share/interpreter/linkResolver.cpp, lin
Event: 0,114 Thread 0x00007fc6e4016800 Exception <a 'java/lang/NoSuchMethodError'{0x000000071973c9c8}: 'java.lang.Object java.lang.invoke.DirectMethodHandle$Holder.invokeSpecial(java.lang.Object, java.lang.Object, int, int, java.lang.Object, java.lang.Object, java.lang.Object)'> (0x000000071973c9c8) thrown at [src/hotspot/share/interpreter/linkResolver.cpp, line 772]
Event: 0,115 Thread 0x00007fc6e4016800 Exception <a 'java/lang/NoSuchMethodError'{0x000000071973ff58}: 'java.lang.Object java.lang.invoke.DelegatingMethodHandle$Holder.reinvoke_L(java.lang.Object, int, int, java.lang.Object, java.lang.Object, java.lang.Object)'> (0x000000071973ff58) thrown at [src/hotspot/share/interpreter/linkResolver.cpp, line 772]
Event: 0,115 Thread 0x00007fc6e4016800 Exception <a 'java/lang/NoSuchMethodError'{0x00000007197442e0}: 'java.lang.Object java.lang.invoke.DirectMethodHandle$Holder.invokeStatic(java.lang.Object, java.lang.Object, java.lang.Object, java.lang.Object, int)'> (0x00000007197442e0) thrown at [src/hotspot/share/interpreter/linkResolver.cpp, line 772]
Event: 0,192 Thread 0x00007fc6e4016800 Exception <a 'java/lang/NoSuchMethodError'{0x00000007194fd190}: 'java.lang.Object java.lang.invoke.DirectMethodHandle$Holder.invokeStaticInit(java.lang.Object, java.lang.Object, long, java.lang.Object)'> (0x00000007194fd190) thrown at [src/hotspot/share/interpreter/linkResolver.cpp, line 772]
Event: 0,192 Thread 0x00007fc6e4016800 Exception <a 'java/lang/NoSuchMethodError'{0x0000000719309790}: 'java.lang.Object java.lang.invoke.Invokers$Holder.linkToTargetMethod(java.lang.Object, long, java.lang.Object)'> (0x0000000719309790) thrown at [src/hotspot/share/interpreter/linkResolver.cpp, line 772]
Event: 0,194 Thread 0x00007fc6e4016800 Exception <a 'java/lang/NoSuchMethodError'{0x00000007193106e8}: 'java.lang.Object java.lang.invoke.DirectMethodHandle$Holder.invokeStatic(java.lang.Object, java.lang.Object, java.lang.Object, int)'> (0x00000007193106e8) thrown at [src/hotspot/share/interpreter/linkResolver.cpp, line 772]
Event: 0,194 Thread 0x00007fc6e4016800 Exception <a 'java/lang/NoSuchMethodError'{0x0000000719314000}: 'java.lang.Object java.lang.invoke.DirectMethodHandle$Holder.invokeSpecial(java.lang.Object, java.lang.Object, java.lang.Object, java.lang.Object, int)'> (0x0000000719314000) thrown at [src/hotspot/share/interpreter/linkResolver.cpp, line 772]
Event: 0,194 Thread 0x00007fc6e4016800 Exception <a 'java/lang/NoSuchMethodError'{0x0000000719317068}: 'java.lang.Object java.lang.invoke.Invokers$Holder.linkToTargetMethod(java.lang.Object, java.lang.Object, int, java.lang.Object)'> (0x0000000719317068) thrown at [src/hotspot/share/interpreter/linkResolver.cpp, line 772]
Event: 0,207 Thread 0x00007fc6e4016800 Exception <a 'java/lang/UnsatisfiedLinkError'{0x0000000719205c40}: libZXingJava.so: no  possvel abrir arquivo compartilhado: Arquivo ou diretrio inexistente> (0x0000000719205c40) thrown at [src/hotspot/share/prims/jni.cpp, line 638]

Events (20 events):
Event: 0,214 loading class java/lang/TypeNotPresentException
Event: 0,214 loading class java/lang/TypeNotPresentException done
Event: 0,214 loading class com/sun/jna/Function
Event: 0,214 loading class com/sun/jna/Function done
Event: 0,215 loading class com/sun/jna/MethodParameterContext
Event: 0,215 loading class com/sun/jna/MethodParameterContext done
Event: 0,215 loading class com/sun/jna/FunctionParameterContext
Event: 0,215 loading class com/sun/jna/FunctionParameterContext done
Event: 0,216 loading class com/sun/jna/VarArgsChecker
Event: 0,216 loading class com/sun/jna/VarArgsChecker done
Event: 0,216 loading class com/sun/jna/VarArgsChecker$RealVarArgsChecker
Event: 0,216 loading class com/sun/jna/VarArgsChecker$RealVarArgsChecker done
Event: 0,216 loading class com/sun/jna/VarArgsChecker$NoVarArgsChecker
Event: 0,216 loading class com/sun/jna/VarArgsChecker$NoVarArgsChecker done
Event: 0,217 loading class com/sun/jna/Library$Handler$FunctionInfo
Event: 0,217 loading class com/sun/jna/Library$Handler$FunctionInfo done
Event: 0,217 loading class com/sun/jna/NativeString
Event: 0,217 loading class com/sun/jna/NativeString done
Event: 0,217 loading class com/sun/jna/NativeString$StringMemory
Event: 0,217 loading class com/sun/jna/NativeString$StringMemory done


Dynamic libraries:
70a400000-719a00000 rw-p 00000000 00:00 0 
719a00000-7bfe00000 ---p 00000000 00:00 0 
7bfe00000-7bfe48000 rw-p 00b13000 103:03 2232165                         /usr/lib/jvm/java-11-openjdk-amd64/lib/server/classes.jsa
7bfe48000-7bff00000 rw-p 00000000 00:00 0 
7bff00000-7bff6c000 rw-p 00aa7000 103:03 2232165                         /usr/lib/jvm/java-11-openjdk-amd64/lib/server/classes.jsa
7bff6c000-7c0000000 rw-p 00000000 00:00 0 
7c0000000-800000000 ---p 00000000 00:00 0 
800000000-800002000 rwxp 00001000 103:03 2232165                         /usr/lib/jvm/java-11-openjdk-amd64/lib/server/classes.jsa
800002000-8003ce000 rw-p 00003000 103:03 2232165                         /usr/lib/jvm/java-11-openjdk-amd64/lib/server/classes.jsa
8003ce000-800aa5000 r--p 003cf000 103:03 2232165                         /usr/lib/jvm/java-11-openjdk-amd64/lib/server/classes.jsa
800aa5000-800aa6000 rw-p 00aa6000 103:03 2232165                         /usr/lib/jvm/java-11-openjdk-amd64/lib/server/classes.jsa
840000000-8400a0000 rw-p 00000000 00:00 0 
8400a0000-880000000 ---p 00000000 00:00 0 
55bcd09fd000-55bcd09fe000 r--p 00000000 103:03 2230722                   /usr/lib/jvm/java-11-openjdk-amd64/bin/java
55bcd09fe000-55bcd09ff000 r-xp 00001000 103:03 2230722                   /usr/lib/jvm/java-11-openjdk-amd64/bin/java
55bcd09ff000-55bcd0a00000 r--p 00002000 103:03 2230722                   /usr/lib/jvm/java-11-openjdk-amd64/bin/java
55bcd0a00000-55bcd0a01000 r--p 00002000 103:03 2230722                   /usr/lib/jvm/java-11-openjdk-amd64/bin/java
55bcd0a01000-55bcd0a02000 rw-p 00003000 103:03 2230722                   /usr/lib/jvm/java-11-openjdk-amd64/bin/java
55bcd2180000-55bcd21a1000 rw-p 00000000 00:00 0                          [heap]
7fc670000000-7fc670021000 rw-p 00000000 00:00 0 
7fc670021000-7fc674000000 ---p 00000000 00:00 0 
7fc678000000-7fc678021000 rw-p 00000000 00:00 0 
7fc678021000-7fc67c000000 ---p 00000000 00:00 0 
7fc67c000000-7fc67c021000 rw-p 00000000 00:00 0 
7fc67c021000-7fc680000000 ---p 00000000 00:00 0 
7fc680000000-7fc680021000 rw-p 00000000 00:00 0 
7fc680021000-7fc684000000 ---p 00000000 00:00 0 
7fc684000000-7fc6840a2000 rw-p 00000000 00:00 0 
7fc6840a2000-7fc688000000 ---p 00000000 00:00 0 
7fc688000000-7fc688021000 rw-p 00000000 00:00 0 
7fc688021000-7fc68c000000 ---p 00000000 00:00 0 
7fc68c000000-7fc68c021000 rw-p 00000000 00:00 0 
7fc68c021000-7fc690000000 ---p 00000000 00:00 0 
7fc690000000-7fc69020c000 rw-p 00000000 00:00 0 
7fc69020c000-7fc694000000 ---p 00000000 00:00 0 
7fc694000000-7fc69425f000 rw-p 00000000 00:00 0 
7fc69425f000-7fc698000000 ---p 00000000 00:00 0 
7fc698000000-7fc698021000 rw-p 00000000 00:00 0 
7fc698021000-7fc69c000000 ---p 00000000 00:00 0 
7fc69c000000-7fc69c021000 rw-p 00000000 00:00 0 
7fc69c021000-7fc6a0000000 ---p 00000000 00:00 0 
7fc6a0000000-7fc6a0021000 rw-p 00000000 00:00 0 
7fc6a0021000-7fc6a4000000 ---p 00000000 00:00 0 
7fc6a4000000-7fc6a4021000 rw-p 00000000 00:00 0 
7fc6a4021000-7fc6a8000000 ---p 00000000 00:00 0 
7fc6a8000000-7fc6a8021000 rw-p 00000000 00:00 0 
7fc6a8021000-7fc6ac000000 ---p 00000000 00:00 0 
7fc6ac000000-7fc6ac021000 rw-p 00000000 00:00 0 
7fc6ac021000-7fc6b0000000 ---p 00000000 00:00 0 
7fc6b0000000-7fc6b0021000 rw-p 00000000 00:00 0 
7fc6b0021000-7fc6b4000000 ---p 00000000 00:00 0 
7fc6b4000000-7fc6b4021000 rw-p 00000000 00:00 0 
7fc6b4021000-7fc6b8000000 ---p 00000000 00:00 0 
7fc6b9041000-7fc6b9133000 r--p 00000000 103:03 1050664                   /usr/local/lib/libZXingJava.so
7fc6b9133000-7fc6b9234000 r-xp 000f2000 103:03 1050664                   /usr/local/lib/libZXingJava.so
7fc6b9234000-7fc6b92c0000 r--p 001f3000 103:03 1050664                   /usr/local/lib/libZXingJava.so
7fc6b92c0000-7fc6b92c1000 ---p 0027f000 103:03 1050664                   /usr/local/lib/libZXingJava.so
7fc6b92c1000-7fc6b92c2000 r--p 0027f000 103:03 1050664                   /usr/local/lib/libZXingJava.so
7fc6b92c2000-7fc6b92cf000 rw-p 00280000 103:03 1050664                   /usr/local/lib/libZXingJava.so
7fc6b92cf000-7fc6b92d3000 rw-p 00000000 00:00 0 
7fc6b92d3000-7fc6b92d7000 ---p 00000000 00:00 0 
7fc6b92d7000-7fc6b93d4000 rw-p 00000000 00:00 0 
7fc6b93d4000-7fc6b93f2000 r-xp 00000000 103:03 5377668                   /home/eduardo/.cache/JNA/temp/jna6931292421236306099.tmp (deleted)
7fc6b93f2000-7fc6b95f1000 ---p 0001e000 103:03 5377668                   /home/eduardo/.cache/JNA/temp/jna6931292421236306099.tmp (deleted)
7fc6b95f1000-7fc6b95f2000 rw-p 0001d000 103:03 5377668                   /home/eduardo/.cache/JNA/temp/jna6931292421236306099.tmp (deleted)
7fc6b95f2000-7fc6b95f3000 rw-p 00000000 00:00 0 
7fc6b95f3000-7fc6b95f7000 r--p 00000000 103:03 395299                    /usr/lib/x86_64-linux-gnu/libjpeg.so.8.2.2
7fc6b95f7000-7fc6b963b000 r-xp 00004000 103:03 395299                    /usr/lib/x86_64-linux-gnu/libjpeg.so.8.2.2
7fc6b963b000-7fc6b9675000 r--p 00048000 103:03 395299                    /usr/lib/x86_64-linux-gnu/libjpeg.so.8.2.2
7fc6b9675000-7fc6b9676000 ---p 00082000 103:03 395299                    /usr/lib/x86_64-linux-gnu/libjpeg.so.8.2.2
7fc6b9676000-7fc6b9677000 r--p 00082000 103:03 395299                    /usr/lib/x86_64-linux-gnu/libjpeg.so.8.2.2
7fc6b9677000-7fc6b9678000 rw-p 00083000 103:03 395299                    /usr/lib/x86_64-linux-gnu/libjpeg.so.8.2.2
7fc6b967d000-7fc6b9681000 ---p 00000000 00:00 0 
7fc6b9681000-7fc6b969f000 rw-p 00000000 00:00 0 
7fc6b969f000-7fc6b96a1000 r--p 00000000 103:03 2273413                   /usr/lib/jvm/java-11-openjdk-amd64/lib/libjavajpeg.so
7fc6b96a1000-7fc6b96a8000 r-xp 00002000 103:03 2273413                   /usr/lib/jvm/java-11-openjdk-amd64/lib/libjavajpeg.so
7fc6b96a8000-7fc6b96a9000 r--p 00009000 103:03 2273413                   /usr/lib/jvm/java-11-openjdk-amd64/lib/libjavajpeg.so
7fc6b96a9000-7fc6b96aa000 ---p 0000a000 103:03 2273413                   /usr/lib/jvm/java-11-openjdk-amd64/lib/libjavajpeg.so
7fc6b96aa000-7fc6b96ab000 r--p 0000a000 103:03 2273413                   /usr/lib/jvm/java-11-openjdk-amd64/lib/libjavajpeg.so
7fc6b96ab000-7fc6b96ac000 rw-p 0000b000 103:03 2273413                   /usr/lib/jvm/java-11-openjdk-amd64/lib/libjavajpeg.so
7fc6b96ac000-7fc6b96b0000 ---p 00000000 00:00 0 
7fc6b96b0000-7fc6b97ad000 rw-p 00000000 00:00 0 
7fc6b97ad000-7fc6b97b1000 ---p 00000000 00:00 0 
7fc6b97b1000-7fc6b98ae000 rw-p 00000000 00:00 0 
7fc6b98ae000-7fc6b98b5000 r--s 00000000 103:03 931822                    /usr/lib/x86_64-linux-gnu/gconv/gconv-modules.cache
7fc6b98b5000-7fc6b98c0000 r--p 00000000 103:03 401372                    /usr/lib/x86_64-linux-gnu/libxcb.so.1.1.0
7fc6b98c0000-7fc6b98d4000 r-xp 0000b000 103:03 401372                    /usr/lib/x86_64-linux-gnu/libxcb.so.1.1.0
7fc6b98d4000-7fc6b98dd000 r--p 0001f000 103:03 401372                    /usr/lib/x86_64-linux-gnu/libxcb.so.1.1.0
7fc6b98dd000-7fc6b98de000 r--p 00027000 103:03 401372                    /usr/lib/x86_64-linux-gnu/libxcb.so.1.1.0
7fc6b98de000-7fc6b98df000 rw-p 00028000 103:03 401372                    /usr/lib/x86_64-linux-gnu/libxcb.so.1.1.0
7fc6b98df000-7fc6b98e4000 r-xp 00000000 103:03 400073                    /usr/lib/x86_64-linux-gnu/libXtst.so.6.1.0
7fc6b98e4000-7fc6b9ae3000 ---p 00005000 103:03 400073                    /usr/lib/x86_64-linux-gnu/libXtst.so.6.1.0
7fc6b9ae3000-7fc6b9ae4000 r--p 00004000 103:03 400073                    /usr/lib/x86_64-linux-gnu/libXtst.so.6.1.0
7fc6b9ae4000-7fc6b9ae5000 rw-p 00005000 103:03 400073                    /usr/lib/x86_64-linux-gnu/libXtst.so.6.1.0
7fc6b9ae5000-7fc6b9aee000 r-xp 00000000 103:03 400067                    /usr/lib/x86_64-linux-gnu/libXrender.so.1.3.0
7fc6b9aee000-7fc6b9ced000 ---p 00009000 103:03 400067                    /usr/lib/x86_64-linux-gnu/libXrender.so.1.3.0
7fc6b9ced000-7fc6b9cee000 r--p 00008000 103:03 400067                    /usr/lib/x86_64-linux-gnu/libXrender.so.1.3.0
7fc6b9cee000-7fc6b9cef000 rw-p 00009000 103:03 400067                    /usr/lib/x86_64-linux-gnu/libXrender.so.1.3.0
7fc6b9cef000-7fc6b9d07000 r--p 00000000 103:03 397401                    /usr/lib/x86_64-linux-gnu/libX11.so.6.3.0
7fc6b9d07000-7fc6b9d92000 r-xp 00018000 103:03 397401                    /usr/lib/x86_64-linux-gnu/libX11.so.6.3.0
7fc6b9d92000-7fc6b9e26000 r--p 000a3000 103:03 397401                    /usr/lib/x86_64-linux-gnu/libX11.so.6.3.0
7fc6b9e26000-7fc6b9e27000 ---p 00137000 103:03 397401                    /usr/lib/x86_64-linux-gnu/libX11.so.6.3.0
7fc6b9e27000-7fc6b9e28000 r--p 00137000 103:03 397401                    /usr/lib/x86_64-linux-gnu/libX11.so.6.3.0
7fc6b9e28000-7fc6b9e2c000 rw-p 00138000 103:03 397401                    /usr/lib/x86_64-linux-gnu/libX11.so.6.3.0
7fc6b9e2c000-7fc6b9e58000 r--p 00000000 103:03 2273402                   /usr/lib/jvm/java-11-openjdk-amd64/lib/libawt.so
7fc6b9e58000-7fc6b9ec1000 r-xp 0002c000 103:03 2273402                   /usr/lib/jvm/java-11-openjdk-amd64/lib/libawt.so
7fc6b9ec1000-7fc6b9ecd000 r--p 00095000 103:03 2273402                   /usr/lib/jvm/java-11-openjdk-amd64/lib/libawt.so
7fc6b9ecd000-7fc6b9ece000 ---p 000a1000 103:03 2273402                   /usr/lib/jvm/java-11-openjdk-amd64/lib/libawt.so
7fc6b9ece000-7fc6b9ecf000 r--p 000a1000 103:03 2273402                   /usr/lib/jvm/java-11-openjdk-amd64/lib/libawt.so
7fc6b9ecf000-7fc6b9eda000 rw-p 000a2000 103:03 2273402                   /usr/lib/jvm/java-11-openjdk-amd64/lib/libawt.so
7fc6b9eda000-7fc6b9eff000 rw-p 00000000 00:00 0 
7fc6b9eff000-7fc6b9f03000 ---p 00000000 00:00 0 
7fc6b9f03000-7fc6bc000000 rw-p 00000000 00:00 0 
7fc6bc000000-7fc6bc021000 rw-p 00000000 00:00 0 
7fc6bc021000-7fc6c0000000 ---p 00000000 00:00 0 
7fc6c0000000-7fc6c0004000 r--p 00000000 103:03 400198                    /usr/lib/x86_64-linux-gnu/libbsd.so.0.10.0
7fc6c0004000-7fc6c0013000 r-xp 00004000 103:03 400198                    /usr/lib/x86_64-linux-gnu/libbsd.so.0.10.0
7fc6c0013000-7fc6c0016000 r--p 00013000 103:03 400198                    /usr/lib/x86_64-linux-gnu/libbsd.so.0.10.0
7fc6c0016000-7fc6c0017000 ---p 00016000 103:03 400198                    /usr/lib/x86_64-linux-gnu/libbsd.so.0.10.0
7fc6c0017000-7fc6c0018000 r--p 00016000 103:03 400198                    /usr/lib/x86_64-linux-gnu/libbsd.so.0.10.0
7fc6c0018000-7fc6c0019000 rw-p 00017000 103:03 400198                    /usr/lib/x86_64-linux-gnu/libbsd.so.0.10.0
7fc6c0019000-7fc6c001a000 rw-p 00000000 00:00 0 
7fc6c001a000-7fc6c001b000 ---p 00000000 00:00 0 
7fc6c001b000-7fc6c011c000 rw-p 00000000 00:00 0 
7fc6c011c000-7fc6c0120000 ---p 00000000 00:00 0 
7fc6c0120000-7fc6c021d000 rw-p 00000000 00:00 0 
7fc6c021d000-7fc6c0221000 ---p 00000000 00:00 0 
7fc6c0221000-7fc6c031e000 rw-p 00000000 00:00 0 
7fc6c031e000-7fc6c0322000 ---p 00000000 00:00 0 
7fc6c0322000-7fc6c041f000 rw-p 00000000 00:00 0 
7fc6c041f000-7fc6c0423000 ---p 00000000 00:00 0 
7fc6c0423000-7fc6c08f8000 rw-p 00000000 00:00 0 
7fc6c08f8000-7fc6c3288000 ---p 00000000 00:00 0 
7fc6c3288000-7fc6c3290000 rw-p 00000000 00:00 0 
7fc6c3290000-7fc6c4290000 ---p 00000000 00:00 0 
7fc6c4290000-7fc6c4668000 rw-p 00000000 00:00 0 
7fc6c4668000-7fc6c6ff8000 ---p 00000000 00:00 0 
7fc6c6ff8000-7fc6c7000000 rw-p 00000000 00:00 0 
7fc6c7000000-7fc6c8000000 ---p 00000000 00:00 0 
7fc6c8000000-7fc6c8021000 rw-p 00000000 00:00 0 
7fc6c8021000-7fc6cc000000 ---p 00000000 00:00 0 
7fc6cc001000-7fc6cc005000 r--p 00000000 103:03 400047                    /usr/lib/x86_64-linux-gnu/libXext.so.6.4.0
7fc6cc005000-7fc6cc010000 r-xp 00004000 103:03 400047                    /usr/lib/x86_64-linux-gnu/libXext.so.6.4.0
7fc6cc010000-7fc6cc014000 r--p 0000f000 103:03 400047                    /usr/lib/x86_64-linux-gnu/libXext.so.6.4.0
7fc6cc014000-7fc6cc015000 r--p 00012000 103:03 400047                    /usr/lib/x86_64-linux-gnu/libXext.so.6.4.0
7fc6cc015000-7fc6cc016000 rw-p 00013000 103:03 400047                    /usr/lib/x86_64-linux-gnu/libXext.so.6.4.0
7fc6cc016000-7fc6cc026000 r--p 00000000 103:03 2273354                   /usr/lib/jvm/java-11-openjdk-amd64/lib/libawt_xawt.so
7fc6cc026000-7fc6cc066000 r-xp 00010000 103:03 2273354                   /usr/lib/jvm/java-11-openjdk-amd64/lib/libawt_xawt.so
7fc6cc066000-7fc6cc078000 r--p 00050000 103:03 2273354                   /usr/lib/jvm/java-11-openjdk-amd64/lib/libawt_xawt.so
7fc6cc078000-7fc6cc079000 r--p 00061000 103:03 2273354                   /usr/lib/jvm/java-11-openjdk-amd64/lib/libawt_xawt.so
7fc6cc079000-7fc6cc07b000 rw-p 00062000 103:03 2273354                   /usr/lib/jvm/java-11-openjdk-amd64/lib/libawt_xawt.so
7fc6cc07b000-7fc6cc07d000 rw-p 00000000 00:00 0 
7fc6cc07d000-7fc6cc081000 ---p 00000000 00:00 0 
7fc6cc081000-7fc6cc17e000 rw-p 00000000 00:00 0 
7fc6cc17e000-7fc6cc6f0000 r--p 00000000 103:03 394020                    /usr/lib/locale/locale-archive
7fc6cc6f0000-7fc6cc6f4000 ---p 00000000 00:00 0 
7fc6cc6f4000-7fc6cc7f1000 rw-p 00000000 00:00 0 
7fc6cc7f1000-7fc6cca61000 rwxp 00000000 00:00 0 
7fc6cca61000-7fc6ccd82000 ---p 00000000 00:00 0 
7fc6ccd82000-7fc6ccff2000 rwxp 00000000 00:00 0 
7fc6ccff2000-7fc6d42b9000 ---p 00000000 00:00 0 
7fc6d42b9000-7fc6d4529000 rwxp 00000000 00:00 0 
7fc6d4529000-7fc6db7f1000 ---p 00000000 00:00 0 
7fc6db7f1000-7fc6e4000000 r--s 00000000 103:03 2273433                   /usr/lib/jvm/java-11-openjdk-amd64/lib/modules
7fc6e4000000-7fc6e43cd000 rw-p 00000000 00:00 0 
7fc6e43cd000-7fc6e8000000 ---p 00000000 00:00 0 
7fc6e8001000-7fc6e8003000 r--p 00000000 103:03 400055                    /usr/lib/x86_64-linux-gnu/libXi.so.6.1.0
7fc6e8003000-7fc6e800e000 r-xp 00002000 103:03 400055                    /usr/lib/x86_64-linux-gnu/libXi.so.6.1.0
7fc6e800e000-7fc6e8011000 r--p 0000d000 103:03 400055                    /usr/lib/x86_64-linux-gnu/libXi.so.6.1.0
7fc6e8011000-7fc6e8012000 r--p 0000f000 103:03 400055                    /usr/lib/x86_64-linux-gnu/libXi.so.6.1.0
7fc6e8012000-7fc6e8013000 rw-p 00010000 103:03 400055                    /usr/lib/x86_64-linux-gnu/libXi.so.6.1.0
7fc6e8014000-7fc6e803a000 r--p 00000000 103:03 2622352                   /usr/share/locale-langpack/pt_BR/LC_MESSAGES/libc.mo
7fc6e803a000-7fc6e806b000 rw-p 00000000 00:00 0 
7fc6e806b000-7fc6e806f000 r--p 00000000 103:03 2273423                   /usr/lib/jvm/java-11-openjdk-amd64/lib/libnet.so
7fc6e806f000-7fc6e807d000 r-xp 00004000 103:03 2273423                   /usr/lib/jvm/java-11-openjdk-amd64/lib/libnet.so
7fc6e807d000-7fc6e8081000 r--p 00012000 103:03 2273423                   /usr/lib/jvm/java-11-openjdk-amd64/lib/libnet.so
7fc6e8081000-7fc6e8082000 r--p 00015000 103:03 2273423                   /usr/lib/jvm/java-11-openjdk-amd64/lib/libnet.so
7fc6e8082000-7fc6e8083000 rw-p 00016000 103:03 2273423                   /usr/lib/jvm/java-11-openjdk-amd64/lib/libnet.so
7fc6e8083000-7fc6e808a000 r--p 00000000 103:03 2273424                   /usr/lib/jvm/java-11-openjdk-amd64/lib/libnio.so
7fc6e808a000-7fc6e8092000 r-xp 00007000 103:03 2273424                   /usr/lib/jvm/java-11-openjdk-amd64/lib/libnio.so
7fc6e8092000-7fc6e8095000 r--p 0000f000 103:03 2273424                   /usr/lib/jvm/java-11-openjdk-amd64/lib/libnio.so
7fc6e8095000-7fc6e8096000 r--p 00011000 103:03 2273424                   /usr/lib/jvm/java-11-openjdk-amd64/lib/libnio.so
7fc6e8096000-7fc6e8097000 rw-p 00012000 103:03 2273424                   /usr/lib/jvm/java-11-openjdk-amd64/lib/libnio.so
7fc6e8097000-7fc6e809b000 ---p 00000000 00:00 0 
7fc6e809b000-7fc6e8198000 rw-p 00000000 00:00 0 
7fc6e8198000-7fc6e8199000 ---p 00000000 00:00 0 
7fc6e8199000-7fc6e885e000 rw-p 00000000 00:00 0 
7fc6e885e000-7fc6e8b9e000 ---p 00000000 00:00 0 
7fc6e8b9e000-7fc6e8be0000 rw-p 00000000 00:00 0 
7fc6e8be0000-7fc6e8be1000 ---p 00000000 00:00 0 
7fc6e8be1000-7fc6e8ce2000 rw-p 00000000 00:00 0 
7fc6e8ce2000-7fc6e8ce3000 ---p 00000000 00:00 0 
7fc6e8ce3000-7fc6e95ec000 rw-p 00000000 00:00 0 
7fc6e95ec000-7fc6e95ed000 ---p 00000000 00:00 0 
7fc6e95ed000-7fc6e96ee000 rw-p 00000000 00:00 0 
7fc6e96ee000-7fc6e96ef000 ---p 00000000 00:00 0 
7fc6e96ef000-7fc6e9969000 rw-p 00000000 00:00 0 
7fc6e9969000-7fc6e9e9b000 ---p 00000000 00:00 0 
7fc6e9e9b000-7fc6e9e9c000 rw-p 00000000 00:00 0 
7fc6e9e9c000-7fc6ea09c000 ---p 00000000 00:00 0 
7fc6ea09c000-7fc6ea117000 rw-p 00000000 00:00 0 
7fc6ea117000-7fc6ea649000 ---p 00000000 00:00 0 
7fc6ea649000-7fc6ea64a000 rw-p 00000000 00:00 0 
7fc6ea64a000-7fc6ea84a000 ---p 00000000 00:00 0 
7fc6ea84a000-7fc6ea8c5000 rw-p 00000000 00:00 0 
7fc6ea8c5000-7fc6eadf7000 ---p 00000000 00:00 0 
7fc6eadf7000-7fc6eadf8000 rw-p 00000000 00:00 0 
7fc6eadf8000-7fc6eaff8000 ---p 00000000 00:00 0 
7fc6eaff8000-7fc6eb800000 rw-p 00000000 00:00 0 
7fc6eb800000-7fc6eb801000 ---p 00000000 00:00 0 
7fc6eb801000-7fc6eb907000 rw-p 00000000 00:00 0 
7fc6eb907000-7fc6eb9ed000 ---p 00000000 00:00 0 
7fc6eb9ed000-7fc6eb9f2000 rw-p 00000000 00:00 0 
7fc6eb9f2000-7fc6ebad8000 ---p 00000000 00:00 0 
7fc6ebad8000-7fc6ebadb000 r--p 00000000 103:03 394907                    /usr/lib/x86_64-linux-gnu/libnss_files-2.31.so
7fc6ebadb000-7fc6ebae2000 r-xp 00003000 103:03 394907                    /usr/lib/x86_64-linux-gnu/libnss_files-2.31.so
7fc6ebae2000-7fc6ebae4000 r--p 0000a000 103:03 394907                    /usr/lib/x86_64-linux-gnu/libnss_files-2.31.so
7fc6ebae4000-7fc6ebae5000 r--p 0000b000 103:03 394907                    /usr/lib/x86_64-linux-gnu/libnss_files-2.31.so
7fc6ebae5000-7fc6ebae6000 rw-p 0000c000 103:03 394907                    /usr/lib/x86_64-linux-gnu/libnss_files-2.31.so
7fc6ebae6000-7fc6ebaec000 rw-p 00000000 00:00 0 
7fc6ebaee000-7fc6ebaf0000 r--p 00000000 103:03 400045                    /usr/lib/x86_64-linux-gnu/libXdmcp.so.6.0.0
7fc6ebaf0000-7fc6ebaf2000 r-xp 00002000 103:03 400045                    /usr/lib/x86_64-linux-gnu/libXdmcp.so.6.0.0
7fc6ebaf2000-7fc6ebaf4000 r--p 00004000 103:03 400045                    /usr/lib/x86_64-linux-gnu/libXdmcp.so.6.0.0
7fc6ebaf4000-7fc6ebaf5000 r--p 00005000 103:03 400045                    /usr/lib/x86_64-linux-gnu/libXdmcp.so.6.0.0
7fc6ebaf5000-7fc6ebaf6000 rw-p 00006000 103:03 400045                    /usr/lib/x86_64-linux-gnu/libXdmcp.so.6.0.0
7fc6ebaf6000-7fc6ebaf7000 r--p 00000000 103:03 400034                    /usr/lib/x86_64-linux-gnu/libXau.so.6.0.0
7fc6ebaf7000-7fc6ebaf9000 r-xp 00001000 103:03 400034                    /usr/lib/x86_64-linux-gnu/libXau.so.6.0.0
7fc6ebaf9000-7fc6ebafa000 r--p 00003000 103:03 400034                    /usr/lib/x86_64-linux-gnu/libXau.so.6.0.0
7fc6ebafa000-7fc6ebafb000 r--p 00003000 103:03 400034                    /usr/lib/x86_64-linux-gnu/libXau.so.6.0.0
7fc6ebafb000-7fc6ebafc000 rw-p 00004000 103:03 400034                    /usr/lib/x86_64-linux-gnu/libXau.so.6.0.0
7fc6ebafc000-7fc6ebb01000 rw-p 00000000 00:00 0 
7fc6ebb01000-7fc6ebb08000 ---p 00000000 00:00 0 
7fc6ebb08000-7fc6ebb0a000 r--p 00000000 103:03 2273432                   /usr/lib/jvm/java-11-openjdk-amd64/lib/libzip.so
7fc6ebb0a000-7fc6ebb0f000 r-xp 00002000 103:03 2273432                   /usr/lib/jvm/java-11-openjdk-amd64/lib/libzip.so
7fc6ebb0f000-7fc6ebb11000 r--p 00007000 103:03 2273432                   /usr/lib/jvm/java-11-openjdk-amd64/lib/libzip.so
7fc6ebb11000-7fc6ebb12000 r--p 00008000 103:03 2273432                   /usr/lib/jvm/java-11-openjdk-amd64/lib/libzip.so
7fc6ebb12000-7fc6ebb13000 rw-p 00009000 103:03 2273432                   /usr/lib/jvm/java-11-openjdk-amd64/lib/libzip.so
7fc6ebb13000-7fc6ebb21000 r--p 00000000 103:03 2273412                   /usr/lib/jvm/java-11-openjdk-amd64/lib/libjava.so
7fc6ebb21000-7fc6ebb37000 r-xp 0000e000 103:03 2273412                   /usr/lib/jvm/java-11-openjdk-amd64/lib/libjava.so
7fc6ebb37000-7fc6ebb3e000 r--p 00024000 103:03 2273412                   /usr/lib/jvm/java-11-openjdk-amd64/lib/libjava.so
7fc6ebb3e000-7fc6ebb3f000 r--p 0002a000 103:03 2273412                   /usr/lib/jvm/java-11-openjdk-amd64/lib/libjava.so
7fc6ebb3f000-7fc6ebb40000 rw-p 0002b000 103:03 2273412                   /usr/lib/jvm/java-11-openjdk-amd64/lib/libjava.so
7fc6ebb40000-7fc6ebb41000 rw-p 00000000 00:00 0 
7fc6ebb41000-7fc6ebb43000 r--p 00000000 103:03 395360                    /usr/lib/x86_64-linux-gnu/librt-2.31.so
7fc6ebb43000-7fc6ebb47000 r-xp 00002000 103:03 395360                    /usr/lib/x86_64-linux-gnu/librt-2.31.so
7fc6ebb47000-7fc6ebb49000 r--p 00006000 103:03 395360                    /usr/lib/x86_64-linux-gnu/librt-2.31.so
7fc6ebb49000-7fc6ebb4a000 r--p 00007000 103:03 395360                    /usr/lib/x86_64-linux-gnu/librt-2.31.so
7fc6ebb4a000-7fc6ebb4b000 rw-p 00008000 103:03 395360                    /usr/lib/x86_64-linux-gnu/librt-2.31.so
7fc6ebb4b000-7fc6ebb4f000 ---p 00000000 00:00 0 
7fc6ebb4f000-7fc6ebc4c000 rw-p 00000000 00:00 0 
7fc6ebc4c000-7fc6ebc4f000 r--p 00000000 103:03 395513                    /usr/lib/x86_64-linux-gnu/libgcc_s.so.1
7fc6ebc4f000-7fc6ebc61000 r-xp 00003000 103:03 395513                    /usr/lib/x86_64-linux-gnu/libgcc_s.so.1
7fc6ebc61000-7fc6ebc65000 r--p 00015000 103:03 395513                    /usr/lib/x86_64-linux-gnu/libgcc_s.so.1
7fc6ebc65000-7fc6ebc66000 r--p 00018000 103:03 395513                    /usr/lib/x86_64-linux-gnu/libgcc_s.so.1
7fc6ebc66000-7fc6ebc67000 rw-p 00019000 103:03 395513                    /usr/lib/x86_64-linux-gnu/libgcc_s.so.1
7fc6ebc67000-7fc6ebc74000 r--p 00000000 103:03 393842                    /usr/lib/x86_64-linux-gnu/libm-2.31.so
7fc6ebc74000-7fc6ebd1b000 r-xp 0000d000 103:03 393842                    /usr/lib/x86_64-linux-gnu/libm-2.31.so
7fc6ebd1b000-7fc6ebdb4000 r--p 000b4000 103:03 393842                    /usr/lib/x86_64-linux-gnu/libm-2.31.so
7fc6ebdb4000-7fc6ebdb5000 r--p 0014c000 103:03 393842                    /usr/lib/x86_64-linux-gnu/libm-2.31.so
7fc6ebdb5000-7fc6ebdb6000 rw-p 0014d000 103:03 393842                    /usr/lib/x86_64-linux-gnu/libm-2.31.so
7fc6ebdb6000-7fc6ebe4c000 r--p 00000000 103:03 394152                    /usr/lib/x86_64-linux-gnu/libstdc++.so.6.0.28
7fc6ebe4c000-7fc6ebf3d000 r-xp 00096000 103:03 394152                    /usr/lib/x86_64-linux-gnu/libstdc++.so.6.0.28
7fc6ebf3d000-7fc6ebf86000 r--p 00187000 103:03 394152                    /usr/lib/x86_64-linux-gnu/libstdc++.so.6.0.28
7fc6ebf86000-7fc6ebf87000 ---p 001d0000 103:03 394152                    /usr/lib/x86_64-linux-gnu/libstdc++.so.6.0.28
7fc6ebf87000-7fc6ebf92000 r--p 001d0000 103:03 394152                    /usr/lib/x86_64-linux-gnu/libstdc++.so.6.0.28
7fc6ebf92000-7fc6ebf95000 rw-p 001db000 103:03 394152                    /usr/lib/x86_64-linux-gnu/libstdc++.so.6.0.28
7fc6ebf95000-7fc6ebf98000 rw-p 00000000 00:00 0 
7fc6ebf98000-7fc6ec21a000 r--p 00000000 103:03 2273436                   /usr/lib/jvm/java-11-openjdk-amd64/lib/server/libjvm.so
7fc6ec21a000-7fc6eceab000 r-xp 00282000 103:03 2273436                   /usr/lib/jvm/java-11-openjdk-amd64/lib/server/libjvm.so
7fc6eceab000-7fc6ed10a000 r--p 00f13000 103:03 2273436                   /usr/lib/jvm/java-11-openjdk-amd64/lib/server/libjvm.so
7fc6ed10a000-7fc6ed1ce000 r--p 01171000 103:03 2273436                   /usr/lib/jvm/java-11-openjdk-amd64/lib/server/libjvm.so
7fc6ed1ce000-7fc6ed209000 rw-p 01235000 103:03 2273436                   /usr/lib/jvm/java-11-openjdk-amd64/lib/server/libjvm.so
7fc6ed209000-7fc6ed262000 rw-p 00000000 00:00 0 
7fc6ed262000-7fc6ed284000 r--p 00000000 103:03 393319                    /usr/lib/x86_64-linux-gnu/libc-2.31.so
7fc6ed284000-7fc6ed3fc000 r-xp 00022000 103:03 393319                    /usr/lib/x86_64-linux-gnu/libc-2.31.so
7fc6ed3fc000-7fc6ed44a000 r--p 0019a000 103:03 393319                    /usr/lib/x86_64-linux-gnu/libc-2.31.so
7fc6ed44a000-7fc6ed44e000 r--p 001e7000 103:03 393319                    /usr/lib/x86_64-linux-gnu/libc-2.31.so
7fc6ed44e000-7fc6ed450000 rw-p 001eb000 103:03 393319                    /usr/lib/x86_64-linux-gnu/libc-2.31.so
7fc6ed450000-7fc6ed454000 rw-p 00000000 00:00 0 
7fc6ed454000-7fc6ed455000 r--p 00000000 103:03 393432                    /usr/lib/x86_64-linux-gnu/libdl-2.31.so
7fc6ed455000-7fc6ed457000 r-xp 00001000 103:03 393432                    /usr/lib/x86_64-linux-gnu/libdl-2.31.so
7fc6ed457000-7fc6ed458000 r--p 00003000 103:03 393432                    /usr/lib/x86_64-linux-gnu/libdl-2.31.so
7fc6ed458000-7fc6ed459000 r--p 00003000 103:03 393432                    /usr/lib/x86_64-linux-gnu/libdl-2.31.so
7fc6ed459000-7fc6ed45a000 rw-p 00004000 103:03 393432                    /usr/lib/x86_64-linux-gnu/libdl-2.31.so
7fc6ed45a000-7fc6ed45d000 r--p 00000000 103:03 2273397                   /usr/lib/jvm/java-11-openjdk-amd64/lib/jli/libjli.so
7fc6ed45d000-7fc6ed467000 r-xp 00003000 103:03 2273397                   /usr/lib/jvm/java-11-openjdk-amd64/lib/jli/libjli.so
7fc6ed467000-7fc6ed46a000 r--p 0000d000 103:03 2273397                   /usr/lib/jvm/java-11-openjdk-amd64/lib/jli/libjli.so
7fc6ed46a000-7fc6ed46b000 ---p 00010000 103:03 2273397                   /usr/lib/jvm/java-11-openjdk-amd64/lib/jli/libjli.so
7fc6ed46b000-7fc6ed46c000 r--p 00010000 103:03 2273397                   /usr/lib/jvm/java-11-openjdk-amd64/lib/jli/libjli.so
7fc6ed46c000-7fc6ed46d000 rw-p 00011000 103:03 2273397                   /usr/lib/jvm/java-11-openjdk-amd64/lib/jli/libjli.so
7fc6ed46d000-7fc6ed473000 r--p 00000000 103:03 395358                    /usr/lib/x86_64-linux-gnu/libpthread-2.31.so
7fc6ed473000-7fc6ed484000 r-xp 00006000 103:03 395358                    /usr/lib/x86_64-linux-gnu/libpthread-2.31.so
7fc6ed484000-7fc6ed48a000 r--p 00017000 103:03 395358                    /usr/lib/x86_64-linux-gnu/libpthread-2.31.so
7fc6ed48a000-7fc6ed48b000 r--p 0001c000 103:03 395358                    /usr/lib/x86_64-linux-gnu/libpthread-2.31.so
7fc6ed48b000-7fc6ed48c000 rw-p 0001d000 103:03 395358                    /usr/lib/x86_64-linux-gnu/libpthread-2.31.so
7fc6ed48c000-7fc6ed490000 rw-p 00000000 00:00 0 
7fc6ed490000-7fc6ed492000 r--p 00000000 103:03 393419                    /usr/lib/x86_64-linux-gnu/libz.so.1.2.11
7fc6ed492000-7fc6ed4a3000 r-xp 00002000 103:03 393419                    /usr/lib/x86_64-linux-gnu/libz.so.1.2.11
7fc6ed4a3000-7fc6ed4a9000 r--p 00013000 103:03 393419                    /usr/lib/x86_64-linux-gnu/libz.so.1.2.11
7fc6ed4a9000-7fc6ed4aa000 ---p 00019000 103:03 393419                    /usr/lib/x86_64-linux-gnu/libz.so.1.2.11
7fc6ed4aa000-7fc6ed4ab000 r--p 00019000 103:03 393419                    /usr/lib/x86_64-linux-gnu/libz.so.1.2.11
7fc6ed4ab000-7fc6ed4ac000 rw-p 0001a000 103:03 393419                    /usr/lib/x86_64-linux-gnu/libz.so.1.2.11
7fc6ed4ae000-7fc6ed4b6000 rw-s 00000000 103:03 12583100                  /tmp/hsperfdata_eduardo/17630
7fc6ed4b6000-7fc6ed4b7000 ---p 00000000 00:00 0 
7fc6ed4b7000-7fc6ed4b8000 r--p 00000000 00:00 0 
7fc6ed4b8000-7fc6ed4ba000 r--p 00000000 103:03 2273415                   /usr/lib/jvm/java-11-openjdk-amd64/lib/libjimage.so
7fc6ed4ba000-7fc6ed4bd000 r-xp 00002000 103:03 2273415                   /usr/lib/jvm/java-11-openjdk-amd64/lib/libjimage.so
7fc6ed4bd000-7fc6ed4be000 r--p 00005000 103:03 2273415                   /usr/lib/jvm/java-11-openjdk-amd64/lib/libjimage.so
7fc6ed4be000-7fc6ed4bf000 ---p 00006000 103:03 2273415                   /usr/lib/jvm/java-11-openjdk-amd64/lib/libjimage.so
7fc6ed4bf000-7fc6ed4c0000 r--p 00006000 103:03 2273415                   /usr/lib/jvm/java-11-openjdk-amd64/lib/libjimage.so
7fc6ed4c0000-7fc6ed4c1000 rw-p 00007000 103:03 2273415                   /usr/lib/jvm/java-11-openjdk-amd64/lib/libjimage.so
7fc6ed4c1000-7fc6ed4c6000 r--p 00000000 103:03 2273431                   /usr/lib/jvm/java-11-openjdk-amd64/lib/libverify.so
7fc6ed4c6000-7fc6ed4cd000 r-xp 00005000 103:03 2273431                   /usr/lib/jvm/java-11-openjdk-amd64/lib/libverify.so
7fc6ed4cd000-7fc6ed4cf000 r--p 0000c000 103:03 2273431                   /usr/lib/jvm/java-11-openjdk-amd64/lib/libverify.so
7fc6ed4cf000-7fc6ed4d0000 ---p 0000e000 103:03 2273431                   /usr/lib/jvm/java-11-openjdk-amd64/lib/libverify.so
7fc6ed4d0000-7fc6ed4d2000 r--p 0000e000 103:03 2273431                   /usr/lib/jvm/java-11-openjdk-amd64/lib/libverify.so
7fc6ed4d2000-7fc6ed4d3000 rw-p 00010000 103:03 2273431                   /usr/lib/jvm/java-11-openjdk-amd64/lib/libverify.so
7fc6ed4d3000-7fc6ed4d5000 rw-p 00000000 00:00 0 
7fc6ed4d5000-7fc6ed4d6000 r--p 00000000 103:03 393292                    /usr/lib/x86_64-linux-gnu/ld-2.31.so
7fc6ed4d6000-7fc6ed4f9000 r-xp 00001000 103:03 393292                    /usr/lib/x86_64-linux-gnu/ld-2.31.so
7fc6ed4f9000-7fc6ed501000 r--p 00024000 103:03 393292                    /usr/lib/x86_64-linux-gnu/ld-2.31.so
7fc6ed502000-7fc6ed503000 r--p 0002c000 103:03 393292                    /usr/lib/x86_64-linux-gnu/ld-2.31.so
7fc6ed503000-7fc6ed504000 rw-p 0002d000 103:03 393292                    /usr/lib/x86_64-linux-gnu/ld-2.31.so
7fc6ed504000-7fc6ed505000 rw-p 00000000 00:00 0 
7ffdd5cb8000-7ffdd5cd9000 rw-p 00000000 00:00 0                          [stack]
7ffdd5dd0000-7ffdd5dd4000 r--p 00000000 00:00 0                          [vvar]
7ffdd5dd4000-7ffdd5dd6000 r-xp 00000000 00:00 0                          [vdso]
ffffffffff600000-ffffffffff601000 --xp 00000000 00:00 0                  [vsyscall]


VM Arguments:
jvm_args: -Dfile.encoding=UTF-8 
java_command: loadCplus.ZXingBarcodeReader
java_class_path (initial): /home/eduardo/Documentos/Workspaces/Projetos/loadCplus/target/classes:/home/eduardo/.m2/repository/net/java/dev/jna/jna/5.13.0/jna-5.13.0.jar
Launcher Type: SUN_STANDARD

[Global flags]
     intx CICompilerCount                          = 4                                         {product} {ergonomic}
     uint ConcGCThreads                            = 2                                         {product} {ergonomic}
     uint G1ConcRefinementThreads                  = 8                                         {product} {ergonomic}
   size_t G1HeapRegionSize                         = 1048576                                   {product} {ergonomic}
    uintx GCDrainStackTargetSize                   = 64                                        {product} {ergonomic}
   size_t InitialHeapSize                          = 257949696                                 {product} {ergonomic}
   size_t MarkStackSize                            = 4194304                                   {product} {ergonomic}
   size_t MaxHeapSize                              = 4123000832                                {product} {ergonomic}
   size_t MaxNewSize                               = 2473590784                                {product} {ergonomic}
   size_t MinHeapDeltaBytes                        = 1048576                                   {product} {ergonomic}
    uintx NonNMethodCodeHeapSize                   = 5836300                                {pd product} {ergonomic}
    uintx NonProfiledCodeHeapSize                  = 122910970                              {pd product} {ergonomic}
    uintx ProfiledCodeHeapSize                     = 122910970                              {pd product} {ergonomic}
    uintx ReservedCodeCacheSize                    = 251658240                              {pd product} {ergonomic}
     bool SegmentedCodeCache                       = true                                      {product} {ergonomic}
     bool UseCompressedClassPointers               = true                                 {lp64_product} {ergonomic}
     bool UseCompressedOops                        = true                                 {lp64_product} {ergonomic}
     bool UseG1GC                                  = true                                      {product} {ergonomic}

Logging:
Log output configuration:
 #0: stdout all=warning uptime,level,tags
 #1: stderr all=off uptime,level,tags

Environment Variables:
JAVA_HOME=/usr/lib/jvm/java-11-openjdk-amd64/
JRE_HOME=/usr/lib/jvm/java-11-openjdk-amd64/bin/java/jre/
PATH=/home/eduardo/.local/bin:/usr/lib/jvm/jdk1.8.0_202/bin:/usr/local/sbin:/usr/local/bin:/usr/sbin:/usr/bin:/sbin:/bin:/usr/games:/usr/local/games:/snap/bin/usr/lib/jvm/jdk1.8.0_202/bin:/usr/lib/jvm/jdk1.8.0_202/db/bin:/usr/lib/jvm/jdk1.8.0_202/jre/bin:/snap/bin:/usr/lib/jvm/java-11-openjdk-amd64/bin
USERNAME=eduardo
SHELL=/usr/bin/zsh
DISPLAY=:0
LANG=pt_BR.UTF-8

Signal Handlers:
SIGSEGV: [libjvm.so+0xea02e0], sa_mask[0]=11111111011111111101111111111110, sa_flags=SA_RESTART|SA_SIGINFO
SIGBUS: [libjvm.so+0xea02e0], sa_mask[0]=11111111011111111101111111111110, sa_flags=SA_RESTART|SA_SIGINFO
SIGFPE: [libjvm.so+0xea02e0], sa_mask[0]=11111111011111111101111111111110, sa_flags=SA_RESTART|SA_SIGINFO
SIGPIPE: [libjvm.so+0xbe5be0], sa_mask[0]=11111111011111111101111111111110, sa_flags=SA_RESTART|SA_SIGINFO
SIGXFSZ: [libjvm.so+0xbe5be0], sa_mask[0]=11111111011111111101111111111110, sa_flags=SA_RESTART|SA_SIGINFO
SIGILL: [libjvm.so+0xea02e0], sa_mask[0]=11111111011111111101111111111110, sa_flags=SA_RESTART|SA_SIGINFO
SIGUSR2: [libjvm.so+0xbe5a80], sa_mask[0]=00100000000000000000000000000000, sa_flags=SA_RESTART|SA_SIGINFO
SIGHUP: [libjvm.so+0xbe6130], sa_mask[0]=11111111011111111101111111111110, sa_flags=SA_RESTART|SA_SIGINFO
SIGINT: [libjvm.so+0xbe6130], sa_mask[0]=11111111011111111101111111111110, sa_flags=SA_RESTART|SA_SIGINFO
SIGTERM: [libjvm.so+0xbe6130], sa_mask[0]=11111111011111111101111111111110, sa_flags=SA_RESTART|SA_SIGINFO
SIGQUIT: [libjvm.so+0xbe6130], sa_mask[0]=11111111011111111101111111111110, sa_flags=SA_RESTART|SA_SIGINFO


---------------  S Y S T E M  ---------------

OS:DISTRIB_ID=Ubuntu
DISTRIB_RELEASE=20.04
DISTRIB_CODENAME=focal
DISTRIB_DESCRIPTION="Ubuntu 20.04.6 LTS"
uname:Linux 5.15.0-87-generic #97~20.04.1-Ubuntu SMP Thu Oct 5 08:25:28 UTC 2023 x86_64
OS uptime: 0 days 0:44 hours
libc:glibc 2.31 NPTL 2.31 
rlimit (soft/hard): STACK 8192k/infinity , CORE 0k/infinity , NPROC 62439/62439 , NOFILE 1048576/1048576 , AS infinity/infinity , CPU infinity/infinity , DATA infinity/infinity , FSIZE infinity/infinity , MEMLOCK 65536k/65536k
load average:0,47 0,57 0,68

/proc/meminfo:
MemTotal:       16102524 kB
MemFree:          828724 kB
MemAvailable:    6076796 kB
Buffers:          338168 kB
Cached:          6652544 kB
SwapCached:            0 kB
Active:          1810504 kB
Inactive:       11483076 kB
Active(anon):      22860 kB
Inactive(anon):  7929608 kB
Active(file):    1787644 kB
Inactive(file):  3553468 kB
Unevictable:     1196344 kB
Mlocked:             208 kB
SwapTotal:      10485752 kB
SwapFree:       10485752 kB
Dirty:              1836 kB
Writeback:             0 kB
AnonPages:       7499420 kB
Mapped:          1907332 kB
Shmem:           1649600 kB
KReclaimable:     249520 kB
Slab:             461880 kB
SReclaimable:     249520 kB
SUnreclaim:       212360 kB
KernelStack:       32880 kB
PageTables:        91528 kB
NFS_Unstable:          0 kB
Bounce:                0 kB
WritebackTmp:          0 kB
CommitLimit:    18537012 kB
Committed_AS:   23215440 kB
VmallocTotal:   34359738367 kB
VmallocUsed:       70016 kB
VmallocChunk:          0 kB
Percpu:             9376 kB
HardwareCorrupted:     0 kB
AnonHugePages:         0 kB
ShmemHugePages:        0 kB
ShmemPmdMapped:        0 kB
FileHugePages:         0 kB
FilePmdMapped:         0 kB
HugePages_Total:       0
HugePages_Free:        0
HugePages_Rsvd:        0
HugePages_Surp:        0
Hugepagesize:       2048 kB
Hugetlb:               0 kB
DirectMap4k:      560300 kB
DirectMap2M:    14897152 kB
DirectMap1G:     2097152 kB

/sys/kernel/mm/transparent_hugepage/enabled:
always [madvise] never
/sys/kernel/mm/transparent_hugepage/defrag (defrag/compaction efforts parameter):
always defer defer+madvise [madvise] never

Process Memory:
Virtual Size: 7057064K (peak: 15535056K)
Resident Set Size: 60780K (peak: 61164K) (anon: 29688K, file: 31092K, shmem: 0K)
Swapped out: 0K
C-Heap outstanding allocations: 26017K, retained: 2734K
glibc malloc tunables: (default)

/proc/sys/kernel/threads-max (system-wide limit on the number of threads):
124879
/proc/sys/vm/max_map_count (maximum number of memory map areas a process may have):
65530
/proc/sys/kernel/pid_max (system-wide limit on number of process identifiers):
4194304

container (cgroup) information:
container_type: cgroupv1
cpu_cpuset_cpus: 0-7
cpu_memory_nodes: 0
active_processor_count: 8
cpu_quota: no quota
cpu_period: 100000
cpu_shares: no shares
memory_limit_in_bytes: unlimited
memory_and_swap_limit_in_bytes: unlimited
memory_soft_limit_in_bytes: unlimited
memory_usage_in_bytes: 12015064 k
memory_max_usage_in_bytes: 12069704 k
kernel_memory_usage_in_bytes: 305312 k
kernel_memory_max_usage_in_bytes: unlimited
kernel_memory_limit_in_bytes: 307408 k
maximum number of tasks: unlimited
current number of tasks: 1612

Steal ticks since vm start: 0
Steal ticks percentage since vm start:  0,000

CPU:total 8 (initial active 8) (4 cores per cpu, 2 threads per core) family 6 model 140 stepping 1 microcode 0xac, cmov, cx8, fxsr, mmx, sse, sse2, sse3, ssse3, sse4.1, sse4.2, popcnt, avx, avx2, aes, clmul, erms, 3dnowpref, lzcnt, ht, tsc, tscinvbit, bmi1, bmi2, adx, evex, sha, fma
CPU Model and flags from /proc/cpuinfo:
model name	: 11th Gen Intel(R) Core(TM) i7-1165G7 @ 2.80GHz
flags		: fpu vme de pse tsc msr pae mce cx8 apic sep mtrr pge mca cmov pat pse36 clflush dts acpi mmx fxsr sse sse2 ss ht tm pbe syscall nx pdpe1gb rdtscp lm constant_tsc art arch_perfmon pebs bts rep_good nopl xtopology nonstop_tsc cpuid aperfmperf tsc_known_freq pni pclmulqdq dtes64 monitor ds_cpl vmx est tm2 ssse3 sdbg fma cx16 xtpr pdcm pcid sse4_1 sse4_2 x2apic movbe popcnt tsc_deadline_timer aes xsave avx f16c rdrand lahf_lm abm 3dnowprefetch cpuid_fault epb cat_l2 invpcid_single cdp_l2 ssbd ibrs ibpb stibp ibrs_enhanced tpr_shadow vnmi flexpriority ept vpid ept_ad fsgsbase tsc_adjust bmi1 avx2 smep bmi2 erms invpcid rdt_a avx512f avx512dq rdseed adx smap avx512ifma clflushopt clwb intel_pt avx512cd sha_ni avx512bw avx512vl xsaveopt xsavec xgetbv1 xsaves split_lock_detect dtherm ida arat pln pts hwp hwp_notify hwp_act_window hwp_epp hwp_pkg_req avx512vbmi umip pku ospke avx512_vbmi2 gfni vaes vpclmulqdq avx512_vnni avx512_bitalg avx512_vpopcntdq rdpid movdiri movdir64b fsrm avx512_vp2intersect md_clear flush_l1d arch_capabilities
Online cpus:
0-7
Offline cpus:

BIOS frequency limitation:
<Not Available>
Frequency switch latency (ns):
0
Available cpu frequencies:
<Not Available>
Current governor:
powersave
Core performance/turbo boost:
<Not Available>

Memory: 4k page, physical 16102524k(828724k free), swap 10485752k(10485752k free)

vm_info: OpenJDK 64-Bit Server VM (11.0.20.1+1-post-Ubuntu-0ubuntu120.04) for linux-amd64 JRE (11.0.20.1+1-post-Ubuntu-0ubuntu120.04), built on Aug 24 2023 23:12:13 by "unknown" with gcc 9.4.0

END.
