#
# A fatal error has been detected by the Java Runtime Environment:
#
#  SIGSEGV (0xb) at pc=0x00007f75e3630363, pid=12484, tid=12489
#
# JRE version: OpenJDK Runtime Environment (11.0.20.1+1) (build 11.0.20.1+1-post-Ubuntu-0ubuntu120.04)
# Java VM: OpenJDK 64-Bit Server VM (11.0.20.1+1-post-Ubuntu-0ubuntu120.04, mixed mode, sharing, tiered, compressed oops, g1 gc, linux-amd64)
# Problematic frame:
# C  [libZXing.so+0x54363]  ZXing::SetupLumImageView(ZXing::ImageView, ZXing::LumImage&, ZXing::DecodeHints const&)+0xa03
#
# Core dump will be written. Default location: Core dumps may be processed with "/usr/share/apport/apport -p%p -s%s -c%c -d%d -P%P -u%u -g%g -- %E" (or dumping to /home/eduardo/Documentos/Workspaces/Projetos/loadCplus/core.12484)
#
# If you would like to submit a bug report, please visit:
#   https://bugs.launchpad.net/ubuntu/+source/openjdk-lts
# The crash happened outside the Java Virtual Machine in native code.
# See problematic frame for where to report the bug.
#

---------------  S U M M A R Y ------------

Command Line: -Dfile.encoding=UTF-8 loadCplus.ZXingBarcodeReader

Host: 11th Gen Intel(R) Core(TM) i7-1165G7 @ 2.80GHz, 8 cores, 15G, Ubuntu 20.04.6 LTS
Time: Wed Oct 25 08:27:34 2023 -03 elapsed time: 0.207833 seconds (0d 0h 0m 0s)

---------------  T H R E A D  ---------------

Current thread (0x00007f7640016800):  JavaThread "main" [_thread_in_native, id=12489, stack(0x00007f7645f0a000,0x00007f764600b000)]

Stack: [0x00007f7645f0a000,0x00007f764600b000],  sp=0x00007f7646008920,  free space=1018k
Native frames: (J=compiled Java code, A=aot compiled Java code, j=interpreted, Vv=VM code, C=native code)
C  [libZXing.so+0x54363]  ZXing::SetupLumImageView(ZXing::ImageView, ZXing::LumImage&, ZXing::DecodeHints const&)+0xa03

Java frames: (J=compiled Java code, j=interpreted, Vv=VM code)
j  com.sun.jna.Native.invokePointer(Lcom/sun/jna/Function;JI[Ljava/lang/Object;)J+0
j  com.sun.jna.Function.invokePointer(I[Ljava/lang/Object;)Lcom/sun/jna/Pointer;+7
j  com.sun.jna.Function.invoke([Ljava/lang/Object;Ljava/lang/Class;ZI)Ljava/lang/Object;+520
j  com.sun.jna.Function.invoke(Ljava/lang/reflect/Method;[Ljava/lang/Class;Ljava/lang/Class;[Ljava/lang/Object;Ljava/util/Map;)Ljava/lang/Object;+271
j  com.sun.jna.Library$Handler.invoke(Ljava/lang/Object;Ljava/lang/reflect/Method;[Ljava/lang/Object;)Ljava/lang/Object;+390
j  com.sun.proxy.$Proxy0.JavaReadBarcodes([BIII[Ljava/lang/String;)[Ljava/lang/String;+43
j  loadCplus.ZXingBarcodeReader.main([Ljava/lang/String;)V+62
v  ~StubRoutines::call_stub

siginfo: si_signo: 11 (SIGSEGV), si_code: 2 (SEGV_ACCERR), si_addr: 0x00007f764037e000

Register to memory mapping:

RAX=0x00007f764037e000 is an unknown value
RBX=0x0000000000000003 is an unknown value
RCX=0x0 is NULL
RDX=0x00007f75e3479c4a points into unknown readable memory: 00 00 00 00 00 00
RSP=0x00007f7646008920 is pointing into the stack for thread: 0x00007f7640016800
RBP=0x00007f764037d832 points into unknown readable memory: 21 01 7f 7f 69 99
RSI=0x00007f764037e000 is an unknown value
RDI=0x00007f75e3479cd0 points into unknown readable memory: 0x0000000000000000 | 00 00 00 00 00 00 00 00
R8 =0x0000000000000055 is an unknown value
R9 =0x0000000000000002 is an unknown value
R10=0xfffffffffffffce0 is an unknown value
R11=0x0 is NULL
R12=0x0 is NULL
R13=0x0000000000000001 is an unknown value
R14=0x0000000000000320 is an unknown value
R15=0x0000000000000960 is an unknown value


Registers:
RAX=0x00007f764037e000, RBX=0x0000000000000003, RCX=0x0000000000000000, RDX=0x00007f75e3479c4a
RSP=0x00007f7646008920, RBP=0x00007f764037d832, RSI=0x00007f764037e000, RDI=0x00007f75e3479cd0
R8 =0x0000000000000055, R9 =0x0000000000000002, R10=0xfffffffffffffce0, R11=0x0000000000000000
R12=0x0000000000000000, R13=0x0000000000000001, R14=0x0000000000000320, R15=0x0000000000000960
RIP=0x00007f75e3630363, EFLAGS=0x0000000000010283, CSGSFS=0x002b000000000033, ERR=0x0000000000000004
  TRAPNO=0x000000000000000e

Top of Stack: (sp=0x00007f7646008920)
0x00007f7646008920:   0000000000000000 00007f7646008a90
0x00007f7646008930:   0000032000000243 00007f7646008ad0
0x00007f7646008940:   cafebabecafebabe 0000000000000001
0x00007f7646008950:   0000000000000000 0000000000000000 

Instructions: (pc=0x00007f75e3630363)
0x00007f75e3630263:   fc ff 8b 4c 24 18 48 89 c7 8b 44 24 10 85 c0 7e
0x00007f75e3630273:   53 85 c9 7e 4f 44 8d 51 ff 48 63 5c 24 14 44 8b
0x00007f75e3630283:   64 24 10 31 f6 48 89 f8 45 31 c0 49 83 c2 01 66
0x00007f75e3630293:   0f 1f 44 00 00 4a 8d 54 05 00 4e 8d 0c 10 0f 1f
0x00007f75e36302a3:   80 00 00 00 00 44 0f b6 1a 48 83 c0 01 48 01 da
0x00007f75e36302b3:   44 88 58 ff 4c 39 c8 75 ec 83 c6 01 4d 01 f8 44
0x00007f75e36302c3:   39 e6 75 d1 4d 8b 46 20 8b 44 24 10 49 89 3e 49
0x00007f75e36302d3:   89 7e 20 41 c7 46 08 00 00 00 01 4c 89 c7 41 89
0x00007f75e36302e3:   4e 0c 41 89 46 10 41 c7 46 14 01 00 00 00 41 89
0x00007f75e36302f3:   4e 18 4d 85 c0 0f 85 06 ff ff ff e9 df f6 ff ff
0x00007f75e3630303:   0f 1f 44 00 00 48 89 fe 31 c0 e9 50 fa ff ff 66
0x00007f75e3630313:   0f 1f 44 00 00 44 8d 51 ff 4c 63 cb 48 8b 7c 24
0x00007f75e3630323:   50 45 31 c0 48 63 5c 24 14 89 4c 24 14 49 8d 42
0x00007f75e3630333:   01 4c 01 cd 4c 63 6c 24 28 4c 89 74 24 18 48 01
0x00007f75e3630343:   c7 49 f7 d2 49 89 c6 66 0f 1f 44 00 00 49 8d 14
0x00007f75e3630353:   3a 48 89 e8 66 0f 1f 84 00 00 00 00 00 48 89 c6
0x00007f75e3630363:   44 0f b6 18 48 83 c2 01 48 01 d8 4c 29 ce 42 0f
0x00007f75e3630373:   b6 0c 26 42 0f b6 34 2e 45 6b db 75 69 c9 32 01
0x00007f75e3630383:   00 00 69 f6 59 02 00 00 41 8d 8c 0b 00 02 00 00
0x00007f75e3630393:   01 f1 c1 e9 0a 88 4a ff 48 39 fa 75 c0 41 83 c0
0x00007f75e36303a3:   01 4c 01 f7 4c 01 fd 44 3b 44 24 10 75 9f 8b 4c
0x00007f75e36303b3:   24 14 4c 8b 74 24 18 e9 0c fe ff ff 90 f3 0f 1e
0x00007f75e36303c3:   fa 41 55 41 54 49 89 fc 55 48 89 d5 40 80 fe 02
0x00007f75e36303d3:   74 7b 77 31 40 84 f6 0f 84 b0 00 00 00 bf 38 00
0x00007f75e36303e3:   00 00 e8 a6 9a fc ff 48 89 ee 48 89 c7 49 89 c5
0x00007f75e36303f3:   e8 c8 9b fc ff 4d 89 2c 24 4c 89 e0 5d 41 5c 41
0x00007f75e3630403:   5d c3 0f 1f 00 40 80 fe 03 0f 85 9e 00 00 00 bf
0x00007f75e3630413:   40 00 00 00 e8 74 9a fc ff 48 89 ee 48 89 c7 49
0x00007f75e3630423:   89 c5 e8 36 95 fc ff 48 8b 05 ef 39 11 00 41 c6
0x00007f75e3630433:   45 38 00 48 83 c0 10 49 89 45 00 4c 89 e0 5d 4d
0x00007f75e3630443:   89 2c 24 41 5c 41 5d c3 0f 1f 44 00 00 bf 40 00
0x00007f75e3630453:   00 00 e8 36 9a fc ff 48 89 ee 48 89 c7 49 89 c5 


Stack slot to memory mapping:
stack at sp + 0 slots: 0x0 is NULL
stack at sp + 1 slots: 0x00007f7646008a90 is pointing into the stack for thread: 0x00007f7640016800
stack at sp + 2 slots: 0x0000032000000243 is an unknown value
stack at sp + 3 slots: 0x00007f7646008ad0 is pointing into the stack for thread: 0x00007f7640016800
stack at sp + 4 slots: 0xcafebabecafebabe is an unknown value
stack at sp + 5 slots: 0x0000000000000001 is an unknown value
stack at sp + 6 slots: 0x0 is NULL
stack at sp + 7 slots: 0x0 is NULL


---------------  P R O C E S S  ---------------

Threads class SMR info:
_java_thread_list=0x00007f764033a1a0, length=13, elements={
0x00007f7640016800, 0x00007f76401ca000, 0x00007f76401cc000, 0x00007f76401d2000,
0x00007f76401d4000, 0x00007f76401d6000, 0x00007f76401d8000, 0x00007f76401da000,
0x00007f764022d000, 0x00007f75f0212000, 0x00007f764029f800, 0x00007f7640334800,
0x00007f7640339000
}

Java Threads: ( => current thread )
=>0x00007f7640016800 JavaThread "main" [_thread_in_native, id=12489, stack(0x00007f7645f0a000,0x00007f764600b000)]
  0x00007f76401ca000 JavaThread "Reference Handler" daemon [_thread_blocked, id=12496, stack(0x00007f761511b000,0x00007f761521c000)]
  0x00007f76401cc000 JavaThread "Finalizer" daemon [_thread_blocked, id=12497, stack(0x00007f761501a000,0x00007f761511b000)]
  0x00007f76401d2000 JavaThread "Signal Dispatcher" daemon [_thread_blocked, id=12498, stack(0x00007f76149a7000,0x00007f7614aa8000)]
  0x00007f76401d4000 JavaThread "Service Thread" daemon [_thread_blocked, id=12499, stack(0x00007f76148a6000,0x00007f76149a7000)]
  0x00007f76401d6000 JavaThread "C2 CompilerThread0" daemon [_thread_blocked, id=12500, stack(0x00007f76147a5000,0x00007f76148a6000)]
  0x00007f76401d8000 JavaThread "C1 CompilerThread0" daemon [_thread_blocked, id=12501, stack(0x00007f76146a4000,0x00007f76147a5000)]
  0x00007f76401da000 JavaThread "Sweeper thread" daemon [_thread_blocked, id=12502, stack(0x00007f76145a3000,0x00007f76146a4000)]
  0x00007f764022d000 JavaThread "Common-Cleaner" daemon [_thread_blocked, id=12504, stack(0x00007f76143a0000,0x00007f76144a1000)]
  0x00007f75f0212000 JavaThread "C2 CompilerThread1" daemon [_thread_blocked, id=12505, stack(0x00007f75e3aef000,0x00007f75e3bf0000)]
  0x00007f764029f800 JavaThread "Java2D Disposer" daemon [_thread_blocked, id=12506, stack(0x00007f75e39ee000,0x00007f75e3aef000)]
  0x00007f7640334800 JavaThread "process reaper" daemon [_thread_blocked, id=12508, stack(0x00007f7614045000,0x00007f7614067000)]
  0x00007f7640339000 JavaThread "JNA Cleaner" daemon [_thread_blocked, id=12509, stack(0x00007f75e34db000,0x00007f75e35dc000)]

Other Threads:
  0x00007f76401c7800 VMThread "VM Thread" [stack: 0x00007f761521e000,0x00007f761531e000] [id=12495]
  0x00007f764022b000 WatcherThread [stack: 0x00007f76144a3000,0x00007f76145a3000] [id=12503]
  0x00007f764002e000 GCTaskThread "GC Thread#0" [stack: 0x00007f7645bc1000,0x00007f7645cc1000] [id=12490]
  0x00007f764008b000 ConcurrentGCThread "G1 Main Marker" [stack: 0x00007f764425d000,0x00007f764435d000] [id=12491]
  0x00007f764008d000 ConcurrentGCThread "G1 Conc#0" [stack: 0x00007f764415b000,0x00007f764425b000] [id=12492]
  0x00007f7640189800 ConcurrentGCThread "G1 Refine#0" [stack: 0x00007f7615cfe000,0x00007f7615dfe000] [id=12493]
  0x00007f764018b000 ConcurrentGCThread "G1 Young RemSet Sampling" [stack: 0x00007f7615bfc000,0x00007f7615cfc000] [id=12494]

Threads with active compile tasks:

VM state:not at safepoint (normal execution)

VM Mutex/Monitor currently owned by a thread: None

Heap address: 0x000000070a400000, size: 3932 MB, Compressed Oops mode: Zero based, Oop shift amount: 3
Narrow klass base: 0x0000000800000000, Narrow klass shift: 3
Compressed class space size: 1073741824 Address: 0x0000000840000000

Heap:
 garbage-first heap   total 253952K, used 9936K [0x000000070a400000, 0x0000000800000000)
  region size 1024K, 8 young (8192K), 0 survivors (0K)
 Metaspace       used 3708K, capacity 5201K, committed 5504K, reserved 1056768K
  class space    used 386K, capacity 532K, committed 640K, reserved 1048576K
Heap Regions: E=young(eden), S=young(survivor), O=old, HS=humongous(starts), HC=humongous(continues), CS=collection set, F=free, A=archive, TAMS=top-at-mark-start (previous, next)
|   0|0x000000070a400000, 0x000000070a500000, 0x000000070a500000|100%|HS|  |TAMS 0x000000070a400000, 0x000000070a400000| Complete 
|   1|0x000000070a500000, 0x000000070a600000, 0x000000070a600000|100%|HC|  |TAMS 0x000000070a500000, 0x000000070a500000| Complete 
|   2|0x000000070a600000, 0x000000070a600000, 0x000000070a700000|  0%| F|  |TAMS 0x000000070a600000, 0x000000070a600000| Untracked 
|   3|0x000000070a700000, 0x000000070a700000, 0x000000070a800000|  0%| F|  |TAMS 0x000000070a700000, 0x000000070a700000| Untracked 
|   4|0x000000070a800000, 0x000000070a800000, 0x000000070a900000|  0%| F|  |TAMS 0x000000070a800000, 0x000000070a800000| Untracked 
|   5|0x000000070a900000, 0x000000070a900000, 0x000000070aa00000|  0%| F|  |TAMS 0x000000070a900000, 0x000000070a900000| Untracked 
|   6|0x000000070aa00000, 0x000000070aa00000, 0x000000070ab00000|  0%| F|  |TAMS 0x000000070aa00000, 0x000000070aa00000| Untracked 
|   7|0x000000070ab00000, 0x000000070ab00000, 0x000000070ac00000|  0%| F|  |TAMS 0x000000070ab00000, 0x000000070ab00000| Untracked 
|   8|0x000000070ac00000, 0x000000070ac00000, 0x000000070ad00000|  0%| F|  |TAMS 0x000000070ac00000, 0x000000070ac00000| Untracked 
|   9|0x000000070ad00000, 0x000000070ad00000, 0x000000070ae00000|  0%| F|  |TAMS 0x000000070ad00000, 0x000000070ad00000| Untracked 
|  10|0x000000070ae00000, 0x000000070ae00000, 0x000000070af00000|  0%| F|  |TAMS 0x000000070ae00000, 0x000000070ae00000| Untracked 
|  11|0x000000070af00000, 0x000000070af00000, 0x000000070b000000|  0%| F|  |TAMS 0x000000070af00000, 0x000000070af00000| Untracked 
|  12|0x000000070b000000, 0x000000070b000000, 0x000000070b100000|  0%| F|  |TAMS 0x000000070b000000, 0x000000070b000000| Untracked 
|  13|0x000000070b100000, 0x000000070b100000, 0x000000070b200000|  0%| F|  |TAMS 0x000000070b100000, 0x000000070b100000| Untracked 
|  14|0x000000070b200000, 0x000000070b200000, 0x000000070b300000|  0%| F|  |TAMS 0x000000070b200000, 0x000000070b200000| Untracked 
|  15|0x000000070b300000, 0x000000070b300000, 0x000000070b400000|  0%| F|  |TAMS 0x000000070b300000, 0x000000070b300000| Untracked 
|  16|0x000000070b400000, 0x000000070b400000, 0x000000070b500000|  0%| F|  |TAMS 0x000000070b400000, 0x000000070b400000| Untracked 
|  17|0x000000070b500000, 0x000000070b500000, 0x000000070b600000|  0%| F|  |TAMS 0x000000070b500000, 0x000000070b500000| Untracked 
|  18|0x000000070b600000, 0x000000070b600000, 0x000000070b700000|  0%| F|  |TAMS 0x000000070b600000, 0x000000070b600000| Untracked 
|  19|0x000000070b700000, 0x000000070b700000, 0x000000070b800000|  0%| F|  |TAMS 0x000000070b700000, 0x000000070b700000| Untracked 
|  20|0x000000070b800000, 0x000000070b800000, 0x000000070b900000|  0%| F|  |TAMS 0x000000070b800000, 0x000000070b800000| Untracked 
|  21|0x000000070b900000, 0x000000070b900000, 0x000000070ba00000|  0%| F|  |TAMS 0x000000070b900000, 0x000000070b900000| Untracked 
|  22|0x000000070ba00000, 0x000000070ba00000, 0x000000070bb00000|  0%| F|  |TAMS 0x000000070ba00000, 0x000000070ba00000| Untracked 
|  23|0x000000070bb00000, 0x000000070bb00000, 0x000000070bc00000|  0%| F|  |TAMS 0x000000070bb00000, 0x000000070bb00000| Untracked 
|  24|0x000000070bc00000, 0x000000070bc00000, 0x000000070bd00000|  0%| F|  |TAMS 0x000000070bc00000, 0x000000070bc00000| Untracked 
|  25|0x000000070bd00000, 0x000000070bd00000, 0x000000070be00000|  0%| F|  |TAMS 0x000000070bd00000, 0x000000070bd00000| Untracked 
|  26|0x000000070be00000, 0x000000070be00000, 0x000000070bf00000|  0%| F|  |TAMS 0x000000070be00000, 0x000000070be00000| Untracked 
|  27|0x000000070bf00000, 0x000000070bf00000, 0x000000070c000000|  0%| F|  |TAMS 0x000000070bf00000, 0x000000070bf00000| Untracked 
|  28|0x000000070c000000, 0x000000070c000000, 0x000000070c100000|  0%| F|  |TAMS 0x000000070c000000, 0x000000070c000000| Untracked 
|  29|0x000000070c100000, 0x000000070c100000, 0x000000070c200000|  0%| F|  |TAMS 0x000000070c100000, 0x000000070c100000| Untracked 
|  30|0x000000070c200000, 0x000000070c200000, 0x000000070c300000|  0%| F|  |TAMS 0x000000070c200000, 0x000000070c200000| Untracked 
|  31|0x000000070c300000, 0x000000070c300000, 0x000000070c400000|  0%| F|  |TAMS 0x000000070c300000, 0x000000070c300000| Untracked 
|  32|0x000000070c400000, 0x000000070c400000, 0x000000070c500000|  0%| F|  |TAMS 0x000000070c400000, 0x000000070c400000| Untracked 
|  33|0x000000070c500000, 0x000000070c500000, 0x000000070c600000|  0%| F|  |TAMS 0x000000070c500000, 0x000000070c500000| Untracked 
|  34|0x000000070c600000, 0x000000070c600000, 0x000000070c700000|  0%| F|  |TAMS 0x000000070c600000, 0x000000070c600000| Untracked 
|  35|0x000000070c700000, 0x000000070c700000, 0x000000070c800000|  0%| F|  |TAMS 0x000000070c700000, 0x000000070c700000| Untracked 
|  36|0x000000070c800000, 0x000000070c800000, 0x000000070c900000|  0%| F|  |TAMS 0x000000070c800000, 0x000000070c800000| Untracked 
|  37|0x000000070c900000, 0x000000070c900000, 0x000000070ca00000|  0%| F|  |TAMS 0x000000070c900000, 0x000000070c900000| Untracked 
|  38|0x000000070ca00000, 0x000000070ca00000, 0x000000070cb00000|  0%| F|  |TAMS 0x000000070ca00000, 0x000000070ca00000| Untracked 
|  39|0x000000070cb00000, 0x000000070cb00000, 0x000000070cc00000|  0%| F|  |TAMS 0x000000070cb00000, 0x000000070cb00000| Untracked 
|  40|0x000000070cc00000, 0x000000070cc00000, 0x000000070cd00000|  0%| F|  |TAMS 0x000000070cc00000, 0x000000070cc00000| Untracked 
|  41|0x000000070cd00000, 0x000000070cd00000, 0x000000070ce00000|  0%| F|  |TAMS 0x000000070cd00000, 0x000000070cd00000| Untracked 
|  42|0x000000070ce00000, 0x000000070ce00000, 0x000000070cf00000|  0%| F|  |TAMS 0x000000070ce00000, 0x000000070ce00000| Untracked 
|  43|0x000000070cf00000, 0x000000070cf00000, 0x000000070d000000|  0%| F|  |TAMS 0x000000070cf00000, 0x000000070cf00000| Untracked 
|  44|0x000000070d000000, 0x000000070d000000, 0x000000070d100000|  0%| F|  |TAMS 0x000000070d000000, 0x000000070d000000| Untracked 
|  45|0x000000070d100000, 0x000000070d100000, 0x000000070d200000|  0%| F|  |TAMS 0x000000070d100000, 0x000000070d100000| Untracked 
|  46|0x000000070d200000, 0x000000070d200000, 0x000000070d300000|  0%| F|  |TAMS 0x000000070d200000, 0x000000070d200000| Untracked 
|  47|0x000000070d300000, 0x000000070d300000, 0x000000070d400000|  0%| F|  |TAMS 0x000000070d300000, 0x000000070d300000| Untracked 
|  48|0x000000070d400000, 0x000000070d400000, 0x000000070d500000|  0%| F|  |TAMS 0x000000070d400000, 0x000000070d400000| Untracked 
|  49|0x000000070d500000, 0x000000070d500000, 0x000000070d600000|  0%| F|  |TAMS 0x000000070d500000, 0x000000070d500000| Untracked 
|  50|0x000000070d600000, 0x000000070d600000, 0x000000070d700000|  0%| F|  |TAMS 0x000000070d600000, 0x000000070d600000| Untracked 
|  51|0x000000070d700000, 0x000000070d700000, 0x000000070d800000|  0%| F|  |TAMS 0x000000070d700000, 0x000000070d700000| Untracked 
|  52|0x000000070d800000, 0x000000070d800000, 0x000000070d900000|  0%| F|  |TAMS 0x000000070d800000, 0x000000070d800000| Untracked 
|  53|0x000000070d900000, 0x000000070d900000, 0x000000070da00000|  0%| F|  |TAMS 0x000000070d900000, 0x000000070d900000| Untracked 
|  54|0x000000070da00000, 0x000000070da00000, 0x000000070db00000|  0%| F|  |TAMS 0x000000070da00000, 0x000000070da00000| Untracked 
|  55|0x000000070db00000, 0x000000070db00000, 0x000000070dc00000|  0%| F|  |TAMS 0x000000070db00000, 0x000000070db00000| Untracked 
|  56|0x000000070dc00000, 0x000000070dc00000, 0x000000070dd00000|  0%| F|  |TAMS 0x000000070dc00000, 0x000000070dc00000| Untracked 
|  57|0x000000070dd00000, 0x000000070dd00000, 0x000000070de00000|  0%| F|  |TAMS 0x000000070dd00000, 0x000000070dd00000| Untracked 
|  58|0x000000070de00000, 0x000000070de00000, 0x000000070df00000|  0%| F|  |TAMS 0x000000070de00000, 0x000000070de00000| Untracked 
|  59|0x000000070df00000, 0x000000070df00000, 0x000000070e000000|  0%| F|  |TAMS 0x000000070df00000, 0x000000070df00000| Untracked 
|  60|0x000000070e000000, 0x000000070e000000, 0x000000070e100000|  0%| F|  |TAMS 0x000000070e000000, 0x000000070e000000| Untracked 
|  61|0x000000070e100000, 0x000000070e100000, 0x000000070e200000|  0%| F|  |TAMS 0x000000070e100000, 0x000000070e100000| Untracked 
|  62|0x000000070e200000, 0x000000070e200000, 0x000000070e300000|  0%| F|  |TAMS 0x000000070e200000, 0x000000070e200000| Untracked 
|  63|0x000000070e300000, 0x000000070e300000, 0x000000070e400000|  0%| F|  |TAMS 0x000000070e300000, 0x000000070e300000| Untracked 
|  64|0x000000070e400000, 0x000000070e400000, 0x000000070e500000|  0%| F|  |TAMS 0x000000070e400000, 0x000000070e400000| Untracked 
|  65|0x000000070e500000, 0x000000070e500000, 0x000000070e600000|  0%| F|  |TAMS 0x000000070e500000, 0x000000070e500000| Untracked 
|  66|0x000000070e600000, 0x000000070e600000, 0x000000070e700000|  0%| F|  |TAMS 0x000000070e600000, 0x000000070e600000| Untracked 
|  67|0x000000070e700000, 0x000000070e700000, 0x000000070e800000|  0%| F|  |TAMS 0x000000070e700000, 0x000000070e700000| Untracked 
|  68|0x000000070e800000, 0x000000070e800000, 0x000000070e900000|  0%| F|  |TAMS 0x000000070e800000, 0x000000070e800000| Untracked 
|  69|0x000000070e900000, 0x000000070e900000, 0x000000070ea00000|  0%| F|  |TAMS 0x000000070e900000, 0x000000070e900000| Untracked 
|  70|0x000000070ea00000, 0x000000070ea00000, 0x000000070eb00000|  0%| F|  |TAMS 0x000000070ea00000, 0x000000070ea00000| Untracked 
|  71|0x000000070eb00000, 0x000000070eb00000, 0x000000070ec00000|  0%| F|  |TAMS 0x000000070eb00000, 0x000000070eb00000| Untracked 
|  72|0x000000070ec00000, 0x000000070ec00000, 0x000000070ed00000|  0%| F|  |TAMS 0x000000070ec00000, 0x000000070ec00000| Untracked 
|  73|0x000000070ed00000, 0x000000070ed00000, 0x000000070ee00000|  0%| F|  |TAMS 0x000000070ed00000, 0x000000070ed00000| Untracked 
|  74|0x000000070ee00000, 0x000000070ee00000, 0x000000070ef00000|  0%| F|  |TAMS 0x000000070ee00000, 0x000000070ee00000| Untracked 
|  75|0x000000070ef00000, 0x000000070ef00000, 0x000000070f000000|  0%| F|  |TAMS 0x000000070ef00000, 0x000000070ef00000| Untracked 
|  76|0x000000070f000000, 0x000000070f000000, 0x000000070f100000|  0%| F|  |TAMS 0x000000070f000000, 0x000000070f000000| Untracked 
|  77|0x000000070f100000, 0x000000070f100000, 0x000000070f200000|  0%| F|  |TAMS 0x000000070f100000, 0x000000070f100000| Untracked 
|  78|0x000000070f200000, 0x000000070f200000, 0x000000070f300000|  0%| F|  |TAMS 0x000000070f200000, 0x000000070f200000| Untracked 
|  79|0x000000070f300000, 0x000000070f300000, 0x000000070f400000|  0%| F|  |TAMS 0x000000070f300000, 0x000000070f300000| Untracked 
|  80|0x000000070f400000, 0x000000070f400000, 0x000000070f500000|  0%| F|  |TAMS 0x000000070f400000, 0x000000070f400000| Untracked 
|  81|0x000000070f500000, 0x000000070f500000, 0x000000070f600000|  0%| F|  |TAMS 0x000000070f500000, 0x000000070f500000| Untracked 
|  82|0x000000070f600000, 0x000000070f600000, 0x000000070f700000|  0%| F|  |TAMS 0x000000070f600000, 0x000000070f600000| Untracked 
|  83|0x000000070f700000, 0x000000070f700000, 0x000000070f800000|  0%| F|  |TAMS 0x000000070f700000, 0x000000070f700000| Untracked 
|  84|0x000000070f800000, 0x000000070f800000, 0x000000070f900000|  0%| F|  |TAMS 0x000000070f800000, 0x000000070f800000| Untracked 
|  85|0x000000070f900000, 0x000000070f900000, 0x000000070fa00000|  0%| F|  |TAMS 0x000000070f900000, 0x000000070f900000| Untracked 
|  86|0x000000070fa00000, 0x000000070fa00000, 0x000000070fb00000|  0%| F|  |TAMS 0x000000070fa00000, 0x000000070fa00000| Untracked 
|  87|0x000000070fb00000, 0x000000070fb00000, 0x000000070fc00000|  0%| F|  |TAMS 0x000000070fb00000, 0x000000070fb00000| Untracked 
|  88|0x000000070fc00000, 0x000000070fc00000, 0x000000070fd00000|  0%| F|  |TAMS 0x000000070fc00000, 0x000000070fc00000| Untracked 
|  89|0x000000070fd00000, 0x000000070fd00000, 0x000000070fe00000|  0%| F|  |TAMS 0x000000070fd00000, 0x000000070fd00000| Untracked 
|  90|0x000000070fe00000, 0x000000070fe00000, 0x000000070ff00000|  0%| F|  |TAMS 0x000000070fe00000, 0x000000070fe00000| Untracked 
|  91|0x000000070ff00000, 0x000000070ff00000, 0x0000000710000000|  0%| F|  |TAMS 0x000000070ff00000, 0x000000070ff00000| Untracked 
|  92|0x0000000710000000, 0x0000000710000000, 0x0000000710100000|  0%| F|  |TAMS 0x0000000710000000, 0x0000000710000000| Untracked 
|  93|0x0000000710100000, 0x0000000710100000, 0x0000000710200000|  0%| F|  |TAMS 0x0000000710100000, 0x0000000710100000| Untracked 
|  94|0x0000000710200000, 0x0000000710200000, 0x0000000710300000|  0%| F|  |TAMS 0x0000000710200000, 0x0000000710200000| Untracked 
|  95|0x0000000710300000, 0x0000000710300000, 0x0000000710400000|  0%| F|  |TAMS 0x0000000710300000, 0x0000000710300000| Untracked 
|  96|0x0000000710400000, 0x0000000710400000, 0x0000000710500000|  0%| F|  |TAMS 0x0000000710400000, 0x0000000710400000| Untracked 
|  97|0x0000000710500000, 0x0000000710500000, 0x0000000710600000|  0%| F|  |TAMS 0x0000000710500000, 0x0000000710500000| Untracked 
|  98|0x0000000710600000, 0x0000000710600000, 0x0000000710700000|  0%| F|  |TAMS 0x0000000710600000, 0x0000000710600000| Untracked 
|  99|0x0000000710700000, 0x0000000710700000, 0x0000000710800000|  0%| F|  |TAMS 0x0000000710700000, 0x0000000710700000| Untracked 
| 100|0x0000000710800000, 0x0000000710800000, 0x0000000710900000|  0%| F|  |TAMS 0x0000000710800000, 0x0000000710800000| Untracked 
| 101|0x0000000710900000, 0x0000000710900000, 0x0000000710a00000|  0%| F|  |TAMS 0x0000000710900000, 0x0000000710900000| Untracked 
| 102|0x0000000710a00000, 0x0000000710a00000, 0x0000000710b00000|  0%| F|  |TAMS 0x0000000710a00000, 0x0000000710a00000| Untracked 
| 103|0x0000000710b00000, 0x0000000710b00000, 0x0000000710c00000|  0%| F|  |TAMS 0x0000000710b00000, 0x0000000710b00000| Untracked 
| 104|0x0000000710c00000, 0x0000000710c00000, 0x0000000710d00000|  0%| F|  |TAMS 0x0000000710c00000, 0x0000000710c00000| Untracked 
| 105|0x0000000710d00000, 0x0000000710d00000, 0x0000000710e00000|  0%| F|  |TAMS 0x0000000710d00000, 0x0000000710d00000| Untracked 
| 106|0x0000000710e00000, 0x0000000710e00000, 0x0000000710f00000|  0%| F|  |TAMS 0x0000000710e00000, 0x0000000710e00000| Untracked 
| 107|0x0000000710f00000, 0x0000000710f00000, 0x0000000711000000|  0%| F|  |TAMS 0x0000000710f00000, 0x0000000710f00000| Untracked 
| 108|0x0000000711000000, 0x0000000711000000, 0x0000000711100000|  0%| F|  |TAMS 0x0000000711000000, 0x0000000711000000| Untracked 
| 109|0x0000000711100000, 0x0000000711100000, 0x0000000711200000|  0%| F|  |TAMS 0x0000000711100000, 0x0000000711100000| Untracked 
| 110|0x0000000711200000, 0x0000000711200000, 0x0000000711300000|  0%| F|  |TAMS 0x0000000711200000, 0x0000000711200000| Untracked 
| 111|0x0000000711300000, 0x0000000711300000, 0x0000000711400000|  0%| F|  |TAMS 0x0000000711300000, 0x0000000711300000| Untracked 
| 112|0x0000000711400000, 0x0000000711400000, 0x0000000711500000|  0%| F|  |TAMS 0x0000000711400000, 0x0000000711400000| Untracked 
| 113|0x0000000711500000, 0x0000000711500000, 0x0000000711600000|  0%| F|  |TAMS 0x0000000711500000, 0x0000000711500000| Untracked 
| 114|0x0000000711600000, 0x0000000711600000, 0x0000000711700000|  0%| F|  |TAMS 0x0000000711600000, 0x0000000711600000| Untracked 
| 115|0x0000000711700000, 0x0000000711700000, 0x0000000711800000|  0%| F|  |TAMS 0x0000000711700000, 0x0000000711700000| Untracked 
| 116|0x0000000711800000, 0x0000000711800000, 0x0000000711900000|  0%| F|  |TAMS 0x0000000711800000, 0x0000000711800000| Untracked 
| 117|0x0000000711900000, 0x0000000711900000, 0x0000000711a00000|  0%| F|  |TAMS 0x0000000711900000, 0x0000000711900000| Untracked 
| 118|0x0000000711a00000, 0x0000000711a00000, 0x0000000711b00000|  0%| F|  |TAMS 0x0000000711a00000, 0x0000000711a00000| Untracked 
| 119|0x0000000711b00000, 0x0000000711b00000, 0x0000000711c00000|  0%| F|  |TAMS 0x0000000711b00000, 0x0000000711b00000| Untracked 
| 120|0x0000000711c00000, 0x0000000711c00000, 0x0000000711d00000|  0%| F|  |TAMS 0x0000000711c00000, 0x0000000711c00000| Untracked 
| 121|0x0000000711d00000, 0x0000000711d00000, 0x0000000711e00000|  0%| F|  |TAMS 0x0000000711d00000, 0x0000000711d00000| Untracked 
| 122|0x0000000711e00000, 0x0000000711e00000, 0x0000000711f00000|  0%| F|  |TAMS 0x0000000711e00000, 0x0000000711e00000| Untracked 
| 123|0x0000000711f00000, 0x0000000711f00000, 0x0000000712000000|  0%| F|  |TAMS 0x0000000711f00000, 0x0000000711f00000| Untracked 
| 124|0x0000000712000000, 0x0000000712000000, 0x0000000712100000|  0%| F|  |TAMS 0x0000000712000000, 0x0000000712000000| Untracked 
| 125|0x0000000712100000, 0x0000000712100000, 0x0000000712200000|  0%| F|  |TAMS 0x0000000712100000, 0x0000000712100000| Untracked 
| 126|0x0000000712200000, 0x0000000712200000, 0x0000000712300000|  0%| F|  |TAMS 0x0000000712200000, 0x0000000712200000| Untracked 
| 127|0x0000000712300000, 0x0000000712300000, 0x0000000712400000|  0%| F|  |TAMS 0x0000000712300000, 0x0000000712300000| Untracked 
| 128|0x0000000712400000, 0x0000000712400000, 0x0000000712500000|  0%| F|  |TAMS 0x0000000712400000, 0x0000000712400000| Untracked 
| 129|0x0000000712500000, 0x0000000712500000, 0x0000000712600000|  0%| F|  |TAMS 0x0000000712500000, 0x0000000712500000| Untracked 
| 130|0x0000000712600000, 0x0000000712600000, 0x0000000712700000|  0%| F|  |TAMS 0x0000000712600000, 0x0000000712600000| Untracked 
| 131|0x0000000712700000, 0x0000000712700000, 0x0000000712800000|  0%| F|  |TAMS 0x0000000712700000, 0x0000000712700000| Untracked 
| 132|0x0000000712800000, 0x0000000712800000, 0x0000000712900000|  0%| F|  |TAMS 0x0000000712800000, 0x0000000712800000| Untracked 
| 133|0x0000000712900000, 0x0000000712900000, 0x0000000712a00000|  0%| F|  |TAMS 0x0000000712900000, 0x0000000712900000| Untracked 
| 134|0x0000000712a00000, 0x0000000712a00000, 0x0000000712b00000|  0%| F|  |TAMS 0x0000000712a00000, 0x0000000712a00000| Untracked 
| 135|0x0000000712b00000, 0x0000000712b00000, 0x0000000712c00000|  0%| F|  |TAMS 0x0000000712b00000, 0x0000000712b00000| Untracked 
| 136|0x0000000712c00000, 0x0000000712c00000, 0x0000000712d00000|  0%| F|  |TAMS 0x0000000712c00000, 0x0000000712c00000| Untracked 
| 137|0x0000000712d00000, 0x0000000712d00000, 0x0000000712e00000|  0%| F|  |TAMS 0x0000000712d00000, 0x0000000712d00000| Untracked 
| 138|0x0000000712e00000, 0x0000000712e00000, 0x0000000712f00000|  0%| F|  |TAMS 0x0000000712e00000, 0x0000000712e00000| Untracked 
| 139|0x0000000712f00000, 0x0000000712f00000, 0x0000000713000000|  0%| F|  |TAMS 0x0000000712f00000, 0x0000000712f00000| Untracked 
| 140|0x0000000713000000, 0x0000000713000000, 0x0000000713100000|  0%| F|  |TAMS 0x0000000713000000, 0x0000000713000000| Untracked 
| 141|0x0000000713100000, 0x0000000713100000, 0x0000000713200000|  0%| F|  |TAMS 0x0000000713100000, 0x0000000713100000| Untracked 
| 142|0x0000000713200000, 0x0000000713200000, 0x0000000713300000|  0%| F|  |TAMS 0x0000000713200000, 0x0000000713200000| Untracked 
| 143|0x0000000713300000, 0x0000000713300000, 0x0000000713400000|  0%| F|  |TAMS 0x0000000713300000, 0x0000000713300000| Untracked 
| 144|0x0000000713400000, 0x0000000713400000, 0x0000000713500000|  0%| F|  |TAMS 0x0000000713400000, 0x0000000713400000| Untracked 
| 145|0x0000000713500000, 0x0000000713500000, 0x0000000713600000|  0%| F|  |TAMS 0x0000000713500000, 0x0000000713500000| Untracked 
| 146|0x0000000713600000, 0x0000000713600000, 0x0000000713700000|  0%| F|  |TAMS 0x0000000713600000, 0x0000000713600000| Untracked 
| 147|0x0000000713700000, 0x0000000713700000, 0x0000000713800000|  0%| F|  |TAMS 0x0000000713700000, 0x0000000713700000| Untracked 
| 148|0x0000000713800000, 0x0000000713800000, 0x0000000713900000|  0%| F|  |TAMS 0x0000000713800000, 0x0000000713800000| Untracked 
| 149|0x0000000713900000, 0x0000000713900000, 0x0000000713a00000|  0%| F|  |TAMS 0x0000000713900000, 0x0000000713900000| Untracked 
| 150|0x0000000713a00000, 0x0000000713a00000, 0x0000000713b00000|  0%| F|  |TAMS 0x0000000713a00000, 0x0000000713a00000| Untracked 
| 151|0x0000000713b00000, 0x0000000713b00000, 0x0000000713c00000|  0%| F|  |TAMS 0x0000000713b00000, 0x0000000713b00000| Untracked 
| 152|0x0000000713c00000, 0x0000000713c00000, 0x0000000713d00000|  0%| F|  |TAMS 0x0000000713c00000, 0x0000000713c00000| Untracked 
| 153|0x0000000713d00000, 0x0000000713d00000, 0x0000000713e00000|  0%| F|  |TAMS 0x0000000713d00000, 0x0000000713d00000| Untracked 
| 154|0x0000000713e00000, 0x0000000713e00000, 0x0000000713f00000|  0%| F|  |TAMS 0x0000000713e00000, 0x0000000713e00000| Untracked 
| 155|0x0000000713f00000, 0x0000000713f00000, 0x0000000714000000|  0%| F|  |TAMS 0x0000000713f00000, 0x0000000713f00000| Untracked 
| 156|0x0000000714000000, 0x0000000714000000, 0x0000000714100000|  0%| F|  |TAMS 0x0000000714000000, 0x0000000714000000| Untracked 
| 157|0x0000000714100000, 0x0000000714100000, 0x0000000714200000|  0%| F|  |TAMS 0x0000000714100000, 0x0000000714100000| Untracked 
| 158|0x0000000714200000, 0x0000000714200000, 0x0000000714300000|  0%| F|  |TAMS 0x0000000714200000, 0x0000000714200000| Untracked 
| 159|0x0000000714300000, 0x0000000714300000, 0x0000000714400000|  0%| F|  |TAMS 0x0000000714300000, 0x0000000714300000| Untracked 
| 160|0x0000000714400000, 0x0000000714400000, 0x0000000714500000|  0%| F|  |TAMS 0x0000000714400000, 0x0000000714400000| Untracked 
| 161|0x0000000714500000, 0x0000000714500000, 0x0000000714600000|  0%| F|  |TAMS 0x0000000714500000, 0x0000000714500000| Untracked 
| 162|0x0000000714600000, 0x0000000714600000, 0x0000000714700000|  0%| F|  |TAMS 0x0000000714600000, 0x0000000714600000| Untracked 
| 163|0x0000000714700000, 0x0000000714700000, 0x0000000714800000|  0%| F|  |TAMS 0x0000000714700000, 0x0000000714700000| Untracked 
| 164|0x0000000714800000, 0x0000000714800000, 0x0000000714900000|  0%| F|  |TAMS 0x0000000714800000, 0x0000000714800000| Untracked 
| 165|0x0000000714900000, 0x0000000714900000, 0x0000000714a00000|  0%| F|  |TAMS 0x0000000714900000, 0x0000000714900000| Untracked 
| 166|0x0000000714a00000, 0x0000000714a00000, 0x0000000714b00000|  0%| F|  |TAMS 0x0000000714a00000, 0x0000000714a00000| Untracked 
| 167|0x0000000714b00000, 0x0000000714b00000, 0x0000000714c00000|  0%| F|  |TAMS 0x0000000714b00000, 0x0000000714b00000| Untracked 
| 168|0x0000000714c00000, 0x0000000714c00000, 0x0000000714d00000|  0%| F|  |TAMS 0x0000000714c00000, 0x0000000714c00000| Untracked 
| 169|0x0000000714d00000, 0x0000000714d00000, 0x0000000714e00000|  0%| F|  |TAMS 0x0000000714d00000, 0x0000000714d00000| Untracked 
| 170|0x0000000714e00000, 0x0000000714e00000, 0x0000000714f00000|  0%| F|  |TAMS 0x0000000714e00000, 0x0000000714e00000| Untracked 
| 171|0x0000000714f00000, 0x0000000714f00000, 0x0000000715000000|  0%| F|  |TAMS 0x0000000714f00000, 0x0000000714f00000| Untracked 
| 172|0x0000000715000000, 0x0000000715000000, 0x0000000715100000|  0%| F|  |TAMS 0x0000000715000000, 0x0000000715000000| Untracked 
| 173|0x0000000715100000, 0x0000000715100000, 0x0000000715200000|  0%| F|  |TAMS 0x0000000715100000, 0x0000000715100000| Untracked 
| 174|0x0000000715200000, 0x0000000715200000, 0x0000000715300000|  0%| F|  |TAMS 0x0000000715200000, 0x0000000715200000| Untracked 
| 175|0x0000000715300000, 0x0000000715300000, 0x0000000715400000|  0%| F|  |TAMS 0x0000000715300000, 0x0000000715300000| Untracked 
| 176|0x0000000715400000, 0x0000000715400000, 0x0000000715500000|  0%| F|  |TAMS 0x0000000715400000, 0x0000000715400000| Untracked 
| 177|0x0000000715500000, 0x0000000715500000, 0x0000000715600000|  0%| F|  |TAMS 0x0000000715500000, 0x0000000715500000| Untracked 
| 178|0x0000000715600000, 0x0000000715600000, 0x0000000715700000|  0%| F|  |TAMS 0x0000000715600000, 0x0000000715600000| Untracked 
| 179|0x0000000715700000, 0x0000000715700000, 0x0000000715800000|  0%| F|  |TAMS 0x0000000715700000, 0x0000000715700000| Untracked 
| 180|0x0000000715800000, 0x0000000715800000, 0x0000000715900000|  0%| F|  |TAMS 0x0000000715800000, 0x0000000715800000| Untracked 
| 181|0x0000000715900000, 0x0000000715900000, 0x0000000715a00000|  0%| F|  |TAMS 0x0000000715900000, 0x0000000715900000| Untracked 
| 182|0x0000000715a00000, 0x0000000715a00000, 0x0000000715b00000|  0%| F|  |TAMS 0x0000000715a00000, 0x0000000715a00000| Untracked 
| 183|0x0000000715b00000, 0x0000000715b00000, 0x0000000715c00000|  0%| F|  |TAMS 0x0000000715b00000, 0x0000000715b00000| Untracked 
| 184|0x0000000715c00000, 0x0000000715c00000, 0x0000000715d00000|  0%| F|  |TAMS 0x0000000715c00000, 0x0000000715c00000| Untracked 
| 185|0x0000000715d00000, 0x0000000715d00000, 0x0000000715e00000|  0%| F|  |TAMS 0x0000000715d00000, 0x0000000715d00000| Untracked 
| 186|0x0000000715e00000, 0x0000000715e00000, 0x0000000715f00000|  0%| F|  |TAMS 0x0000000715e00000, 0x0000000715e00000| Untracked 
| 187|0x0000000715f00000, 0x0000000715f00000, 0x0000000716000000|  0%| F|  |TAMS 0x0000000715f00000, 0x0000000715f00000| Untracked 
| 188|0x0000000716000000, 0x0000000716000000, 0x0000000716100000|  0%| F|  |TAMS 0x0000000716000000, 0x0000000716000000| Untracked 
| 189|0x0000000716100000, 0x0000000716100000, 0x0000000716200000|  0%| F|  |TAMS 0x0000000716100000, 0x0000000716100000| Untracked 
| 190|0x0000000716200000, 0x0000000716200000, 0x0000000716300000|  0%| F|  |TAMS 0x0000000716200000, 0x0000000716200000| Untracked 
| 191|0x0000000716300000, 0x0000000716300000, 0x0000000716400000|  0%| F|  |TAMS 0x0000000716300000, 0x0000000716300000| Untracked 
| 192|0x0000000716400000, 0x0000000716400000, 0x0000000716500000|  0%| F|  |TAMS 0x0000000716400000, 0x0000000716400000| Untracked 
| 193|0x0000000716500000, 0x0000000716500000, 0x0000000716600000|  0%| F|  |TAMS 0x0000000716500000, 0x0000000716500000| Untracked 
| 194|0x0000000716600000, 0x0000000716600000, 0x0000000716700000|  0%| F|  |TAMS 0x0000000716600000, 0x0000000716600000| Untracked 
| 195|0x0000000716700000, 0x0000000716700000, 0x0000000716800000|  0%| F|  |TAMS 0x0000000716700000, 0x0000000716700000| Untracked 
| 196|0x0000000716800000, 0x0000000716800000, 0x0000000716900000|  0%| F|  |TAMS 0x0000000716800000, 0x0000000716800000| Untracked 
| 197|0x0000000716900000, 0x0000000716900000, 0x0000000716a00000|  0%| F|  |TAMS 0x0000000716900000, 0x0000000716900000| Untracked 
| 198|0x0000000716a00000, 0x0000000716a00000, 0x0000000716b00000|  0%| F|  |TAMS 0x0000000716a00000, 0x0000000716a00000| Untracked 
| 199|0x0000000716b00000, 0x0000000716b00000, 0x0000000716c00000|  0%| F|  |TAMS 0x0000000716b00000, 0x0000000716b00000| Untracked 
| 200|0x0000000716c00000, 0x0000000716c00000, 0x0000000716d00000|  0%| F|  |TAMS 0x0000000716c00000, 0x0000000716c00000| Untracked 
| 201|0x0000000716d00000, 0x0000000716d00000, 0x0000000716e00000|  0%| F|  |TAMS 0x0000000716d00000, 0x0000000716d00000| Untracked 
| 202|0x0000000716e00000, 0x0000000716e00000, 0x0000000716f00000|  0%| F|  |TAMS 0x0000000716e00000, 0x0000000716e00000| Untracked 
| 203|0x0000000716f00000, 0x0000000716f00000, 0x0000000717000000|  0%| F|  |TAMS 0x0000000716f00000, 0x0000000716f00000| Untracked 
| 204|0x0000000717000000, 0x0000000717000000, 0x0000000717100000|  0%| F|  |TAMS 0x0000000717000000, 0x0000000717000000| Untracked 
| 205|0x0000000717100000, 0x0000000717100000, 0x0000000717200000|  0%| F|  |TAMS 0x0000000717100000, 0x0000000717100000| Untracked 
| 206|0x0000000717200000, 0x0000000717200000, 0x0000000717300000|  0%| F|  |TAMS 0x0000000717200000, 0x0000000717200000| Untracked 
| 207|0x0000000717300000, 0x0000000717300000, 0x0000000717400000|  0%| F|  |TAMS 0x0000000717300000, 0x0000000717300000| Untracked 
| 208|0x0000000717400000, 0x0000000717400000, 0x0000000717500000|  0%| F|  |TAMS 0x0000000717400000, 0x0000000717400000| Untracked 
| 209|0x0000000717500000, 0x0000000717500000, 0x0000000717600000|  0%| F|  |TAMS 0x0000000717500000, 0x0000000717500000| Untracked 
| 210|0x0000000717600000, 0x0000000717600000, 0x0000000717700000|  0%| F|  |TAMS 0x0000000717600000, 0x0000000717600000| Untracked 
| 211|0x0000000717700000, 0x0000000717700000, 0x0000000717800000|  0%| F|  |TAMS 0x0000000717700000, 0x0000000717700000| Untracked 
| 212|0x0000000717800000, 0x0000000717800000, 0x0000000717900000|  0%| F|  |TAMS 0x0000000717800000, 0x0000000717800000| Untracked 
| 213|0x0000000717900000, 0x0000000717900000, 0x0000000717a00000|  0%| F|  |TAMS 0x0000000717900000, 0x0000000717900000| Untracked 
| 214|0x0000000717a00000, 0x0000000717a00000, 0x0000000717b00000|  0%| F|  |TAMS 0x0000000717a00000, 0x0000000717a00000| Untracked 
| 215|0x0000000717b00000, 0x0000000717b00000, 0x0000000717c00000|  0%| F|  |TAMS 0x0000000717b00000, 0x0000000717b00000| Untracked 
| 216|0x0000000717c00000, 0x0000000717c00000, 0x0000000717d00000|  0%| F|  |TAMS 0x0000000717c00000, 0x0000000717c00000| Untracked 
| 217|0x0000000717d00000, 0x0000000717d00000, 0x0000000717e00000|  0%| F|  |TAMS 0x0000000717d00000, 0x0000000717d00000| Untracked 
| 218|0x0000000717e00000, 0x0000000717e00000, 0x0000000717f00000|  0%| F|  |TAMS 0x0000000717e00000, 0x0000000717e00000| Untracked 
| 219|0x0000000717f00000, 0x0000000717f00000, 0x0000000718000000|  0%| F|  |TAMS 0x0000000717f00000, 0x0000000717f00000| Untracked 
| 220|0x0000000718000000, 0x0000000718000000, 0x0000000718100000|  0%| F|  |TAMS 0x0000000718000000, 0x0000000718000000| Untracked 
| 221|0x0000000718100000, 0x0000000718100000, 0x0000000718200000|  0%| F|  |TAMS 0x0000000718100000, 0x0000000718100000| Untracked 
| 222|0x0000000718200000, 0x0000000718200000, 0x0000000718300000|  0%| F|  |TAMS 0x0000000718200000, 0x0000000718200000| Untracked 
| 223|0x0000000718300000, 0x0000000718300000, 0x0000000718400000|  0%| F|  |TAMS 0x0000000718300000, 0x0000000718300000| Untracked 
| 224|0x0000000718400000, 0x0000000718400000, 0x0000000718500000|  0%| F|  |TAMS 0x0000000718400000, 0x0000000718400000| Untracked 
| 225|0x0000000718500000, 0x0000000718500000, 0x0000000718600000|  0%| F|  |TAMS 0x0000000718500000, 0x0000000718500000| Untracked 
| 226|0x0000000718600000, 0x0000000718600000, 0x0000000718700000|  0%| F|  |TAMS 0x0000000718600000, 0x0000000718600000| Untracked 
| 227|0x0000000718700000, 0x0000000718700000, 0x0000000718800000|  0%| F|  |TAMS 0x0000000718700000, 0x0000000718700000| Untracked 
| 228|0x0000000718800000, 0x0000000718800000, 0x0000000718900000|  0%| F|  |TAMS 0x0000000718800000, 0x0000000718800000| Untracked 
| 229|0x0000000718900000, 0x0000000718900000, 0x0000000718a00000|  0%| F|  |TAMS 0x0000000718900000, 0x0000000718900000| Untracked 
| 230|0x0000000718a00000, 0x0000000718a00000, 0x0000000718b00000|  0%| F|  |TAMS 0x0000000718a00000, 0x0000000718a00000| Untracked 
| 231|0x0000000718b00000, 0x0000000718b00000, 0x0000000718c00000|  0%| F|  |TAMS 0x0000000718b00000, 0x0000000718b00000| Untracked 
| 232|0x0000000718c00000, 0x0000000718c00000, 0x0000000718d00000|  0%| F|  |TAMS 0x0000000718c00000, 0x0000000718c00000| Untracked 
| 233|0x0000000718d00000, 0x0000000718d00000, 0x0000000718e00000|  0%| F|  |TAMS 0x0000000718d00000, 0x0000000718d00000| Untracked 
| 234|0x0000000718e00000, 0x0000000718e00000, 0x0000000718f00000|  0%| F|  |TAMS 0x0000000718e00000, 0x0000000718e00000| Untracked 
| 235|0x0000000718f00000, 0x0000000718f00000, 0x0000000719000000|  0%| F|  |TAMS 0x0000000718f00000, 0x0000000718f00000| Untracked 
| 236|0x0000000719000000, 0x0000000719000000, 0x0000000719100000|  0%| F|  |TAMS 0x0000000719000000, 0x0000000719000000| Untracked 
| 237|0x0000000719100000, 0x0000000719100000, 0x0000000719200000|  0%| F|  |TAMS 0x0000000719100000, 0x0000000719100000| Untracked 
| 238|0x0000000719200000, 0x000000071927b630, 0x0000000719300000| 48%| E|  |TAMS 0x0000000719200000, 0x0000000719200000| Complete 
| 239|0x0000000719300000, 0x0000000719400000, 0x0000000719400000|100%| E|CS|TAMS 0x0000000719300000, 0x0000000719300000| Complete 
| 240|0x0000000719400000, 0x0000000719500000, 0x0000000719500000|100%| E|CS|TAMS 0x0000000719400000, 0x0000000719400000| Complete 
| 241|0x0000000719500000, 0x0000000719600000, 0x0000000719600000|100%| E|CS|TAMS 0x0000000719500000, 0x0000000719500000| Complete 
| 242|0x0000000719600000, 0x0000000719700000, 0x0000000719700000|100%| E|CS|TAMS 0x0000000719600000, 0x0000000719600000| Complete 
| 243|0x0000000719700000, 0x0000000719800000, 0x0000000719800000|100%| E|CS|TAMS 0x0000000719700000, 0x0000000719700000| Complete 
| 244|0x0000000719800000, 0x0000000719900000, 0x0000000719900000|100%| E|CS|TAMS 0x0000000719800000, 0x0000000719800000| Complete 
| 245|0x0000000719900000, 0x0000000719a00000, 0x0000000719a00000|100%| E|CS|TAMS 0x0000000719900000, 0x0000000719900000| Complete 
|2906|0x00000007bfe00000, 0x00000007bfe48000, 0x00000007bff00000| 28%|OA|  |TAMS 0x00000007bfe00000, 0x00000007bfe00000| Untracked 
|2907|0x00000007bff00000, 0x00000007bff6c000, 0x00000007c0000000| 42%|CA|  |TAMS 0x00000007bff00000, 0x00000007bff00000| Untracked 

Card table byte_map: [0x00007f764445b000,0x00007f7644c09000] _byte_map_base: 0x00007f7640c09000

Marking Bits (Prev, Next): (CMBitMap*) 0x00007f764007af28, (CMBitMap*) 0x00007f764007af60
 Prev Bits: [0x00007f7620290000, 0x00007f7624000000)
 Next Bits: [0x00007f761c520000, 0x00007f7620290000)

Polling page: 0x00007f7647875000

Metaspace:

Usage:
  Non-class:      4,56 MB capacity,     3,24 MB ( 71%) used,     1,30 MB ( 29%) free+waste,    11,88 KB ( <1%) overhead. 
      Class:    532,00 KB capacity,   386,24 KB ( 73%) used,   138,63 KB ( 26%) free+waste,     7,12 KB (  1%) overhead. 
       Both:      5,08 MB capacity,     3,62 MB ( 71%) used,     1,44 MB ( 28%) free+waste,    19,00 KB ( <1%) overhead. 

Virtual space:
  Non-class space:        8,00 MB reserved,       4,75 MB ( 59%) committed 
      Class space:        1,00 GB reserved,     640,00 KB ( <1%) committed 
             Both:        1,01 GB reserved,       5,38 MB ( <1%) committed 

Chunk freelists:
   Non-Class:  27,00 KB
       Class:  12,00 KB
        Both:  39,00 KB

MaxMetaspaceSize: unlimited
CompressedClassSpaceSize: 1,00 GB
Initial GC threshold: 20,80 MB
Current GC threshold: 20,80 MB
CDS: on

CodeHeap 'non-profiled nmethods': size=120032Kb used=198Kb max_used=198Kb free=119833Kb
 bounds [0x00007f76302b9000, 0x00007f7630529000, 0x00007f76377f1000]
CodeHeap 'profiled nmethods': size=120028Kb used=974Kb max_used=974Kb free=119053Kb
 bounds [0x00007f7628d82000, 0x00007f7628ff2000, 0x00007f76302b9000]
CodeHeap 'non-nmethods': size=5700Kb used=1166Kb max_used=1184Kb free=4533Kb
 bounds [0x00007f76287f1000, 0x00007f7628a61000, 0x00007f7628d82000]
 total_blobs=1010 nmethods=592 adapters=332
 compilation: enabled
              stopped_count=0, restarted_count=0
 full_count=0

Compilation events (20 events):
Event: 0,183 Thread 0x00007f76401d8000  582  s    3       java.io.ByteArrayOutputStream::write (32 bytes)
Event: 0,183 Thread 0x00007f76401d8000 nmethod 582 0x00007f7628e70c10 code [0x00007f7628e70de0, 0x00007f7628e711c0]
Event: 0,183 Thread 0x00007f76401d8000  584       3       java.io.DataOutputStream::incCount (20 bytes)
Event: 0,183 Thread 0x00007f76401d8000 nmethod 584 0x00007f7628e71310 code [0x00007f7628e714c0, 0x00007f7628e71610]
Event: 0,183 Thread 0x00007f76401d8000  585       3       java.io.DataOutputStream::writeByte (14 bytes)
Event: 0,184 Thread 0x00007f76401d8000 nmethod 585 0x00007f7628e71690 code [0x00007f7628e71860, 0x00007f7628e71b00]
Event: 0,184 Thread 0x00007f76401d8000  583       3       java.lang.Integer::shortValue (6 bytes)
Event: 0,184 Thread 0x00007f76401d8000 nmethod 583 0x00007f7628e71c10 code [0x00007f7628e71dc0, 0x00007f7628e71ef0]
Event: 0,184 Thread 0x00007f76401d8000  586       3       java.io.DataOutputStream::writeShort (35 bytes)
Event: 0,184 Thread 0x00007f76401d8000 nmethod 586 0x00007f7628e71f90 code [0x00007f7628e72160, 0x00007f7628e724f0]
Event: 0,184 Thread 0x00007f76401d8000  587       3       java.io.UnixFileSystem::normalize (75 bytes)
Event: 0,185 Thread 0x00007f76401d8000 nmethod 587 0x00007f7628e72610 code [0x00007f7628e72860, 0x00007f7628e731b0]
Event: 0,185 Thread 0x00007f76401d8000  589       3       java.lang.PublicMethods$Key::matches (31 bytes)
Event: 0,185 Thread 0x00007f76401d8000 nmethod 589 0x00007f7628e73590 code [0x00007f7628e737a0, 0x00007f7628e73c30]
Event: 0,185 Thread 0x00007f76401d8000  588       3       java.lang.String::substring (68 bytes)
Event: 0,186 Thread 0x00007f76401d8000 nmethod 588 0x00007f7628e73e10 code [0x00007f7628e74060, 0x00007f7628e747d0]
Event: 0,187 Thread 0x00007f76401d8000  591       3       sun.net.www.ParseUtil::firstEncodeIndex (86 bytes)
Event: 0,187 Thread 0x00007f76401d8000 nmethod 591 0x00007f7628e74a90 code [0x00007f7628e74ce0, 0x00007f7628e75680]
Event: 0,187 Thread 0x00007f76401d8000  592       1       java.lang.reflect.Method::getModifiers (5 bytes)
Event: 0,188 Thread 0x00007f76401d8000 nmethod 592 0x00007f76302e8290 code [0x00007f76302e8440, 0x00007f76302e8510]

GC Heap History (0 events):
No events

Deoptimization events (0 events):
No events

Classes redefined (0 events):
No events

Internal exceptions (12 events):
Event: 0,042 Thread 0x00007f7640016800 Exception <a 'java/lang/ClassNotFoundException'{0x0000000719802888}: sun/awt/resources/spi/awtProvider> (0x0000000719802888) thrown at [src/hotspot/share/classfile/systemDictionary.cpp, line 230]
Event: 0,070 Thread 0x00007f7640016800 Exception <a 'java/io/FileNotFoundException'{0x00000007198a18a8}> (0x00000007198a18a8) thrown at [src/hotspot/share/prims/jni.cpp, line 617]
Event: 0,081 Thread 0x00007f7640016800 Exception <a 'java/lang/NoSuchMethodError'{0x00000007198fc678}: 'java.lang.Object java.lang.invoke.DirectMethodHandle$Holder.invokeStatic(java.lang.Object, java.lang.Object, java.lang.Object, java.lang.Object, java.lang.Object, java.lang.Object, java.lang.Object, java.lang.Object, java.lang.Object, java.lang.Object, java.lang.Object, java.lang.Object, java.lang.Object, java.lang.Object, java.lang.Object)'> (0x00000007198fc678) thrown at [src/hotspot/share/interpreter/linkResolver.cpp, line 772]
Event: 0,082 Thread 0x00007f7640016800 Exception <a 'java/lang/NoSuchMethodError'{0x000000071970a7d8}: 'java.lang.Object java.lang.invoke.DirectMethodHandle$Holder.invokeStatic(java.lang.Object, java.lang.Object, java.lang.Object, java.lang.Object, java.lang.Object, java.lang.Object, java.lang.Object, java.lang.Object, java.lang.Object, java.lang.Object, java.lang.Object, java.lang.Object, java.lang.Object, java.lang.Object, java.lang.Object, java.lang.Object)'> (0x000000071970a7d8) thrown at [src/hotspot/share/interpreter/linkResolver.cpp, lin
Event: 0,083 Thread 0x00007f7640016800 Exception <a 'java/lang/NoSuchMethodError'{0x0000000719718448}: 'java.lang.Object java.lang.invoke.DirectMethodHandle$Holder.invokeSpecial(java.lang.Object, java.lang.Object, int, int, java.lang.Object, java.lang.Object, java.lang.Object)'> (0x0000000719718448) thrown at [src/hotspot/share/interpreter/linkResolver.cpp, line 772]
Event: 0,083 Thread 0x00007f7640016800 Exception <a 'java/lang/NoSuchMethodError'{0x000000071971b9d8}: 'java.lang.Object java.lang.invoke.DelegatingMethodHandle$Holder.reinvoke_L(java.lang.Object, int, int, java.lang.Object, java.lang.Object, java.lang.Object)'> (0x000000071971b9d8) thrown at [src/hotspot/share/interpreter/linkResolver.cpp, line 772]
Event: 0,083 Thread 0x00007f7640016800 Exception <a 'java/lang/NoSuchMethodError'{0x000000071971fd60}: 'java.lang.Object java.lang.invoke.DirectMethodHandle$Holder.invokeStatic(java.lang.Object, java.lang.Object, java.lang.Object, java.lang.Object, int)'> (0x000000071971fd60) thrown at [src/hotspot/share/interpreter/linkResolver.cpp, line 772]
Event: 0,164 Thread 0x00007f7640016800 Exception <a 'java/lang/NoSuchMethodError'{0x00000007194eac28}: 'java.lang.Object java.lang.invoke.DirectMethodHandle$Holder.invokeStaticInit(java.lang.Object, java.lang.Object, long, java.lang.Object)'> (0x00000007194eac28) thrown at [src/hotspot/share/interpreter/linkResolver.cpp, line 772]
Event: 0,165 Thread 0x00007f7640016800 Exception <a 'java/lang/NoSuchMethodError'{0x00000007194f7250}: 'java.lang.Object java.lang.invoke.Invokers$Holder.linkToTargetMethod(java.lang.Object, long, java.lang.Object)'> (0x00000007194f7250) thrown at [src/hotspot/share/interpreter/linkResolver.cpp, line 772]
Event: 0,166 Thread 0x00007f7640016800 Exception <a 'java/lang/NoSuchMethodError'{0x00000007194fe1a8}: 'java.lang.Object java.lang.invoke.DirectMethodHandle$Holder.invokeStatic(java.lang.Object, java.lang.Object, java.lang.Object, int)'> (0x00000007194fe1a8) thrown at [src/hotspot/share/interpreter/linkResolver.cpp, line 772]
Event: 0,166 Thread 0x00007f7640016800 Exception <a 'java/lang/NoSuchMethodError'{0x0000000719302028}: 'java.lang.Object java.lang.invoke.DirectMethodHandle$Holder.invokeSpecial(java.lang.Object, java.lang.Object, java.lang.Object, java.lang.Object, int)'> (0x0000000719302028) thrown at [src/hotspot/share/interpreter/linkResolver.cpp, line 772]
Event: 0,166 Thread 0x00007f7640016800 Exception <a 'java/lang/NoSuchMethodError'{0x0000000719305090}: 'java.lang.Object java.lang.invoke.Invokers$Holder.linkToTargetMethod(java.lang.Object, java.lang.Object, int, java.lang.Object)'> (0x0000000719305090) thrown at [src/hotspot/share/interpreter/linkResolver.cpp, line 772]

Events (20 events):
Event: 0,185 loading class java/lang/reflect/TypeVariable
Event: 0,185 loading class java/lang/reflect/TypeVariable done
Event: 0,185 loading class java/lang/reflect/AnnotatedType
Event: 0,185 loading class java/lang/reflect/AnnotatedType done
Event: 0,185 loading class java/lang/TypeNotPresentException
Event: 0,185 loading class java/lang/TypeNotPresentException done
Event: 0,185 loading class com/sun/jna/Function
Event: 0,185 loading class com/sun/jna/Function done
Event: 0,186 loading class com/sun/jna/MethodParameterContext
Event: 0,186 loading class com/sun/jna/MethodParameterContext done
Event: 0,186 loading class com/sun/jna/FunctionParameterContext
Event: 0,186 loading class com/sun/jna/FunctionParameterContext done
Event: 0,187 loading class com/sun/jna/VarArgsChecker
Event: 0,187 loading class com/sun/jna/VarArgsChecker done
Event: 0,187 loading class com/sun/jna/VarArgsChecker$RealVarArgsChecker
Event: 0,187 loading class com/sun/jna/VarArgsChecker$RealVarArgsChecker done
Event: 0,187 loading class com/sun/jna/VarArgsChecker$NoVarArgsChecker
Event: 0,187 loading class com/sun/jna/VarArgsChecker$NoVarArgsChecker done
Event: 0,187 loading class com/sun/jna/Library$Handler$FunctionInfo
Event: 0,187 loading class com/sun/jna/Library$Handler$FunctionInfo done


Dynamic libraries:
70a400000-719a00000 rw-p 00000000 00:00 0 
719a00000-7bfe00000 ---p 00000000 00:00 0 
7bfe00000-7bfe48000 rw-p 00b13000 103:03 2232165                         /usr/lib/jvm/java-11-openjdk-amd64/lib/server/classes.jsa
7bfe48000-7bff00000 rw-p 00000000 00:00 0 
7bff00000-7bff6c000 rw-p 00aa7000 103:03 2232165                         /usr/lib/jvm/java-11-openjdk-amd64/lib/server/classes.jsa
7bff6c000-7c0000000 rw-p 00000000 00:00 0 
7c0000000-800000000 ---p 00000000 00:00 0 
800000000-800002000 rwxp 00001000 103:03 2232165                         /usr/lib/jvm/java-11-openjdk-amd64/lib/server/classes.jsa
800002000-8003ce000 rw-p 00003000 103:03 2232165                         /usr/lib/jvm/java-11-openjdk-amd64/lib/server/classes.jsa
8003ce000-800aa5000 r--p 003cf000 103:03 2232165                         /usr/lib/jvm/java-11-openjdk-amd64/lib/server/classes.jsa
800aa5000-800aa6000 rw-p 00aa6000 103:03 2232165                         /usr/lib/jvm/java-11-openjdk-amd64/lib/server/classes.jsa
840000000-8400a0000 rw-p 00000000 00:00 0 
8400a0000-880000000 ---p 00000000 00:00 0 
5643731b1000-5643731b2000 r--p 00000000 103:03 2230722                   /usr/lib/jvm/java-11-openjdk-amd64/bin/java
5643731b2000-5643731b3000 r-xp 00001000 103:03 2230722                   /usr/lib/jvm/java-11-openjdk-amd64/bin/java
5643731b3000-5643731b4000 r--p 00002000 103:03 2230722                   /usr/lib/jvm/java-11-openjdk-amd64/bin/java
5643731b4000-5643731b5000 r--p 00002000 103:03 2230722                   /usr/lib/jvm/java-11-openjdk-amd64/bin/java
5643731b5000-5643731b6000 rw-p 00003000 103:03 2230722                   /usr/lib/jvm/java-11-openjdk-amd64/bin/java
5643738f7000-564373918000 rw-p 00000000 00:00 0                          [heap]
7f75c8000000-7f75c8021000 rw-p 00000000 00:00 0 
7f75c8021000-7f75cc000000 ---p 00000000 00:00 0 
7f75d0000000-7f75d0021000 rw-p 00000000 00:00 0 
7f75d0021000-7f75d4000000 ---p 00000000 00:00 0 
7f75d4000000-7f75d4021000 rw-p 00000000 00:00 0 
7f75d4021000-7f75d8000000 ---p 00000000 00:00 0 
7f75d8000000-7f75d8175000 rw-p 00000000 00:00 0 
7f75d8175000-7f75dc000000 ---p 00000000 00:00 0 
7f75dc000000-7f75dc021000 rw-p 00000000 00:00 0 
7f75dc021000-7f75e0000000 ---p 00000000 00:00 0 
7f75e3469000-7f75e34db000 rw-p 00000000 00:00 0 
7f75e34db000-7f75e34df000 ---p 00000000 00:00 0 
7f75e34df000-7f75e35dc000 rw-p 00000000 00:00 0 
7f75e35dc000-7f75e35f7000 r--p 00000000 103:03 1052772                   /usr/local/lib/libZXing.so.2.1.0
7f75e35f7000-7f75e36cb000 r-xp 0001b000 103:03 1052772                   /usr/local/lib/libZXing.so.2.1.0
7f75e36cb000-7f75e3741000 r--p 000ef000 103:03 1052772                   /usr/local/lib/libZXing.so.2.1.0
7f75e3741000-7f75e3742000 ---p 00165000 103:03 1052772                   /usr/local/lib/libZXing.so.2.1.0
7f75e3742000-7f75e3744000 r--p 00165000 103:03 1052772                   /usr/local/lib/libZXing.so.2.1.0
7f75e3744000-7f75e3746000 rw-p 00167000 103:03 1052772                   /usr/local/lib/libZXing.so.2.1.0
7f75e3746000-7f75e374a000 rw-p 00000000 00:00 0 
7f75e374a000-7f75e3768000 r-xp 00000000 103:03 5377553                   /home/eduardo/.cache/JNA/temp/jna6121283207147496431.tmp (deleted)
7f75e3768000-7f75e3967000 ---p 0001e000 103:03 5377553                   /home/eduardo/.cache/JNA/temp/jna6121283207147496431.tmp (deleted)
7f75e3967000-7f75e3968000 rw-p 0001d000 103:03 5377553                   /home/eduardo/.cache/JNA/temp/jna6121283207147496431.tmp (deleted)
7f75e3968000-7f75e3969000 rw-p 00000000 00:00 0 
7f75e3969000-7f75e396d000 r--p 00000000 103:03 395299                    /usr/lib/x86_64-linux-gnu/libjpeg.so.8.2.2
7f75e396d000-7f75e39b1000 r-xp 00004000 103:03 395299                    /usr/lib/x86_64-linux-gnu/libjpeg.so.8.2.2
7f75e39b1000-7f75e39eb000 r--p 00048000 103:03 395299                    /usr/lib/x86_64-linux-gnu/libjpeg.so.8.2.2
7f75e39eb000-7f75e39ec000 ---p 00082000 103:03 395299                    /usr/lib/x86_64-linux-gnu/libjpeg.so.8.2.2
7f75e39ec000-7f75e39ed000 r--p 00082000 103:03 395299                    /usr/lib/x86_64-linux-gnu/libjpeg.so.8.2.2
7f75e39ed000-7f75e39ee000 rw-p 00083000 103:03 395299                    /usr/lib/x86_64-linux-gnu/libjpeg.so.8.2.2
7f75e39ee000-7f75e39f2000 ---p 00000000 00:00 0 
7f75e39f2000-7f75e3aef000 rw-p 00000000 00:00 0 
7f75e3aef000-7f75e3af3000 ---p 00000000 00:00 0 
7f75e3af3000-7f75e3bf0000 rw-p 00000000 00:00 0 
7f75e3bf0000-7f75e3bf5000 r-xp 00000000 103:03 400073                    /usr/lib/x86_64-linux-gnu/libXtst.so.6.1.0
7f75e3bf5000-7f75e3df4000 ---p 00005000 103:03 400073                    /usr/lib/x86_64-linux-gnu/libXtst.so.6.1.0
7f75e3df4000-7f75e3df5000 r--p 00004000 103:03 400073                    /usr/lib/x86_64-linux-gnu/libXtst.so.6.1.0
7f75e3df5000-7f75e3df6000 rw-p 00005000 103:03 400073                    /usr/lib/x86_64-linux-gnu/libXtst.so.6.1.0
7f75e3df6000-7f75e3dff000 r-xp 00000000 103:03 400067                    /usr/lib/x86_64-linux-gnu/libXrender.so.1.3.0
7f75e3dff000-7f75e3ffe000 ---p 00009000 103:03 400067                    /usr/lib/x86_64-linux-gnu/libXrender.so.1.3.0
7f75e3ffe000-7f75e3fff000 r--p 00008000 103:03 400067                    /usr/lib/x86_64-linux-gnu/libXrender.so.1.3.0
7f75e3fff000-7f75e4000000 rw-p 00009000 103:03 400067                    /usr/lib/x86_64-linux-gnu/libXrender.so.1.3.0
7f75e4000000-7f75e4021000 rw-p 00000000 00:00 0 
7f75e4021000-7f75e8000000 ---p 00000000 00:00 0 
7f75e8000000-7f75e8021000 rw-p 00000000 00:00 0 
7f75e8021000-7f75ec000000 ---p 00000000 00:00 0 
7f75ec000000-7f75ec1dc000 rw-p 00000000 00:00 0 
7f75ec1dc000-7f75f0000000 ---p 00000000 00:00 0 
7f75f0000000-7f75f0277000 rw-p 00000000 00:00 0 
7f75f0277000-7f75f4000000 ---p 00000000 00:00 0 
7f75f4000000-7f75f4021000 rw-p 00000000 00:00 0 
7f75f4021000-7f75f8000000 ---p 00000000 00:00 0 
7f75f8000000-7f75f8021000 rw-p 00000000 00:00 0 
7f75f8021000-7f75fc000000 ---p 00000000 00:00 0 
7f75fc000000-7f75fc021000 rw-p 00000000 00:00 0 
7f75fc021000-7f7600000000 ---p 00000000 00:00 0 
7f7600000000-7f7600021000 rw-p 00000000 00:00 0 
7f7600021000-7f7604000000 ---p 00000000 00:00 0 
7f7604000000-7f7604021000 rw-p 00000000 00:00 0 
7f7604021000-7f7608000000 ---p 00000000 00:00 0 
7f7608000000-7f7608029000 rw-p 00000000 00:00 0 
7f7608029000-7f760c000000 ---p 00000000 00:00 0 
7f760c000000-7f760c021000 rw-p 00000000 00:00 0 
7f760c021000-7f7610000000 ---p 00000000 00:00 0 
7f7610000000-7f7610021000 rw-p 00000000 00:00 0 
7f7610021000-7f7614000000 ---p 00000000 00:00 0 
7f7614045000-7f7614049000 ---p 00000000 00:00 0 
7f7614049000-7f7614067000 rw-p 00000000 00:00 0 
7f7614067000-7f7614069000 r--p 00000000 103:03 2273413                   /usr/lib/jvm/java-11-openjdk-amd64/lib/libjavajpeg.so
7f7614069000-7f7614070000 r-xp 00002000 103:03 2273413                   /usr/lib/jvm/java-11-openjdk-amd64/lib/libjavajpeg.so
7f7614070000-7f7614071000 r--p 00009000 103:03 2273413                   /usr/lib/jvm/java-11-openjdk-amd64/lib/libjavajpeg.so
7f7614071000-7f7614072000 ---p 0000a000 103:03 2273413                   /usr/lib/jvm/java-11-openjdk-amd64/lib/libjavajpeg.so
7f7614072000-7f7614073000 r--p 0000a000 103:03 2273413                   /usr/lib/jvm/java-11-openjdk-amd64/lib/libjavajpeg.so
7f7614073000-7f7614074000 rw-p 0000b000 103:03 2273413                   /usr/lib/jvm/java-11-openjdk-amd64/lib/libjavajpeg.so
7f7614074000-7f761407b000 r--s 00000000 103:03 931822                    /usr/lib/x86_64-linux-gnu/gconv/gconv-modules.cache
7f761407b000-7f761407f000 r--p 00000000 103:03 400198                    /usr/lib/x86_64-linux-gnu/libbsd.so.0.10.0
7f761407f000-7f761408e000 r-xp 00004000 103:03 400198                    /usr/lib/x86_64-linux-gnu/libbsd.so.0.10.0
7f761408e000-7f7614091000 r--p 00013000 103:03 400198                    /usr/lib/x86_64-linux-gnu/libbsd.so.0.10.0
7f7614091000-7f7614092000 ---p 00016000 103:03 400198                    /usr/lib/x86_64-linux-gnu/libbsd.so.0.10.0
7f7614092000-7f7614093000 r--p 00016000 103:03 400198                    /usr/lib/x86_64-linux-gnu/libbsd.so.0.10.0
7f7614093000-7f7614094000 rw-p 00017000 103:03 400198                    /usr/lib/x86_64-linux-gnu/libbsd.so.0.10.0
7f7614094000-7f7614095000 rw-p 00000000 00:00 0 
7f7614095000-7f76140a0000 r--p 00000000 103:03 401372                    /usr/lib/x86_64-linux-gnu/libxcb.so.1.1.0
7f76140a0000-7f76140b4000 r-xp 0000b000 103:03 401372                    /usr/lib/x86_64-linux-gnu/libxcb.so.1.1.0
7f76140b4000-7f76140bd000 r--p 0001f000 103:03 401372                    /usr/lib/x86_64-linux-gnu/libxcb.so.1.1.0
7f76140bd000-7f76140be000 r--p 00027000 103:03 401372                    /usr/lib/x86_64-linux-gnu/libxcb.so.1.1.0
7f76140be000-7f76140bf000 rw-p 00028000 103:03 401372                    /usr/lib/x86_64-linux-gnu/libxcb.so.1.1.0
7f76140bf000-7f76140c1000 r--p 00000000 103:03 400055                    /usr/lib/x86_64-linux-gnu/libXi.so.6.1.0
7f76140c1000-7f76140cc000 r-xp 00002000 103:03 400055                    /usr/lib/x86_64-linux-gnu/libXi.so.6.1.0
7f76140cc000-7f76140cf000 r--p 0000d000 103:03 400055                    /usr/lib/x86_64-linux-gnu/libXi.so.6.1.0
7f76140cf000-7f76140d0000 r--p 0000f000 103:03 400055                    /usr/lib/x86_64-linux-gnu/libXi.so.6.1.0
7f76140d0000-7f76140d1000 rw-p 00010000 103:03 400055                    /usr/lib/x86_64-linux-gnu/libXi.so.6.1.0
7f76140d1000-7f76140e9000 r--p 00000000 103:03 397401                    /usr/lib/x86_64-linux-gnu/libX11.so.6.3.0
7f76140e9000-7f7614174000 r-xp 00018000 103:03 397401                    /usr/lib/x86_64-linux-gnu/libX11.so.6.3.0
7f7614174000-7f7614208000 r--p 000a3000 103:03 397401                    /usr/lib/x86_64-linux-gnu/libX11.so.6.3.0
7f7614208000-7f7614209000 ---p 00137000 103:03 397401                    /usr/lib/x86_64-linux-gnu/libX11.so.6.3.0
7f7614209000-7f761420a000 r--p 00137000 103:03 397401                    /usr/lib/x86_64-linux-gnu/libX11.so.6.3.0
7f761420a000-7f761420e000 rw-p 00138000 103:03 397401                    /usr/lib/x86_64-linux-gnu/libX11.so.6.3.0
7f761420f000-7f7614235000 r--p 00000000 103:03 2622352                   /usr/share/locale-langpack/pt_BR/LC_MESSAGES/libc.mo
7f7614235000-7f7614245000 r--p 00000000 103:03 2273354                   /usr/lib/jvm/java-11-openjdk-amd64/lib/libawt_xawt.so
7f7614245000-7f7614285000 r-xp 00010000 103:03 2273354                   /usr/lib/jvm/java-11-openjdk-amd64/lib/libawt_xawt.so
7f7614285000-7f7614297000 r--p 00050000 103:03 2273354                   /usr/lib/jvm/java-11-openjdk-amd64/lib/libawt_xawt.so
7f7614297000-7f7614298000 r--p 00061000 103:03 2273354                   /usr/lib/jvm/java-11-openjdk-amd64/lib/libawt_xawt.so
7f7614298000-7f761429a000 rw-p 00062000 103:03 2273354                   /usr/lib/jvm/java-11-openjdk-amd64/lib/libawt_xawt.so
7f761429a000-7f761429c000 rw-p 00000000 00:00 0 
7f761429c000-7f76142c8000 r--p 00000000 103:03 2273402                   /usr/lib/jvm/java-11-openjdk-amd64/lib/libawt.so
7f76142c8000-7f7614331000 r-xp 0002c000 103:03 2273402                   /usr/lib/jvm/java-11-openjdk-amd64/lib/libawt.so
7f7614331000-7f761433d000 r--p 00095000 103:03 2273402                   /usr/lib/jvm/java-11-openjdk-amd64/lib/libawt.so
7f761433d000-7f761433e000 ---p 000a1000 103:03 2273402                   /usr/lib/jvm/java-11-openjdk-amd64/lib/libawt.so
7f761433e000-7f761433f000 r--p 000a1000 103:03 2273402                   /usr/lib/jvm/java-11-openjdk-amd64/lib/libawt.so
7f761433f000-7f761434a000 rw-p 000a2000 103:03 2273402                   /usr/lib/jvm/java-11-openjdk-amd64/lib/libawt.so
7f761434a000-7f76143a0000 rw-p 00000000 00:00 0 
7f76143a0000-7f76143a4000 ---p 00000000 00:00 0 
7f76143a4000-7f76144a1000 rw-p 00000000 00:00 0 
7f76144a1000-7f76144a2000 ---p 00000000 00:00 0 
7f76144a2000-7f76145a3000 rw-p 00000000 00:00 0 
7f76145a3000-7f76145a7000 ---p 00000000 00:00 0 
7f76145a7000-7f76146a4000 rw-p 00000000 00:00 0 
7f76146a4000-7f76146a8000 ---p 00000000 00:00 0 
7f76146a8000-7f76147a5000 rw-p 00000000 00:00 0 
7f76147a5000-7f76147a9000 ---p 00000000 00:00 0 
7f76147a9000-7f76148a6000 rw-p 00000000 00:00 0 
7f76148a6000-7f76148aa000 ---p 00000000 00:00 0 
7f76148aa000-7f76149a7000 rw-p 00000000 00:00 0 
7f76149a7000-7f76149ab000 ---p 00000000 00:00 0 
7f76149ab000-7f7614aa8000 rw-p 00000000 00:00 0 
7f7614aa8000-7f761501a000 r--p 00000000 103:03 394020                    /usr/lib/locale/locale-archive
7f761501a000-7f761501e000 ---p 00000000 00:00 0 
7f761501e000-7f761511b000 rw-p 00000000 00:00 0 
7f761511b000-7f761511f000 ---p 00000000 00:00 0 
7f761511f000-7f761521c000 rw-p 00000000 00:00 0 
7f761521c000-7f761521d000 ---p 00000000 00:00 0 
7f761521d000-7f76158ba000 rw-p 00000000 00:00 0 
7f76158ba000-7f7615bfa000 ---p 00000000 00:00 0 
7f7615bfa000-7f7615bfb000 ---p 00000000 00:00 0 
7f7615bfb000-7f7615cfc000 rw-p 00000000 00:00 0 
7f7615cfc000-7f7615cfd000 ---p 00000000 00:00 0 
7f7615cfd000-7f7618000000 rw-p 00000000 00:00 0 
7f7618000000-7f7618021000 rw-p 00000000 00:00 0 
7f7618021000-7f761c000000 ---p 00000000 00:00 0 
7f761c006000-7f761c00a000 r--p 00000000 103:03 400047                    /usr/lib/x86_64-linux-gnu/libXext.so.6.4.0
7f761c00a000-7f761c015000 r-xp 00004000 103:03 400047                    /usr/lib/x86_64-linux-gnu/libXext.so.6.4.0
7f761c015000-7f761c019000 r--p 0000f000 103:03 400047                    /usr/lib/x86_64-linux-gnu/libXext.so.6.4.0
7f761c019000-7f761c01a000 r--p 00012000 103:03 400047                    /usr/lib/x86_64-linux-gnu/libXext.so.6.4.0
7f761c01a000-7f761c01b000 rw-p 00013000 103:03 400047                    /usr/lib/x86_64-linux-gnu/libXext.so.6.4.0
7f761c01b000-7f761c8f8000 rw-p 00000000 00:00 0 
7f761c8f8000-7f761f288000 ---p 00000000 00:00 0 
7f761f288000-7f761f290000 rw-p 00000000 00:00 0 
7f761f290000-7f7620290000 ---p 00000000 00:00 0 
7f7620290000-7f7620668000 rw-p 00000000 00:00 0 
7f7620668000-7f7622ff8000 ---p 00000000 00:00 0 
7f7622ff8000-7f7623000000 rw-p 00000000 00:00 0 
7f7623000000-7f7624000000 ---p 00000000 00:00 0 
7f7624000000-7f7624021000 rw-p 00000000 00:00 0 
7f7624021000-7f7628000000 ---p 00000000 00:00 0 
7f7628003000-7f7628007000 r--p 00000000 103:03 2273423                   /usr/lib/jvm/java-11-openjdk-amd64/lib/libnet.so
7f7628007000-7f7628015000 r-xp 00004000 103:03 2273423                   /usr/lib/jvm/java-11-openjdk-amd64/lib/libnet.so
7f7628015000-7f7628019000 r--p 00012000 103:03 2273423                   /usr/lib/jvm/java-11-openjdk-amd64/lib/libnet.so
7f7628019000-7f762801a000 r--p 00015000 103:03 2273423                   /usr/lib/jvm/java-11-openjdk-amd64/lib/libnet.so
7f762801a000-7f762801b000 rw-p 00016000 103:03 2273423                   /usr/lib/jvm/java-11-openjdk-amd64/lib/libnet.so
7f762801b000-7f76280be000 rw-p 00000000 00:00 0 
7f76280be000-7f76285f0000 ---p 00000000 00:00 0 
7f76285f0000-7f76285f1000 rw-p 00000000 00:00 0 
7f76285f1000-7f76287f1000 ---p 00000000 00:00 0 
7f76287f1000-7f7628a61000 rwxp 00000000 00:00 0 
7f7628a61000-7f7628d82000 ---p 00000000 00:00 0 
7f7628d82000-7f7628ff2000 rwxp 00000000 00:00 0 
7f7628ff2000-7f76302b9000 ---p 00000000 00:00 0 
7f76302b9000-7f7630529000 rwxp 00000000 00:00 0 
7f7630529000-7f76377f1000 ---p 00000000 00:00 0 
7f76377f1000-7f7640000000 r--s 00000000 103:03 2273433                   /usr/lib/jvm/java-11-openjdk-amd64/lib/modules
7f7640000000-7f764037e000 rw-p 00000000 00:00 0 
7f764037e000-7f7644000000 ---p 00000000 00:00 0 
7f7644002000-7f7644009000 r--p 00000000 103:03 2273424                   /usr/lib/jvm/java-11-openjdk-amd64/lib/libnio.so
7f7644009000-7f7644011000 r-xp 00007000 103:03 2273424                   /usr/lib/jvm/java-11-openjdk-amd64/lib/libnio.so
7f7644011000-7f7644014000 r--p 0000f000 103:03 2273424                   /usr/lib/jvm/java-11-openjdk-amd64/lib/libnio.so
7f7644014000-7f7644015000 r--p 00011000 103:03 2273424                   /usr/lib/jvm/java-11-openjdk-amd64/lib/libnio.so
7f7644015000-7f7644016000 rw-p 00012000 103:03 2273424                   /usr/lib/jvm/java-11-openjdk-amd64/lib/libnio.so
7f7644016000-7f7644159000 rw-p 00000000 00:00 0 
7f7644159000-7f764415a000 ---p 00000000 00:00 0 
7f764415a000-7f764425b000 rw-p 00000000 00:00 0 
7f764425b000-7f764425c000 ---p 00000000 00:00 0 
7f764425c000-7f76444d6000 rw-p 00000000 00:00 0 
7f76444d6000-7f7644a08000 ---p 00000000 00:00 0 
7f7644a08000-7f7644a09000 rw-p 00000000 00:00 0 
7f7644a09000-7f7644c09000 ---p 00000000 00:00 0 
7f7644c09000-7f7644c84000 rw-p 00000000 00:00 0 
7f7644c84000-7f76451b6000 ---p 00000000 00:00 0 
7f76451b6000-7f76451b7000 rw-p 00000000 00:00 0 
7f76451b7000-7f76453b7000 ---p 00000000 00:00 0 
7f76453b7000-7f7645bbf000 rw-p 00000000 00:00 0 
7f7645bbf000-7f7645bc0000 ---p 00000000 00:00 0 
7f7645bc0000-7f7645cc6000 rw-p 00000000 00:00 0 
7f7645cc6000-7f7645dac000 ---p 00000000 00:00 0 
7f7645dac000-7f7645db1000 rw-p 00000000 00:00 0 
7f7645db1000-7f7645e97000 ---p 00000000 00:00 0 
7f7645e97000-7f7645e9a000 r--p 00000000 103:03 394907                    /usr/lib/x86_64-linux-gnu/libnss_files-2.31.so
7f7645e9a000-7f7645ea1000 r-xp 00003000 103:03 394907                    /usr/lib/x86_64-linux-gnu/libnss_files-2.31.so
7f7645ea1000-7f7645ea3000 r--p 0000a000 103:03 394907                    /usr/lib/x86_64-linux-gnu/libnss_files-2.31.so
7f7645ea3000-7f7645ea4000 r--p 0000b000 103:03 394907                    /usr/lib/x86_64-linux-gnu/libnss_files-2.31.so
7f7645ea4000-7f7645ea5000 rw-p 0000c000 103:03 394907                    /usr/lib/x86_64-linux-gnu/libnss_files-2.31.so
7f7645ea5000-7f7645eab000 rw-p 00000000 00:00 0 
7f7645ead000-7f7645eaf000 r--p 00000000 103:03 400045                    /usr/lib/x86_64-linux-gnu/libXdmcp.so.6.0.0
7f7645eaf000-7f7645eb1000 r-xp 00002000 103:03 400045                    /usr/lib/x86_64-linux-gnu/libXdmcp.so.6.0.0
7f7645eb1000-7f7645eb3000 r--p 00004000 103:03 400045                    /usr/lib/x86_64-linux-gnu/libXdmcp.so.6.0.0
7f7645eb3000-7f7645eb4000 r--p 00005000 103:03 400045                    /usr/lib/x86_64-linux-gnu/libXdmcp.so.6.0.0
7f7645eb4000-7f7645eb5000 rw-p 00006000 103:03 400045                    /usr/lib/x86_64-linux-gnu/libXdmcp.so.6.0.0
7f7645eb5000-7f7645eb6000 r--p 00000000 103:03 400034                    /usr/lib/x86_64-linux-gnu/libXau.so.6.0.0
7f7645eb6000-7f7645eb8000 r-xp 00001000 103:03 400034                    /usr/lib/x86_64-linux-gnu/libXau.so.6.0.0
7f7645eb8000-7f7645eb9000 r--p 00003000 103:03 400034                    /usr/lib/x86_64-linux-gnu/libXau.so.6.0.0
7f7645eb9000-7f7645eba000 r--p 00003000 103:03 400034                    /usr/lib/x86_64-linux-gnu/libXau.so.6.0.0
7f7645eba000-7f7645ebb000 rw-p 00004000 103:03 400034                    /usr/lib/x86_64-linux-gnu/libXau.so.6.0.0
7f7645ebb000-7f7645ec0000 rw-p 00000000 00:00 0 
7f7645ec0000-7f7645ec7000 ---p 00000000 00:00 0 
7f7645ec7000-7f7645ec9000 r--p 00000000 103:03 2273432                   /usr/lib/jvm/java-11-openjdk-amd64/lib/libzip.so
7f7645ec9000-7f7645ece000 r-xp 00002000 103:03 2273432                   /usr/lib/jvm/java-11-openjdk-amd64/lib/libzip.so
7f7645ece000-7f7645ed0000 r--p 00007000 103:03 2273432                   /usr/lib/jvm/java-11-openjdk-amd64/lib/libzip.so
7f7645ed0000-7f7645ed1000 r--p 00008000 103:03 2273432                   /usr/lib/jvm/java-11-openjdk-amd64/lib/libzip.so
7f7645ed1000-7f7645ed2000 rw-p 00009000 103:03 2273432                   /usr/lib/jvm/java-11-openjdk-amd64/lib/libzip.so
7f7645ed2000-7f7645ee0000 r--p 00000000 103:03 2273412                   /usr/lib/jvm/java-11-openjdk-amd64/lib/libjava.so
7f7645ee0000-7f7645ef6000 r-xp 0000e000 103:03 2273412                   /usr/lib/jvm/java-11-openjdk-amd64/lib/libjava.so
7f7645ef6000-7f7645efd000 r--p 00024000 103:03 2273412                   /usr/lib/jvm/java-11-openjdk-amd64/lib/libjava.so
7f7645efd000-7f7645efe000 r--p 0002a000 103:03 2273412                   /usr/lib/jvm/java-11-openjdk-amd64/lib/libjava.so
7f7645efe000-7f7645eff000 rw-p 0002b000 103:03 2273412                   /usr/lib/jvm/java-11-openjdk-amd64/lib/libjava.so
7f7645eff000-7f7645f00000 rw-p 00000000 00:00 0 
7f7645f00000-7f7645f02000 r--p 00000000 103:03 395360                    /usr/lib/x86_64-linux-gnu/librt-2.31.so
7f7645f02000-7f7645f06000 r-xp 00002000 103:03 395360                    /usr/lib/x86_64-linux-gnu/librt-2.31.so
7f7645f06000-7f7645f08000 r--p 00006000 103:03 395360                    /usr/lib/x86_64-linux-gnu/librt-2.31.so
7f7645f08000-7f7645f09000 r--p 00007000 103:03 395360                    /usr/lib/x86_64-linux-gnu/librt-2.31.so
7f7645f09000-7f7645f0a000 rw-p 00008000 103:03 395360                    /usr/lib/x86_64-linux-gnu/librt-2.31.so
7f7645f0a000-7f7645f0e000 ---p 00000000 00:00 0 
7f7645f0e000-7f764600b000 rw-p 00000000 00:00 0 
7f764600b000-7f764600e000 r--p 00000000 103:03 395513                    /usr/lib/x86_64-linux-gnu/libgcc_s.so.1
7f764600e000-7f7646020000 r-xp 00003000 103:03 395513                    /usr/lib/x86_64-linux-gnu/libgcc_s.so.1
7f7646020000-7f7646024000 r--p 00015000 103:03 395513                    /usr/lib/x86_64-linux-gnu/libgcc_s.so.1
7f7646024000-7f7646025000 r--p 00018000 103:03 395513                    /usr/lib/x86_64-linux-gnu/libgcc_s.so.1
7f7646025000-7f7646026000 rw-p 00019000 103:03 395513                    /usr/lib/x86_64-linux-gnu/libgcc_s.so.1
7f7646026000-7f7646033000 r--p 00000000 103:03 393842                    /usr/lib/x86_64-linux-gnu/libm-2.31.so
7f7646033000-7f76460da000 r-xp 0000d000 103:03 393842                    /usr/lib/x86_64-linux-gnu/libm-2.31.so
7f76460da000-7f7646173000 r--p 000b4000 103:03 393842                    /usr/lib/x86_64-linux-gnu/libm-2.31.so
7f7646173000-7f7646174000 r--p 0014c000 103:03 393842                    /usr/lib/x86_64-linux-gnu/libm-2.31.so
7f7646174000-7f7646175000 rw-p 0014d000 103:03 393842                    /usr/lib/x86_64-linux-gnu/libm-2.31.so
7f7646175000-7f764620b000 r--p 00000000 103:03 394152                    /usr/lib/x86_64-linux-gnu/libstdc++.so.6.0.28
7f764620b000-7f76462fc000 r-xp 00096000 103:03 394152                    /usr/lib/x86_64-linux-gnu/libstdc++.so.6.0.28
7f76462fc000-7f7646345000 r--p 00187000 103:03 394152                    /usr/lib/x86_64-linux-gnu/libstdc++.so.6.0.28
7f7646345000-7f7646346000 ---p 001d0000 103:03 394152                    /usr/lib/x86_64-linux-gnu/libstdc++.so.6.0.28
7f7646346000-7f7646351000 r--p 001d0000 103:03 394152                    /usr/lib/x86_64-linux-gnu/libstdc++.so.6.0.28
7f7646351000-7f7646354000 rw-p 001db000 103:03 394152                    /usr/lib/x86_64-linux-gnu/libstdc++.so.6.0.28
7f7646354000-7f7646357000 rw-p 00000000 00:00 0 
7f7646357000-7f76465d9000 r--p 00000000 103:03 2273436                   /usr/lib/jvm/java-11-openjdk-amd64/lib/server/libjvm.so
7f76465d9000-7f764726a000 r-xp 00282000 103:03 2273436                   /usr/lib/jvm/java-11-openjdk-amd64/lib/server/libjvm.so
7f764726a000-7f76474c9000 r--p 00f13000 103:03 2273436                   /usr/lib/jvm/java-11-openjdk-amd64/lib/server/libjvm.so
7f76474c9000-7f764758d000 r--p 01171000 103:03 2273436                   /usr/lib/jvm/java-11-openjdk-amd64/lib/server/libjvm.so
7f764758d000-7f76475c8000 rw-p 01235000 103:03 2273436                   /usr/lib/jvm/java-11-openjdk-amd64/lib/server/libjvm.so
7f76475c8000-7f7647621000 rw-p 00000000 00:00 0 
7f7647621000-7f7647643000 r--p 00000000 103:03 393319                    /usr/lib/x86_64-linux-gnu/libc-2.31.so
7f7647643000-7f76477bb000 r-xp 00022000 103:03 393319                    /usr/lib/x86_64-linux-gnu/libc-2.31.so
7f76477bb000-7f7647809000 r--p 0019a000 103:03 393319                    /usr/lib/x86_64-linux-gnu/libc-2.31.so
7f7647809000-7f764780d000 r--p 001e7000 103:03 393319                    /usr/lib/x86_64-linux-gnu/libc-2.31.so
7f764780d000-7f764780f000 rw-p 001eb000 103:03 393319                    /usr/lib/x86_64-linux-gnu/libc-2.31.so
7f764780f000-7f7647813000 rw-p 00000000 00:00 0 
7f7647813000-7f7647814000 r--p 00000000 103:03 393432                    /usr/lib/x86_64-linux-gnu/libdl-2.31.so
7f7647814000-7f7647816000 r-xp 00001000 103:03 393432                    /usr/lib/x86_64-linux-gnu/libdl-2.31.so
7f7647816000-7f7647817000 r--p 00003000 103:03 393432                    /usr/lib/x86_64-linux-gnu/libdl-2.31.so
7f7647817000-7f7647818000 r--p 00003000 103:03 393432                    /usr/lib/x86_64-linux-gnu/libdl-2.31.so
7f7647818000-7f7647819000 rw-p 00004000 103:03 393432                    /usr/lib/x86_64-linux-gnu/libdl-2.31.so
7f7647819000-7f764781c000 r--p 00000000 103:03 2273397                   /usr/lib/jvm/java-11-openjdk-amd64/lib/jli/libjli.so
7f764781c000-7f7647826000 r-xp 00003000 103:03 2273397                   /usr/lib/jvm/java-11-openjdk-amd64/lib/jli/libjli.so
7f7647826000-7f7647829000 r--p 0000d000 103:03 2273397                   /usr/lib/jvm/java-11-openjdk-amd64/lib/jli/libjli.so
7f7647829000-7f764782a000 ---p 00010000 103:03 2273397                   /usr/lib/jvm/java-11-openjdk-amd64/lib/jli/libjli.so
7f764782a000-7f764782b000 r--p 00010000 103:03 2273397                   /usr/lib/jvm/java-11-openjdk-amd64/lib/jli/libjli.so
7f764782b000-7f764782c000 rw-p 00011000 103:03 2273397                   /usr/lib/jvm/java-11-openjdk-amd64/lib/jli/libjli.so
7f764782c000-7f7647832000 r--p 00000000 103:03 395358                    /usr/lib/x86_64-linux-gnu/libpthread-2.31.so
7f7647832000-7f7647843000 r-xp 00006000 103:03 395358                    /usr/lib/x86_64-linux-gnu/libpthread-2.31.so
7f7647843000-7f7647849000 r--p 00017000 103:03 395358                    /usr/lib/x86_64-linux-gnu/libpthread-2.31.so
7f7647849000-7f764784a000 r--p 0001c000 103:03 395358                    /usr/lib/x86_64-linux-gnu/libpthread-2.31.so
7f764784a000-7f764784b000 rw-p 0001d000 103:03 395358                    /usr/lib/x86_64-linux-gnu/libpthread-2.31.so
7f764784b000-7f764784f000 rw-p 00000000 00:00 0 
7f764784f000-7f7647851000 r--p 00000000 103:03 393419                    /usr/lib/x86_64-linux-gnu/libz.so.1.2.11
7f7647851000-7f7647862000 r-xp 00002000 103:03 393419                    /usr/lib/x86_64-linux-gnu/libz.so.1.2.11
7f7647862000-7f7647868000 r--p 00013000 103:03 393419                    /usr/lib/x86_64-linux-gnu/libz.so.1.2.11
7f7647868000-7f7647869000 ---p 00019000 103:03 393419                    /usr/lib/x86_64-linux-gnu/libz.so.1.2.11
7f7647869000-7f764786a000 r--p 00019000 103:03 393419                    /usr/lib/x86_64-linux-gnu/libz.so.1.2.11
7f764786a000-7f764786b000 rw-p 0001a000 103:03 393419                    /usr/lib/x86_64-linux-gnu/libz.so.1.2.11
7f764786d000-7f7647875000 rw-s 00000000 103:03 12583234                  /tmp/hsperfdata_eduardo/12484
7f7647875000-7f7647876000 ---p 00000000 00:00 0 
7f7647876000-7f7647877000 r--p 00000000 00:00 0 
7f7647877000-7f7647879000 r--p 00000000 103:03 2273415                   /usr/lib/jvm/java-11-openjdk-amd64/lib/libjimage.so
7f7647879000-7f764787c000 r-xp 00002000 103:03 2273415                   /usr/lib/jvm/java-11-openjdk-amd64/lib/libjimage.so
7f764787c000-7f764787d000 r--p 00005000 103:03 2273415                   /usr/lib/jvm/java-11-openjdk-amd64/lib/libjimage.so
7f764787d000-7f764787e000 ---p 00006000 103:03 2273415                   /usr/lib/jvm/java-11-openjdk-amd64/lib/libjimage.so
7f764787e000-7f764787f000 r--p 00006000 103:03 2273415                   /usr/lib/jvm/java-11-openjdk-amd64/lib/libjimage.so
7f764787f000-7f7647880000 rw-p 00007000 103:03 2273415                   /usr/lib/jvm/java-11-openjdk-amd64/lib/libjimage.so
7f7647880000-7f7647885000 r--p 00000000 103:03 2273431                   /usr/lib/jvm/java-11-openjdk-amd64/lib/libverify.so
7f7647885000-7f764788c000 r-xp 00005000 103:03 2273431                   /usr/lib/jvm/java-11-openjdk-amd64/lib/libverify.so
7f764788c000-7f764788e000 r--p 0000c000 103:03 2273431                   /usr/lib/jvm/java-11-openjdk-amd64/lib/libverify.so
7f764788e000-7f764788f000 ---p 0000e000 103:03 2273431                   /usr/lib/jvm/java-11-openjdk-amd64/lib/libverify.so
7f764788f000-7f7647891000 r--p 0000e000 103:03 2273431                   /usr/lib/jvm/java-11-openjdk-amd64/lib/libverify.so
7f7647891000-7f7647892000 rw-p 00010000 103:03 2273431                   /usr/lib/jvm/java-11-openjdk-amd64/lib/libverify.so
7f7647892000-7f7647894000 rw-p 00000000 00:00 0 
7f7647894000-7f7647895000 r--p 00000000 103:03 393292                    /usr/lib/x86_64-linux-gnu/ld-2.31.so
7f7647895000-7f76478b8000 r-xp 00001000 103:03 393292                    /usr/lib/x86_64-linux-gnu/ld-2.31.so
7f76478b8000-7f76478c0000 r--p 00024000 103:03 393292                    /usr/lib/x86_64-linux-gnu/ld-2.31.so
7f76478c1000-7f76478c2000 r--p 0002c000 103:03 393292                    /usr/lib/x86_64-linux-gnu/ld-2.31.so
7f76478c2000-7f76478c3000 rw-p 0002d000 103:03 393292                    /usr/lib/x86_64-linux-gnu/ld-2.31.so
7f76478c3000-7f76478c4000 rw-p 00000000 00:00 0 
7ffe0470f000-7ffe04730000 rw-p 00000000 00:00 0                          [stack]
7ffe047d2000-7ffe047d6000 r--p 00000000 00:00 0                          [vvar]
7ffe047d6000-7ffe047d8000 r-xp 00000000 00:00 0                          [vdso]
ffffffffff600000-ffffffffff601000 --xp 00000000 00:00 0                  [vsyscall]


VM Arguments:
jvm_args: -Dfile.encoding=UTF-8 
java_command: loadCplus.ZXingBarcodeReader
java_class_path (initial): /home/eduardo/Documentos/Workspaces/Projetos/loadCplus/target/classes:/home/eduardo/.m2/repository/net/java/dev/jna/jna/5.13.0/jna-5.13.0.jar
Launcher Type: SUN_STANDARD

[Global flags]
     intx CICompilerCount                          = 4                                         {product} {ergonomic}
     uint ConcGCThreads                            = 2                                         {product} {ergonomic}
     uint G1ConcRefinementThreads                  = 8                                         {product} {ergonomic}
   size_t G1HeapRegionSize                         = 1048576                                   {product} {ergonomic}
    uintx GCDrainStackTargetSize                   = 64                                        {product} {ergonomic}
   size_t InitialHeapSize                          = 257949696                                 {product} {ergonomic}
   size_t MarkStackSize                            = 4194304                                   {product} {ergonomic}
   size_t MaxHeapSize                              = 4123000832                                {product} {ergonomic}
   size_t MaxNewSize                               = 2473590784                                {product} {ergonomic}
   size_t MinHeapDeltaBytes                        = 1048576                                   {product} {ergonomic}
    uintx NonNMethodCodeHeapSize                   = 5836300                                {pd product} {ergonomic}
    uintx NonProfiledCodeHeapSize                  = 122910970                              {pd product} {ergonomic}
    uintx ProfiledCodeHeapSize                     = 122910970                              {pd product} {ergonomic}
    uintx ReservedCodeCacheSize                    = 251658240                              {pd product} {ergonomic}
     bool SegmentedCodeCache                       = true                                      {product} {ergonomic}
     bool UseCompressedClassPointers               = true                                 {lp64_product} {ergonomic}
     bool UseCompressedOops                        = true                                 {lp64_product} {ergonomic}
     bool UseG1GC                                  = true                                      {product} {ergonomic}

Logging:
Log output configuration:
 #0: stdout all=warning uptime,level,tags
 #1: stderr all=off uptime,level,tags

Environment Variables:
JAVA_HOME=/usr/lib/jvm/java-11-openjdk-amd64/
JRE_HOME=/usr/lib/jvm/java-11-openjdk-amd64/bin/java/jre/
PATH=/home/eduardo/.local/bin:/usr/lib/jvm/jdk1.8.0_202/bin:/usr/local/sbin:/usr/local/bin:/usr/sbin:/usr/bin:/sbin:/bin:/usr/games:/usr/local/games:/snap/bin/usr/lib/jvm/jdk1.8.0_202/bin:/usr/lib/jvm/jdk1.8.0_202/db/bin:/usr/lib/jvm/jdk1.8.0_202/jre/bin:/snap/bin:/usr/lib/jvm/java-11-openjdk-amd64/bin
USERNAME=eduardo
SHELL=/usr/bin/zsh
DISPLAY=:0
LANG=pt_BR.UTF-8

Signal Handlers:
SIGSEGV: [libjvm.so+0xea02e0], sa_mask[0]=11111111011111111101111111111110, sa_flags=SA_RESTART|SA_SIGINFO
SIGBUS: [libjvm.so+0xea02e0], sa_mask[0]=11111111011111111101111111111110, sa_flags=SA_RESTART|SA_SIGINFO
SIGFPE: [libjvm.so+0xea02e0], sa_mask[0]=11111111011111111101111111111110, sa_flags=SA_RESTART|SA_SIGINFO
SIGPIPE: [libjvm.so+0xbe5be0], sa_mask[0]=11111111011111111101111111111110, sa_flags=SA_RESTART|SA_SIGINFO
SIGXFSZ: [libjvm.so+0xbe5be0], sa_mask[0]=11111111011111111101111111111110, sa_flags=SA_RESTART|SA_SIGINFO
SIGILL: [libjvm.so+0xea02e0], sa_mask[0]=11111111011111111101111111111110, sa_flags=SA_RESTART|SA_SIGINFO
SIGUSR2: [libjvm.so+0xbe5a80], sa_mask[0]=00100000000000000000000000000000, sa_flags=SA_RESTART|SA_SIGINFO
SIGHUP: [libjvm.so+0xbe6130], sa_mask[0]=11111111011111111101111111111110, sa_flags=SA_RESTART|SA_SIGINFO
SIGINT: [libjvm.so+0xbe6130], sa_mask[0]=11111111011111111101111111111110, sa_flags=SA_RESTART|SA_SIGINFO
SIGTERM: [libjvm.so+0xbe6130], sa_mask[0]=11111111011111111101111111111110, sa_flags=SA_RESTART|SA_SIGINFO
SIGQUIT: [libjvm.so+0xbe6130], sa_mask[0]=11111111011111111101111111111110, sa_flags=SA_RESTART|SA_SIGINFO


---------------  S Y S T E M  ---------------

OS:DISTRIB_ID=Ubuntu
DISTRIB_RELEASE=20.04
DISTRIB_CODENAME=focal
DISTRIB_DESCRIPTION="Ubuntu 20.04.6 LTS"
uname:Linux 5.15.0-87-generic #97~20.04.1-Ubuntu SMP Thu Oct 5 08:25:28 UTC 2023 x86_64
OS uptime: 0 days 0:23 hours
libc:glibc 2.31 NPTL 2.31 
rlimit (soft/hard): STACK 8192k/infinity , CORE 0k/infinity , NPROC 62439/62439 , NOFILE 1048576/1048576 , AS infinity/infinity , CPU infinity/infinity , DATA infinity/infinity , FSIZE infinity/infinity , MEMLOCK 65536k/65536k
load average:0,22 0,62 0,63

/proc/meminfo:
MemTotal:       16102520 kB
MemFree:         5719760 kB
MemAvailable:    9575204 kB
Buffers:          292192 kB
Cached:          4685416 kB
SwapCached:            0 kB
Active:          1536400 kB
Inactive:        7535452 kB
Active(anon):      20388 kB
Inactive(anon):  5091920 kB
Active(file):    1516012 kB
Inactive(file):  2443532 kB
Unevictable:      633448 kB
Mlocked:             160 kB
SwapTotal:      10485752 kB
SwapFree:       10485752 kB
Dirty:               636 kB
Writeback:             4 kB
AnonPages:       4728220 kB
Mapped:          1397152 kB
Shmem:           1017796 kB
KReclaimable:     238460 kB
Slab:             421992 kB
SReclaimable:     238460 kB
SUnreclaim:       183532 kB
KernelStack:       21940 kB
PageTables:        56592 kB
NFS_Unstable:          0 kB
Bounce:                0 kB
WritebackTmp:          0 kB
CommitLimit:    18537012 kB
Committed_AS:   15920120 kB
VmallocTotal:   34359738367 kB
VmallocUsed:       59336 kB
VmallocChunk:          0 kB
Percpu:            11296 kB
HardwareCorrupted:     0 kB
AnonHugePages:         0 kB
ShmemHugePages:        0 kB
ShmemPmdMapped:        0 kB
FileHugePages:         0 kB
FilePmdMapped:         0 kB
HugePages_Total:       0
HugePages_Free:        0
HugePages_Rsvd:        0
HugePages_Surp:        0
Hugepagesize:       2048 kB
Hugetlb:               0 kB
DirectMap4k:      466092 kB
DirectMap2M:    10797056 kB
DirectMap1G:     6291456 kB

/sys/kernel/mm/transparent_hugepage/enabled:
always [madvise] never
/sys/kernel/mm/transparent_hugepage/defrag (defrag/compaction efforts parameter):
always defer defer+madvise [madvise] never

Process Memory:
Virtual Size: 7056352K (peak: 15535056K)
Resident Set Size: 59424K (peak: 60108K) (anon: 29804K, file: 29620K, shmem: 0K)
Swapped out: 0K
C-Heap outstanding allocations: 26131K, retained: 2552K
glibc malloc tunables: (default)

/proc/sys/kernel/threads-max (system-wide limit on the number of threads):
124879
/proc/sys/vm/max_map_count (maximum number of memory map areas a process may have):
65530
/proc/sys/kernel/pid_max (system-wide limit on number of process identifiers):
4194304

container (cgroup) information:
container_type: cgroupv1
cpu_cpuset_cpus: 0-7
cpu_memory_nodes: 0
active_processor_count: 8
cpu_quota: no quota
cpu_period: 100000
cpu_shares: no shares
memory_limit_in_bytes: unlimited
memory_and_swap_limit_in_bytes: unlimited
memory_soft_limit_in_bytes: unlimited
memory_usage_in_bytes: 7235260 k
memory_max_usage_in_bytes: 7236276 k
kernel_memory_usage_in_bytes: 188148 k
kernel_memory_max_usage_in_bytes: unlimited
kernel_memory_limit_in_bytes: 188328 k
maximum number of tasks: unlimited
current number of tasks: 931

Steal ticks since vm start: 0
Steal ticks percentage since vm start:  0,000

CPU:total 8 (initial active 8) (4 cores per cpu, 2 threads per core) family 6 model 140 stepping 1 microcode 0xac, cmov, cx8, fxsr, mmx, sse, sse2, sse3, ssse3, sse4.1, sse4.2, popcnt, avx, avx2, aes, clmul, erms, 3dnowpref, lzcnt, ht, tsc, tscinvbit, bmi1, bmi2, adx, evex, sha, fma
CPU Model and flags from /proc/cpuinfo:
model name	: 11th Gen Intel(R) Core(TM) i7-1165G7 @ 2.80GHz
flags		: fpu vme de pse tsc msr pae mce cx8 apic sep mtrr pge mca cmov pat pse36 clflush dts acpi mmx fxsr sse sse2 ss ht tm pbe syscall nx pdpe1gb rdtscp lm constant_tsc art arch_perfmon pebs bts rep_good nopl xtopology nonstop_tsc cpuid aperfmperf tsc_known_freq pni pclmulqdq dtes64 monitor ds_cpl vmx est tm2 ssse3 sdbg fma cx16 xtpr pdcm pcid sse4_1 sse4_2 x2apic movbe popcnt tsc_deadline_timer aes xsave avx f16c rdrand lahf_lm abm 3dnowprefetch cpuid_fault epb cat_l2 invpcid_single cdp_l2 ssbd ibrs ibpb stibp ibrs_enhanced tpr_shadow vnmi flexpriority ept vpid ept_ad fsgsbase tsc_adjust bmi1 avx2 smep bmi2 erms invpcid rdt_a avx512f avx512dq rdseed adx smap avx512ifma clflushopt clwb intel_pt avx512cd sha_ni avx512bw avx512vl xsaveopt xsavec xgetbv1 xsaves split_lock_detect dtherm ida arat pln pts hwp hwp_notify hwp_act_window hwp_epp hwp_pkg_req avx512vbmi umip pku ospke avx512_vbmi2 gfni vaes vpclmulqdq avx512_vnni avx512_bitalg avx512_vpopcntdq rdpid movdiri movdir64b fsrm avx512_vp2intersect md_clear flush_l1d arch_capabilities
Online cpus:
0-7
Offline cpus:

BIOS frequency limitation:
<Not Available>
Frequency switch latency (ns):
0
Available cpu frequencies:
<Not Available>
Current governor:
powersave
Core performance/turbo boost:
<Not Available>

Memory: 4k page, physical 16102520k(5719508k free), swap 10485752k(10485752k free)

vm_info: OpenJDK 64-Bit Server VM (11.0.20.1+1-post-Ubuntu-0ubuntu120.04) for linux-amd64 JRE (11.0.20.1+1-post-Ubuntu-0ubuntu120.04), built on Aug 24 2023 23:12:13 by "unknown" with gcc 9.4.0

END.
