#
# A fatal error has been detected by the Java Runtime Environment:
#
#  SIGSEGV (0xb) at pc=0x00007fe9f5c652e3, pid=112737, tid=112742
#
# JRE version: OpenJDK Runtime Environment (11.0.20.1+1) (build 11.0.20.1+1-post-Ubuntu-0ubuntu120.04)
# Java VM: OpenJDK 64-Bit Server VM (11.0.20.1+1-post-Ubuntu-0ubuntu120.04, mixed mode, sharing, tiered, compressed oops, g1 gc, linux-amd64)
# Problematic frame:
# C  [libZXing.so+0x542e3]  ZXing::SetupLumImageView(ZXing::ImageView, ZXing::LumImage&, ZXing::DecodeHints const&)+0x983
#
# Core dump will be written. Default location: Core dumps may be processed with "/usr/share/apport/apport -p%p -s%s -c%c -d%d -P%P -u%u -g%g -- %E" (or dumping to /home/eduardo/Documentos/Workspaces/Projetos/loadCplus/core.112737)
#
# If you would like to submit a bug report, please visit:
#   https://bugs.launchpad.net/ubuntu/+source/openjdk-lts
# The crash happened outside the Java Virtual Machine in native code.
# See problematic frame for where to report the bug.
#

---------------  S U M M A R Y ------------

Command Line: -Dfile.encoding=UTF-8 loadCplus.ZXingBarcodeReader

Host: 11th Gen Intel(R) Core(TM) i7-1165G7 @ 2.80GHz, 8 cores, 15G, Ubuntu 20.04.6 LTS
Time: Tue Oct 24 17:34:27 2023 -03 elapsed time: 0.205623 seconds (0d 0h 0m 0s)

---------------  T H R E A D  ---------------

Current thread (0x00007fea2c016800):  JavaThread "main" [_thread_in_native, id=112742, stack(0x00007fea30536000,0x00007fea30637000)]

Stack: [0x00007fea30536000,0x00007fea30637000],  sp=0x00007fea30634910,  free space=1018k
Native frames: (J=compiled Java code, A=aot compiled Java code, j=interpreted, Vv=VM code, C=native code)
C  [libZXing.so+0x542e3]  ZXing::SetupLumImageView(ZXing::ImageView, ZXing::LumImage&, ZXing::DecodeHints const&)+0x983

Java frames: (J=compiled Java code, j=interpreted, Vv=VM code)
j  com.sun.jna.Native.invokePointer(Lcom/sun/jna/Function;JI[Ljava/lang/Object;)J+0
j  com.sun.jna.Function.invokePointer(I[Ljava/lang/Object;)Lcom/sun/jna/Pointer;+7
j  com.sun.jna.Function.invoke([Ljava/lang/Object;Ljava/lang/Class;ZI)Ljava/lang/Object;+520
j  com.sun.jna.Function.invoke(Ljava/lang/reflect/Method;[Ljava/lang/Class;Ljava/lang/Class;[Ljava/lang/Object;Ljava/util/Map;)Ljava/lang/Object;+271
j  com.sun.jna.Library$Handler.invoke(Ljava/lang/Object;Ljava/lang/reflect/Method;[Ljava/lang/Object;)Ljava/lang/Object;+390
j  com.sun.proxy.$Proxy0.JavaReadBarcodes([BIII[Ljava/lang/String;)[Ljava/lang/String;+43
j  loadCplus.ZXingBarcodeReader.main([Ljava/lang/String;)V+66
v  ~StubRoutines::call_stub

siginfo: si_signo: 11 (SIGSEGV), si_code: 1 (SEGV_MAPERR), si_addr: 0x00007fea31ef0001

Register to memory mapping:

RAX=0x00007fea31ef0001 is an unknown value
RBX=0x0000000000000002 is an unknown value
RCX=0x0 is NULL
RDX=0x00007fe9f5a9f565 points into unknown readable memory: 00 00 00
RSP=0x00007fea30634910 is pointing into the stack for thread: 0x00007fea2c016800
RBP=0x00007fea31eef842 points into unknown readable memory: 00 00 00 00 00 00
RSI=0x00007fea31ef0001 is an unknown value
RDI=0x00007fe9f5a9f5f0 points into unknown readable memory: 0x0000000000000000 | 00 00 00 00 00 00 00 00
R8 =0x0000000000000006 is an unknown value
R9 =0xfffffffffffffce0 is an unknown value
R10=0x0000000000000003 is an unknown value
R11=0x0 is NULL
R12=0x0 is NULL
R13=0x0000000000000001 is an unknown value
R14=0x0000000000000320 is an unknown value
R15=0x0000000000000960 is an unknown value


Registers:
RAX=0x00007fea31ef0001, RBX=0x0000000000000002, RCX=0x0000000000000000, RDX=0x00007fe9f5a9f565
RSP=0x00007fea30634910, RBP=0x00007fea31eef842, RSI=0x00007fea31ef0001, RDI=0x00007fe9f5a9f5f0
R8 =0x0000000000000006, R9 =0xfffffffffffffce0, R10=0x0000000000000003, R11=0x0000000000000000
R12=0x0000000000000000, R13=0x0000000000000001, R14=0x0000000000000320, R15=0x0000000000000960
RIP=0x00007fe9f5c652e3, EFLAGS=0x0000000000010283, CSGSFS=0x002b000000000033, ERR=0x0000000000000004
  TRAPNO=0x000000000000000e

Top of Stack: (sp=0x00007fea30634910)
0x00007fea30634910:   0000000000000000 00007fea30634a80
0x00007fea30634920:   00007fe9f5a9e010 0000032000000243
0x00007fea30634930:   00007fea30634ac0 0000000000000000
0x00007fea30634940:   cafebabe00000001 0000000000000000 

Instructions: (pc=0x00007fe9f5c652e3)
0x00007fe9f5c651e3:   80 00 00 00 00 48 8b 44 24 30 41 83 c3 01 48 03
0x00007fe9f5c651f3:   54 24 28 48 8d 7c 07 01 44 39 5c 24 18 0f 85 ca
0x00007fe9f5c65203:   f9 ff ff 4c 8b 74 24 58 48 8b 44 24 10 8b 5c 24
0x00007fe9f5c65213:   18 41 89 4e 0c 49 8b 7e 20 41 c7 46 08 00 00 00
0x00007fe9f5c65223:   01 49 89 06 41 89 5e 10 41 c7 46 14 01 00 00 00
0x00007fe9f5c65233:   41 89 4e 18 49 89 46 20 48 85 ff 74 0e e8 0b a1
0x00007fe9f5c65243:   fc ff 49 8b 46 20 48 89 44 24 10 48 83 7c 24 10
0x00007fe9f5c65253:   00 0f 84 36 f8 ff ff 48 8b 7c 24 08 49 8b 46 10
0x00007fe9f5c65263:   f3 41 0f 6f 36 48 89 47 10 41 8b 46 18 0f 11 37
0x00007fe9f5c65273:   89 47 18 48 83 c4 68 48 89 f8 5b 5d 41 5c 41 5d
0x00007fe9f5c65283:   41 5e 41 5f c3 0f 1f 84 00 00 00 00 00 48 89 fe
0x00007fe9f5c65293:   31 c0 e9 08 fb ff ff 66 0f 1f 44 00 00 44 8d 51
0x00007fe9f5c652a3:   ff 48 8b 7c 24 10 48 01 dd 45 31 c0 49 8d 42 01
0x00007fe9f5c652b3:   49 f7 d2 4c 63 6c 24 30 4c 89 74 24 20 4d 89 d1
0x00007fe9f5c652c3:   4c 63 54 24 1c 89 4c 24 1c 48 01 c7 49 89 c6 66
0x00007fe9f5c652d3:   0f 1f 44 00 00 49 8d 14 39 48 89 e8 90 48 89 c6
0x00007fe9f5c652e3:   44 0f b6 18 48 83 c2 01 4c 01 d0 48 29 de 42 0f
0x00007fe9f5c652f3:   b6 0c 26 42 0f b6 34 2e 45 6b db 75 69 c9 32 01
0x00007fe9f5c65303:   00 00 69 f6 59 02 00 00 41 8d 8c 0b 00 02 00 00
0x00007fe9f5c65313:   01 f1 c1 e9 0a 88 4a ff 48 39 fa 75 c0 41 83 c0
0x00007fe9f5c65323:   01 4c 01 f7 4c 01 fd 44 3b 44 24 18 75 a7 8b 4c
0x00007fe9f5c65333:   24 1c 4c 8b 74 24 20 e9 cc fe ff ff 90 f3 0f 1e
0x00007fe9f5c65343:   fa 41 55 41 54 49 89 fc 55 48 89 d5 40 80 fe 02
0x00007fe9f5c65353:   74 7b 77 31 40 84 f6 0f 84 b0 00 00 00 bf 38 00
0x00007fe9f5c65363:   00 00 e8 26 9b fc ff 48 89 ee 48 89 c7 49 89 c5
0x00007fe9f5c65373:   e8 48 9c fc ff 4d 89 2c 24 4c 89 e0 5d 41 5c 41
0x00007fe9f5c65383:   5d c3 0f 1f 00 40 80 fe 03 0f 85 9e 00 00 00 bf
0x00007fe9f5c65393:   40 00 00 00 e8 f4 9a fc ff 48 89 ee 48 89 c7 49
0x00007fe9f5c653a3:   89 c5 e8 b6 95 fc ff 48 8b 05 6f 3a 11 00 41 c6
0x00007fe9f5c653b3:   45 38 00 48 83 c0 10 49 89 45 00 4c 89 e0 5d 4d
0x00007fe9f5c653c3:   89 2c 24 41 5c 41 5d c3 0f 1f 44 00 00 bf 40 00
0x00007fe9f5c653d3:   00 00 e8 b6 9a fc ff 48 89 ee 48 89 c7 49 89 c5 


Stack slot to memory mapping:
stack at sp + 0 slots: 0x0 is NULL
stack at sp + 1 slots: 0x00007fea30634a80 is pointing into the stack for thread: 0x00007fea2c016800
stack at sp + 2 slots: 0x00007fe9f5a9e010 points into unknown readable memory: 0x0000000000000000 | 00 00 00 00 00 00 00 00
stack at sp + 3 slots: 0x0000032000000243 is an unknown value
stack at sp + 4 slots: 0x00007fea30634ac0 is pointing into the stack for thread: 0x00007fea2c016800
stack at sp + 5 slots: 0x0 is NULL
stack at sp + 6 slots: 0xcafebabe00000001 is an unknown value
stack at sp + 7 slots: 0x0 is NULL


---------------  P R O C E S S  ---------------

Threads class SMR info:
_java_thread_list=0x00007fea2c326f40, length=13, elements={
0x00007fea2c016800, 0x00007fea2c1ca000, 0x00007fea2c1d4000, 0x00007fea2c1da000,
0x00007fea2c1dc000, 0x00007fea2c1de000, 0x00007fea2c1e0000, 0x00007fea2c1e2000,
0x00007fea2c235800, 0x00007fe9d8201000, 0x00007fea2c2bf800, 0x00007fea2c321800,
0x00007fea2c326000
}

Java Threads: ( => current thread )
=>0x00007fea2c016800 JavaThread "main" [_thread_in_native, id=112742, stack(0x00007fea30536000,0x00007fea30637000)]
  0x00007fea2c1ca000 JavaThread "Reference Handler" daemon [_thread_blocked, id=112749, stack(0x00007fe9f76ff000,0x00007fe9f7800000)]
  0x00007fea2c1d4000 JavaThread "Finalizer" daemon [_thread_blocked, id=112750, stack(0x00007fe9f75fe000,0x00007fe9f76ff000)]
  0x00007fea2c1da000 JavaThread "Signal Dispatcher" daemon [_thread_blocked, id=112751, stack(0x00007fe9f6f8b000,0x00007fe9f708c000)]
  0x00007fea2c1dc000 JavaThread "Service Thread" daemon [_thread_blocked, id=112752, stack(0x00007fe9f6e8a000,0x00007fe9f6f8b000)]
  0x00007fea2c1de000 JavaThread "C2 CompilerThread0" daemon [_thread_blocked, id=112753, stack(0x00007fe9f6d89000,0x00007fe9f6e8a000)]
  0x00007fea2c1e0000 JavaThread "C1 CompilerThread0" daemon [_thread_blocked, id=112754, stack(0x00007fe9f6c88000,0x00007fe9f6d89000)]
  0x00007fea2c1e2000 JavaThread "Sweeper thread" daemon [_thread_blocked, id=112755, stack(0x00007fe9f6b87000,0x00007fe9f6c88000)]
  0x00007fea2c235800 JavaThread "Common-Cleaner" daemon [_thread_blocked, id=112757, stack(0x00007fe9f6984000,0x00007fe9f6a85000)]
  0x00007fe9d8201000 JavaThread "C2 CompilerThread1" daemon [_thread_blocked, id=112758, stack(0x00007fe9f617f000,0x00007fe9f6280000)]
  0x00007fea2c2bf800 JavaThread "Java2D Disposer" daemon [_thread_blocked, id=112759, stack(0x00007fe9f607e000,0x00007fe9f617f000)]
  0x00007fea2c321800 JavaThread "process reaper" daemon [_thread_blocked, id=112762, stack(0x00007fe9f604f000,0x00007fe9f6071000)]
  0x00007fea2c326000 JavaThread "JNA Cleaner" daemon [_thread_blocked, id=112763, stack(0x00007fe9f5b10000,0x00007fe9f5c11000)]

Other Threads:
  0x00007fea2c1c7800 VMThread "VM Thread" [stack: 0x00007fea04008000,0x00007fea04108000] [id=112748]
  0x00007fea2c233000 WatcherThread [stack: 0x00007fe9f6a87000,0x00007fe9f6b87000] [id=112756]
  0x00007fea2c02e000 GCTaskThread "GC Thread#0" [stack: 0x00007fea301ed000,0x00007fea302ed000] [id=112743]
  0x00007fea2c08b000 ConcurrentGCThread "G1 Main Marker" [stack: 0x00007fea06c18000,0x00007fea06d18000] [id=112744]
  0x00007fea2c08d000 ConcurrentGCThread "G1 Conc#0" [stack: 0x00007fea06b16000,0x00007fea06c16000] [id=112745]
  0x00007fea2c189800 ConcurrentGCThread "G1 Refine#0" [stack: 0x00007fea0420c000,0x00007fea0430c000] [id=112746]
  0x00007fea2c18b000 ConcurrentGCThread "G1 Young RemSet Sampling" [stack: 0x00007fea0410a000,0x00007fea0420a000] [id=112747]

Threads with active compile tasks:

VM state:not at safepoint (normal execution)

VM Mutex/Monitor currently owned by a thread: None

Heap address: 0x000000070a400000, size: 3932 MB, Compressed Oops mode: Zero based, Oop shift amount: 3
Narrow klass base: 0x0000000800000000, Narrow klass shift: 3
Compressed class space size: 1073741824 Address: 0x0000000840000000

Heap:
 garbage-first heap   total 253952K, used 8912K [0x000000070a400000, 0x0000000800000000)
  region size 1024K, 7 young (7168K), 0 survivors (0K)
 Metaspace       used 3557K, capacity 5201K, committed 5504K, reserved 1056768K
  class space    used 366K, capacity 532K, committed 640K, reserved 1048576K
Heap Regions: E=young(eden), S=young(survivor), O=old, HS=humongous(starts), HC=humongous(continues), CS=collection set, F=free, A=archive, TAMS=top-at-mark-start (previous, next)
|   0|0x000000070a400000, 0x000000070a500000, 0x000000070a500000|100%|HS|  |TAMS 0x000000070a400000, 0x000000070a400000| Complete 
|   1|0x000000070a500000, 0x000000070a600000, 0x000000070a600000|100%|HC|  |TAMS 0x000000070a500000, 0x000000070a500000| Complete 
|   2|0x000000070a600000, 0x000000070a600000, 0x000000070a700000|  0%| F|  |TAMS 0x000000070a600000, 0x000000070a600000| Untracked 
|   3|0x000000070a700000, 0x000000070a700000, 0x000000070a800000|  0%| F|  |TAMS 0x000000070a700000, 0x000000070a700000| Untracked 
|   4|0x000000070a800000, 0x000000070a800000, 0x000000070a900000|  0%| F|  |TAMS 0x000000070a800000, 0x000000070a800000| Untracked 
|   5|0x000000070a900000, 0x000000070a900000, 0x000000070aa00000|  0%| F|  |TAMS 0x000000070a900000, 0x000000070a900000| Untracked 
|   6|0x000000070aa00000, 0x000000070aa00000, 0x000000070ab00000|  0%| F|  |TAMS 0x000000070aa00000, 0x000000070aa00000| Untracked 
|   7|0x000000070ab00000, 0x000000070ab00000, 0x000000070ac00000|  0%| F|  |TAMS 0x000000070ab00000, 0x000000070ab00000| Untracked 
|   8|0x000000070ac00000, 0x000000070ac00000, 0x000000070ad00000|  0%| F|  |TAMS 0x000000070ac00000, 0x000000070ac00000| Untracked 
|   9|0x000000070ad00000, 0x000000070ad00000, 0x000000070ae00000|  0%| F|  |TAMS 0x000000070ad00000, 0x000000070ad00000| Untracked 
|  10|0x000000070ae00000, 0x000000070ae00000, 0x000000070af00000|  0%| F|  |TAMS 0x000000070ae00000, 0x000000070ae00000| Untracked 
|  11|0x000000070af00000, 0x000000070af00000, 0x000000070b000000|  0%| F|  |TAMS 0x000000070af00000, 0x000000070af00000| Untracked 
|  12|0x000000070b000000, 0x000000070b000000, 0x000000070b100000|  0%| F|  |TAMS 0x000000070b000000, 0x000000070b000000| Untracked 
|  13|0x000000070b100000, 0x000000070b100000, 0x000000070b200000|  0%| F|  |TAMS 0x000000070b100000, 0x000000070b100000| Untracked 
|  14|0x000000070b200000, 0x000000070b200000, 0x000000070b300000|  0%| F|  |TAMS 0x000000070b200000, 0x000000070b200000| Untracked 
|  15|0x000000070b300000, 0x000000070b300000, 0x000000070b400000|  0%| F|  |TAMS 0x000000070b300000, 0x000000070b300000| Untracked 
|  16|0x000000070b400000, 0x000000070b400000, 0x000000070b500000|  0%| F|  |TAMS 0x000000070b400000, 0x000000070b400000| Untracked 
|  17|0x000000070b500000, 0x000000070b500000, 0x000000070b600000|  0%| F|  |TAMS 0x000000070b500000, 0x000000070b500000| Untracked 
|  18|0x000000070b600000, 0x000000070b600000, 0x000000070b700000|  0%| F|  |TAMS 0x000000070b600000, 0x000000070b600000| Untracked 
|  19|0x000000070b700000, 0x000000070b700000, 0x000000070b800000|  0%| F|  |TAMS 0x000000070b700000, 0x000000070b700000| Untracked 
|  20|0x000000070b800000, 0x000000070b800000, 0x000000070b900000|  0%| F|  |TAMS 0x000000070b800000, 0x000000070b800000| Untracked 
|  21|0x000000070b900000, 0x000000070b900000, 0x000000070ba00000|  0%| F|  |TAMS 0x000000070b900000, 0x000000070b900000| Untracked 
|  22|0x000000070ba00000, 0x000000070ba00000, 0x000000070bb00000|  0%| F|  |TAMS 0x000000070ba00000, 0x000000070ba00000| Untracked 
|  23|0x000000070bb00000, 0x000000070bb00000, 0x000000070bc00000|  0%| F|  |TAMS 0x000000070bb00000, 0x000000070bb00000| Untracked 
|  24|0x000000070bc00000, 0x000000070bc00000, 0x000000070bd00000|  0%| F|  |TAMS 0x000000070bc00000, 0x000000070bc00000| Untracked 
|  25|0x000000070bd00000, 0x000000070bd00000, 0x000000070be00000|  0%| F|  |TAMS 0x000000070bd00000, 0x000000070bd00000| Untracked 
|  26|0x000000070be00000, 0x000000070be00000, 0x000000070bf00000|  0%| F|  |TAMS 0x000000070be00000, 0x000000070be00000| Untracked 
|  27|0x000000070bf00000, 0x000000070bf00000, 0x000000070c000000|  0%| F|  |TAMS 0x000000070bf00000, 0x000000070bf00000| Untracked 
|  28|0x000000070c000000, 0x000000070c000000, 0x000000070c100000|  0%| F|  |TAMS 0x000000070c000000, 0x000000070c000000| Untracked 
|  29|0x000000070c100000, 0x000000070c100000, 0x000000070c200000|  0%| F|  |TAMS 0x000000070c100000, 0x000000070c100000| Untracked 
|  30|0x000000070c200000, 0x000000070c200000, 0x000000070c300000|  0%| F|  |TAMS 0x000000070c200000, 0x000000070c200000| Untracked 
|  31|0x000000070c300000, 0x000000070c300000, 0x000000070c400000|  0%| F|  |TAMS 0x000000070c300000, 0x000000070c300000| Untracked 
|  32|0x000000070c400000, 0x000000070c400000, 0x000000070c500000|  0%| F|  |TAMS 0x000000070c400000, 0x000000070c400000| Untracked 
|  33|0x000000070c500000, 0x000000070c500000, 0x000000070c600000|  0%| F|  |TAMS 0x000000070c500000, 0x000000070c500000| Untracked 
|  34|0x000000070c600000, 0x000000070c600000, 0x000000070c700000|  0%| F|  |TAMS 0x000000070c600000, 0x000000070c600000| Untracked 
|  35|0x000000070c700000, 0x000000070c700000, 0x000000070c800000|  0%| F|  |TAMS 0x000000070c700000, 0x000000070c700000| Untracked 
|  36|0x000000070c800000, 0x000000070c800000, 0x000000070c900000|  0%| F|  |TAMS 0x000000070c800000, 0x000000070c800000| Untracked 
|  37|0x000000070c900000, 0x000000070c900000, 0x000000070ca00000|  0%| F|  |TAMS 0x000000070c900000, 0x000000070c900000| Untracked 
|  38|0x000000070ca00000, 0x000000070ca00000, 0x000000070cb00000|  0%| F|  |TAMS 0x000000070ca00000, 0x000000070ca00000| Untracked 
|  39|0x000000070cb00000, 0x000000070cb00000, 0x000000070cc00000|  0%| F|  |TAMS 0x000000070cb00000, 0x000000070cb00000| Untracked 
|  40|0x000000070cc00000, 0x000000070cc00000, 0x000000070cd00000|  0%| F|  |TAMS 0x000000070cc00000, 0x000000070cc00000| Untracked 
|  41|0x000000070cd00000, 0x000000070cd00000, 0x000000070ce00000|  0%| F|  |TAMS 0x000000070cd00000, 0x000000070cd00000| Untracked 
|  42|0x000000070ce00000, 0x000000070ce00000, 0x000000070cf00000|  0%| F|  |TAMS 0x000000070ce00000, 0x000000070ce00000| Untracked 
|  43|0x000000070cf00000, 0x000000070cf00000, 0x000000070d000000|  0%| F|  |TAMS 0x000000070cf00000, 0x000000070cf00000| Untracked 
|  44|0x000000070d000000, 0x000000070d000000, 0x000000070d100000|  0%| F|  |TAMS 0x000000070d000000, 0x000000070d000000| Untracked 
|  45|0x000000070d100000, 0x000000070d100000, 0x000000070d200000|  0%| F|  |TAMS 0x000000070d100000, 0x000000070d100000| Untracked 
|  46|0x000000070d200000, 0x000000070d200000, 0x000000070d300000|  0%| F|  |TAMS 0x000000070d200000, 0x000000070d200000| Untracked 
|  47|0x000000070d300000, 0x000000070d300000, 0x000000070d400000|  0%| F|  |TAMS 0x000000070d300000, 0x000000070d300000| Untracked 
|  48|0x000000070d400000, 0x000000070d400000, 0x000000070d500000|  0%| F|  |TAMS 0x000000070d400000, 0x000000070d400000| Untracked 
|  49|0x000000070d500000, 0x000000070d500000, 0x000000070d600000|  0%| F|  |TAMS 0x000000070d500000, 0x000000070d500000| Untracked 
|  50|0x000000070d600000, 0x000000070d600000, 0x000000070d700000|  0%| F|  |TAMS 0x000000070d600000, 0x000000070d600000| Untracked 
|  51|0x000000070d700000, 0x000000070d700000, 0x000000070d800000|  0%| F|  |TAMS 0x000000070d700000, 0x000000070d700000| Untracked 
|  52|0x000000070d800000, 0x000000070d800000, 0x000000070d900000|  0%| F|  |TAMS 0x000000070d800000, 0x000000070d800000| Untracked 
|  53|0x000000070d900000, 0x000000070d900000, 0x000000070da00000|  0%| F|  |TAMS 0x000000070d900000, 0x000000070d900000| Untracked 
|  54|0x000000070da00000, 0x000000070da00000, 0x000000070db00000|  0%| F|  |TAMS 0x000000070da00000, 0x000000070da00000| Untracked 
|  55|0x000000070db00000, 0x000000070db00000, 0x000000070dc00000|  0%| F|  |TAMS 0x000000070db00000, 0x000000070db00000| Untracked 
|  56|0x000000070dc00000, 0x000000070dc00000, 0x000000070dd00000|  0%| F|  |TAMS 0x000000070dc00000, 0x000000070dc00000| Untracked 
|  57|0x000000070dd00000, 0x000000070dd00000, 0x000000070de00000|  0%| F|  |TAMS 0x000000070dd00000, 0x000000070dd00000| Untracked 
|  58|0x000000070de00000, 0x000000070de00000, 0x000000070df00000|  0%| F|  |TAMS 0x000000070de00000, 0x000000070de00000| Untracked 
|  59|0x000000070df00000, 0x000000070df00000, 0x000000070e000000|  0%| F|  |TAMS 0x000000070df00000, 0x000000070df00000| Untracked 
|  60|0x000000070e000000, 0x000000070e000000, 0x000000070e100000|  0%| F|  |TAMS 0x000000070e000000, 0x000000070e000000| Untracked 
|  61|0x000000070e100000, 0x000000070e100000, 0x000000070e200000|  0%| F|  |TAMS 0x000000070e100000, 0x000000070e100000| Untracked 
|  62|0x000000070e200000, 0x000000070e200000, 0x000000070e300000|  0%| F|  |TAMS 0x000000070e200000, 0x000000070e200000| Untracked 
|  63|0x000000070e300000, 0x000000070e300000, 0x000000070e400000|  0%| F|  |TAMS 0x000000070e300000, 0x000000070e300000| Untracked 
|  64|0x000000070e400000, 0x000000070e400000, 0x000000070e500000|  0%| F|  |TAMS 0x000000070e400000, 0x000000070e400000| Untracked 
|  65|0x000000070e500000, 0x000000070e500000, 0x000000070e600000|  0%| F|  |TAMS 0x000000070e500000, 0x000000070e500000| Untracked 
|  66|0x000000070e600000, 0x000000070e600000, 0x000000070e700000|  0%| F|  |TAMS 0x000000070e600000, 0x000000070e600000| Untracked 
|  67|0x000000070e700000, 0x000000070e700000, 0x000000070e800000|  0%| F|  |TAMS 0x000000070e700000, 0x000000070e700000| Untracked 
|  68|0x000000070e800000, 0x000000070e800000, 0x000000070e900000|  0%| F|  |TAMS 0x000000070e800000, 0x000000070e800000| Untracked 
|  69|0x000000070e900000, 0x000000070e900000, 0x000000070ea00000|  0%| F|  |TAMS 0x000000070e900000, 0x000000070e900000| Untracked 
|  70|0x000000070ea00000, 0x000000070ea00000, 0x000000070eb00000|  0%| F|  |TAMS 0x000000070ea00000, 0x000000070ea00000| Untracked 
|  71|0x000000070eb00000, 0x000000070eb00000, 0x000000070ec00000|  0%| F|  |TAMS 0x000000070eb00000, 0x000000070eb00000| Untracked 
|  72|0x000000070ec00000, 0x000000070ec00000, 0x000000070ed00000|  0%| F|  |TAMS 0x000000070ec00000, 0x000000070ec00000| Untracked 
|  73|0x000000070ed00000, 0x000000070ed00000, 0x000000070ee00000|  0%| F|  |TAMS 0x000000070ed00000, 0x000000070ed00000| Untracked 
|  74|0x000000070ee00000, 0x000000070ee00000, 0x000000070ef00000|  0%| F|  |TAMS 0x000000070ee00000, 0x000000070ee00000| Untracked 
|  75|0x000000070ef00000, 0x000000070ef00000, 0x000000070f000000|  0%| F|  |TAMS 0x000000070ef00000, 0x000000070ef00000| Untracked 
|  76|0x000000070f000000, 0x000000070f000000, 0x000000070f100000|  0%| F|  |TAMS 0x000000070f000000, 0x000000070f000000| Untracked 
|  77|0x000000070f100000, 0x000000070f100000, 0x000000070f200000|  0%| F|  |TAMS 0x000000070f100000, 0x000000070f100000| Untracked 
|  78|0x000000070f200000, 0x000000070f200000, 0x000000070f300000|  0%| F|  |TAMS 0x000000070f200000, 0x000000070f200000| Untracked 
|  79|0x000000070f300000, 0x000000070f300000, 0x000000070f400000|  0%| F|  |TAMS 0x000000070f300000, 0x000000070f300000| Untracked 
|  80|0x000000070f400000, 0x000000070f400000, 0x000000070f500000|  0%| F|  |TAMS 0x000000070f400000, 0x000000070f400000| Untracked 
|  81|0x000000070f500000, 0x000000070f500000, 0x000000070f600000|  0%| F|  |TAMS 0x000000070f500000, 0x000000070f500000| Untracked 
|  82|0x000000070f600000, 0x000000070f600000, 0x000000070f700000|  0%| F|  |TAMS 0x000000070f600000, 0x000000070f600000| Untracked 
|  83|0x000000070f700000, 0x000000070f700000, 0x000000070f800000|  0%| F|  |TAMS 0x000000070f700000, 0x000000070f700000| Untracked 
|  84|0x000000070f800000, 0x000000070f800000, 0x000000070f900000|  0%| F|  |TAMS 0x000000070f800000, 0x000000070f800000| Untracked 
|  85|0x000000070f900000, 0x000000070f900000, 0x000000070fa00000|  0%| F|  |TAMS 0x000000070f900000, 0x000000070f900000| Untracked 
|  86|0x000000070fa00000, 0x000000070fa00000, 0x000000070fb00000|  0%| F|  |TAMS 0x000000070fa00000, 0x000000070fa00000| Untracked 
|  87|0x000000070fb00000, 0x000000070fb00000, 0x000000070fc00000|  0%| F|  |TAMS 0x000000070fb00000, 0x000000070fb00000| Untracked 
|  88|0x000000070fc00000, 0x000000070fc00000, 0x000000070fd00000|  0%| F|  |TAMS 0x000000070fc00000, 0x000000070fc00000| Untracked 
|  89|0x000000070fd00000, 0x000000070fd00000, 0x000000070fe00000|  0%| F|  |TAMS 0x000000070fd00000, 0x000000070fd00000| Untracked 
|  90|0x000000070fe00000, 0x000000070fe00000, 0x000000070ff00000|  0%| F|  |TAMS 0x000000070fe00000, 0x000000070fe00000| Untracked 
|  91|0x000000070ff00000, 0x000000070ff00000, 0x0000000710000000|  0%| F|  |TAMS 0x000000070ff00000, 0x000000070ff00000| Untracked 
|  92|0x0000000710000000, 0x0000000710000000, 0x0000000710100000|  0%| F|  |TAMS 0x0000000710000000, 0x0000000710000000| Untracked 
|  93|0x0000000710100000, 0x0000000710100000, 0x0000000710200000|  0%| F|  |TAMS 0x0000000710100000, 0x0000000710100000| Untracked 
|  94|0x0000000710200000, 0x0000000710200000, 0x0000000710300000|  0%| F|  |TAMS 0x0000000710200000, 0x0000000710200000| Untracked 
|  95|0x0000000710300000, 0x0000000710300000, 0x0000000710400000|  0%| F|  |TAMS 0x0000000710300000, 0x0000000710300000| Untracked 
|  96|0x0000000710400000, 0x0000000710400000, 0x0000000710500000|  0%| F|  |TAMS 0x0000000710400000, 0x0000000710400000| Untracked 
|  97|0x0000000710500000, 0x0000000710500000, 0x0000000710600000|  0%| F|  |TAMS 0x0000000710500000, 0x0000000710500000| Untracked 
|  98|0x0000000710600000, 0x0000000710600000, 0x0000000710700000|  0%| F|  |TAMS 0x0000000710600000, 0x0000000710600000| Untracked 
|  99|0x0000000710700000, 0x0000000710700000, 0x0000000710800000|  0%| F|  |TAMS 0x0000000710700000, 0x0000000710700000| Untracked 
| 100|0x0000000710800000, 0x0000000710800000, 0x0000000710900000|  0%| F|  |TAMS 0x0000000710800000, 0x0000000710800000| Untracked 
| 101|0x0000000710900000, 0x0000000710900000, 0x0000000710a00000|  0%| F|  |TAMS 0x0000000710900000, 0x0000000710900000| Untracked 
| 102|0x0000000710a00000, 0x0000000710a00000, 0x0000000710b00000|  0%| F|  |TAMS 0x0000000710a00000, 0x0000000710a00000| Untracked 
| 103|0x0000000710b00000, 0x0000000710b00000, 0x0000000710c00000|  0%| F|  |TAMS 0x0000000710b00000, 0x0000000710b00000| Untracked 
| 104|0x0000000710c00000, 0x0000000710c00000, 0x0000000710d00000|  0%| F|  |TAMS 0x0000000710c00000, 0x0000000710c00000| Untracked 
| 105|0x0000000710d00000, 0x0000000710d00000, 0x0000000710e00000|  0%| F|  |TAMS 0x0000000710d00000, 0x0000000710d00000| Untracked 
| 106|0x0000000710e00000, 0x0000000710e00000, 0x0000000710f00000|  0%| F|  |TAMS 0x0000000710e00000, 0x0000000710e00000| Untracked 
| 107|0x0000000710f00000, 0x0000000710f00000, 0x0000000711000000|  0%| F|  |TAMS 0x0000000710f00000, 0x0000000710f00000| Untracked 
| 108|0x0000000711000000, 0x0000000711000000, 0x0000000711100000|  0%| F|  |TAMS 0x0000000711000000, 0x0000000711000000| Untracked 
| 109|0x0000000711100000, 0x0000000711100000, 0x0000000711200000|  0%| F|  |TAMS 0x0000000711100000, 0x0000000711100000| Untracked 
| 110|0x0000000711200000, 0x0000000711200000, 0x0000000711300000|  0%| F|  |TAMS 0x0000000711200000, 0x0000000711200000| Untracked 
| 111|0x0000000711300000, 0x0000000711300000, 0x0000000711400000|  0%| F|  |TAMS 0x0000000711300000, 0x0000000711300000| Untracked 
| 112|0x0000000711400000, 0x0000000711400000, 0x0000000711500000|  0%| F|  |TAMS 0x0000000711400000, 0x0000000711400000| Untracked 
| 113|0x0000000711500000, 0x0000000711500000, 0x0000000711600000|  0%| F|  |TAMS 0x0000000711500000, 0x0000000711500000| Untracked 
| 114|0x0000000711600000, 0x0000000711600000, 0x0000000711700000|  0%| F|  |TAMS 0x0000000711600000, 0x0000000711600000| Untracked 
| 115|0x0000000711700000, 0x0000000711700000, 0x0000000711800000|  0%| F|  |TAMS 0x0000000711700000, 0x0000000711700000| Untracked 
| 116|0x0000000711800000, 0x0000000711800000, 0x0000000711900000|  0%| F|  |TAMS 0x0000000711800000, 0x0000000711800000| Untracked 
| 117|0x0000000711900000, 0x0000000711900000, 0x0000000711a00000|  0%| F|  |TAMS 0x0000000711900000, 0x0000000711900000| Untracked 
| 118|0x0000000711a00000, 0x0000000711a00000, 0x0000000711b00000|  0%| F|  |TAMS 0x0000000711a00000, 0x0000000711a00000| Untracked 
| 119|0x0000000711b00000, 0x0000000711b00000, 0x0000000711c00000|  0%| F|  |TAMS 0x0000000711b00000, 0x0000000711b00000| Untracked 
| 120|0x0000000711c00000, 0x0000000711c00000, 0x0000000711d00000|  0%| F|  |TAMS 0x0000000711c00000, 0x0000000711c00000| Untracked 
| 121|0x0000000711d00000, 0x0000000711d00000, 0x0000000711e00000|  0%| F|  |TAMS 0x0000000711d00000, 0x0000000711d00000| Untracked 
| 122|0x0000000711e00000, 0x0000000711e00000, 0x0000000711f00000|  0%| F|  |TAMS 0x0000000711e00000, 0x0000000711e00000| Untracked 
| 123|0x0000000711f00000, 0x0000000711f00000, 0x0000000712000000|  0%| F|  |TAMS 0x0000000711f00000, 0x0000000711f00000| Untracked 
| 124|0x0000000712000000, 0x0000000712000000, 0x0000000712100000|  0%| F|  |TAMS 0x0000000712000000, 0x0000000712000000| Untracked 
| 125|0x0000000712100000, 0x0000000712100000, 0x0000000712200000|  0%| F|  |TAMS 0x0000000712100000, 0x0000000712100000| Untracked 
| 126|0x0000000712200000, 0x0000000712200000, 0x0000000712300000|  0%| F|  |TAMS 0x0000000712200000, 0x0000000712200000| Untracked 
| 127|0x0000000712300000, 0x0000000712300000, 0x0000000712400000|  0%| F|  |TAMS 0x0000000712300000, 0x0000000712300000| Untracked 
| 128|0x0000000712400000, 0x0000000712400000, 0x0000000712500000|  0%| F|  |TAMS 0x0000000712400000, 0x0000000712400000| Untracked 
| 129|0x0000000712500000, 0x0000000712500000, 0x0000000712600000|  0%| F|  |TAMS 0x0000000712500000, 0x0000000712500000| Untracked 
| 130|0x0000000712600000, 0x0000000712600000, 0x0000000712700000|  0%| F|  |TAMS 0x0000000712600000, 0x0000000712600000| Untracked 
| 131|0x0000000712700000, 0x0000000712700000, 0x0000000712800000|  0%| F|  |TAMS 0x0000000712700000, 0x0000000712700000| Untracked 
| 132|0x0000000712800000, 0x0000000712800000, 0x0000000712900000|  0%| F|  |TAMS 0x0000000712800000, 0x0000000712800000| Untracked 
| 133|0x0000000712900000, 0x0000000712900000, 0x0000000712a00000|  0%| F|  |TAMS 0x0000000712900000, 0x0000000712900000| Untracked 
| 134|0x0000000712a00000, 0x0000000712a00000, 0x0000000712b00000|  0%| F|  |TAMS 0x0000000712a00000, 0x0000000712a00000| Untracked 
| 135|0x0000000712b00000, 0x0000000712b00000, 0x0000000712c00000|  0%| F|  |TAMS 0x0000000712b00000, 0x0000000712b00000| Untracked 
| 136|0x0000000712c00000, 0x0000000712c00000, 0x0000000712d00000|  0%| F|  |TAMS 0x0000000712c00000, 0x0000000712c00000| Untracked 
| 137|0x0000000712d00000, 0x0000000712d00000, 0x0000000712e00000|  0%| F|  |TAMS 0x0000000712d00000, 0x0000000712d00000| Untracked 
| 138|0x0000000712e00000, 0x0000000712e00000, 0x0000000712f00000|  0%| F|  |TAMS 0x0000000712e00000, 0x0000000712e00000| Untracked 
| 139|0x0000000712f00000, 0x0000000712f00000, 0x0000000713000000|  0%| F|  |TAMS 0x0000000712f00000, 0x0000000712f00000| Untracked 
| 140|0x0000000713000000, 0x0000000713000000, 0x0000000713100000|  0%| F|  |TAMS 0x0000000713000000, 0x0000000713000000| Untracked 
| 141|0x0000000713100000, 0x0000000713100000, 0x0000000713200000|  0%| F|  |TAMS 0x0000000713100000, 0x0000000713100000| Untracked 
| 142|0x0000000713200000, 0x0000000713200000, 0x0000000713300000|  0%| F|  |TAMS 0x0000000713200000, 0x0000000713200000| Untracked 
| 143|0x0000000713300000, 0x0000000713300000, 0x0000000713400000|  0%| F|  |TAMS 0x0000000713300000, 0x0000000713300000| Untracked 
| 144|0x0000000713400000, 0x0000000713400000, 0x0000000713500000|  0%| F|  |TAMS 0x0000000713400000, 0x0000000713400000| Untracked 
| 145|0x0000000713500000, 0x0000000713500000, 0x0000000713600000|  0%| F|  |TAMS 0x0000000713500000, 0x0000000713500000| Untracked 
| 146|0x0000000713600000, 0x0000000713600000, 0x0000000713700000|  0%| F|  |TAMS 0x0000000713600000, 0x0000000713600000| Untracked 
| 147|0x0000000713700000, 0x0000000713700000, 0x0000000713800000|  0%| F|  |TAMS 0x0000000713700000, 0x0000000713700000| Untracked 
| 148|0x0000000713800000, 0x0000000713800000, 0x0000000713900000|  0%| F|  |TAMS 0x0000000713800000, 0x0000000713800000| Untracked 
| 149|0x0000000713900000, 0x0000000713900000, 0x0000000713a00000|  0%| F|  |TAMS 0x0000000713900000, 0x0000000713900000| Untracked 
| 150|0x0000000713a00000, 0x0000000713a00000, 0x0000000713b00000|  0%| F|  |TAMS 0x0000000713a00000, 0x0000000713a00000| Untracked 
| 151|0x0000000713b00000, 0x0000000713b00000, 0x0000000713c00000|  0%| F|  |TAMS 0x0000000713b00000, 0x0000000713b00000| Untracked 
| 152|0x0000000713c00000, 0x0000000713c00000, 0x0000000713d00000|  0%| F|  |TAMS 0x0000000713c00000, 0x0000000713c00000| Untracked 
| 153|0x0000000713d00000, 0x0000000713d00000, 0x0000000713e00000|  0%| F|  |TAMS 0x0000000713d00000, 0x0000000713d00000| Untracked 
| 154|0x0000000713e00000, 0x0000000713e00000, 0x0000000713f00000|  0%| F|  |TAMS 0x0000000713e00000, 0x0000000713e00000| Untracked 
| 155|0x0000000713f00000, 0x0000000713f00000, 0x0000000714000000|  0%| F|  |TAMS 0x0000000713f00000, 0x0000000713f00000| Untracked 
| 156|0x0000000714000000, 0x0000000714000000, 0x0000000714100000|  0%| F|  |TAMS 0x0000000714000000, 0x0000000714000000| Untracked 
| 157|0x0000000714100000, 0x0000000714100000, 0x0000000714200000|  0%| F|  |TAMS 0x0000000714100000, 0x0000000714100000| Untracked 
| 158|0x0000000714200000, 0x0000000714200000, 0x0000000714300000|  0%| F|  |TAMS 0x0000000714200000, 0x0000000714200000| Untracked 
| 159|0x0000000714300000, 0x0000000714300000, 0x0000000714400000|  0%| F|  |TAMS 0x0000000714300000, 0x0000000714300000| Untracked 
| 160|0x0000000714400000, 0x0000000714400000, 0x0000000714500000|  0%| F|  |TAMS 0x0000000714400000, 0x0000000714400000| Untracked 
| 161|0x0000000714500000, 0x0000000714500000, 0x0000000714600000|  0%| F|  |TAMS 0x0000000714500000, 0x0000000714500000| Untracked 
| 162|0x0000000714600000, 0x0000000714600000, 0x0000000714700000|  0%| F|  |TAMS 0x0000000714600000, 0x0000000714600000| Untracked 
| 163|0x0000000714700000, 0x0000000714700000, 0x0000000714800000|  0%| F|  |TAMS 0x0000000714700000, 0x0000000714700000| Untracked 
| 164|0x0000000714800000, 0x0000000714800000, 0x0000000714900000|  0%| F|  |TAMS 0x0000000714800000, 0x0000000714800000| Untracked 
| 165|0x0000000714900000, 0x0000000714900000, 0x0000000714a00000|  0%| F|  |TAMS 0x0000000714900000, 0x0000000714900000| Untracked 
| 166|0x0000000714a00000, 0x0000000714a00000, 0x0000000714b00000|  0%| F|  |TAMS 0x0000000714a00000, 0x0000000714a00000| Untracked 
| 167|0x0000000714b00000, 0x0000000714b00000, 0x0000000714c00000|  0%| F|  |TAMS 0x0000000714b00000, 0x0000000714b00000| Untracked 
| 168|0x0000000714c00000, 0x0000000714c00000, 0x0000000714d00000|  0%| F|  |TAMS 0x0000000714c00000, 0x0000000714c00000| Untracked 
| 169|0x0000000714d00000, 0x0000000714d00000, 0x0000000714e00000|  0%| F|  |TAMS 0x0000000714d00000, 0x0000000714d00000| Untracked 
| 170|0x0000000714e00000, 0x0000000714e00000, 0x0000000714f00000|  0%| F|  |TAMS 0x0000000714e00000, 0x0000000714e00000| Untracked 
| 171|0x0000000714f00000, 0x0000000714f00000, 0x0000000715000000|  0%| F|  |TAMS 0x0000000714f00000, 0x0000000714f00000| Untracked 
| 172|0x0000000715000000, 0x0000000715000000, 0x0000000715100000|  0%| F|  |TAMS 0x0000000715000000, 0x0000000715000000| Untracked 
| 173|0x0000000715100000, 0x0000000715100000, 0x0000000715200000|  0%| F|  |TAMS 0x0000000715100000, 0x0000000715100000| Untracked 
| 174|0x0000000715200000, 0x0000000715200000, 0x0000000715300000|  0%| F|  |TAMS 0x0000000715200000, 0x0000000715200000| Untracked 
| 175|0x0000000715300000, 0x0000000715300000, 0x0000000715400000|  0%| F|  |TAMS 0x0000000715300000, 0x0000000715300000| Untracked 
| 176|0x0000000715400000, 0x0000000715400000, 0x0000000715500000|  0%| F|  |TAMS 0x0000000715400000, 0x0000000715400000| Untracked 
| 177|0x0000000715500000, 0x0000000715500000, 0x0000000715600000|  0%| F|  |TAMS 0x0000000715500000, 0x0000000715500000| Untracked 
| 178|0x0000000715600000, 0x0000000715600000, 0x0000000715700000|  0%| F|  |TAMS 0x0000000715600000, 0x0000000715600000| Untracked 
| 179|0x0000000715700000, 0x0000000715700000, 0x0000000715800000|  0%| F|  |TAMS 0x0000000715700000, 0x0000000715700000| Untracked 
| 180|0x0000000715800000, 0x0000000715800000, 0x0000000715900000|  0%| F|  |TAMS 0x0000000715800000, 0x0000000715800000| Untracked 
| 181|0x0000000715900000, 0x0000000715900000, 0x0000000715a00000|  0%| F|  |TAMS 0x0000000715900000, 0x0000000715900000| Untracked 
| 182|0x0000000715a00000, 0x0000000715a00000, 0x0000000715b00000|  0%| F|  |TAMS 0x0000000715a00000, 0x0000000715a00000| Untracked 
| 183|0x0000000715b00000, 0x0000000715b00000, 0x0000000715c00000|  0%| F|  |TAMS 0x0000000715b00000, 0x0000000715b00000| Untracked 
| 184|0x0000000715c00000, 0x0000000715c00000, 0x0000000715d00000|  0%| F|  |TAMS 0x0000000715c00000, 0x0000000715c00000| Untracked 
| 185|0x0000000715d00000, 0x0000000715d00000, 0x0000000715e00000|  0%| F|  |TAMS 0x0000000715d00000, 0x0000000715d00000| Untracked 
| 186|0x0000000715e00000, 0x0000000715e00000, 0x0000000715f00000|  0%| F|  |TAMS 0x0000000715e00000, 0x0000000715e00000| Untracked 
| 187|0x0000000715f00000, 0x0000000715f00000, 0x0000000716000000|  0%| F|  |TAMS 0x0000000715f00000, 0x0000000715f00000| Untracked 
| 188|0x0000000716000000, 0x0000000716000000, 0x0000000716100000|  0%| F|  |TAMS 0x0000000716000000, 0x0000000716000000| Untracked 
| 189|0x0000000716100000, 0x0000000716100000, 0x0000000716200000|  0%| F|  |TAMS 0x0000000716100000, 0x0000000716100000| Untracked 
| 190|0x0000000716200000, 0x0000000716200000, 0x0000000716300000|  0%| F|  |TAMS 0x0000000716200000, 0x0000000716200000| Untracked 
| 191|0x0000000716300000, 0x0000000716300000, 0x0000000716400000|  0%| F|  |TAMS 0x0000000716300000, 0x0000000716300000| Untracked 
| 192|0x0000000716400000, 0x0000000716400000, 0x0000000716500000|  0%| F|  |TAMS 0x0000000716400000, 0x0000000716400000| Untracked 
| 193|0x0000000716500000, 0x0000000716500000, 0x0000000716600000|  0%| F|  |TAMS 0x0000000716500000, 0x0000000716500000| Untracked 
| 194|0x0000000716600000, 0x0000000716600000, 0x0000000716700000|  0%| F|  |TAMS 0x0000000716600000, 0x0000000716600000| Untracked 
| 195|0x0000000716700000, 0x0000000716700000, 0x0000000716800000|  0%| F|  |TAMS 0x0000000716700000, 0x0000000716700000| Untracked 
| 196|0x0000000716800000, 0x0000000716800000, 0x0000000716900000|  0%| F|  |TAMS 0x0000000716800000, 0x0000000716800000| Untracked 
| 197|0x0000000716900000, 0x0000000716900000, 0x0000000716a00000|  0%| F|  |TAMS 0x0000000716900000, 0x0000000716900000| Untracked 
| 198|0x0000000716a00000, 0x0000000716a00000, 0x0000000716b00000|  0%| F|  |TAMS 0x0000000716a00000, 0x0000000716a00000| Untracked 
| 199|0x0000000716b00000, 0x0000000716b00000, 0x0000000716c00000|  0%| F|  |TAMS 0x0000000716b00000, 0x0000000716b00000| Untracked 
| 200|0x0000000716c00000, 0x0000000716c00000, 0x0000000716d00000|  0%| F|  |TAMS 0x0000000716c00000, 0x0000000716c00000| Untracked 
| 201|0x0000000716d00000, 0x0000000716d00000, 0x0000000716e00000|  0%| F|  |TAMS 0x0000000716d00000, 0x0000000716d00000| Untracked 
| 202|0x0000000716e00000, 0x0000000716e00000, 0x0000000716f00000|  0%| F|  |TAMS 0x0000000716e00000, 0x0000000716e00000| Untracked 
| 203|0x0000000716f00000, 0x0000000716f00000, 0x0000000717000000|  0%| F|  |TAMS 0x0000000716f00000, 0x0000000716f00000| Untracked 
| 204|0x0000000717000000, 0x0000000717000000, 0x0000000717100000|  0%| F|  |TAMS 0x0000000717000000, 0x0000000717000000| Untracked 
| 205|0x0000000717100000, 0x0000000717100000, 0x0000000717200000|  0%| F|  |TAMS 0x0000000717100000, 0x0000000717100000| Untracked 
| 206|0x0000000717200000, 0x0000000717200000, 0x0000000717300000|  0%| F|  |TAMS 0x0000000717200000, 0x0000000717200000| Untracked 
| 207|0x0000000717300000, 0x0000000717300000, 0x0000000717400000|  0%| F|  |TAMS 0x0000000717300000, 0x0000000717300000| Untracked 
| 208|0x0000000717400000, 0x0000000717400000, 0x0000000717500000|  0%| F|  |TAMS 0x0000000717400000, 0x0000000717400000| Untracked 
| 209|0x0000000717500000, 0x0000000717500000, 0x0000000717600000|  0%| F|  |TAMS 0x0000000717500000, 0x0000000717500000| Untracked 
| 210|0x0000000717600000, 0x0000000717600000, 0x0000000717700000|  0%| F|  |TAMS 0x0000000717600000, 0x0000000717600000| Untracked 
| 211|0x0000000717700000, 0x0000000717700000, 0x0000000717800000|  0%| F|  |TAMS 0x0000000717700000, 0x0000000717700000| Untracked 
| 212|0x0000000717800000, 0x0000000717800000, 0x0000000717900000|  0%| F|  |TAMS 0x0000000717800000, 0x0000000717800000| Untracked 
| 213|0x0000000717900000, 0x0000000717900000, 0x0000000717a00000|  0%| F|  |TAMS 0x0000000717900000, 0x0000000717900000| Untracked 
| 214|0x0000000717a00000, 0x0000000717a00000, 0x0000000717b00000|  0%| F|  |TAMS 0x0000000717a00000, 0x0000000717a00000| Untracked 
| 215|0x0000000717b00000, 0x0000000717b00000, 0x0000000717c00000|  0%| F|  |TAMS 0x0000000717b00000, 0x0000000717b00000| Untracked 
| 216|0x0000000717c00000, 0x0000000717c00000, 0x0000000717d00000|  0%| F|  |TAMS 0x0000000717c00000, 0x0000000717c00000| Untracked 
| 217|0x0000000717d00000, 0x0000000717d00000, 0x0000000717e00000|  0%| F|  |TAMS 0x0000000717d00000, 0x0000000717d00000| Untracked 
| 218|0x0000000717e00000, 0x0000000717e00000, 0x0000000717f00000|  0%| F|  |TAMS 0x0000000717e00000, 0x0000000717e00000| Untracked 
| 219|0x0000000717f00000, 0x0000000717f00000, 0x0000000718000000|  0%| F|  |TAMS 0x0000000717f00000, 0x0000000717f00000| Untracked 
| 220|0x0000000718000000, 0x0000000718000000, 0x0000000718100000|  0%| F|  |TAMS 0x0000000718000000, 0x0000000718000000| Untracked 
| 221|0x0000000718100000, 0x0000000718100000, 0x0000000718200000|  0%| F|  |TAMS 0x0000000718100000, 0x0000000718100000| Untracked 
| 222|0x0000000718200000, 0x0000000718200000, 0x0000000718300000|  0%| F|  |TAMS 0x0000000718200000, 0x0000000718200000| Untracked 
| 223|0x0000000718300000, 0x0000000718300000, 0x0000000718400000|  0%| F|  |TAMS 0x0000000718300000, 0x0000000718300000| Untracked 
| 224|0x0000000718400000, 0x0000000718400000, 0x0000000718500000|  0%| F|  |TAMS 0x0000000718400000, 0x0000000718400000| Untracked 
| 225|0x0000000718500000, 0x0000000718500000, 0x0000000718600000|  0%| F|  |TAMS 0x0000000718500000, 0x0000000718500000| Untracked 
| 226|0x0000000718600000, 0x0000000718600000, 0x0000000718700000|  0%| F|  |TAMS 0x0000000718600000, 0x0000000718600000| Untracked 
| 227|0x0000000718700000, 0x0000000718700000, 0x0000000718800000|  0%| F|  |TAMS 0x0000000718700000, 0x0000000718700000| Untracked 
| 228|0x0000000718800000, 0x0000000718800000, 0x0000000718900000|  0%| F|  |TAMS 0x0000000718800000, 0x0000000718800000| Untracked 
| 229|0x0000000718900000, 0x0000000718900000, 0x0000000718a00000|  0%| F|  |TAMS 0x0000000718900000, 0x0000000718900000| Untracked 
| 230|0x0000000718a00000, 0x0000000718a00000, 0x0000000718b00000|  0%| F|  |TAMS 0x0000000718a00000, 0x0000000718a00000| Untracked 
| 231|0x0000000718b00000, 0x0000000718b00000, 0x0000000718c00000|  0%| F|  |TAMS 0x0000000718b00000, 0x0000000718b00000| Untracked 
| 232|0x0000000718c00000, 0x0000000718c00000, 0x0000000718d00000|  0%| F|  |TAMS 0x0000000718c00000, 0x0000000718c00000| Untracked 
| 233|0x0000000718d00000, 0x0000000718d00000, 0x0000000718e00000|  0%| F|  |TAMS 0x0000000718d00000, 0x0000000718d00000| Untracked 
| 234|0x0000000718e00000, 0x0000000718e00000, 0x0000000718f00000|  0%| F|  |TAMS 0x0000000718e00000, 0x0000000718e00000| Untracked 
| 235|0x0000000718f00000, 0x0000000718f00000, 0x0000000719000000|  0%| F|  |TAMS 0x0000000718f00000, 0x0000000718f00000| Untracked 
| 236|0x0000000719000000, 0x0000000719000000, 0x0000000719100000|  0%| F|  |TAMS 0x0000000719000000, 0x0000000719000000| Untracked 
| 237|0x0000000719100000, 0x0000000719100000, 0x0000000719200000|  0%| F|  |TAMS 0x0000000719100000, 0x0000000719100000| Untracked 
| 238|0x0000000719200000, 0x0000000719200000, 0x0000000719300000|  0%| F|  |TAMS 0x0000000719200000, 0x0000000719200000| Untracked 
| 239|0x0000000719300000, 0x0000000719400000, 0x0000000719400000|100%| E|  |TAMS 0x0000000719300000, 0x0000000719300000| Complete 
| 240|0x0000000719400000, 0x0000000719500000, 0x0000000719500000|100%| E|CS|TAMS 0x0000000719400000, 0x0000000719400000| Complete 
| 241|0x0000000719500000, 0x0000000719600000, 0x0000000719600000|100%| E|CS|TAMS 0x0000000719500000, 0x0000000719500000| Complete 
| 242|0x0000000719600000, 0x0000000719700000, 0x0000000719700000|100%| E|CS|TAMS 0x0000000719600000, 0x0000000719600000| Complete 
| 243|0x0000000719700000, 0x0000000719800000, 0x0000000719800000|100%| E|CS|TAMS 0x0000000719700000, 0x0000000719700000| Complete 
| 244|0x0000000719800000, 0x0000000719900000, 0x0000000719900000|100%| E|CS|TAMS 0x0000000719800000, 0x0000000719800000| Complete 
| 245|0x0000000719900000, 0x0000000719a00000, 0x0000000719a00000|100%| E|CS|TAMS 0x0000000719900000, 0x0000000719900000| Complete 
|2906|0x00000007bfe00000, 0x00000007bfe48000, 0x00000007bff00000| 28%|OA|  |TAMS 0x00000007bfe00000, 0x00000007bfe00000| Untracked 
|2907|0x00000007bff00000, 0x00000007bff6c000, 0x00000007c0000000| 42%|CA|  |TAMS 0x00000007bff00000, 0x00000007bff00000| Untracked 

Card table byte_map: [0x00007fea0f0a4000,0x00007fea0f852000] _byte_map_base: 0x00007fea0b852000

Marking Bits (Prev, Next): (CMBitMap*) 0x00007fea2c07af18, (CMBitMap*) 0x00007fea2c07af50
 Prev Bits: [0x00007fea0ab86000, 0x00007fea0e8f6000)
 Next Bits: [0x00007fea06e16000, 0x00007fea0ab86000)

Polling page: 0x00007fea31ea1000

Metaspace:

Usage:
  Non-class:      4,56 MB capacity,     3,12 MB ( 68%) used,     1,43 MB ( 31%) free+waste,    11,88 KB ( <1%) overhead. 
      Class:    532,00 KB capacity,   366,94 KB ( 69%) used,   157,94 KB ( 30%) free+waste,     7,12 KB (  1%) overhead. 
       Both:      5,08 MB capacity,     3,47 MB ( 68%) used,     1,59 MB ( 31%) free+waste,    19,00 KB ( <1%) overhead. 

Virtual space:
  Non-class space:        8,00 MB reserved,       4,75 MB ( 59%) committed 
      Class space:        1,00 GB reserved,     640,00 KB ( <1%) committed 
             Both:        1,01 GB reserved,       5,38 MB ( <1%) committed 

Chunk freelists:
   Non-Class:  3,00 KB
       Class:  12,00 KB
        Both:  15,00 KB

MaxMetaspaceSize: unlimited
CompressedClassSpaceSize: 1,00 GB
Initial GC threshold: 20,80 MB
Current GC threshold: 20,80 MB
CDS: on

CodeHeap 'non-profiled nmethods': size=120032Kb used=201Kb max_used=201Kb free=119831Kb
 bounds [0x00007fea1c2b9000, 0x00007fea1c529000, 0x00007fea237f1000]
CodeHeap 'profiled nmethods': size=120028Kb used=940Kb max_used=940Kb free=119087Kb
 bounds [0x00007fea14d82000, 0x00007fea14ff2000, 0x00007fea1c2b9000]
CodeHeap 'non-nmethods': size=5700Kb used=1159Kb max_used=1176Kb free=4541Kb
 bounds [0x00007fea147f1000, 0x00007fea14a61000, 0x00007fea14d82000]
 total_blobs=989 nmethods=580 adapters=323
 compilation: enabled
              stopped_count=0, restarted_count=0
 full_count=0

Compilation events (20 events):
Event: 0,182 Thread 0x00007fea2c1e0000  571       3       java.io.DataOutputStream::incCount (20 bytes)
Event: 0,182 Thread 0x00007fea2c1e0000 nmethod 571 0x00007fea14e67a10 code [0x00007fea14e67bc0, 0x00007fea14e67d10]
Event: 0,182 Thread 0x00007fea2c1e0000  572  s    3       java.io.DataOutputStream::write (14 bytes)
Event: 0,182 Thread 0x00007fea2c1e0000 nmethod 572 0x00007fea14e67d90 code [0x00007fea14e67f60, 0x00007fea14e683a0]
Event: 0,182 Thread 0x00007fea2c1e0000  570       3       java.lang.Integer::shortValue (6 bytes)
Event: 0,182 Thread 0x00007fea2c1e0000 nmethod 570 0x00007fea14e68490 code [0x00007fea14e68640, 0x00007fea14e68770]
Event: 0,182 Thread 0x00007fea2c1e0000  573       3       java.io.DataOutputStream::writeShort (35 bytes)
Event: 0,182 Thread 0x00007fea2c1e0000 nmethod 573 0x00007fea14e68810 code [0x00007fea14e689e0, 0x00007fea14e68d70]
Event: 0,183 Thread 0x00007fea2c1e0000  574       3       java.lang.PublicMethods$Key::matches (31 bytes)
Event: 0,183 Thread 0x00007fea2c1e0000 nmethod 574 0x00007fea14e68e90 code [0x00007fea14e690a0, 0x00007fea14e69530]
Event: 0,184 Thread 0x00007fea2c1e0000  576       3       java.lang.Class::getPackageName (81 bytes)
Event: 0,184 Thread 0x00007fea2c1e0000 nmethod 576 0x00007fea14e69710 code [0x00007fea14e699a0, 0x00007fea14e6a2c0]
Event: 0,184 Thread 0x00007fea2c1e0000  577       3       java.io.UnixFileSystem::normalize (75 bytes)
Event: 0,185 Thread 0x00007fea2c1e0000 nmethod 577 0x00007fea14e6a610 code [0x00007fea14e6a860, 0x00007fea14e6b1b0]
Event: 0,185 Thread 0x00007fea2c1e0000  578       3       java.lang.String::substring (68 bytes)
Event: 0,185 Thread 0x00007fea2c1e0000 nmethod 578 0x00007fea14e6b590 code [0x00007fea14e6b7e0, 0x00007fea14e6bf50]
Event: 0,185 Thread 0x00007fea2c1e0000  579       3       sun.net.www.ParseUtil::firstEncodeIndex (86 bytes)
Event: 0,186 Thread 0x00007fea2c1e0000 nmethod 579 0x00007fea14e6c210 code [0x00007fea14e6c460, 0x00007fea14e6ce00]
Event: 0,186 Thread 0x00007fea2c1e0000  580       1       java.lang.reflect.Method::getModifiers (5 bytes)
Event: 0,186 Thread 0x00007fea2c1e0000 nmethod 580 0x00007fea1c2e7e10 code [0x00007fea1c2e7fc0, 0x00007fea1c2e8090]

GC Heap History (0 events):
No events

Deoptimization events (6 events):
Event: 0,127 Thread 0x00007fea2c016800 DEOPT PACKING pc=0x00007fea14e13960 sp=0x00007fea30634bf0
Event: 0,127 Thread 0x00007fea2c016800 DEOPT UNPACKING pc=0x00007fea1483a9fa sp=0x00007fea306340e8 mode 0
Event: 0,127 Thread 0x00007fea2c016800 DEOPT PACKING pc=0x00007fea14e13960 sp=0x00007fea30634bf0
Event: 0,127 Thread 0x00007fea2c016800 DEOPT UNPACKING pc=0x00007fea1483a9fa sp=0x00007fea306340e8 mode 0
Event: 0,128 Thread 0x00007fea2c016800 DEOPT PACKING pc=0x00007fea14e13960 sp=0x00007fea30634bf0
Event: 0,128 Thread 0x00007fea2c016800 DEOPT UNPACKING pc=0x00007fea1483a9fa sp=0x00007fea306340e8 mode 0

Classes redefined (0 events):
No events

Internal exceptions (12 events):
Event: 0,051 Thread 0x00007fea2c016800 Exception <a 'java/lang/ClassNotFoundException'{0x0000000719802390}: sun/awt/resources/spi/awtProvider> (0x0000000719802390) thrown at [src/hotspot/share/classfile/systemDictionary.cpp, line 230]
Event: 0,079 Thread 0x00007fea2c016800 Exception <a 'java/io/FileNotFoundException'{0x00000007198a13b8}> (0x00000007198a13b8) thrown at [src/hotspot/share/prims/jni.cpp, line 617]
Event: 0,087 Thread 0x00007fea2c016800 Exception <a 'java/lang/NoSuchMethodError'{0x00000007198fc188}: 'java.lang.Object java.lang.invoke.DirectMethodHandle$Holder.invokeStatic(java.lang.Object, java.lang.Object, java.lang.Object, java.lang.Object, java.lang.Object, java.lang.Object, java.lang.Object, java.lang.Object, java.lang.Object, java.lang.Object, java.lang.Object, java.lang.Object, java.lang.Object, java.lang.Object, java.lang.Object)'> (0x00000007198fc188) thrown at [src/hotspot/share/interpreter/linkResolver.cpp, line 772]
Event: 0,088 Thread 0x00007fea2c016800 Exception <a 'java/lang/NoSuchMethodError'{0x000000071970a2c0}: 'java.lang.Object java.lang.invoke.DirectMethodHandle$Holder.invokeStatic(java.lang.Object, java.lang.Object, java.lang.Object, java.lang.Object, java.lang.Object, java.lang.Object, java.lang.Object, java.lang.Object, java.lang.Object, java.lang.Object, java.lang.Object, java.lang.Object, java.lang.Object, java.lang.Object, java.lang.Object, java.lang.Object)'> (0x000000071970a2c0) thrown at [src/hotspot/share/interpreter/linkResolver.cpp, lin
Event: 0,090 Thread 0x00007fea2c016800 Exception <a 'java/lang/NoSuchMethodError'{0x0000000719717f30}: 'java.lang.Object java.lang.invoke.DirectMethodHandle$Holder.invokeSpecial(java.lang.Object, java.lang.Object, int, int, java.lang.Object, java.lang.Object, java.lang.Object)'> (0x0000000719717f30) thrown at [src/hotspot/share/interpreter/linkResolver.cpp, line 772]
Event: 0,090 Thread 0x00007fea2c016800 Exception <a 'java/lang/NoSuchMethodError'{0x000000071971b4c0}: 'java.lang.Object java.lang.invoke.DelegatingMethodHandle$Holder.reinvoke_L(java.lang.Object, int, int, java.lang.Object, java.lang.Object, java.lang.Object)'> (0x000000071971b4c0) thrown at [src/hotspot/share/interpreter/linkResolver.cpp, line 772]
Event: 0,091 Thread 0x00007fea2c016800 Exception <a 'java/lang/NoSuchMethodError'{0x000000071971f848}: 'java.lang.Object java.lang.invoke.DirectMethodHandle$Holder.invokeStatic(java.lang.Object, java.lang.Object, java.lang.Object, java.lang.Object, int)'> (0x000000071971f848) thrown at [src/hotspot/share/interpreter/linkResolver.cpp, line 772]
Event: 0,165 Thread 0x00007fea2c016800 Exception <a 'java/lang/NoSuchMethodError'{0x00000007194b5340}: 'java.lang.Object java.lang.invoke.DirectMethodHandle$Holder.invokeStaticInit(java.lang.Object, java.lang.Object, long, java.lang.Object)'> (0x00000007194b5340) thrown at [src/hotspot/share/interpreter/linkResolver.cpp, line 772]
Event: 0,165 Thread 0x00007fea2c016800 Exception <a 'java/lang/NoSuchMethodError'{0x00000007194c14a0}: 'java.lang.Object java.lang.invoke.Invokers$Holder.linkToTargetMethod(java.lang.Object, long, java.lang.Object)'> (0x00000007194c14a0) thrown at [src/hotspot/share/interpreter/linkResolver.cpp, line 772]
Event: 0,167 Thread 0x00007fea2c016800 Exception <a 'java/lang/NoSuchMethodError'{0x00000007194c83f8}: 'java.lang.Object java.lang.invoke.DirectMethodHandle$Holder.invokeStatic(java.lang.Object, java.lang.Object, java.lang.Object, int)'> (0x00000007194c83f8) thrown at [src/hotspot/share/interpreter/linkResolver.cpp, line 772]
Event: 0,167 Thread 0x00007fea2c016800 Exception <a 'java/lang/NoSuchMethodError'{0x00000007194cbd10}: 'java.lang.Object java.lang.invoke.DirectMethodHandle$Holder.invokeSpecial(java.lang.Object, java.lang.Object, java.lang.Object, java.lang.Object, int)'> (0x00000007194cbd10) thrown at [src/hotspot/share/interpreter/linkResolver.cpp, line 772]
Event: 0,167 Thread 0x00007fea2c016800 Exception <a 'java/lang/NoSuchMethodError'{0x00000007194ced78}: 'java.lang.Object java.lang.invoke.Invokers$Holder.linkToTargetMethod(java.lang.Object, java.lang.Object, int, java.lang.Object)'> (0x00000007194ced78) thrown at [src/hotspot/share/interpreter/linkResolver.cpp, line 772]

Events (20 events):
Event: 0,183 loading class java/lang/reflect/TypeVariable done
Event: 0,183 loading class java/lang/reflect/AnnotatedType
Event: 0,183 loading class java/lang/reflect/AnnotatedType done
Event: 0,183 loading class java/lang/TypeNotPresentException
Event: 0,183 loading class java/lang/TypeNotPresentException done
Event: 0,184 loading class com/sun/jna/Function
Event: 0,184 loading class com/sun/jna/Function done
Event: 0,184 loading class com/sun/jna/MethodParameterContext
Event: 0,184 loading class com/sun/jna/MethodParameterContext done
Event: 0,185 loading class com/sun/jna/FunctionParameterContext
Event: 0,185 loading class com/sun/jna/FunctionParameterContext done
Event: 0,185 loading class com/sun/jna/VarArgsChecker
Event: 0,185 loading class com/sun/jna/VarArgsChecker done
Event: 0,185 loading class com/sun/jna/VarArgsChecker$RealVarArgsChecker
Event: 0,185 loading class com/sun/jna/VarArgsChecker$RealVarArgsChecker done
Event: 0,185 loading class com/sun/jna/VarArgsChecker$NoVarArgsChecker
Event: 0,185 loading class com/sun/jna/VarArgsChecker$NoVarArgsChecker done
Event: 0,186 loading class com/sun/jna/Library$Handler$FunctionInfo
Event: 0,186 loading class com/sun/jna/Library$Handler$FunctionInfo done
Event: 0,186 Protecting memory [0x00007fea31eec000,0x00007fea31eed000] with protection modes 1


Dynamic libraries:
70a400000-719a00000 rw-p 00000000 00:00 0 
719a00000-7bfe00000 ---p 00000000 00:00 0 
7bfe00000-7bfe48000 rw-p 00b13000 103:03 2232165                         /usr/lib/jvm/java-11-openjdk-amd64/lib/server/classes.jsa
7bfe48000-7bff00000 rw-p 00000000 00:00 0 
7bff00000-7bff6c000 rw-p 00aa7000 103:03 2232165                         /usr/lib/jvm/java-11-openjdk-amd64/lib/server/classes.jsa
7bff6c000-7c0000000 rw-p 00000000 00:00 0 
7c0000000-800000000 ---p 00000000 00:00 0 
800000000-800002000 rwxp 00001000 103:03 2232165                         /usr/lib/jvm/java-11-openjdk-amd64/lib/server/classes.jsa
800002000-8003ce000 rw-p 00003000 103:03 2232165                         /usr/lib/jvm/java-11-openjdk-amd64/lib/server/classes.jsa
8003ce000-800aa5000 r--p 003cf000 103:03 2232165                         /usr/lib/jvm/java-11-openjdk-amd64/lib/server/classes.jsa
800aa5000-800aa6000 rw-p 00aa6000 103:03 2232165                         /usr/lib/jvm/java-11-openjdk-amd64/lib/server/classes.jsa
840000000-8400a0000 rw-p 00000000 00:00 0 
8400a0000-880000000 ---p 00000000 00:00 0 
5632ed44b000-5632ed44c000 r--p 00000000 103:03 2230722                   /usr/lib/jvm/java-11-openjdk-amd64/bin/java
5632ed44c000-5632ed44d000 r-xp 00001000 103:03 2230722                   /usr/lib/jvm/java-11-openjdk-amd64/bin/java
5632ed44d000-5632ed44e000 r--p 00002000 103:03 2230722                   /usr/lib/jvm/java-11-openjdk-amd64/bin/java
5632ed44e000-5632ed44f000 r--p 00002000 103:03 2230722                   /usr/lib/jvm/java-11-openjdk-amd64/bin/java
5632ed44f000-5632ed450000 rw-p 00003000 103:03 2230722                   /usr/lib/jvm/java-11-openjdk-amd64/bin/java
5632ed554000-5632ed575000 rw-p 00000000 00:00 0                          [heap]
7fe9b4000000-7fe9b4021000 rw-p 00000000 00:00 0 
7fe9b4021000-7fe9b8000000 ---p 00000000 00:00 0 
7fe9bc000000-7fe9bc021000 rw-p 00000000 00:00 0 
7fe9bc021000-7fe9c0000000 ---p 00000000 00:00 0 
7fe9c0000000-7fe9c0021000 rw-p 00000000 00:00 0 
7fe9c0021000-7fe9c4000000 ---p 00000000 00:00 0 
7fe9c4000000-7fe9c4021000 rw-p 00000000 00:00 0 
7fe9c4021000-7fe9c8000000 ---p 00000000 00:00 0 
7fe9c8000000-7fe9c819e000 rw-p 00000000 00:00 0 
7fe9c819e000-7fe9cc000000 ---p 00000000 00:00 0 
7fe9cc000000-7fe9cc021000 rw-p 00000000 00:00 0 
7fe9cc021000-7fe9d0000000 ---p 00000000 00:00 0 
7fe9d0000000-7fe9d0021000 rw-p 00000000 00:00 0 
7fe9d0021000-7fe9d4000000 ---p 00000000 00:00 0 
7fe9d4000000-7fe9d41d3000 rw-p 00000000 00:00 0 
7fe9d41d3000-7fe9d8000000 ---p 00000000 00:00 0 
7fe9d8000000-7fe9d823f000 rw-p 00000000 00:00 0 
7fe9d823f000-7fe9dc000000 ---p 00000000 00:00 0 
7fe9dc000000-7fe9dc021000 rw-p 00000000 00:00 0 
7fe9dc021000-7fe9e0000000 ---p 00000000 00:00 0 
7fe9e0000000-7fe9e0021000 rw-p 00000000 00:00 0 
7fe9e0021000-7fe9e4000000 ---p 00000000 00:00 0 
7fe9e4000000-7fe9e4021000 rw-p 00000000 00:00 0 
7fe9e4021000-7fe9e8000000 ---p 00000000 00:00 0 
7fe9e8000000-7fe9e8021000 rw-p 00000000 00:00 0 
7fe9e8021000-7fe9ec000000 ---p 00000000 00:00 0 
7fe9ec000000-7fe9ec021000 rw-p 00000000 00:00 0 
7fe9ec021000-7fe9f0000000 ---p 00000000 00:00 0 
7fe9f0000000-7fe9f0021000 rw-p 00000000 00:00 0 
7fe9f0021000-7fe9f4000000 ---p 00000000 00:00 0 
7fe9f5a9e000-7fe9f5b10000 rw-p 00000000 00:00 0 
7fe9f5b10000-7fe9f5b14000 ---p 00000000 00:00 0 
7fe9f5b14000-7fe9f5c11000 rw-p 00000000 00:00 0 
7fe9f5c11000-7fe9f5c2c000 r--p 00000000 103:03 1052772                   /usr/local/lib/libZXing.so.2.1.0
7fe9f5c2c000-7fe9f5d00000 r-xp 0001b000 103:03 1052772                   /usr/local/lib/libZXing.so.2.1.0
7fe9f5d00000-7fe9f5d76000 r--p 000ef000 103:03 1052772                   /usr/local/lib/libZXing.so.2.1.0
7fe9f5d76000-7fe9f5d77000 ---p 00165000 103:03 1052772                   /usr/local/lib/libZXing.so.2.1.0
7fe9f5d77000-7fe9f5d79000 r--p 00165000 103:03 1052772                   /usr/local/lib/libZXing.so.2.1.0
7fe9f5d79000-7fe9f5d7b000 rw-p 00167000 103:03 1052772                   /usr/local/lib/libZXing.so.2.1.0
7fe9f5d7b000-7fe9f5d7f000 rw-p 00000000 00:00 0 
7fe9f5da6000-7fe9f5dc4000 r-xp 00000000 103:03 5377553                   /home/eduardo/.cache/JNA/temp/jna3555985133403958741.tmp (deleted)
7fe9f5dc4000-7fe9f5fc3000 ---p 0001e000 103:03 5377553                   /home/eduardo/.cache/JNA/temp/jna3555985133403958741.tmp (deleted)
7fe9f5fc3000-7fe9f5fc4000 rw-p 0001d000 103:03 5377553                   /home/eduardo/.cache/JNA/temp/jna3555985133403958741.tmp (deleted)
7fe9f5fc4000-7fe9f5fc5000 rw-p 00000000 00:00 0 
7fe9f5fc5000-7fe9f5fc9000 r--p 00000000 103:03 395299                    /usr/lib/x86_64-linux-gnu/libjpeg.so.8.2.2
7fe9f5fc9000-7fe9f600d000 r-xp 00004000 103:03 395299                    /usr/lib/x86_64-linux-gnu/libjpeg.so.8.2.2
7fe9f600d000-7fe9f6047000 r--p 00048000 103:03 395299                    /usr/lib/x86_64-linux-gnu/libjpeg.so.8.2.2
7fe9f6047000-7fe9f6048000 ---p 00082000 103:03 395299                    /usr/lib/x86_64-linux-gnu/libjpeg.so.8.2.2
7fe9f6048000-7fe9f6049000 r--p 00082000 103:03 395299                    /usr/lib/x86_64-linux-gnu/libjpeg.so.8.2.2
7fe9f6049000-7fe9f604a000 rw-p 00083000 103:03 395299                    /usr/lib/x86_64-linux-gnu/libjpeg.so.8.2.2
7fe9f604f000-7fe9f6053000 ---p 00000000 00:00 0 
7fe9f6053000-7fe9f6071000 rw-p 00000000 00:00 0 
7fe9f6071000-7fe9f6073000 r--p 00000000 103:03 2273413                   /usr/lib/jvm/java-11-openjdk-amd64/lib/libjavajpeg.so
7fe9f6073000-7fe9f607a000 r-xp 00002000 103:03 2273413                   /usr/lib/jvm/java-11-openjdk-amd64/lib/libjavajpeg.so
7fe9f607a000-7fe9f607b000 r--p 00009000 103:03 2273413                   /usr/lib/jvm/java-11-openjdk-amd64/lib/libjavajpeg.so
7fe9f607b000-7fe9f607c000 ---p 0000a000 103:03 2273413                   /usr/lib/jvm/java-11-openjdk-amd64/lib/libjavajpeg.so
7fe9f607c000-7fe9f607d000 r--p 0000a000 103:03 2273413                   /usr/lib/jvm/java-11-openjdk-amd64/lib/libjavajpeg.so
7fe9f607d000-7fe9f607e000 rw-p 0000b000 103:03 2273413                   /usr/lib/jvm/java-11-openjdk-amd64/lib/libjavajpeg.so
7fe9f607e000-7fe9f6082000 ---p 00000000 00:00 0 
7fe9f6082000-7fe9f617f000 rw-p 00000000 00:00 0 
7fe9f617f000-7fe9f6183000 ---p 00000000 00:00 0 
7fe9f6183000-7fe9f6280000 rw-p 00000000 00:00 0 
7fe9f6280000-7fe9f6284000 r--p 00000000 103:03 400198                    /usr/lib/x86_64-linux-gnu/libbsd.so.0.10.0
7fe9f6284000-7fe9f6293000 r-xp 00004000 103:03 400198                    /usr/lib/x86_64-linux-gnu/libbsd.so.0.10.0
7fe9f6293000-7fe9f6296000 r--p 00013000 103:03 400198                    /usr/lib/x86_64-linux-gnu/libbsd.so.0.10.0
7fe9f6296000-7fe9f6297000 ---p 00016000 103:03 400198                    /usr/lib/x86_64-linux-gnu/libbsd.so.0.10.0
7fe9f6297000-7fe9f6298000 r--p 00016000 103:03 400198                    /usr/lib/x86_64-linux-gnu/libbsd.so.0.10.0
7fe9f6298000-7fe9f6299000 rw-p 00017000 103:03 400198                    /usr/lib/x86_64-linux-gnu/libbsd.so.0.10.0
7fe9f6299000-7fe9f629a000 rw-p 00000000 00:00 0 
7fe9f629a000-7fe9f62a5000 r--p 00000000 103:03 401372                    /usr/lib/x86_64-linux-gnu/libxcb.so.1.1.0
7fe9f62a5000-7fe9f62b9000 r-xp 0000b000 103:03 401372                    /usr/lib/x86_64-linux-gnu/libxcb.so.1.1.0
7fe9f62b9000-7fe9f62c2000 r--p 0001f000 103:03 401372                    /usr/lib/x86_64-linux-gnu/libxcb.so.1.1.0
7fe9f62c2000-7fe9f62c3000 r--p 00027000 103:03 401372                    /usr/lib/x86_64-linux-gnu/libxcb.so.1.1.0
7fe9f62c3000-7fe9f62c4000 rw-p 00028000 103:03 401372                    /usr/lib/x86_64-linux-gnu/libxcb.so.1.1.0
7fe9f62c4000-7fe9f62c6000 r--p 00000000 103:03 400055                    /usr/lib/x86_64-linux-gnu/libXi.so.6.1.0
7fe9f62c6000-7fe9f62d1000 r-xp 00002000 103:03 400055                    /usr/lib/x86_64-linux-gnu/libXi.so.6.1.0
7fe9f62d1000-7fe9f62d4000 r--p 0000d000 103:03 400055                    /usr/lib/x86_64-linux-gnu/libXi.so.6.1.0
7fe9f62d4000-7fe9f62d5000 r--p 0000f000 103:03 400055                    /usr/lib/x86_64-linux-gnu/libXi.so.6.1.0
7fe9f62d5000-7fe9f62d6000 rw-p 00010000 103:03 400055                    /usr/lib/x86_64-linux-gnu/libXi.so.6.1.0
7fe9f62d6000-7fe9f62db000 r-xp 00000000 103:03 400073                    /usr/lib/x86_64-linux-gnu/libXtst.so.6.1.0
7fe9f62db000-7fe9f64da000 ---p 00005000 103:03 400073                    /usr/lib/x86_64-linux-gnu/libXtst.so.6.1.0
7fe9f64da000-7fe9f64db000 r--p 00004000 103:03 400073                    /usr/lib/x86_64-linux-gnu/libXtst.so.6.1.0
7fe9f64db000-7fe9f64dc000 rw-p 00005000 103:03 400073                    /usr/lib/x86_64-linux-gnu/libXtst.so.6.1.0
7fe9f64dc000-7fe9f64e5000 r-xp 00000000 103:03 400067                    /usr/lib/x86_64-linux-gnu/libXrender.so.1.3.0
7fe9f64e5000-7fe9f66e4000 ---p 00009000 103:03 400067                    /usr/lib/x86_64-linux-gnu/libXrender.so.1.3.0
7fe9f66e4000-7fe9f66e5000 r--p 00008000 103:03 400067                    /usr/lib/x86_64-linux-gnu/libXrender.so.1.3.0
7fe9f66e5000-7fe9f66e6000 rw-p 00009000 103:03 400067                    /usr/lib/x86_64-linux-gnu/libXrender.so.1.3.0
7fe9f66e6000-7fe9f66fe000 r--p 00000000 103:03 397401                    /usr/lib/x86_64-linux-gnu/libX11.so.6.3.0
7fe9f66fe000-7fe9f6789000 r-xp 00018000 103:03 397401                    /usr/lib/x86_64-linux-gnu/libX11.so.6.3.0
7fe9f6789000-7fe9f681d000 r--p 000a3000 103:03 397401                    /usr/lib/x86_64-linux-gnu/libX11.so.6.3.0
7fe9f681d000-7fe9f681e000 ---p 00137000 103:03 397401                    /usr/lib/x86_64-linux-gnu/libX11.so.6.3.0
7fe9f681e000-7fe9f681f000 r--p 00137000 103:03 397401                    /usr/lib/x86_64-linux-gnu/libX11.so.6.3.0
7fe9f681f000-7fe9f6823000 rw-p 00138000 103:03 397401                    /usr/lib/x86_64-linux-gnu/libX11.so.6.3.0
7fe9f6824000-7fe9f684a000 r--p 00000000 103:03 2622352                   /usr/share/locale-langpack/pt_BR/LC_MESSAGES/libc.mo
7fe9f684a000-7fe9f685a000 r--p 00000000 103:03 2273354                   /usr/lib/jvm/java-11-openjdk-amd64/lib/libawt_xawt.so
7fe9f685a000-7fe9f689a000 r-xp 00010000 103:03 2273354                   /usr/lib/jvm/java-11-openjdk-amd64/lib/libawt_xawt.so
7fe9f689a000-7fe9f68ac000 r--p 00050000 103:03 2273354                   /usr/lib/jvm/java-11-openjdk-amd64/lib/libawt_xawt.so
7fe9f68ac000-7fe9f68ad000 r--p 00061000 103:03 2273354                   /usr/lib/jvm/java-11-openjdk-amd64/lib/libawt_xawt.so
7fe9f68ad000-7fe9f68af000 rw-p 00062000 103:03 2273354                   /usr/lib/jvm/java-11-openjdk-amd64/lib/libawt_xawt.so
7fe9f68af000-7fe9f68b1000 rw-p 00000000 00:00 0 
7fe9f68b1000-7fe9f68dd000 r--p 00000000 103:03 2273402                   /usr/lib/jvm/java-11-openjdk-amd64/lib/libawt.so
7fe9f68dd000-7fe9f6946000 r-xp 0002c000 103:03 2273402                   /usr/lib/jvm/java-11-openjdk-amd64/lib/libawt.so
7fe9f6946000-7fe9f6952000 r--p 00095000 103:03 2273402                   /usr/lib/jvm/java-11-openjdk-amd64/lib/libawt.so
7fe9f6952000-7fe9f6953000 ---p 000a1000 103:03 2273402                   /usr/lib/jvm/java-11-openjdk-amd64/lib/libawt.so
7fe9f6953000-7fe9f6954000 r--p 000a1000 103:03 2273402                   /usr/lib/jvm/java-11-openjdk-amd64/lib/libawt.so
7fe9f6954000-7fe9f695f000 rw-p 000a2000 103:03 2273402                   /usr/lib/jvm/java-11-openjdk-amd64/lib/libawt.so
7fe9f695f000-7fe9f6984000 rw-p 00000000 00:00 0 
7fe9f6984000-7fe9f6988000 ---p 00000000 00:00 0 
7fe9f6988000-7fe9f6a85000 rw-p 00000000 00:00 0 
7fe9f6a85000-7fe9f6a86000 ---p 00000000 00:00 0 
7fe9f6a86000-7fe9f6b87000 rw-p 00000000 00:00 0 
7fe9f6b87000-7fe9f6b8b000 ---p 00000000 00:00 0 
7fe9f6b8b000-7fe9f6c88000 rw-p 00000000 00:00 0 
7fe9f6c88000-7fe9f6c8c000 ---p 00000000 00:00 0 
7fe9f6c8c000-7fe9f6d89000 rw-p 00000000 00:00 0 
7fe9f6d89000-7fe9f6d8d000 ---p 00000000 00:00 0 
7fe9f6d8d000-7fe9f6e8a000 rw-p 00000000 00:00 0 
7fe9f6e8a000-7fe9f6e8e000 ---p 00000000 00:00 0 
7fe9f6e8e000-7fe9f6f8b000 rw-p 00000000 00:00 0 
7fe9f6f8b000-7fe9f6f8f000 ---p 00000000 00:00 0 
7fe9f6f8f000-7fe9f708c000 rw-p 00000000 00:00 0 
7fe9f708c000-7fe9f75fe000 r--p 00000000 103:03 394020                    /usr/lib/locale/locale-archive
7fe9f75fe000-7fe9f7602000 ---p 00000000 00:00 0 
7fe9f7602000-7fe9f76ff000 rw-p 00000000 00:00 0 
7fe9f76ff000-7fe9f7703000 ---p 00000000 00:00 0 
7fe9f7703000-7fe9f7cc0000 rw-p 00000000 00:00 0 
7fe9f7cc0000-7fe9f8000000 ---p 00000000 00:00 0 
7fe9f8000000-7fe9f8021000 rw-p 00000000 00:00 0 
7fe9f8021000-7fe9fc000000 ---p 00000000 00:00 0 
7fe9fc000000-7fe9fc021000 rw-p 00000000 00:00 0 
7fe9fc021000-7fea00000000 ---p 00000000 00:00 0 
7fea00000000-7fea00021000 rw-p 00000000 00:00 0 
7fea00021000-7fea04000000 ---p 00000000 00:00 0 
7fea04006000-7fea04007000 ---p 00000000 00:00 0 
7fea04007000-7fea04108000 rw-p 00000000 00:00 0 
7fea04108000-7fea04109000 ---p 00000000 00:00 0 
7fea04109000-7fea0420a000 rw-p 00000000 00:00 0 
7fea0420a000-7fea0420b000 ---p 00000000 00:00 0 
7fea0420b000-7fea06b14000 rw-p 00000000 00:00 0 
7fea06b14000-7fea06b15000 ---p 00000000 00:00 0 
7fea06b15000-7fea06c16000 rw-p 00000000 00:00 0 
7fea06c16000-7fea06c17000 ---p 00000000 00:00 0 
7fea06c17000-7fea071ee000 rw-p 00000000 00:00 0 
7fea071ee000-7fea09b7e000 ---p 00000000 00:00 0 
7fea09b7e000-7fea09b86000 rw-p 00000000 00:00 0 
7fea09b86000-7fea0ab86000 ---p 00000000 00:00 0 
7fea0ab86000-7fea0af5e000 rw-p 00000000 00:00 0 
7fea0af5e000-7fea0d8ee000 ---p 00000000 00:00 0 
7fea0d8ee000-7fea0d8f6000 rw-p 00000000 00:00 0 
7fea0d8f6000-7fea0e8f6000 ---p 00000000 00:00 0 
7fea0e8f6000-7fea0e971000 rw-p 00000000 00:00 0 
7fea0e971000-7fea0eea3000 ---p 00000000 00:00 0 
7fea0eea3000-7fea0eea4000 rw-p 00000000 00:00 0 
7fea0eea4000-7fea0f0a4000 ---p 00000000 00:00 0 
7fea0f0a4000-7fea0f11f000 rw-p 00000000 00:00 0 
7fea0f11f000-7fea0f651000 ---p 00000000 00:00 0 
7fea0f651000-7fea0f652000 rw-p 00000000 00:00 0 
7fea0f652000-7fea0f852000 ---p 00000000 00:00 0 
7fea0f852000-7fea0f8cd000 rw-p 00000000 00:00 0 
7fea0f8cd000-7fea0fdff000 ---p 00000000 00:00 0 
7fea0fdff000-7fea0fe00000 rw-p 00000000 00:00 0 
7fea0fe00000-7fea10000000 ---p 00000000 00:00 0 
7fea10000000-7fea10021000 rw-p 00000000 00:00 0 
7fea10021000-7fea14000000 ---p 00000000 00:00 0 
7fea1400b000-7fea1400f000 r--p 00000000 103:03 400047                    /usr/lib/x86_64-linux-gnu/libXext.so.6.4.0
7fea1400f000-7fea1401a000 r-xp 00004000 103:03 400047                    /usr/lib/x86_64-linux-gnu/libXext.so.6.4.0
7fea1401a000-7fea1401e000 r--p 0000f000 103:03 400047                    /usr/lib/x86_64-linux-gnu/libXext.so.6.4.0
7fea1401e000-7fea1401f000 r--p 00012000 103:03 400047                    /usr/lib/x86_64-linux-gnu/libXext.so.6.4.0
7fea1401f000-7fea14020000 rw-p 00013000 103:03 400047                    /usr/lib/x86_64-linux-gnu/libXext.so.6.4.0
7fea14020000-7fea14051000 rw-p 00000000 00:00 0 
7fea14051000-7fea14055000 r--p 00000000 103:03 2273423                   /usr/lib/jvm/java-11-openjdk-amd64/lib/libnet.so
7fea14055000-7fea14063000 r-xp 00004000 103:03 2273423                   /usr/lib/jvm/java-11-openjdk-amd64/lib/libnet.so
7fea14063000-7fea14067000 r--p 00012000 103:03 2273423                   /usr/lib/jvm/java-11-openjdk-amd64/lib/libnet.so
7fea14067000-7fea14068000 r--p 00015000 103:03 2273423                   /usr/lib/jvm/java-11-openjdk-amd64/lib/libnet.so
7fea14068000-7fea14069000 rw-p 00016000 103:03 2273423                   /usr/lib/jvm/java-11-openjdk-amd64/lib/libnet.so
7fea14069000-7fea147f1000 rw-p 00000000 00:00 0 
7fea147f1000-7fea14a61000 rwxp 00000000 00:00 0 
7fea14a61000-7fea14d82000 ---p 00000000 00:00 0 
7fea14d82000-7fea14ff2000 rwxp 00000000 00:00 0 
7fea14ff2000-7fea1c2b9000 ---p 00000000 00:00 0 
7fea1c2b9000-7fea1c529000 rwxp 00000000 00:00 0 
7fea1c529000-7fea237f1000 ---p 00000000 00:00 0 
7fea237f1000-7fea2c000000 r--s 00000000 103:03 2273433                   /usr/lib/jvm/java-11-openjdk-amd64/lib/modules
7fea2c000000-7fea2c35c000 rw-p 00000000 00:00 0 
7fea2c35c000-7fea30000000 ---p 00000000 00:00 0 
7fea3000a000-7fea30011000 r--s 00000000 103:03 931822                    /usr/lib/x86_64-linux-gnu/gconv/gconv-modules.cache
7fea30011000-7fea30018000 r--p 00000000 103:03 2273424                   /usr/lib/jvm/java-11-openjdk-amd64/lib/libnio.so
7fea30018000-7fea30020000 r-xp 00007000 103:03 2273424                   /usr/lib/jvm/java-11-openjdk-amd64/lib/libnio.so
7fea30020000-7fea30023000 r--p 0000f000 103:03 2273424                   /usr/lib/jvm/java-11-openjdk-amd64/lib/libnio.so
7fea30023000-7fea30024000 r--p 00011000 103:03 2273424                   /usr/lib/jvm/java-11-openjdk-amd64/lib/libnio.so
7fea30024000-7fea30025000 rw-p 00012000 103:03 2273424                   /usr/lib/jvm/java-11-openjdk-amd64/lib/libnio.so
7fea30025000-7fea301eb000 rw-p 00000000 00:00 0 
7fea301eb000-7fea301ec000 ---p 00000000 00:00 0 
7fea301ec000-7fea302f2000 rw-p 00000000 00:00 0 
7fea302f2000-7fea303d8000 ---p 00000000 00:00 0 
7fea303d8000-7fea303dd000 rw-p 00000000 00:00 0 
7fea303dd000-7fea304c3000 ---p 00000000 00:00 0 
7fea304c3000-7fea304c6000 r--p 00000000 103:03 394907                    /usr/lib/x86_64-linux-gnu/libnss_files-2.31.so
7fea304c6000-7fea304cd000 r-xp 00003000 103:03 394907                    /usr/lib/x86_64-linux-gnu/libnss_files-2.31.so
7fea304cd000-7fea304cf000 r--p 0000a000 103:03 394907                    /usr/lib/x86_64-linux-gnu/libnss_files-2.31.so
7fea304cf000-7fea304d0000 r--p 0000b000 103:03 394907                    /usr/lib/x86_64-linux-gnu/libnss_files-2.31.so
7fea304d0000-7fea304d1000 rw-p 0000c000 103:03 394907                    /usr/lib/x86_64-linux-gnu/libnss_files-2.31.so
7fea304d1000-7fea304d7000 rw-p 00000000 00:00 0 
7fea304d9000-7fea304db000 r--p 00000000 103:03 400045                    /usr/lib/x86_64-linux-gnu/libXdmcp.so.6.0.0
7fea304db000-7fea304dd000 r-xp 00002000 103:03 400045                    /usr/lib/x86_64-linux-gnu/libXdmcp.so.6.0.0
7fea304dd000-7fea304df000 r--p 00004000 103:03 400045                    /usr/lib/x86_64-linux-gnu/libXdmcp.so.6.0.0
7fea304df000-7fea304e0000 r--p 00005000 103:03 400045                    /usr/lib/x86_64-linux-gnu/libXdmcp.so.6.0.0
7fea304e0000-7fea304e1000 rw-p 00006000 103:03 400045                    /usr/lib/x86_64-linux-gnu/libXdmcp.so.6.0.0
7fea304e1000-7fea304e2000 r--p 00000000 103:03 400034                    /usr/lib/x86_64-linux-gnu/libXau.so.6.0.0
7fea304e2000-7fea304e4000 r-xp 00001000 103:03 400034                    /usr/lib/x86_64-linux-gnu/libXau.so.6.0.0
7fea304e4000-7fea304e5000 r--p 00003000 103:03 400034                    /usr/lib/x86_64-linux-gnu/libXau.so.6.0.0
7fea304e5000-7fea304e6000 r--p 00003000 103:03 400034                    /usr/lib/x86_64-linux-gnu/libXau.so.6.0.0
7fea304e6000-7fea304e7000 rw-p 00004000 103:03 400034                    /usr/lib/x86_64-linux-gnu/libXau.so.6.0.0
7fea304e7000-7fea304ec000 rw-p 00000000 00:00 0 
7fea304ec000-7fea304f3000 ---p 00000000 00:00 0 
7fea304f3000-7fea304f5000 r--p 00000000 103:03 2273432                   /usr/lib/jvm/java-11-openjdk-amd64/lib/libzip.so
7fea304f5000-7fea304fa000 r-xp 00002000 103:03 2273432                   /usr/lib/jvm/java-11-openjdk-amd64/lib/libzip.so
7fea304fa000-7fea304fc000 r--p 00007000 103:03 2273432                   /usr/lib/jvm/java-11-openjdk-amd64/lib/libzip.so
7fea304fc000-7fea304fd000 r--p 00008000 103:03 2273432                   /usr/lib/jvm/java-11-openjdk-amd64/lib/libzip.so
7fea304fd000-7fea304fe000 rw-p 00009000 103:03 2273432                   /usr/lib/jvm/java-11-openjdk-amd64/lib/libzip.so
7fea304fe000-7fea3050c000 r--p 00000000 103:03 2273412                   /usr/lib/jvm/java-11-openjdk-amd64/lib/libjava.so
7fea3050c000-7fea30522000 r-xp 0000e000 103:03 2273412                   /usr/lib/jvm/java-11-openjdk-amd64/lib/libjava.so
7fea30522000-7fea30529000 r--p 00024000 103:03 2273412                   /usr/lib/jvm/java-11-openjdk-amd64/lib/libjava.so
7fea30529000-7fea3052a000 r--p 0002a000 103:03 2273412                   /usr/lib/jvm/java-11-openjdk-amd64/lib/libjava.so
7fea3052a000-7fea3052b000 rw-p 0002b000 103:03 2273412                   /usr/lib/jvm/java-11-openjdk-amd64/lib/libjava.so
7fea3052b000-7fea3052c000 rw-p 00000000 00:00 0 
7fea3052c000-7fea3052e000 r--p 00000000 103:03 395360                    /usr/lib/x86_64-linux-gnu/librt-2.31.so
7fea3052e000-7fea30532000 r-xp 00002000 103:03 395360                    /usr/lib/x86_64-linux-gnu/librt-2.31.so
7fea30532000-7fea30534000 r--p 00006000 103:03 395360                    /usr/lib/x86_64-linux-gnu/librt-2.31.so
7fea30534000-7fea30535000 r--p 00007000 103:03 395360                    /usr/lib/x86_64-linux-gnu/librt-2.31.so
7fea30535000-7fea30536000 rw-p 00008000 103:03 395360                    /usr/lib/x86_64-linux-gnu/librt-2.31.so
7fea30536000-7fea3053a000 ---p 00000000 00:00 0 
7fea3053a000-7fea30637000 rw-p 00000000 00:00 0 
7fea30637000-7fea3063a000 r--p 00000000 103:03 395513                    /usr/lib/x86_64-linux-gnu/libgcc_s.so.1
7fea3063a000-7fea3064c000 r-xp 00003000 103:03 395513                    /usr/lib/x86_64-linux-gnu/libgcc_s.so.1
7fea3064c000-7fea30650000 r--p 00015000 103:03 395513                    /usr/lib/x86_64-linux-gnu/libgcc_s.so.1
7fea30650000-7fea30651000 r--p 00018000 103:03 395513                    /usr/lib/x86_64-linux-gnu/libgcc_s.so.1
7fea30651000-7fea30652000 rw-p 00019000 103:03 395513                    /usr/lib/x86_64-linux-gnu/libgcc_s.so.1
7fea30652000-7fea3065f000 r--p 00000000 103:03 393842                    /usr/lib/x86_64-linux-gnu/libm-2.31.so
7fea3065f000-7fea30706000 r-xp 0000d000 103:03 393842                    /usr/lib/x86_64-linux-gnu/libm-2.31.so
7fea30706000-7fea3079f000 r--p 000b4000 103:03 393842                    /usr/lib/x86_64-linux-gnu/libm-2.31.so
7fea3079f000-7fea307a0000 r--p 0014c000 103:03 393842                    /usr/lib/x86_64-linux-gnu/libm-2.31.so
7fea307a0000-7fea307a1000 rw-p 0014d000 103:03 393842                    /usr/lib/x86_64-linux-gnu/libm-2.31.so
7fea307a1000-7fea30837000 r--p 00000000 103:03 394152                    /usr/lib/x86_64-linux-gnu/libstdc++.so.6.0.28
7fea30837000-7fea30928000 r-xp 00096000 103:03 394152                    /usr/lib/x86_64-linux-gnu/libstdc++.so.6.0.28
7fea30928000-7fea30971000 r--p 00187000 103:03 394152                    /usr/lib/x86_64-linux-gnu/libstdc++.so.6.0.28
7fea30971000-7fea30972000 ---p 001d0000 103:03 394152                    /usr/lib/x86_64-linux-gnu/libstdc++.so.6.0.28
7fea30972000-7fea3097d000 r--p 001d0000 103:03 394152                    /usr/lib/x86_64-linux-gnu/libstdc++.so.6.0.28
7fea3097d000-7fea30980000 rw-p 001db000 103:03 394152                    /usr/lib/x86_64-linux-gnu/libstdc++.so.6.0.28
7fea30980000-7fea30983000 rw-p 00000000 00:00 0 
7fea30983000-7fea30c05000 r--p 00000000 103:03 2273436                   /usr/lib/jvm/java-11-openjdk-amd64/lib/server/libjvm.so
7fea30c05000-7fea31896000 r-xp 00282000 103:03 2273436                   /usr/lib/jvm/java-11-openjdk-amd64/lib/server/libjvm.so
7fea31896000-7fea31af5000 r--p 00f13000 103:03 2273436                   /usr/lib/jvm/java-11-openjdk-amd64/lib/server/libjvm.so
7fea31af5000-7fea31bb9000 r--p 01171000 103:03 2273436                   /usr/lib/jvm/java-11-openjdk-amd64/lib/server/libjvm.so
7fea31bb9000-7fea31bf4000 rw-p 01235000 103:03 2273436                   /usr/lib/jvm/java-11-openjdk-amd64/lib/server/libjvm.so
7fea31bf4000-7fea31c4d000 rw-p 00000000 00:00 0 
7fea31c4d000-7fea31c6f000 r--p 00000000 103:03 393319                    /usr/lib/x86_64-linux-gnu/libc-2.31.so
7fea31c6f000-7fea31de7000 r-xp 00022000 103:03 393319                    /usr/lib/x86_64-linux-gnu/libc-2.31.so
7fea31de7000-7fea31e35000 r--p 0019a000 103:03 393319                    /usr/lib/x86_64-linux-gnu/libc-2.31.so
7fea31e35000-7fea31e39000 r--p 001e7000 103:03 393319                    /usr/lib/x86_64-linux-gnu/libc-2.31.so
7fea31e39000-7fea31e3b000 rw-p 001eb000 103:03 393319                    /usr/lib/x86_64-linux-gnu/libc-2.31.so
7fea31e3b000-7fea31e3f000 rw-p 00000000 00:00 0 
7fea31e3f000-7fea31e40000 r--p 00000000 103:03 393432                    /usr/lib/x86_64-linux-gnu/libdl-2.31.so
7fea31e40000-7fea31e42000 r-xp 00001000 103:03 393432                    /usr/lib/x86_64-linux-gnu/libdl-2.31.so
7fea31e42000-7fea31e43000 r--p 00003000 103:03 393432                    /usr/lib/x86_64-linux-gnu/libdl-2.31.so
7fea31e43000-7fea31e44000 r--p 00003000 103:03 393432                    /usr/lib/x86_64-linux-gnu/libdl-2.31.so
7fea31e44000-7fea31e45000 rw-p 00004000 103:03 393432                    /usr/lib/x86_64-linux-gnu/libdl-2.31.so
7fea31e45000-7fea31e48000 r--p 00000000 103:03 2273397                   /usr/lib/jvm/java-11-openjdk-amd64/lib/jli/libjli.so
7fea31e48000-7fea31e52000 r-xp 00003000 103:03 2273397                   /usr/lib/jvm/java-11-openjdk-amd64/lib/jli/libjli.so
7fea31e52000-7fea31e55000 r--p 0000d000 103:03 2273397                   /usr/lib/jvm/java-11-openjdk-amd64/lib/jli/libjli.so
7fea31e55000-7fea31e56000 ---p 00010000 103:03 2273397                   /usr/lib/jvm/java-11-openjdk-amd64/lib/jli/libjli.so
7fea31e56000-7fea31e57000 r--p 00010000 103:03 2273397                   /usr/lib/jvm/java-11-openjdk-amd64/lib/jli/libjli.so
7fea31e57000-7fea31e58000 rw-p 00011000 103:03 2273397                   /usr/lib/jvm/java-11-openjdk-amd64/lib/jli/libjli.so
7fea31e58000-7fea31e5e000 r--p 00000000 103:03 395358                    /usr/lib/x86_64-linux-gnu/libpthread-2.31.so
7fea31e5e000-7fea31e6f000 r-xp 00006000 103:03 395358                    /usr/lib/x86_64-linux-gnu/libpthread-2.31.so
7fea31e6f000-7fea31e75000 r--p 00017000 103:03 395358                    /usr/lib/x86_64-linux-gnu/libpthread-2.31.so
7fea31e75000-7fea31e76000 r--p 0001c000 103:03 395358                    /usr/lib/x86_64-linux-gnu/libpthread-2.31.so
7fea31e76000-7fea31e77000 rw-p 0001d000 103:03 395358                    /usr/lib/x86_64-linux-gnu/libpthread-2.31.so
7fea31e77000-7fea31e7b000 rw-p 00000000 00:00 0 
7fea31e7b000-7fea31e7d000 r--p 00000000 103:03 393419                    /usr/lib/x86_64-linux-gnu/libz.so.1.2.11
7fea31e7d000-7fea31e8e000 r-xp 00002000 103:03 393419                    /usr/lib/x86_64-linux-gnu/libz.so.1.2.11
7fea31e8e000-7fea31e94000 r--p 00013000 103:03 393419                    /usr/lib/x86_64-linux-gnu/libz.so.1.2.11
7fea31e94000-7fea31e95000 ---p 00019000 103:03 393419                    /usr/lib/x86_64-linux-gnu/libz.so.1.2.11
7fea31e95000-7fea31e96000 r--p 00019000 103:03 393419                    /usr/lib/x86_64-linux-gnu/libz.so.1.2.11
7fea31e96000-7fea31e97000 rw-p 0001a000 103:03 393419                    /usr/lib/x86_64-linux-gnu/libz.so.1.2.11
7fea31e99000-7fea31ea1000 rw-s 00000000 103:03 12714068                  /tmp/hsperfdata_eduardo/112737
7fea31ea1000-7fea31ea2000 ---p 00000000 00:00 0 
7fea31ea2000-7fea31ea3000 r--p 00000000 00:00 0 
7fea31ea3000-7fea31ea5000 r--p 00000000 103:03 2273415                   /usr/lib/jvm/java-11-openjdk-amd64/lib/libjimage.so
7fea31ea5000-7fea31ea8000 r-xp 00002000 103:03 2273415                   /usr/lib/jvm/java-11-openjdk-amd64/lib/libjimage.so
7fea31ea8000-7fea31ea9000 r--p 00005000 103:03 2273415                   /usr/lib/jvm/java-11-openjdk-amd64/lib/libjimage.so
7fea31ea9000-7fea31eaa000 ---p 00006000 103:03 2273415                   /usr/lib/jvm/java-11-openjdk-amd64/lib/libjimage.so
7fea31eaa000-7fea31eab000 r--p 00006000 103:03 2273415                   /usr/lib/jvm/java-11-openjdk-amd64/lib/libjimage.so
7fea31eab000-7fea31eac000 rw-p 00007000 103:03 2273415                   /usr/lib/jvm/java-11-openjdk-amd64/lib/libjimage.so
7fea31eac000-7fea31eb1000 r--p 00000000 103:03 2273431                   /usr/lib/jvm/java-11-openjdk-amd64/lib/libverify.so
7fea31eb1000-7fea31eb8000 r-xp 00005000 103:03 2273431                   /usr/lib/jvm/java-11-openjdk-amd64/lib/libverify.so
7fea31eb8000-7fea31eba000 r--p 0000c000 103:03 2273431                   /usr/lib/jvm/java-11-openjdk-amd64/lib/libverify.so
7fea31eba000-7fea31ebb000 ---p 0000e000 103:03 2273431                   /usr/lib/jvm/java-11-openjdk-amd64/lib/libverify.so
7fea31ebb000-7fea31ebd000 r--p 0000e000 103:03 2273431                   /usr/lib/jvm/java-11-openjdk-amd64/lib/libverify.so
7fea31ebd000-7fea31ebe000 rw-p 00010000 103:03 2273431                   /usr/lib/jvm/java-11-openjdk-amd64/lib/libverify.so
7fea31ebe000-7fea31ec0000 rw-p 00000000 00:00 0 
7fea31ec0000-7fea31ec1000 r--p 00000000 103:03 393292                    /usr/lib/x86_64-linux-gnu/ld-2.31.so
7fea31ec1000-7fea31ee4000 r-xp 00001000 103:03 393292                    /usr/lib/x86_64-linux-gnu/ld-2.31.so
7fea31ee4000-7fea31eec000 r--p 00024000 103:03 393292                    /usr/lib/x86_64-linux-gnu/ld-2.31.so
7fea31eec000-7fea31eed000 r--p 00000000 00:00 0 
7fea31eed000-7fea31eee000 r--p 0002c000 103:03 393292                    /usr/lib/x86_64-linux-gnu/ld-2.31.so
7fea31eee000-7fea31eef000 rw-p 0002d000 103:03 393292                    /usr/lib/x86_64-linux-gnu/ld-2.31.so
7fea31eef000-7fea31ef0000 rw-p 00000000 00:00 0 
7fffe1d84000-7fffe1da5000 rw-p 00000000 00:00 0                          [stack]
7fffe1da9000-7fffe1dad000 r--p 00000000 00:00 0                          [vvar]
7fffe1dad000-7fffe1daf000 r-xp 00000000 00:00 0                          [vdso]
ffffffffff600000-ffffffffff601000 --xp 00000000 00:00 0                  [vsyscall]


VM Arguments:
jvm_args: -Dfile.encoding=UTF-8 
java_command: loadCplus.ZXingBarcodeReader
java_class_path (initial): /home/eduardo/Documentos/Workspaces/Projetos/loadCplus/target/classes:/home/eduardo/.m2/repository/net/java/dev/jna/jna/5.13.0/jna-5.13.0.jar
Launcher Type: SUN_STANDARD

[Global flags]
     intx CICompilerCount                          = 4                                         {product} {ergonomic}
     uint ConcGCThreads                            = 2                                         {product} {ergonomic}
     uint G1ConcRefinementThreads                  = 8                                         {product} {ergonomic}
   size_t G1HeapRegionSize                         = 1048576                                   {product} {ergonomic}
    uintx GCDrainStackTargetSize                   = 64                                        {product} {ergonomic}
   size_t InitialHeapSize                          = 257949696                                 {product} {ergonomic}
   size_t MarkStackSize                            = 4194304                                   {product} {ergonomic}
   size_t MaxHeapSize                              = 4123000832                                {product} {ergonomic}
   size_t MaxNewSize                               = 2473590784                                {product} {ergonomic}
   size_t MinHeapDeltaBytes                        = 1048576                                   {product} {ergonomic}
    uintx NonNMethodCodeHeapSize                   = 5836300                                {pd product} {ergonomic}
    uintx NonProfiledCodeHeapSize                  = 122910970                              {pd product} {ergonomic}
    uintx ProfiledCodeHeapSize                     = 122910970                              {pd product} {ergonomic}
    uintx ReservedCodeCacheSize                    = 251658240                              {pd product} {ergonomic}
     bool SegmentedCodeCache                       = true                                      {product} {ergonomic}
     bool UseCompressedClassPointers               = true                                 {lp64_product} {ergonomic}
     bool UseCompressedOops                        = true                                 {lp64_product} {ergonomic}
     bool UseG1GC                                  = true                                      {product} {ergonomic}

Logging:
Log output configuration:
 #0: stdout all=warning uptime,level,tags
 #1: stderr all=off uptime,level,tags

Environment Variables:
JAVA_HOME=/usr/lib/jvm/java-11-openjdk-amd64/
JRE_HOME=/usr/lib/jvm/java-11-openjdk-amd64/bin/java/jre/
PATH=/home/eduardo/.local/bin:/usr/lib/jvm/jdk1.8.0_202/bin:/usr/local/sbin:/usr/local/bin:/usr/sbin:/usr/bin:/sbin:/bin:/usr/games:/usr/local/games:/snap/bin/usr/lib/jvm/jdk1.8.0_202/bin:/usr/lib/jvm/jdk1.8.0_202/db/bin:/usr/lib/jvm/jdk1.8.0_202/jre/bin:/snap/bin:/usr/lib/jvm/java-11-openjdk-amd64/bin
USERNAME=eduardo
SHELL=/usr/bin/zsh
DISPLAY=:0
LANG=pt_BR.UTF-8

Signal Handlers:
SIGSEGV: [libjvm.so+0xea02e0], sa_mask[0]=11111111011111111101111111111110, sa_flags=SA_RESTART|SA_SIGINFO
SIGBUS: [libjvm.so+0xea02e0], sa_mask[0]=11111111011111111101111111111110, sa_flags=SA_RESTART|SA_SIGINFO
SIGFPE: [libjvm.so+0xea02e0], sa_mask[0]=11111111011111111101111111111110, sa_flags=SA_RESTART|SA_SIGINFO
SIGPIPE: [libjvm.so+0xbe5be0], sa_mask[0]=11111111011111111101111111111110, sa_flags=SA_RESTART|SA_SIGINFO
SIGXFSZ: [libjvm.so+0xbe5be0], sa_mask[0]=11111111011111111101111111111110, sa_flags=SA_RESTART|SA_SIGINFO
SIGILL: [libjvm.so+0xea02e0], sa_mask[0]=11111111011111111101111111111110, sa_flags=SA_RESTART|SA_SIGINFO
SIGUSR2: [libjvm.so+0xbe5a80], sa_mask[0]=00100000000000000000000000000000, sa_flags=SA_RESTART|SA_SIGINFO
SIGHUP: [libjvm.so+0xbe6130], sa_mask[0]=11111111011111111101111111111110, sa_flags=SA_RESTART|SA_SIGINFO
SIGINT: [libjvm.so+0xbe6130], sa_mask[0]=11111111011111111101111111111110, sa_flags=SA_RESTART|SA_SIGINFO
SIGTERM: [libjvm.so+0xbe6130], sa_mask[0]=11111111011111111101111111111110, sa_flags=SA_RESTART|SA_SIGINFO
SIGQUIT: [libjvm.so+0xbe6130], sa_mask[0]=11111111011111111101111111111110, sa_flags=SA_RESTART|SA_SIGINFO


---------------  S Y S T E M  ---------------

OS:DISTRIB_ID=Ubuntu
DISTRIB_RELEASE=20.04
DISTRIB_CODENAME=focal
DISTRIB_DESCRIPTION="Ubuntu 20.04.6 LTS"
uname:Linux 5.15.0-87-generic #97~20.04.1-Ubuntu SMP Thu Oct 5 08:25:28 UTC 2023 x86_64
OS uptime: 0 days 9:29 hours
libc:glibc 2.31 NPTL 2.31 
rlimit (soft/hard): STACK 8192k/infinity , CORE 0k/infinity , NPROC 62439/62439 , NOFILE 1048576/1048576 , AS infinity/infinity , CPU infinity/infinity , DATA infinity/infinity , FSIZE infinity/infinity , MEMLOCK 65536k/65536k
load average:1,39 1,90 1,89

/proc/meminfo:
MemTotal:       16102516 kB
MemFree:         2410164 kB
MemAvailable:    6191728 kB
Buffers:          195936 kB
Cached:          5609892 kB
SwapCached:       233400 kB
Active:          3379212 kB
Inactive:        8325560 kB
Active(anon):    1706356 kB
Inactive(anon):  6056520 kB
Active(file):    1672856 kB
Inactive(file):  2269040 kB
Unevictable:     1199644 kB
Mlocked:             144 kB
SwapTotal:      10485752 kB
SwapFree:        7609592 kB
Dirty:              4048 kB
Writeback:             0 kB
AnonPages:       6993696 kB
Mapped:          1535980 kB
Shmem:           1869764 kB
KReclaimable:     182228 kB
Slab:             430316 kB
SReclaimable:     182228 kB
SUnreclaim:       248088 kB
KernelStack:       40096 kB
PageTables:       116344 kB
NFS_Unstable:          0 kB
Bounce:                0 kB
WritebackTmp:          0 kB
CommitLimit:    18537008 kB
Committed_AS:   31149324 kB
VmallocTotal:   34359738367 kB
VmallocUsed:       78148 kB
VmallocChunk:          0 kB
Percpu:            11584 kB
HardwareCorrupted:     0 kB
AnonHugePages:         0 kB
ShmemHugePages:        0 kB
ShmemPmdMapped:        0 kB
FileHugePages:         0 kB
FilePmdMapped:         0 kB
HugePages_Total:       0
HugePages_Free:        0
HugePages_Rsvd:        0
HugePages_Surp:        0
Hugepagesize:       2048 kB
Hugetlb:               0 kB
DirectMap4k:      724140 kB
DirectMap2M:    15781888 kB
DirectMap1G:     1048576 kB

/sys/kernel/mm/transparent_hugepage/enabled:
always [madvise] never
/sys/kernel/mm/transparent_hugepage/defrag (defrag/compaction efforts parameter):
always defer defer+madvise [madvise] never

Process Memory:
Virtual Size: 7056356K (peak: 15535056K)
Resident Set Size: 59432K (peak: 60136K) (anon: 28776K, file: 30656K, shmem: 0K)
Swapped out: 0K
C-Heap outstanding allocations: 25699K, retained: 2584K
glibc malloc tunables: (default)

/proc/sys/kernel/threads-max (system-wide limit on the number of threads):
124879
/proc/sys/vm/max_map_count (maximum number of memory map areas a process may have):
65530
/proc/sys/kernel/pid_max (system-wide limit on number of process identifiers):
4194304

container (cgroup) information:
container_type: cgroupv1
cpu_cpuset_cpus: 0-7
cpu_memory_nodes: 0
active_processor_count: 8
cpu_quota: no quota
cpu_period: 100000
cpu_shares: no shares
memory_limit_in_bytes: unlimited
memory_and_swap_limit_in_bytes: unlimited
memory_soft_limit_in_bytes: unlimited
memory_usage_in_bytes: 11962632 k
memory_max_usage_in_bytes: 15207036 k
kernel_memory_usage_in_bytes: 324872 k
kernel_memory_max_usage_in_bytes: unlimited
kernel_memory_limit_in_bytes: 405272 k
maximum number of tasks: unlimited
current number of tasks: 2032

Steal ticks since vm start: 0
Steal ticks percentage since vm start:  0,000

CPU:total 8 (initial active 8) (4 cores per cpu, 2 threads per core) family 6 model 140 stepping 1 microcode 0xac, cmov, cx8, fxsr, mmx, sse, sse2, sse3, ssse3, sse4.1, sse4.2, popcnt, avx, avx2, aes, clmul, erms, 3dnowpref, lzcnt, ht, tsc, tscinvbit, bmi1, bmi2, adx, evex, sha, fma
CPU Model and flags from /proc/cpuinfo:
model name	: 11th Gen Intel(R) Core(TM) i7-1165G7 @ 2.80GHz
flags		: fpu vme de pse tsc msr pae mce cx8 apic sep mtrr pge mca cmov pat pse36 clflush dts acpi mmx fxsr sse sse2 ss ht tm pbe syscall nx pdpe1gb rdtscp lm constant_tsc art arch_perfmon pebs bts rep_good nopl xtopology nonstop_tsc cpuid aperfmperf tsc_known_freq pni pclmulqdq dtes64 monitor ds_cpl vmx est tm2 ssse3 sdbg fma cx16 xtpr pdcm pcid sse4_1 sse4_2 x2apic movbe popcnt tsc_deadline_timer aes xsave avx f16c rdrand lahf_lm abm 3dnowprefetch cpuid_fault epb cat_l2 invpcid_single cdp_l2 ssbd ibrs ibpb stibp ibrs_enhanced tpr_shadow vnmi flexpriority ept vpid ept_ad fsgsbase tsc_adjust bmi1 avx2 smep bmi2 erms invpcid rdt_a avx512f avx512dq rdseed adx smap avx512ifma clflushopt clwb intel_pt avx512cd sha_ni avx512bw avx512vl xsaveopt xsavec xgetbv1 xsaves split_lock_detect dtherm ida arat pln pts hwp hwp_notify hwp_act_window hwp_epp hwp_pkg_req avx512vbmi umip pku ospke avx512_vbmi2 gfni vaes vpclmulqdq avx512_vnni avx512_bitalg avx512_vpopcntdq rdpid movdiri movdir64b fsrm avx512_vp2intersect md_clear flush_l1d arch_capabilities
Online cpus:
0-7
Offline cpus:

BIOS frequency limitation:
<Not Available>
Frequency switch latency (ns):
0
Available cpu frequencies:
<Not Available>
Current governor:
powersave
Core performance/turbo boost:
<Not Available>

Memory: 4k page, physical 16102516k(2410164k free), swap 10485752k(7609592k free)

vm_info: OpenJDK 64-Bit Server VM (11.0.20.1+1-post-Ubuntu-0ubuntu120.04) for linux-amd64 JRE (11.0.20.1+1-post-Ubuntu-0ubuntu120.04), built on Aug 24 2023 23:12:13 by "unknown" with gcc 9.4.0

END.
