#
# A fatal error has been detected by the Java Runtime Environment:
#
#  SIGSEGV (0xb) at pc=0x00007f3b760bc363, pid=118998, tid=119003
#
# JRE version: OpenJDK Runtime Environment (11.0.20.1+1) (build 11.0.20.1+1-post-Ubuntu-0ubuntu120.04)
# Java VM: OpenJDK 64-Bit Server VM (11.0.20.1+1-post-Ubuntu-0ubuntu120.04, mixed mode, sharing, tiered, compressed oops, g1 gc, linux-amd64)
# Problematic frame:
# C  [libZXing.so+0x54363]  ZXing::SetupLumImageView(ZXing::ImageView, ZXing::LumImage&, ZXing::DecodeHints const&)+0xa03
#
# Core dump will be written. Default location: Core dumps may be processed with "/usr/share/apport/apport -p%p -s%s -c%c -d%d -P%P -u%u -g%g -- %E" (or dumping to /home/eduardo/Documentos/Workspaces/Projetos/loadCplus/core.118998)
#
# If you would like to submit a bug report, please visit:
#   https://bugs.launchpad.net/ubuntu/+source/openjdk-lts
# The crash happened outside the Java Virtual Machine in native code.
# See problematic frame for where to report the bug.
#

---------------  S U M M A R Y ------------

Command Line: -Dfile.encoding=UTF-8 loadCplus.ZXingBarcodeReader

Host: 11th Gen Intel(R) Core(TM) i7-1165G7 @ 2.80GHz, 8 cores, 15G, Ubuntu 20.04.6 LTS
Time: Tue Oct 24 17:54:29 2023 -03 elapsed time: 0.316447 seconds (0d 0h 0m 0s)

---------------  T H R E A D  ---------------

Current thread (0x00007f3bac016800):  JavaThread "main" [_thread_in_native, id=119003, stack(0x00007f3bb0a83000,0x00007f3bb0b84000)]

Stack: [0x00007f3bb0a83000,0x00007f3bb0b84000],  sp=0x00007f3bb0b81910,  free space=1018k
Native frames: (J=compiled Java code, A=aot compiled Java code, j=interpreted, Vv=VM code, C=native code)
C  [libZXing.so+0x54363]  ZXing::SetupLumImageView(ZXing::ImageView, ZXing::LumImage&, ZXing::DecodeHints const&)+0xa03

Java frames: (J=compiled Java code, j=interpreted, Vv=VM code)
j  com.sun.jna.Native.invokePointer(Lcom/sun/jna/Function;JI[Ljava/lang/Object;)J+0
j  com.sun.jna.Function.invokePointer(I[Ljava/lang/Object;)Lcom/sun/jna/Pointer;+7
j  com.sun.jna.Function.invoke([Ljava/lang/Object;Ljava/lang/Class;ZI)Ljava/lang/Object;+520
j  com.sun.jna.Function.invoke(Ljava/lang/reflect/Method;[Ljava/lang/Class;Ljava/lang/Class;[Ljava/lang/Object;Ljava/util/Map;)Ljava/lang/Object;+271
j  com.sun.jna.Library$Handler.invoke(Ljava/lang/Object;Ljava/lang/reflect/Method;[Ljava/lang/Object;)Ljava/lang/Object;+390
j  com.sun.proxy.$Proxy0.JavaReadBarcodes([BIII[Ljava/lang/String;)[Ljava/lang/String;+43
j  loadCplus.ZXingBarcodeReader.main([Ljava/lang/String;)V+77
v  ~StubRoutines::call_stub

siginfo: si_signo: 11 (SIGSEGV), si_code: 2 (SEGV_ACCERR), si_addr: 0x00007f3bac3b2002

Register to memory mapping:

RAX=0x00007f3bac3b2002 is an unknown value
RBX=0x0000000000000003 is an unknown value
RCX=0x0 is NULL
RDX=0x00007f3b75f05ea0 points into unknown readable memory: 0x0000000000000000 | 00 00 00 00 00 00 00 00
RSP=0x00007f3bb0b81910 is pointing into the stack for thread: 0x00007f3bac016800
RBP=0x00007f3bac3b1a92 points into unknown readable memory: 00 00 00 00 00 00
RSI=0x00007f3bac3b2002 is an unknown value
RDI=0x00007f3b75f05ff0 points into unknown readable memory: 0x0000000000000000 | 00 00 00 00 00 00 00 00
R8 =0x0000000000000056 is an unknown value
R9 =0x0000000000000002 is an unknown value
R10=0xfffffffffffffce0 is an unknown value
R11=0x0 is NULL
R12=0x0 is NULL
R13=0x0000000000000001 is an unknown value
R14=0x0000000000000320 is an unknown value
R15=0x0000000000000960 is an unknown value


Registers:
RAX=0x00007f3bac3b2002, RBX=0x0000000000000003, RCX=0x0000000000000000, RDX=0x00007f3b75f05ea0
RSP=0x00007f3bb0b81910, RBP=0x00007f3bac3b1a92, RSI=0x00007f3bac3b2002, RDI=0x00007f3b75f05ff0
R8 =0x0000000000000056, R9 =0x0000000000000002, R10=0xfffffffffffffce0, R11=0x0000000000000000
R12=0x0000000000000000, R13=0x0000000000000001, R14=0x0000000000000320, R15=0x0000000000000960
RIP=0x00007f3b760bc363, EFLAGS=0x0000000000010283, CSGSFS=0x002b000000000033, ERR=0x0000000000000004
  TRAPNO=0x000000000000000e

Top of Stack: (sp=0x00007f3bb0b81910)
0x00007f3bb0b81910:   0000000000000000 00007f3bb0b81a80
0x00007f3bb0b81920:   0000032000000243 00007f3bb0b81ac0
0x00007f3bb0b81930:   0000000000000000 0000000000000001
0x00007f3bb0b81940:   cafebabecafebabe 0000000000000000 

Instructions: (pc=0x00007f3b760bc363)
0x00007f3b760bc263:   fc ff 8b 4c 24 18 48 89 c7 8b 44 24 10 85 c0 7e
0x00007f3b760bc273:   53 85 c9 7e 4f 44 8d 51 ff 48 63 5c 24 14 44 8b
0x00007f3b760bc283:   64 24 10 31 f6 48 89 f8 45 31 c0 49 83 c2 01 66
0x00007f3b760bc293:   0f 1f 44 00 00 4a 8d 54 05 00 4e 8d 0c 10 0f 1f
0x00007f3b760bc2a3:   80 00 00 00 00 44 0f b6 1a 48 83 c0 01 48 01 da
0x00007f3b760bc2b3:   44 88 58 ff 4c 39 c8 75 ec 83 c6 01 4d 01 f8 44
0x00007f3b760bc2c3:   39 e6 75 d1 4d 8b 46 20 8b 44 24 10 49 89 3e 49
0x00007f3b760bc2d3:   89 7e 20 41 c7 46 08 00 00 00 01 4c 89 c7 41 89
0x00007f3b760bc2e3:   4e 0c 41 89 46 10 41 c7 46 14 01 00 00 00 41 89
0x00007f3b760bc2f3:   4e 18 4d 85 c0 0f 85 06 ff ff ff e9 df f6 ff ff
0x00007f3b760bc303:   0f 1f 44 00 00 48 89 fe 31 c0 e9 50 fa ff ff 66
0x00007f3b760bc313:   0f 1f 44 00 00 44 8d 51 ff 4c 63 cb 48 8b 7c 24
0x00007f3b760bc323:   50 45 31 c0 48 63 5c 24 14 89 4c 24 14 49 8d 42
0x00007f3b760bc333:   01 4c 01 cd 4c 63 6c 24 28 4c 89 74 24 18 48 01
0x00007f3b760bc343:   c7 49 f7 d2 49 89 c6 66 0f 1f 44 00 00 49 8d 14
0x00007f3b760bc353:   3a 48 89 e8 66 0f 1f 84 00 00 00 00 00 48 89 c6
0x00007f3b760bc363:   44 0f b6 18 48 83 c2 01 48 01 d8 4c 29 ce 42 0f
0x00007f3b760bc373:   b6 0c 26 42 0f b6 34 2e 45 6b db 75 69 c9 32 01
0x00007f3b760bc383:   00 00 69 f6 59 02 00 00 41 8d 8c 0b 00 02 00 00
0x00007f3b760bc393:   01 f1 c1 e9 0a 88 4a ff 48 39 fa 75 c0 41 83 c0
0x00007f3b760bc3a3:   01 4c 01 f7 4c 01 fd 44 3b 44 24 10 75 9f 8b 4c
0x00007f3b760bc3b3:   24 14 4c 8b 74 24 18 e9 0c fe ff ff 90 f3 0f 1e
0x00007f3b760bc3c3:   fa 41 55 41 54 49 89 fc 55 48 89 d5 40 80 fe 02
0x00007f3b760bc3d3:   74 7b 77 31 40 84 f6 0f 84 b0 00 00 00 bf 38 00
0x00007f3b760bc3e3:   00 00 e8 a6 9a fc ff 48 89 ee 48 89 c7 49 89 c5
0x00007f3b760bc3f3:   e8 c8 9b fc ff 4d 89 2c 24 4c 89 e0 5d 41 5c 41
0x00007f3b760bc403:   5d c3 0f 1f 00 40 80 fe 03 0f 85 9e 00 00 00 bf
0x00007f3b760bc413:   40 00 00 00 e8 74 9a fc ff 48 89 ee 48 89 c7 49
0x00007f3b760bc423:   89 c5 e8 36 95 fc ff 48 8b 05 ef 39 11 00 41 c6
0x00007f3b760bc433:   45 38 00 48 83 c0 10 49 89 45 00 4c 89 e0 5d 4d
0x00007f3b760bc443:   89 2c 24 41 5c 41 5d c3 0f 1f 44 00 00 bf 40 00
0x00007f3b760bc453:   00 00 e8 36 9a fc ff 48 89 ee 48 89 c7 49 89 c5 


Stack slot to memory mapping:
stack at sp + 0 slots: 0x0 is NULL
stack at sp + 1 slots: 0x00007f3bb0b81a80 is pointing into the stack for thread: 0x00007f3bac016800
stack at sp + 2 slots: 0x0000032000000243 is an unknown value
stack at sp + 3 slots: 0x00007f3bb0b81ac0 is pointing into the stack for thread: 0x00007f3bac016800
stack at sp + 4 slots: 0x0 is NULL
stack at sp + 5 slots: 0x0000000000000001 is an unknown value
stack at sp + 6 slots: 0xcafebabecafebabe is an unknown value
stack at sp + 7 slots: 0x0 is NULL


---------------  P R O C E S S  ---------------

Threads class SMR info:
_java_thread_list=0x00007f3bac2e4f80, length=14, elements={
0x00007f3bac016800, 0x00007f3bac1ca000, 0x00007f3bac1cc000, 0x00007f3bac1d2000,
0x00007f3bac1d4000, 0x00007f3bac1d6000, 0x00007f3bac1d8000, 0x00007f3bac1da000,
0x00007f3bac235000, 0x00007f3b581f1000, 0x00007f3b581f3000, 0x00007f3bac2cf800,
0x00007f3bac368000, 0x00007f3bac2e5800
}

Java Threads: ( => current thread )
=>0x00007f3bac016800 JavaThread "main" [_thread_in_native, id=119003, stack(0x00007f3bb0a83000,0x00007f3bb0b84000)]
  0x00007f3bac1ca000 JavaThread "Reference Handler" daemon [_thread_blocked, id=119010, stack(0x00007f3b84489000,0x00007f3b8458a000)]
  0x00007f3bac1cc000 JavaThread "Finalizer" daemon [_thread_blocked, id=119011, stack(0x00007f3b84388000,0x00007f3b84489000)]
  0x00007f3bac1d2000 JavaThread "Signal Dispatcher" daemon [_thread_blocked, id=119012, stack(0x00007f3b84287000,0x00007f3b84388000)]
  0x00007f3bac1d4000 JavaThread "Service Thread" daemon [_thread_blocked, id=119013, stack(0x00007f3b84186000,0x00007f3b84287000)]
  0x00007f3bac1d6000 JavaThread "C2 CompilerThread0" daemon [_thread_blocked, id=119014, stack(0x00007f3b84085000,0x00007f3b84186000)]
  0x00007f3bac1d8000 JavaThread "C1 CompilerThread0" daemon [_thread_blocked, id=119015, stack(0x00007f3b7718d000,0x00007f3b7728e000)]
  0x00007f3bac1da000 JavaThread "Sweeper thread" daemon [_thread_blocked, id=119016, stack(0x00007f3b7708c000,0x00007f3b7718d000)]
  0x00007f3bac235000 JavaThread "Common-Cleaner" daemon [_thread_blocked, id=119018, stack(0x00007f3b76e89000,0x00007f3b76f8a000)]
  0x00007f3b581f1000 JavaThread "C2 CompilerThread1" daemon [_thread_blocked, id=119019, stack(0x00007f3b766d7000,0x00007f3b767d8000)]
  0x00007f3b581f3000 JavaThread "C2 CompilerThread2" daemon [_thread_blocked, id=119020, stack(0x00007f3b765d6000,0x00007f3b766d7000)]
  0x00007f3bac2cf800 JavaThread "Java2D Disposer" daemon [_thread_blocked, id=119021, stack(0x00007f3b764d5000,0x00007f3b765d6000)]
  0x00007f3bac368000 JavaThread "process reaper" daemon [_thread_blocked, id=119023, stack(0x00007f3b764a6000,0x00007f3b764c8000)]
  0x00007f3bac2e5800 JavaThread "JNA Cleaner" daemon [_thread_blocked, id=119024, stack(0x00007f3b75f67000,0x00007f3b76068000)]

Other Threads:
  0x00007f3bac1c7800 VMThread "VM Thread" [stack: 0x00007f3b8458c000,0x00007f3b8468c000] [id=119009]
  0x00007f3bac232800 WatcherThread [stack: 0x00007f3b76f8c000,0x00007f3b7708c000] [id=119017]
  0x00007f3bac02e000 GCTaskThread "GC Thread#0" [stack: 0x00007f3bb073a000,0x00007f3bb083a000] [id=119004]
  0x00007f3bac08b000 ConcurrentGCThread "G1 Main Marker" [stack: 0x00007f3b944f2000,0x00007f3b945f2000] [id=119005]
  0x00007f3bac08d000 ConcurrentGCThread "G1 Conc#0" [stack: 0x00007f3b943f0000,0x00007f3b944f0000] [id=119006]
  0x00007f3bac189800 ConcurrentGCThread "G1 Refine#0" [stack: 0x00007f3b84811000,0x00007f3b84911000] [id=119007]
  0x00007f3bac18b000 ConcurrentGCThread "G1 Young RemSet Sampling" [stack: 0x00007f3b8470f000,0x00007f3b8480f000] [id=119008]

Threads with active compile tasks:

VM state:not at safepoint (normal execution)

VM Mutex/Monitor currently owned by a thread: None

Heap address: 0x000000070a400000, size: 3932 MB, Compressed Oops mode: Zero based, Oop shift amount: 3
Narrow klass base: 0x0000000800000000, Narrow klass shift: 3
Compressed class space size: 1073741824 Address: 0x0000000840000000

Heap:
 garbage-first heap   total 253952K, used 13008K [0x000000070a400000, 0x0000000800000000)
  region size 1024K, 8 young (8192K), 0 survivors (0K)
 Metaspace       used 3716K, capacity 5201K, committed 5504K, reserved 1056768K
  class space    used 386K, capacity 532K, committed 640K, reserved 1048576K
Heap Regions: E=young(eden), S=young(survivor), O=old, HS=humongous(starts), HC=humongous(continues), CS=collection set, F=free, A=archive, TAMS=top-at-mark-start (previous, next)
|   0|0x000000070a400000, 0x000000070a500000, 0x000000070a500000|100%|HS|  |TAMS 0x000000070a400000, 0x000000070a400000| Complete 
|   1|0x000000070a500000, 0x000000070a600000, 0x000000070a600000|100%|HC|  |TAMS 0x000000070a500000, 0x000000070a500000| Complete 
|   2|0x000000070a600000, 0x000000070a700000, 0x000000070a700000|100%|HS|  |TAMS 0x000000070a600000, 0x000000070a600000| Complete 
|   3|0x000000070a700000, 0x000000070a800000, 0x000000070a800000|100%|HS|  |TAMS 0x000000070a700000, 0x000000070a700000| Complete 
|   4|0x000000070a800000, 0x000000070a900000, 0x000000070a900000|100%|HC|  |TAMS 0x000000070a800000, 0x000000070a800000| Complete 
|   5|0x000000070a900000, 0x000000070aa00000, 0x000000070aa00000|100%|HS|  |TAMS 0x000000070a900000, 0x000000070a900000| Complete 
|   6|0x000000070aa00000, 0x000000070aa00000, 0x000000070ab00000|  0%| F|  |TAMS 0x000000070aa00000, 0x000000070aa00000| Untracked 
|   7|0x000000070ab00000, 0x000000070ab00000, 0x000000070ac00000|  0%| F|  |TAMS 0x000000070ab00000, 0x000000070ab00000| Untracked 
|   8|0x000000070ac00000, 0x000000070ac00000, 0x000000070ad00000|  0%| F|  |TAMS 0x000000070ac00000, 0x000000070ac00000| Untracked 
|   9|0x000000070ad00000, 0x000000070ad00000, 0x000000070ae00000|  0%| F|  |TAMS 0x000000070ad00000, 0x000000070ad00000| Untracked 
|  10|0x000000070ae00000, 0x000000070ae00000, 0x000000070af00000|  0%| F|  |TAMS 0x000000070ae00000, 0x000000070ae00000| Untracked 
|  11|0x000000070af00000, 0x000000070af00000, 0x000000070b000000|  0%| F|  |TAMS 0x000000070af00000, 0x000000070af00000| Untracked 
|  12|0x000000070b000000, 0x000000070b000000, 0x000000070b100000|  0%| F|  |TAMS 0x000000070b000000, 0x000000070b000000| Untracked 
|  13|0x000000070b100000, 0x000000070b100000, 0x000000070b200000|  0%| F|  |TAMS 0x000000070b100000, 0x000000070b100000| Untracked 
|  14|0x000000070b200000, 0x000000070b200000, 0x000000070b300000|  0%| F|  |TAMS 0x000000070b200000, 0x000000070b200000| Untracked 
|  15|0x000000070b300000, 0x000000070b300000, 0x000000070b400000|  0%| F|  |TAMS 0x000000070b300000, 0x000000070b300000| Untracked 
|  16|0x000000070b400000, 0x000000070b400000, 0x000000070b500000|  0%| F|  |TAMS 0x000000070b400000, 0x000000070b400000| Untracked 
|  17|0x000000070b500000, 0x000000070b500000, 0x000000070b600000|  0%| F|  |TAMS 0x000000070b500000, 0x000000070b500000| Untracked 
|  18|0x000000070b600000, 0x000000070b600000, 0x000000070b700000|  0%| F|  |TAMS 0x000000070b600000, 0x000000070b600000| Untracked 
|  19|0x000000070b700000, 0x000000070b700000, 0x000000070b800000|  0%| F|  |TAMS 0x000000070b700000, 0x000000070b700000| Untracked 
|  20|0x000000070b800000, 0x000000070b800000, 0x000000070b900000|  0%| F|  |TAMS 0x000000070b800000, 0x000000070b800000| Untracked 
|  21|0x000000070b900000, 0x000000070b900000, 0x000000070ba00000|  0%| F|  |TAMS 0x000000070b900000, 0x000000070b900000| Untracked 
|  22|0x000000070ba00000, 0x000000070ba00000, 0x000000070bb00000|  0%| F|  |TAMS 0x000000070ba00000, 0x000000070ba00000| Untracked 
|  23|0x000000070bb00000, 0x000000070bb00000, 0x000000070bc00000|  0%| F|  |TAMS 0x000000070bb00000, 0x000000070bb00000| Untracked 
|  24|0x000000070bc00000, 0x000000070bc00000, 0x000000070bd00000|  0%| F|  |TAMS 0x000000070bc00000, 0x000000070bc00000| Untracked 
|  25|0x000000070bd00000, 0x000000070bd00000, 0x000000070be00000|  0%| F|  |TAMS 0x000000070bd00000, 0x000000070bd00000| Untracked 
|  26|0x000000070be00000, 0x000000070be00000, 0x000000070bf00000|  0%| F|  |TAMS 0x000000070be00000, 0x000000070be00000| Untracked 
|  27|0x000000070bf00000, 0x000000070bf00000, 0x000000070c000000|  0%| F|  |TAMS 0x000000070bf00000, 0x000000070bf00000| Untracked 
|  28|0x000000070c000000, 0x000000070c000000, 0x000000070c100000|  0%| F|  |TAMS 0x000000070c000000, 0x000000070c000000| Untracked 
|  29|0x000000070c100000, 0x000000070c100000, 0x000000070c200000|  0%| F|  |TAMS 0x000000070c100000, 0x000000070c100000| Untracked 
|  30|0x000000070c200000, 0x000000070c200000, 0x000000070c300000|  0%| F|  |TAMS 0x000000070c200000, 0x000000070c200000| Untracked 
|  31|0x000000070c300000, 0x000000070c300000, 0x000000070c400000|  0%| F|  |TAMS 0x000000070c300000, 0x000000070c300000| Untracked 
|  32|0x000000070c400000, 0x000000070c400000, 0x000000070c500000|  0%| F|  |TAMS 0x000000070c400000, 0x000000070c400000| Untracked 
|  33|0x000000070c500000, 0x000000070c500000, 0x000000070c600000|  0%| F|  |TAMS 0x000000070c500000, 0x000000070c500000| Untracked 
|  34|0x000000070c600000, 0x000000070c600000, 0x000000070c700000|  0%| F|  |TAMS 0x000000070c600000, 0x000000070c600000| Untracked 
|  35|0x000000070c700000, 0x000000070c700000, 0x000000070c800000|  0%| F|  |TAMS 0x000000070c700000, 0x000000070c700000| Untracked 
|  36|0x000000070c800000, 0x000000070c800000, 0x000000070c900000|  0%| F|  |TAMS 0x000000070c800000, 0x000000070c800000| Untracked 
|  37|0x000000070c900000, 0x000000070c900000, 0x000000070ca00000|  0%| F|  |TAMS 0x000000070c900000, 0x000000070c900000| Untracked 
|  38|0x000000070ca00000, 0x000000070ca00000, 0x000000070cb00000|  0%| F|  |TAMS 0x000000070ca00000, 0x000000070ca00000| Untracked 
|  39|0x000000070cb00000, 0x000000070cb00000, 0x000000070cc00000|  0%| F|  |TAMS 0x000000070cb00000, 0x000000070cb00000| Untracked 
|  40|0x000000070cc00000, 0x000000070cc00000, 0x000000070cd00000|  0%| F|  |TAMS 0x000000070cc00000, 0x000000070cc00000| Untracked 
|  41|0x000000070cd00000, 0x000000070cd00000, 0x000000070ce00000|  0%| F|  |TAMS 0x000000070cd00000, 0x000000070cd00000| Untracked 
|  42|0x000000070ce00000, 0x000000070ce00000, 0x000000070cf00000|  0%| F|  |TAMS 0x000000070ce00000, 0x000000070ce00000| Untracked 
|  43|0x000000070cf00000, 0x000000070cf00000, 0x000000070d000000|  0%| F|  |TAMS 0x000000070cf00000, 0x000000070cf00000| Untracked 
|  44|0x000000070d000000, 0x000000070d000000, 0x000000070d100000|  0%| F|  |TAMS 0x000000070d000000, 0x000000070d000000| Untracked 
|  45|0x000000070d100000, 0x000000070d100000, 0x000000070d200000|  0%| F|  |TAMS 0x000000070d100000, 0x000000070d100000| Untracked 
|  46|0x000000070d200000, 0x000000070d200000, 0x000000070d300000|  0%| F|  |TAMS 0x000000070d200000, 0x000000070d200000| Untracked 
|  47|0x000000070d300000, 0x000000070d300000, 0x000000070d400000|  0%| F|  |TAMS 0x000000070d300000, 0x000000070d300000| Untracked 
|  48|0x000000070d400000, 0x000000070d400000, 0x000000070d500000|  0%| F|  |TAMS 0x000000070d400000, 0x000000070d400000| Untracked 
|  49|0x000000070d500000, 0x000000070d500000, 0x000000070d600000|  0%| F|  |TAMS 0x000000070d500000, 0x000000070d500000| Untracked 
|  50|0x000000070d600000, 0x000000070d600000, 0x000000070d700000|  0%| F|  |TAMS 0x000000070d600000, 0x000000070d600000| Untracked 
|  51|0x000000070d700000, 0x000000070d700000, 0x000000070d800000|  0%| F|  |TAMS 0x000000070d700000, 0x000000070d700000| Untracked 
|  52|0x000000070d800000, 0x000000070d800000, 0x000000070d900000|  0%| F|  |TAMS 0x000000070d800000, 0x000000070d800000| Untracked 
|  53|0x000000070d900000, 0x000000070d900000, 0x000000070da00000|  0%| F|  |TAMS 0x000000070d900000, 0x000000070d900000| Untracked 
|  54|0x000000070da00000, 0x000000070da00000, 0x000000070db00000|  0%| F|  |TAMS 0x000000070da00000, 0x000000070da00000| Untracked 
|  55|0x000000070db00000, 0x000000070db00000, 0x000000070dc00000|  0%| F|  |TAMS 0x000000070db00000, 0x000000070db00000| Untracked 
|  56|0x000000070dc00000, 0x000000070dc00000, 0x000000070dd00000|  0%| F|  |TAMS 0x000000070dc00000, 0x000000070dc00000| Untracked 
|  57|0x000000070dd00000, 0x000000070dd00000, 0x000000070de00000|  0%| F|  |TAMS 0x000000070dd00000, 0x000000070dd00000| Untracked 
|  58|0x000000070de00000, 0x000000070de00000, 0x000000070df00000|  0%| F|  |TAMS 0x000000070de00000, 0x000000070de00000| Untracked 
|  59|0x000000070df00000, 0x000000070df00000, 0x000000070e000000|  0%| F|  |TAMS 0x000000070df00000, 0x000000070df00000| Untracked 
|  60|0x000000070e000000, 0x000000070e000000, 0x000000070e100000|  0%| F|  |TAMS 0x000000070e000000, 0x000000070e000000| Untracked 
|  61|0x000000070e100000, 0x000000070e100000, 0x000000070e200000|  0%| F|  |TAMS 0x000000070e100000, 0x000000070e100000| Untracked 
|  62|0x000000070e200000, 0x000000070e200000, 0x000000070e300000|  0%| F|  |TAMS 0x000000070e200000, 0x000000070e200000| Untracked 
|  63|0x000000070e300000, 0x000000070e300000, 0x000000070e400000|  0%| F|  |TAMS 0x000000070e300000, 0x000000070e300000| Untracked 
|  64|0x000000070e400000, 0x000000070e400000, 0x000000070e500000|  0%| F|  |TAMS 0x000000070e400000, 0x000000070e400000| Untracked 
|  65|0x000000070e500000, 0x000000070e500000, 0x000000070e600000|  0%| F|  |TAMS 0x000000070e500000, 0x000000070e500000| Untracked 
|  66|0x000000070e600000, 0x000000070e600000, 0x000000070e700000|  0%| F|  |TAMS 0x000000070e600000, 0x000000070e600000| Untracked 
|  67|0x000000070e700000, 0x000000070e700000, 0x000000070e800000|  0%| F|  |TAMS 0x000000070e700000, 0x000000070e700000| Untracked 
|  68|0x000000070e800000, 0x000000070e800000, 0x000000070e900000|  0%| F|  |TAMS 0x000000070e800000, 0x000000070e800000| Untracked 
|  69|0x000000070e900000, 0x000000070e900000, 0x000000070ea00000|  0%| F|  |TAMS 0x000000070e900000, 0x000000070e900000| Untracked 
|  70|0x000000070ea00000, 0x000000070ea00000, 0x000000070eb00000|  0%| F|  |TAMS 0x000000070ea00000, 0x000000070ea00000| Untracked 
|  71|0x000000070eb00000, 0x000000070eb00000, 0x000000070ec00000|  0%| F|  |TAMS 0x000000070eb00000, 0x000000070eb00000| Untracked 
|  72|0x000000070ec00000, 0x000000070ec00000, 0x000000070ed00000|  0%| F|  |TAMS 0x000000070ec00000, 0x000000070ec00000| Untracked 
|  73|0x000000070ed00000, 0x000000070ed00000, 0x000000070ee00000|  0%| F|  |TAMS 0x000000070ed00000, 0x000000070ed00000| Untracked 
|  74|0x000000070ee00000, 0x000000070ee00000, 0x000000070ef00000|  0%| F|  |TAMS 0x000000070ee00000, 0x000000070ee00000| Untracked 
|  75|0x000000070ef00000, 0x000000070ef00000, 0x000000070f000000|  0%| F|  |TAMS 0x000000070ef00000, 0x000000070ef00000| Untracked 
|  76|0x000000070f000000, 0x000000070f000000, 0x000000070f100000|  0%| F|  |TAMS 0x000000070f000000, 0x000000070f000000| Untracked 
|  77|0x000000070f100000, 0x000000070f100000, 0x000000070f200000|  0%| F|  |TAMS 0x000000070f100000, 0x000000070f100000| Untracked 
|  78|0x000000070f200000, 0x000000070f200000, 0x000000070f300000|  0%| F|  |TAMS 0x000000070f200000, 0x000000070f200000| Untracked 
|  79|0x000000070f300000, 0x000000070f300000, 0x000000070f400000|  0%| F|  |TAMS 0x000000070f300000, 0x000000070f300000| Untracked 
|  80|0x000000070f400000, 0x000000070f400000, 0x000000070f500000|  0%| F|  |TAMS 0x000000070f400000, 0x000000070f400000| Untracked 
|  81|0x000000070f500000, 0x000000070f500000, 0x000000070f600000|  0%| F|  |TAMS 0x000000070f500000, 0x000000070f500000| Untracked 
|  82|0x000000070f600000, 0x000000070f600000, 0x000000070f700000|  0%| F|  |TAMS 0x000000070f600000, 0x000000070f600000| Untracked 
|  83|0x000000070f700000, 0x000000070f700000, 0x000000070f800000|  0%| F|  |TAMS 0x000000070f700000, 0x000000070f700000| Untracked 
|  84|0x000000070f800000, 0x000000070f800000, 0x000000070f900000|  0%| F|  |TAMS 0x000000070f800000, 0x000000070f800000| Untracked 
|  85|0x000000070f900000, 0x000000070f900000, 0x000000070fa00000|  0%| F|  |TAMS 0x000000070f900000, 0x000000070f900000| Untracked 
|  86|0x000000070fa00000, 0x000000070fa00000, 0x000000070fb00000|  0%| F|  |TAMS 0x000000070fa00000, 0x000000070fa00000| Untracked 
|  87|0x000000070fb00000, 0x000000070fb00000, 0x000000070fc00000|  0%| F|  |TAMS 0x000000070fb00000, 0x000000070fb00000| Untracked 
|  88|0x000000070fc00000, 0x000000070fc00000, 0x000000070fd00000|  0%| F|  |TAMS 0x000000070fc00000, 0x000000070fc00000| Untracked 
|  89|0x000000070fd00000, 0x000000070fd00000, 0x000000070fe00000|  0%| F|  |TAMS 0x000000070fd00000, 0x000000070fd00000| Untracked 
|  90|0x000000070fe00000, 0x000000070fe00000, 0x000000070ff00000|  0%| F|  |TAMS 0x000000070fe00000, 0x000000070fe00000| Untracked 
|  91|0x000000070ff00000, 0x000000070ff00000, 0x0000000710000000|  0%| F|  |TAMS 0x000000070ff00000, 0x000000070ff00000| Untracked 
|  92|0x0000000710000000, 0x0000000710000000, 0x0000000710100000|  0%| F|  |TAMS 0x0000000710000000, 0x0000000710000000| Untracked 
|  93|0x0000000710100000, 0x0000000710100000, 0x0000000710200000|  0%| F|  |TAMS 0x0000000710100000, 0x0000000710100000| Untracked 
|  94|0x0000000710200000, 0x0000000710200000, 0x0000000710300000|  0%| F|  |TAMS 0x0000000710200000, 0x0000000710200000| Untracked 
|  95|0x0000000710300000, 0x0000000710300000, 0x0000000710400000|  0%| F|  |TAMS 0x0000000710300000, 0x0000000710300000| Untracked 
|  96|0x0000000710400000, 0x0000000710400000, 0x0000000710500000|  0%| F|  |TAMS 0x0000000710400000, 0x0000000710400000| Untracked 
|  97|0x0000000710500000, 0x0000000710500000, 0x0000000710600000|  0%| F|  |TAMS 0x0000000710500000, 0x0000000710500000| Untracked 
|  98|0x0000000710600000, 0x0000000710600000, 0x0000000710700000|  0%| F|  |TAMS 0x0000000710600000, 0x0000000710600000| Untracked 
|  99|0x0000000710700000, 0x0000000710700000, 0x0000000710800000|  0%| F|  |TAMS 0x0000000710700000, 0x0000000710700000| Untracked 
| 100|0x0000000710800000, 0x0000000710800000, 0x0000000710900000|  0%| F|  |TAMS 0x0000000710800000, 0x0000000710800000| Untracked 
| 101|0x0000000710900000, 0x0000000710900000, 0x0000000710a00000|  0%| F|  |TAMS 0x0000000710900000, 0x0000000710900000| Untracked 
| 102|0x0000000710a00000, 0x0000000710a00000, 0x0000000710b00000|  0%| F|  |TAMS 0x0000000710a00000, 0x0000000710a00000| Untracked 
| 103|0x0000000710b00000, 0x0000000710b00000, 0x0000000710c00000|  0%| F|  |TAMS 0x0000000710b00000, 0x0000000710b00000| Untracked 
| 104|0x0000000710c00000, 0x0000000710c00000, 0x0000000710d00000|  0%| F|  |TAMS 0x0000000710c00000, 0x0000000710c00000| Untracked 
| 105|0x0000000710d00000, 0x0000000710d00000, 0x0000000710e00000|  0%| F|  |TAMS 0x0000000710d00000, 0x0000000710d00000| Untracked 
| 106|0x0000000710e00000, 0x0000000710e00000, 0x0000000710f00000|  0%| F|  |TAMS 0x0000000710e00000, 0x0000000710e00000| Untracked 
| 107|0x0000000710f00000, 0x0000000710f00000, 0x0000000711000000|  0%| F|  |TAMS 0x0000000710f00000, 0x0000000710f00000| Untracked 
| 108|0x0000000711000000, 0x0000000711000000, 0x0000000711100000|  0%| F|  |TAMS 0x0000000711000000, 0x0000000711000000| Untracked 
| 109|0x0000000711100000, 0x0000000711100000, 0x0000000711200000|  0%| F|  |TAMS 0x0000000711100000, 0x0000000711100000| Untracked 
| 110|0x0000000711200000, 0x0000000711200000, 0x0000000711300000|  0%| F|  |TAMS 0x0000000711200000, 0x0000000711200000| Untracked 
| 111|0x0000000711300000, 0x0000000711300000, 0x0000000711400000|  0%| F|  |TAMS 0x0000000711300000, 0x0000000711300000| Untracked 
| 112|0x0000000711400000, 0x0000000711400000, 0x0000000711500000|  0%| F|  |TAMS 0x0000000711400000, 0x0000000711400000| Untracked 
| 113|0x0000000711500000, 0x0000000711500000, 0x0000000711600000|  0%| F|  |TAMS 0x0000000711500000, 0x0000000711500000| Untracked 
| 114|0x0000000711600000, 0x0000000711600000, 0x0000000711700000|  0%| F|  |TAMS 0x0000000711600000, 0x0000000711600000| Untracked 
| 115|0x0000000711700000, 0x0000000711700000, 0x0000000711800000|  0%| F|  |TAMS 0x0000000711700000, 0x0000000711700000| Untracked 
| 116|0x0000000711800000, 0x0000000711800000, 0x0000000711900000|  0%| F|  |TAMS 0x0000000711800000, 0x0000000711800000| Untracked 
| 117|0x0000000711900000, 0x0000000711900000, 0x0000000711a00000|  0%| F|  |TAMS 0x0000000711900000, 0x0000000711900000| Untracked 
| 118|0x0000000711a00000, 0x0000000711a00000, 0x0000000711b00000|  0%| F|  |TAMS 0x0000000711a00000, 0x0000000711a00000| Untracked 
| 119|0x0000000711b00000, 0x0000000711b00000, 0x0000000711c00000|  0%| F|  |TAMS 0x0000000711b00000, 0x0000000711b00000| Untracked 
| 120|0x0000000711c00000, 0x0000000711c00000, 0x0000000711d00000|  0%| F|  |TAMS 0x0000000711c00000, 0x0000000711c00000| Untracked 
| 121|0x0000000711d00000, 0x0000000711d00000, 0x0000000711e00000|  0%| F|  |TAMS 0x0000000711d00000, 0x0000000711d00000| Untracked 
| 122|0x0000000711e00000, 0x0000000711e00000, 0x0000000711f00000|  0%| F|  |TAMS 0x0000000711e00000, 0x0000000711e00000| Untracked 
| 123|0x0000000711f00000, 0x0000000711f00000, 0x0000000712000000|  0%| F|  |TAMS 0x0000000711f00000, 0x0000000711f00000| Untracked 
| 124|0x0000000712000000, 0x0000000712000000, 0x0000000712100000|  0%| F|  |TAMS 0x0000000712000000, 0x0000000712000000| Untracked 
| 125|0x0000000712100000, 0x0000000712100000, 0x0000000712200000|  0%| F|  |TAMS 0x0000000712100000, 0x0000000712100000| Untracked 
| 126|0x0000000712200000, 0x0000000712200000, 0x0000000712300000|  0%| F|  |TAMS 0x0000000712200000, 0x0000000712200000| Untracked 
| 127|0x0000000712300000, 0x0000000712300000, 0x0000000712400000|  0%| F|  |TAMS 0x0000000712300000, 0x0000000712300000| Untracked 
| 128|0x0000000712400000, 0x0000000712400000, 0x0000000712500000|  0%| F|  |TAMS 0x0000000712400000, 0x0000000712400000| Untracked 
| 129|0x0000000712500000, 0x0000000712500000, 0x0000000712600000|  0%| F|  |TAMS 0x0000000712500000, 0x0000000712500000| Untracked 
| 130|0x0000000712600000, 0x0000000712600000, 0x0000000712700000|  0%| F|  |TAMS 0x0000000712600000, 0x0000000712600000| Untracked 
| 131|0x0000000712700000, 0x0000000712700000, 0x0000000712800000|  0%| F|  |TAMS 0x0000000712700000, 0x0000000712700000| Untracked 
| 132|0x0000000712800000, 0x0000000712800000, 0x0000000712900000|  0%| F|  |TAMS 0x0000000712800000, 0x0000000712800000| Untracked 
| 133|0x0000000712900000, 0x0000000712900000, 0x0000000712a00000|  0%| F|  |TAMS 0x0000000712900000, 0x0000000712900000| Untracked 
| 134|0x0000000712a00000, 0x0000000712a00000, 0x0000000712b00000|  0%| F|  |TAMS 0x0000000712a00000, 0x0000000712a00000| Untracked 
| 135|0x0000000712b00000, 0x0000000712b00000, 0x0000000712c00000|  0%| F|  |TAMS 0x0000000712b00000, 0x0000000712b00000| Untracked 
| 136|0x0000000712c00000, 0x0000000712c00000, 0x0000000712d00000|  0%| F|  |TAMS 0x0000000712c00000, 0x0000000712c00000| Untracked 
| 137|0x0000000712d00000, 0x0000000712d00000, 0x0000000712e00000|  0%| F|  |TAMS 0x0000000712d00000, 0x0000000712d00000| Untracked 
| 138|0x0000000712e00000, 0x0000000712e00000, 0x0000000712f00000|  0%| F|  |TAMS 0x0000000712e00000, 0x0000000712e00000| Untracked 
| 139|0x0000000712f00000, 0x0000000712f00000, 0x0000000713000000|  0%| F|  |TAMS 0x0000000712f00000, 0x0000000712f00000| Untracked 
| 140|0x0000000713000000, 0x0000000713000000, 0x0000000713100000|  0%| F|  |TAMS 0x0000000713000000, 0x0000000713000000| Untracked 
| 141|0x0000000713100000, 0x0000000713100000, 0x0000000713200000|  0%| F|  |TAMS 0x0000000713100000, 0x0000000713100000| Untracked 
| 142|0x0000000713200000, 0x0000000713200000, 0x0000000713300000|  0%| F|  |TAMS 0x0000000713200000, 0x0000000713200000| Untracked 
| 143|0x0000000713300000, 0x0000000713300000, 0x0000000713400000|  0%| F|  |TAMS 0x0000000713300000, 0x0000000713300000| Untracked 
| 144|0x0000000713400000, 0x0000000713400000, 0x0000000713500000|  0%| F|  |TAMS 0x0000000713400000, 0x0000000713400000| Untracked 
| 145|0x0000000713500000, 0x0000000713500000, 0x0000000713600000|  0%| F|  |TAMS 0x0000000713500000, 0x0000000713500000| Untracked 
| 146|0x0000000713600000, 0x0000000713600000, 0x0000000713700000|  0%| F|  |TAMS 0x0000000713600000, 0x0000000713600000| Untracked 
| 147|0x0000000713700000, 0x0000000713700000, 0x0000000713800000|  0%| F|  |TAMS 0x0000000713700000, 0x0000000713700000| Untracked 
| 148|0x0000000713800000, 0x0000000713800000, 0x0000000713900000|  0%| F|  |TAMS 0x0000000713800000, 0x0000000713800000| Untracked 
| 149|0x0000000713900000, 0x0000000713900000, 0x0000000713a00000|  0%| F|  |TAMS 0x0000000713900000, 0x0000000713900000| Untracked 
| 150|0x0000000713a00000, 0x0000000713a00000, 0x0000000713b00000|  0%| F|  |TAMS 0x0000000713a00000, 0x0000000713a00000| Untracked 
| 151|0x0000000713b00000, 0x0000000713b00000, 0x0000000713c00000|  0%| F|  |TAMS 0x0000000713b00000, 0x0000000713b00000| Untracked 
| 152|0x0000000713c00000, 0x0000000713c00000, 0x0000000713d00000|  0%| F|  |TAMS 0x0000000713c00000, 0x0000000713c00000| Untracked 
| 153|0x0000000713d00000, 0x0000000713d00000, 0x0000000713e00000|  0%| F|  |TAMS 0x0000000713d00000, 0x0000000713d00000| Untracked 
| 154|0x0000000713e00000, 0x0000000713e00000, 0x0000000713f00000|  0%| F|  |TAMS 0x0000000713e00000, 0x0000000713e00000| Untracked 
| 155|0x0000000713f00000, 0x0000000713f00000, 0x0000000714000000|  0%| F|  |TAMS 0x0000000713f00000, 0x0000000713f00000| Untracked 
| 156|0x0000000714000000, 0x0000000714000000, 0x0000000714100000|  0%| F|  |TAMS 0x0000000714000000, 0x0000000714000000| Untracked 
| 157|0x0000000714100000, 0x0000000714100000, 0x0000000714200000|  0%| F|  |TAMS 0x0000000714100000, 0x0000000714100000| Untracked 
| 158|0x0000000714200000, 0x0000000714200000, 0x0000000714300000|  0%| F|  |TAMS 0x0000000714200000, 0x0000000714200000| Untracked 
| 159|0x0000000714300000, 0x0000000714300000, 0x0000000714400000|  0%| F|  |TAMS 0x0000000714300000, 0x0000000714300000| Untracked 
| 160|0x0000000714400000, 0x0000000714400000, 0x0000000714500000|  0%| F|  |TAMS 0x0000000714400000, 0x0000000714400000| Untracked 
| 161|0x0000000714500000, 0x0000000714500000, 0x0000000714600000|  0%| F|  |TAMS 0x0000000714500000, 0x0000000714500000| Untracked 
| 162|0x0000000714600000, 0x0000000714600000, 0x0000000714700000|  0%| F|  |TAMS 0x0000000714600000, 0x0000000714600000| Untracked 
| 163|0x0000000714700000, 0x0000000714700000, 0x0000000714800000|  0%| F|  |TAMS 0x0000000714700000, 0x0000000714700000| Untracked 
| 164|0x0000000714800000, 0x0000000714800000, 0x0000000714900000|  0%| F|  |TAMS 0x0000000714800000, 0x0000000714800000| Untracked 
| 165|0x0000000714900000, 0x0000000714900000, 0x0000000714a00000|  0%| F|  |TAMS 0x0000000714900000, 0x0000000714900000| Untracked 
| 166|0x0000000714a00000, 0x0000000714a00000, 0x0000000714b00000|  0%| F|  |TAMS 0x0000000714a00000, 0x0000000714a00000| Untracked 
| 167|0x0000000714b00000, 0x0000000714b00000, 0x0000000714c00000|  0%| F|  |TAMS 0x0000000714b00000, 0x0000000714b00000| Untracked 
| 168|0x0000000714c00000, 0x0000000714c00000, 0x0000000714d00000|  0%| F|  |TAMS 0x0000000714c00000, 0x0000000714c00000| Untracked 
| 169|0x0000000714d00000, 0x0000000714d00000, 0x0000000714e00000|  0%| F|  |TAMS 0x0000000714d00000, 0x0000000714d00000| Untracked 
| 170|0x0000000714e00000, 0x0000000714e00000, 0x0000000714f00000|  0%| F|  |TAMS 0x0000000714e00000, 0x0000000714e00000| Untracked 
| 171|0x0000000714f00000, 0x0000000714f00000, 0x0000000715000000|  0%| F|  |TAMS 0x0000000714f00000, 0x0000000714f00000| Untracked 
| 172|0x0000000715000000, 0x0000000715000000, 0x0000000715100000|  0%| F|  |TAMS 0x0000000715000000, 0x0000000715000000| Untracked 
| 173|0x0000000715100000, 0x0000000715100000, 0x0000000715200000|  0%| F|  |TAMS 0x0000000715100000, 0x0000000715100000| Untracked 
| 174|0x0000000715200000, 0x0000000715200000, 0x0000000715300000|  0%| F|  |TAMS 0x0000000715200000, 0x0000000715200000| Untracked 
| 175|0x0000000715300000, 0x0000000715300000, 0x0000000715400000|  0%| F|  |TAMS 0x0000000715300000, 0x0000000715300000| Untracked 
| 176|0x0000000715400000, 0x0000000715400000, 0x0000000715500000|  0%| F|  |TAMS 0x0000000715400000, 0x0000000715400000| Untracked 
| 177|0x0000000715500000, 0x0000000715500000, 0x0000000715600000|  0%| F|  |TAMS 0x0000000715500000, 0x0000000715500000| Untracked 
| 178|0x0000000715600000, 0x0000000715600000, 0x0000000715700000|  0%| F|  |TAMS 0x0000000715600000, 0x0000000715600000| Untracked 
| 179|0x0000000715700000, 0x0000000715700000, 0x0000000715800000|  0%| F|  |TAMS 0x0000000715700000, 0x0000000715700000| Untracked 
| 180|0x0000000715800000, 0x0000000715800000, 0x0000000715900000|  0%| F|  |TAMS 0x0000000715800000, 0x0000000715800000| Untracked 
| 181|0x0000000715900000, 0x0000000715900000, 0x0000000715a00000|  0%| F|  |TAMS 0x0000000715900000, 0x0000000715900000| Untracked 
| 182|0x0000000715a00000, 0x0000000715a00000, 0x0000000715b00000|  0%| F|  |TAMS 0x0000000715a00000, 0x0000000715a00000| Untracked 
| 183|0x0000000715b00000, 0x0000000715b00000, 0x0000000715c00000|  0%| F|  |TAMS 0x0000000715b00000, 0x0000000715b00000| Untracked 
| 184|0x0000000715c00000, 0x0000000715c00000, 0x0000000715d00000|  0%| F|  |TAMS 0x0000000715c00000, 0x0000000715c00000| Untracked 
| 185|0x0000000715d00000, 0x0000000715d00000, 0x0000000715e00000|  0%| F|  |TAMS 0x0000000715d00000, 0x0000000715d00000| Untracked 
| 186|0x0000000715e00000, 0x0000000715e00000, 0x0000000715f00000|  0%| F|  |TAMS 0x0000000715e00000, 0x0000000715e00000| Untracked 
| 187|0x0000000715f00000, 0x0000000715f00000, 0x0000000716000000|  0%| F|  |TAMS 0x0000000715f00000, 0x0000000715f00000| Untracked 
| 188|0x0000000716000000, 0x0000000716000000, 0x0000000716100000|  0%| F|  |TAMS 0x0000000716000000, 0x0000000716000000| Untracked 
| 189|0x0000000716100000, 0x0000000716100000, 0x0000000716200000|  0%| F|  |TAMS 0x0000000716100000, 0x0000000716100000| Untracked 
| 190|0x0000000716200000, 0x0000000716200000, 0x0000000716300000|  0%| F|  |TAMS 0x0000000716200000, 0x0000000716200000| Untracked 
| 191|0x0000000716300000, 0x0000000716300000, 0x0000000716400000|  0%| F|  |TAMS 0x0000000716300000, 0x0000000716300000| Untracked 
| 192|0x0000000716400000, 0x0000000716400000, 0x0000000716500000|  0%| F|  |TAMS 0x0000000716400000, 0x0000000716400000| Untracked 
| 193|0x0000000716500000, 0x0000000716500000, 0x0000000716600000|  0%| F|  |TAMS 0x0000000716500000, 0x0000000716500000| Untracked 
| 194|0x0000000716600000, 0x0000000716600000, 0x0000000716700000|  0%| F|  |TAMS 0x0000000716600000, 0x0000000716600000| Untracked 
| 195|0x0000000716700000, 0x0000000716700000, 0x0000000716800000|  0%| F|  |TAMS 0x0000000716700000, 0x0000000716700000| Untracked 
| 196|0x0000000716800000, 0x0000000716800000, 0x0000000716900000|  0%| F|  |TAMS 0x0000000716800000, 0x0000000716800000| Untracked 
| 197|0x0000000716900000, 0x0000000716900000, 0x0000000716a00000|  0%| F|  |TAMS 0x0000000716900000, 0x0000000716900000| Untracked 
| 198|0x0000000716a00000, 0x0000000716a00000, 0x0000000716b00000|  0%| F|  |TAMS 0x0000000716a00000, 0x0000000716a00000| Untracked 
| 199|0x0000000716b00000, 0x0000000716b00000, 0x0000000716c00000|  0%| F|  |TAMS 0x0000000716b00000, 0x0000000716b00000| Untracked 
| 200|0x0000000716c00000, 0x0000000716c00000, 0x0000000716d00000|  0%| F|  |TAMS 0x0000000716c00000, 0x0000000716c00000| Untracked 
| 201|0x0000000716d00000, 0x0000000716d00000, 0x0000000716e00000|  0%| F|  |TAMS 0x0000000716d00000, 0x0000000716d00000| Untracked 
| 202|0x0000000716e00000, 0x0000000716e00000, 0x0000000716f00000|  0%| F|  |TAMS 0x0000000716e00000, 0x0000000716e00000| Untracked 
| 203|0x0000000716f00000, 0x0000000716f00000, 0x0000000717000000|  0%| F|  |TAMS 0x0000000716f00000, 0x0000000716f00000| Untracked 
| 204|0x0000000717000000, 0x0000000717000000, 0x0000000717100000|  0%| F|  |TAMS 0x0000000717000000, 0x0000000717000000| Untracked 
| 205|0x0000000717100000, 0x0000000717100000, 0x0000000717200000|  0%| F|  |TAMS 0x0000000717100000, 0x0000000717100000| Untracked 
| 206|0x0000000717200000, 0x0000000717200000, 0x0000000717300000|  0%| F|  |TAMS 0x0000000717200000, 0x0000000717200000| Untracked 
| 207|0x0000000717300000, 0x0000000717300000, 0x0000000717400000|  0%| F|  |TAMS 0x0000000717300000, 0x0000000717300000| Untracked 
| 208|0x0000000717400000, 0x0000000717400000, 0x0000000717500000|  0%| F|  |TAMS 0x0000000717400000, 0x0000000717400000| Untracked 
| 209|0x0000000717500000, 0x0000000717500000, 0x0000000717600000|  0%| F|  |TAMS 0x0000000717500000, 0x0000000717500000| Untracked 
| 210|0x0000000717600000, 0x0000000717600000, 0x0000000717700000|  0%| F|  |TAMS 0x0000000717600000, 0x0000000717600000| Untracked 
| 211|0x0000000717700000, 0x0000000717700000, 0x0000000717800000|  0%| F|  |TAMS 0x0000000717700000, 0x0000000717700000| Untracked 
| 212|0x0000000717800000, 0x0000000717800000, 0x0000000717900000|  0%| F|  |TAMS 0x0000000717800000, 0x0000000717800000| Untracked 
| 213|0x0000000717900000, 0x0000000717900000, 0x0000000717a00000|  0%| F|  |TAMS 0x0000000717900000, 0x0000000717900000| Untracked 
| 214|0x0000000717a00000, 0x0000000717a00000, 0x0000000717b00000|  0%| F|  |TAMS 0x0000000717a00000, 0x0000000717a00000| Untracked 
| 215|0x0000000717b00000, 0x0000000717b00000, 0x0000000717c00000|  0%| F|  |TAMS 0x0000000717b00000, 0x0000000717b00000| Untracked 
| 216|0x0000000717c00000, 0x0000000717c00000, 0x0000000717d00000|  0%| F|  |TAMS 0x0000000717c00000, 0x0000000717c00000| Untracked 
| 217|0x0000000717d00000, 0x0000000717d00000, 0x0000000717e00000|  0%| F|  |TAMS 0x0000000717d00000, 0x0000000717d00000| Untracked 
| 218|0x0000000717e00000, 0x0000000717e00000, 0x0000000717f00000|  0%| F|  |TAMS 0x0000000717e00000, 0x0000000717e00000| Untracked 
| 219|0x0000000717f00000, 0x0000000717f00000, 0x0000000718000000|  0%| F|  |TAMS 0x0000000717f00000, 0x0000000717f00000| Untracked 
| 220|0x0000000718000000, 0x0000000718000000, 0x0000000718100000|  0%| F|  |TAMS 0x0000000718000000, 0x0000000718000000| Untracked 
| 221|0x0000000718100000, 0x0000000718100000, 0x0000000718200000|  0%| F|  |TAMS 0x0000000718100000, 0x0000000718100000| Untracked 
| 222|0x0000000718200000, 0x0000000718200000, 0x0000000718300000|  0%| F|  |TAMS 0x0000000718200000, 0x0000000718200000| Untracked 
| 223|0x0000000718300000, 0x0000000718300000, 0x0000000718400000|  0%| F|  |TAMS 0x0000000718300000, 0x0000000718300000| Untracked 
| 224|0x0000000718400000, 0x0000000718400000, 0x0000000718500000|  0%| F|  |TAMS 0x0000000718400000, 0x0000000718400000| Untracked 
| 225|0x0000000718500000, 0x0000000718500000, 0x0000000718600000|  0%| F|  |TAMS 0x0000000718500000, 0x0000000718500000| Untracked 
| 226|0x0000000718600000, 0x0000000718600000, 0x0000000718700000|  0%| F|  |TAMS 0x0000000718600000, 0x0000000718600000| Untracked 
| 227|0x0000000718700000, 0x0000000718700000, 0x0000000718800000|  0%| F|  |TAMS 0x0000000718700000, 0x0000000718700000| Untracked 
| 228|0x0000000718800000, 0x0000000718800000, 0x0000000718900000|  0%| F|  |TAMS 0x0000000718800000, 0x0000000718800000| Untracked 
| 229|0x0000000718900000, 0x0000000718900000, 0x0000000718a00000|  0%| F|  |TAMS 0x0000000718900000, 0x0000000718900000| Untracked 
| 230|0x0000000718a00000, 0x0000000718a00000, 0x0000000718b00000|  0%| F|  |TAMS 0x0000000718a00000, 0x0000000718a00000| Untracked 
| 231|0x0000000718b00000, 0x0000000718b00000, 0x0000000718c00000|  0%| F|  |TAMS 0x0000000718b00000, 0x0000000718b00000| Untracked 
| 232|0x0000000718c00000, 0x0000000718c00000, 0x0000000718d00000|  0%| F|  |TAMS 0x0000000718c00000, 0x0000000718c00000| Untracked 
| 233|0x0000000718d00000, 0x0000000718d00000, 0x0000000718e00000|  0%| F|  |TAMS 0x0000000718d00000, 0x0000000718d00000| Untracked 
| 234|0x0000000718e00000, 0x0000000718e00000, 0x0000000718f00000|  0%| F|  |TAMS 0x0000000718e00000, 0x0000000718e00000| Untracked 
| 235|0x0000000718f00000, 0x0000000718f00000, 0x0000000719000000|  0%| F|  |TAMS 0x0000000718f00000, 0x0000000718f00000| Untracked 
| 236|0x0000000719000000, 0x0000000719000000, 0x0000000719100000|  0%| F|  |TAMS 0x0000000719000000, 0x0000000719000000| Untracked 
| 237|0x0000000719100000, 0x0000000719100000, 0x0000000719200000|  0%| F|  |TAMS 0x0000000719100000, 0x0000000719100000| Untracked 
| 238|0x0000000719200000, 0x00000007192f6490, 0x0000000719300000| 96%| E|  |TAMS 0x0000000719200000, 0x0000000719200000| Complete 
| 239|0x0000000719300000, 0x0000000719400000, 0x0000000719400000|100%| E|CS|TAMS 0x0000000719300000, 0x0000000719300000| Complete 
| 240|0x0000000719400000, 0x0000000719500000, 0x0000000719500000|100%| E|CS|TAMS 0x0000000719400000, 0x0000000719400000| Complete 
| 241|0x0000000719500000, 0x0000000719600000, 0x0000000719600000|100%| E|  |TAMS 0x0000000719500000, 0x0000000719500000| Complete 
| 242|0x0000000719600000, 0x0000000719700000, 0x0000000719700000|100%| E|CS|TAMS 0x0000000719600000, 0x0000000719600000| Complete 
| 243|0x0000000719700000, 0x0000000719800000, 0x0000000719800000|100%| E|CS|TAMS 0x0000000719700000, 0x0000000719700000| Complete 
| 244|0x0000000719800000, 0x0000000719900000, 0x0000000719900000|100%| E|CS|TAMS 0x0000000719800000, 0x0000000719800000| Complete 
| 245|0x0000000719900000, 0x0000000719a00000, 0x0000000719a00000|100%| E|CS|TAMS 0x0000000719900000, 0x0000000719900000| Complete 
|2906|0x00000007bfe00000, 0x00000007bfe48000, 0x00000007bff00000| 28%|OA|  |TAMS 0x00000007bfe00000, 0x00000007bfe00000| Untracked 
|2907|0x00000007bff00000, 0x00000007bff6c000, 0x00000007c0000000| 42%|CA|  |TAMS 0x00000007bff00000, 0x00000007bff00000| Untracked 

Card table byte_map: [0x00007f3b8f0a4000,0x00007f3b8f852000] _byte_map_base: 0x00007f3b8b852000

Marking Bits (Prev, Next): (CMBitMap*) 0x00007f3bac07af18, (CMBitMap*) 0x00007f3bac07af50
 Prev Bits: [0x00007f3b8ab86000, 0x00007f3b8e8f6000)
 Next Bits: [0x00007f3b86e16000, 0x00007f3b8ab86000)

Polling page: 0x00007f3bb23ee000

Metaspace:

Usage:
  Non-class:      4,56 MB capacity,     3,25 MB ( 71%) used,     1,30 MB ( 28%) free+waste,    11,88 KB ( <1%) overhead. 
      Class:    532,00 KB capacity,   386,24 KB ( 73%) used,   138,63 KB ( 26%) free+waste,     7,12 KB (  1%) overhead. 
       Both:      5,08 MB capacity,     3,63 MB ( 71%) used,     1,43 MB ( 28%) free+waste,    19,00 KB ( <1%) overhead. 

Virtual space:
  Non-class space:        8,00 MB reserved,       4,75 MB ( 59%) committed 
      Class space:        1,00 GB reserved,     640,00 KB ( <1%) committed 
             Both:        1,01 GB reserved,       5,38 MB ( <1%) committed 

Chunk freelists:
   Non-Class:  3,00 KB
       Class:  12,00 KB
        Both:  15,00 KB

MaxMetaspaceSize: unlimited
CompressedClassSpaceSize: 1,00 GB
Initial GC threshold: 20,80 MB
Current GC threshold: 20,80 MB
CDS: on

CodeHeap 'non-profiled nmethods': size=120032Kb used=237Kb max_used=237Kb free=119794Kb
 bounds [0x00007f3b9c2b9000, 0x00007f3b9c529000, 0x00007f3ba37f1000]
CodeHeap 'profiled nmethods': size=120028Kb used=979Kb max_used=979Kb free=119048Kb
 bounds [0x00007f3b94d82000, 0x00007f3b94ff2000, 0x00007f3b9c2b9000]
CodeHeap 'non-nmethods': size=5700Kb used=1165Kb max_used=1182Kb free=4534Kb
 bounds [0x00007f3b947f1000, 0x00007f3b94a61000, 0x00007f3b94d82000]
 total_blobs=1028 nmethods=610 adapters=332
 compilation: enabled
              stopped_count=0, restarted_count=0
 full_count=0

Compilation events (20 events):
Event: 0,292 Thread 0x00007f3bac1d8000  600  s    3       java.io.ByteArrayOutputStream::write (32 bytes)
Event: 0,292 Thread 0x00007f3bac1d8000 nmethod 600 0x00007f3b94e71e10 code [0x00007f3b94e71fe0, 0x00007f3b94e723c0]
Event: 0,292 Thread 0x00007f3bac1d8000  602       3       java.io.DataOutputStream::incCount (20 bytes)
Event: 0,292 Thread 0x00007f3bac1d8000 nmethod 602 0x00007f3b94e72510 code [0x00007f3b94e726c0, 0x00007f3b94e72810]
Event: 0,292 Thread 0x00007f3bac1d8000  601       3       java.lang.Integer::shortValue (6 bytes)
Event: 0,292 Thread 0x00007f3bac1d8000 nmethod 601 0x00007f3b94e72890 code [0x00007f3b94e72a40, 0x00007f3b94e72b70]
Event: 0,292 Thread 0x00007f3bac1d8000  603  s    3       java.io.DataOutputStream::write (14 bytes)
Event: 0,292 Thread 0x00007f3bac1d8000 nmethod 603 0x00007f3b94e72c10 code [0x00007f3b94e72de0, 0x00007f3b94e73220]
Event: 0,292 Thread 0x00007f3bac1d8000  604       3       java.io.DataOutputStream::writeShort (35 bytes)
Event: 0,293 Thread 0x00007f3bac1d8000 nmethod 604 0x00007f3b94e73310 code [0x00007f3b94e734e0, 0x00007f3b94e73870]
Event: 0,293 Thread 0x00007f3bac1d8000  605       3       java.io.UnixFileSystem::normalize (75 bytes)
Event: 0,294 Thread 0x00007f3bac1d8000 nmethod 605 0x00007f3b94e73990 code [0x00007f3b94e73be0, 0x00007f3b94e74530]
Event: 0,294 Thread 0x00007f3bac1d8000  606       3       java.lang.String::substring (68 bytes)
Event: 0,294 Thread 0x00007f3bac1d8000 nmethod 606 0x00007f3b94e74910 code [0x00007f3b94e74b60, 0x00007f3b94e752d0]
Event: 0,294 Thread 0x00007f3bac1d8000  607       3       java.lang.PublicMethods$Key::matches (31 bytes)
Event: 0,294 Thread 0x00007f3bac1d8000 nmethod 607 0x00007f3b94e75590 code [0x00007f3b94e757a0, 0x00007f3b94e75c30]
Event: 0,296 Thread 0x00007f3bac1d8000  609       3       sun.net.www.ParseUtil::firstEncodeIndex (86 bytes)
Event: 0,297 Thread 0x00007f3bac1d8000 nmethod 609 0x00007f3b94e75e10 code [0x00007f3b94e76060, 0x00007f3b94e76a00]
Event: 0,297 Thread 0x00007f3bac1d8000  610       1       java.lang.reflect.Method::getModifiers (5 bytes)
Event: 0,297 Thread 0x00007f3bac1d8000 nmethod 610 0x00007f3b9c2f1f90 code [0x00007f3b9c2f2140, 0x00007f3b9c2f2210]

GC Heap History (0 events):
No events

Deoptimization events (20 events):
Event: 0,221 Thread 0x00007f3bac016800 DEOPT PACKING pc=0x00007f3b94e26d59 sp=0x00007f3bb0b82590
Event: 0,221 Thread 0x00007f3bac016800 DEOPT UNPACKING pc=0x00007f3b9483a9fa sp=0x00007f3bb0b81a50 mode 0
Event: 0,221 Thread 0x00007f3bac016800 DEOPT PACKING pc=0x00007f3b94e26d59 sp=0x00007f3bb0b82590
Event: 0,221 Thread 0x00007f3bac016800 DEOPT UNPACKING pc=0x00007f3b9483a9fa sp=0x00007f3bb0b81a50 mode 0
Event: 0,221 Thread 0x00007f3bac016800 DEOPT PACKING pc=0x00007f3b94e26d59 sp=0x00007f3bb0b82590
Event: 0,221 Thread 0x00007f3bac016800 DEOPT UNPACKING pc=0x00007f3b9483a9fa sp=0x00007f3bb0b81a50 mode 0
Event: 0,221 Thread 0x00007f3bac016800 DEOPT PACKING pc=0x00007f3b94e26d59 sp=0x00007f3bb0b82590
Event: 0,221 Thread 0x00007f3bac016800 DEOPT UNPACKING pc=0x00007f3b9483a9fa sp=0x00007f3bb0b81a50 mode 0
Event: 0,221 Thread 0x00007f3bac016800 DEOPT PACKING pc=0x00007f3b94e26d59 sp=0x00007f3bb0b82590
Event: 0,221 Thread 0x00007f3bac016800 DEOPT UNPACKING pc=0x00007f3b9483a9fa sp=0x00007f3bb0b81a50 mode 0
Event: 0,221 Thread 0x00007f3bac016800 DEOPT PACKING pc=0x00007f3b94e26d59 sp=0x00007f3bb0b82590
Event: 0,221 Thread 0x00007f3bac016800 DEOPT UNPACKING pc=0x00007f3b9483a9fa sp=0x00007f3bb0b81a50 mode 0
Event: 0,221 Thread 0x00007f3bac016800 DEOPT PACKING pc=0x00007f3b94e26d59 sp=0x00007f3bb0b82590
Event: 0,221 Thread 0x00007f3bac016800 DEOPT UNPACKING pc=0x00007f3b9483a9fa sp=0x00007f3bb0b81a50 mode 0
Event: 0,221 Thread 0x00007f3bac016800 DEOPT PACKING pc=0x00007f3b94e26d59 sp=0x00007f3bb0b82590
Event: 0,221 Thread 0x00007f3bac016800 DEOPT UNPACKING pc=0x00007f3b9483a9fa sp=0x00007f3bb0b81a50 mode 0
Event: 0,286 Thread 0x00007f3bac016800 Uncommon trap: trap_request=0xffffff4d fr.pc=0x00007f3b9c2de8ac relative=0x000000000000056c
Event: 0,286 Thread 0x00007f3bac016800 Uncommon trap: reason=unstable_if action=reinterpret pc=0x00007f3b9c2de8ac method=java.lang.AbstractStringBuilder.append(Ljava/lang/String;)Ljava/lang/AbstractStringBuilder; @ 1 c2
Event: 0,286 Thread 0x00007f3bac016800 DEOPT PACKING pc=0x00007f3b9c2de8ac sp=0x00007f3bb0b81e60
Event: 0,286 Thread 0x00007f3bac016800 DEOPT UNPACKING pc=0x00007f3b947f92a5 sp=0x00007f3bb0b81de0 mode 2

Classes redefined (0 events):
No events

Internal exceptions (13 events):
Event: 0,074 Thread 0x00007f3bac016800 Exception <a 'java/lang/ClassNotFoundException'{0x0000000719802888}: sun/awt/resources/spi/awtProvider> (0x0000000719802888) thrown at [src/hotspot/share/classfile/systemDictionary.cpp, line 230]
Event: 0,121 Thread 0x00007f3bac016800 Exception <a 'java/io/FileNotFoundException'{0x00000007198a18a8}> (0x00000007198a18a8) thrown at [src/hotspot/share/prims/jni.cpp, line 617]
Event: 0,132 Thread 0x00007f3bac016800 Exception <a 'java/lang/NoSuchMethodError'{0x00000007198fc678}: 'java.lang.Object java.lang.invoke.DirectMethodHandle$Holder.invokeStatic(java.lang.Object, java.lang.Object, java.lang.Object, java.lang.Object, java.lang.Object, java.lang.Object, java.lang.Object, java.lang.Object, java.lang.Object, java.lang.Object, java.lang.Object, java.lang.Object, java.lang.Object, java.lang.Object, java.lang.Object)'> (0x00000007198fc678) thrown at [src/hotspot/share/interpreter/linkResolver.cpp, line 772]
Event: 0,133 Thread 0x00007f3bac016800 Exception <a 'java/lang/NoSuchMethodError'{0x000000071970a7d8}: 'java.lang.Object java.lang.invoke.DirectMethodHandle$Holder.invokeStatic(java.lang.Object, java.lang.Object, java.lang.Object, java.lang.Object, java.lang.Object, java.lang.Object, java.lang.Object, java.lang.Object, java.lang.Object, java.lang.Object, java.lang.Object, java.lang.Object, java.lang.Object, java.lang.Object, java.lang.Object, java.lang.Object)'> (0x000000071970a7d8) thrown at [src/hotspot/share/interpreter/linkResolver.cpp, lin
Event: 0,134 Thread 0x00007f3bac016800 Exception <a 'java/lang/NoSuchMethodError'{0x0000000719718448}: 'java.lang.Object java.lang.invoke.DirectMethodHandle$Holder.invokeSpecial(java.lang.Object, java.lang.Object, int, int, java.lang.Object, java.lang.Object, java.lang.Object)'> (0x0000000719718448) thrown at [src/hotspot/share/interpreter/linkResolver.cpp, line 772]
Event: 0,135 Thread 0x00007f3bac016800 Exception <a 'java/lang/NoSuchMethodError'{0x000000071971b9d8}: 'java.lang.Object java.lang.invoke.DelegatingMethodHandle$Holder.reinvoke_L(java.lang.Object, int, int, java.lang.Object, java.lang.Object, java.lang.Object)'> (0x000000071971b9d8) thrown at [src/hotspot/share/interpreter/linkResolver.cpp, line 772]
Event: 0,135 Thread 0x00007f3bac016800 Exception <a 'java/lang/NoSuchMethodError'{0x000000071971fd60}: 'java.lang.Object java.lang.invoke.DirectMethodHandle$Holder.invokeStatic(java.lang.Object, java.lang.Object, java.lang.Object, java.lang.Object, int)'> (0x000000071971fd60) thrown at [src/hotspot/share/interpreter/linkResolver.cpp, line 772]
Event: 0,273 Thread 0x00007f3bac016800 Exception <a 'java/lang/NoSuchMethodError'{0x000000071937e480}: 'java.lang.Object java.lang.invoke.DirectMethodHandle$Holder.invokeStaticInit(java.lang.Object, java.lang.Object, long, java.lang.Object)'> (0x000000071937e480) thrown at [src/hotspot/share/interpreter/linkResolver.cpp, line 772]
Event: 0,274 Thread 0x00007f3bac016800 Exception <a 'java/lang/NoSuchMethodError'{0x000000071938a5e0}: 'java.lang.Object java.lang.invoke.Invokers$Holder.linkToTargetMethod(java.lang.Object, long, java.lang.Object)'> (0x000000071938a5e0) thrown at [src/hotspot/share/interpreter/linkResolver.cpp, line 772]
Event: 0,275 Thread 0x00007f3bac016800 Exception <a 'java/lang/NoSuchMethodError'{0x00000007193917a0}: 'java.lang.Object java.lang.invoke.DirectMethodHandle$Holder.invokeStatic(java.lang.Object, java.lang.Object, java.lang.Object, int)'> (0x00000007193917a0) thrown at [src/hotspot/share/interpreter/linkResolver.cpp, line 772]
Event: 0,275 Thread 0x00007f3bac016800 Exception <a 'java/lang/NoSuchMethodError'{0x00000007193950b8}: 'java.lang.Object java.lang.invoke.DirectMethodHandle$Holder.invokeSpecial(java.lang.Object, java.lang.Object, java.lang.Object, java.lang.Object, int)'> (0x00000007193950b8) thrown at [src/hotspot/share/interpreter/linkResolver.cpp, line 772]
Event: 0,275 Thread 0x00007f3bac016800 Exception <a 'java/lang/NoSuchMethodError'{0x0000000719398120}: 'java.lang.Object java.lang.invoke.Invokers$Holder.linkToTargetMethod(java.lang.Object, java.lang.Object, int, java.lang.Object)'> (0x0000000719398120) thrown at [src/hotspot/share/interpreter/linkResolver.cpp, line 772]
Event: 0,286 Thread 0x00007f3bac016800 Implicit null exception at 0x00007f3b9c2de383 to 0x00007f3b9c2de894

Events (20 events):
Event: 0,294 loading class java/lang/reflect/TypeVariable
Event: 0,294 loading class java/lang/reflect/TypeVariable done
Event: 0,294 loading class java/lang/reflect/AnnotatedType
Event: 0,294 loading class java/lang/reflect/AnnotatedType done
Event: 0,294 loading class java/lang/TypeNotPresentException
Event: 0,294 loading class java/lang/TypeNotPresentException done
Event: 0,295 loading class com/sun/jna/Function
Event: 0,295 loading class com/sun/jna/Function done
Event: 0,295 loading class com/sun/jna/MethodParameterContext
Event: 0,295 loading class com/sun/jna/MethodParameterContext done
Event: 0,296 loading class com/sun/jna/FunctionParameterContext
Event: 0,296 loading class com/sun/jna/FunctionParameterContext done
Event: 0,296 loading class com/sun/jna/VarArgsChecker
Event: 0,296 loading class com/sun/jna/VarArgsChecker done
Event: 0,296 loading class com/sun/jna/VarArgsChecker$RealVarArgsChecker
Event: 0,296 loading class com/sun/jna/VarArgsChecker$RealVarArgsChecker done
Event: 0,296 loading class com/sun/jna/VarArgsChecker$NoVarArgsChecker
Event: 0,296 loading class com/sun/jna/VarArgsChecker$NoVarArgsChecker done
Event: 0,297 loading class com/sun/jna/Library$Handler$FunctionInfo
Event: 0,297 loading class com/sun/jna/Library$Handler$FunctionInfo done


Dynamic libraries:
70a400000-719a00000 rw-p 00000000 00:00 0 
719a00000-7bfe00000 ---p 00000000 00:00 0 
7bfe00000-7bfe48000 rw-p 00b13000 103:03 2232165                         /usr/lib/jvm/java-11-openjdk-amd64/lib/server/classes.jsa
7bfe48000-7bff00000 rw-p 00000000 00:00 0 
7bff00000-7bff6c000 rw-p 00aa7000 103:03 2232165                         /usr/lib/jvm/java-11-openjdk-amd64/lib/server/classes.jsa
7bff6c000-7c0000000 rw-p 00000000 00:00 0 
7c0000000-800000000 ---p 00000000 00:00 0 
800000000-800002000 rwxp 00001000 103:03 2232165                         /usr/lib/jvm/java-11-openjdk-amd64/lib/server/classes.jsa
800002000-8003ce000 rw-p 00003000 103:03 2232165                         /usr/lib/jvm/java-11-openjdk-amd64/lib/server/classes.jsa
8003ce000-800aa5000 r--p 003cf000 103:03 2232165                         /usr/lib/jvm/java-11-openjdk-amd64/lib/server/classes.jsa
800aa5000-800aa6000 rw-p 00aa6000 103:03 2232165                         /usr/lib/jvm/java-11-openjdk-amd64/lib/server/classes.jsa
840000000-8400a0000 rw-p 00000000 00:00 0 
8400a0000-880000000 ---p 00000000 00:00 0 
55a153251000-55a153252000 r--p 00000000 103:03 2230722                   /usr/lib/jvm/java-11-openjdk-amd64/bin/java
55a153252000-55a153253000 r-xp 00001000 103:03 2230722                   /usr/lib/jvm/java-11-openjdk-amd64/bin/java
55a153253000-55a153254000 r--p 00002000 103:03 2230722                   /usr/lib/jvm/java-11-openjdk-amd64/bin/java
55a153254000-55a153255000 r--p 00002000 103:03 2230722                   /usr/lib/jvm/java-11-openjdk-amd64/bin/java
55a153255000-55a153256000 rw-p 00003000 103:03 2230722                   /usr/lib/jvm/java-11-openjdk-amd64/bin/java
55a1550d2000-55a1550f3000 rw-p 00000000 00:00 0                          [heap]
7f3b34000000-7f3b34021000 rw-p 00000000 00:00 0 
7f3b34021000-7f3b38000000 ---p 00000000 00:00 0 
7f3b38000000-7f3b38021000 rw-p 00000000 00:00 0 
7f3b38021000-7f3b3c000000 ---p 00000000 00:00 0 
7f3b3c000000-7f3b3c14e000 rw-p 00000000 00:00 0 
7f3b3c14e000-7f3b40000000 ---p 00000000 00:00 0 
7f3b40000000-7f3b40021000 rw-p 00000000 00:00 0 
7f3b40021000-7f3b44000000 ---p 00000000 00:00 0 
7f3b44000000-7f3b44021000 rw-p 00000000 00:00 0 
7f3b44021000-7f3b48000000 ---p 00000000 00:00 0 
7f3b48000000-7f3b48179000 rw-p 00000000 00:00 0 
7f3b48179000-7f3b4c000000 ---p 00000000 00:00 0 
7f3b4c000000-7f3b4c021000 rw-p 00000000 00:00 0 
7f3b4c021000-7f3b50000000 ---p 00000000 00:00 0 
7f3b50000000-7f3b50021000 rw-p 00000000 00:00 0 
7f3b50021000-7f3b54000000 ---p 00000000 00:00 0 
7f3b54000000-7f3b541dc000 rw-p 00000000 00:00 0 
7f3b541dc000-7f3b58000000 ---p 00000000 00:00 0 
7f3b58000000-7f3b58291000 rw-p 00000000 00:00 0 
7f3b58291000-7f3b5c000000 ---p 00000000 00:00 0 
7f3b5c000000-7f3b5c021000 rw-p 00000000 00:00 0 
7f3b5c021000-7f3b60000000 ---p 00000000 00:00 0 
7f3b60000000-7f3b60021000 rw-p 00000000 00:00 0 
7f3b60021000-7f3b64000000 ---p 00000000 00:00 0 
7f3b64000000-7f3b64021000 rw-p 00000000 00:00 0 
7f3b64021000-7f3b68000000 ---p 00000000 00:00 0 
7f3b68000000-7f3b68021000 rw-p 00000000 00:00 0 
7f3b68021000-7f3b6c000000 ---p 00000000 00:00 0 
7f3b6c000000-7f3b6c021000 rw-p 00000000 00:00 0 
7f3b6c021000-7f3b70000000 ---p 00000000 00:00 0 
7f3b70000000-7f3b70021000 rw-p 00000000 00:00 0 
7f3b70021000-7f3b74000000 ---p 00000000 00:00 0 
7f3b75ef5000-7f3b75f67000 rw-p 00000000 00:00 0 
7f3b75f67000-7f3b75f6b000 ---p 00000000 00:00 0 
7f3b75f6b000-7f3b76068000 rw-p 00000000 00:00 0 
7f3b76068000-7f3b76083000 r--p 00000000 103:03 1052772                   /usr/local/lib/libZXing.so.2.1.0
7f3b76083000-7f3b76157000 r-xp 0001b000 103:03 1052772                   /usr/local/lib/libZXing.so.2.1.0
7f3b76157000-7f3b761cd000 r--p 000ef000 103:03 1052772                   /usr/local/lib/libZXing.so.2.1.0
7f3b761cd000-7f3b761ce000 ---p 00165000 103:03 1052772                   /usr/local/lib/libZXing.so.2.1.0
7f3b761ce000-7f3b761d0000 r--p 00165000 103:03 1052772                   /usr/local/lib/libZXing.so.2.1.0
7f3b761d0000-7f3b761d2000 rw-p 00167000 103:03 1052772                   /usr/local/lib/libZXing.so.2.1.0
7f3b761d2000-7f3b761d6000 rw-p 00000000 00:00 0 
7f3b761fd000-7f3b7621b000 r-xp 00000000 103:03 5377553                   /home/eduardo/.cache/JNA/temp/jna4668780398780415705.tmp (deleted)
7f3b7621b000-7f3b7641a000 ---p 0001e000 103:03 5377553                   /home/eduardo/.cache/JNA/temp/jna4668780398780415705.tmp (deleted)
7f3b7641a000-7f3b7641b000 rw-p 0001d000 103:03 5377553                   /home/eduardo/.cache/JNA/temp/jna4668780398780415705.tmp (deleted)
7f3b7641b000-7f3b7641c000 rw-p 00000000 00:00 0 
7f3b7641c000-7f3b76420000 r--p 00000000 103:03 395299                    /usr/lib/x86_64-linux-gnu/libjpeg.so.8.2.2
7f3b76420000-7f3b76464000 r-xp 00004000 103:03 395299                    /usr/lib/x86_64-linux-gnu/libjpeg.so.8.2.2
7f3b76464000-7f3b7649e000 r--p 00048000 103:03 395299                    /usr/lib/x86_64-linux-gnu/libjpeg.so.8.2.2
7f3b7649e000-7f3b7649f000 ---p 00082000 103:03 395299                    /usr/lib/x86_64-linux-gnu/libjpeg.so.8.2.2
7f3b7649f000-7f3b764a0000 r--p 00082000 103:03 395299                    /usr/lib/x86_64-linux-gnu/libjpeg.so.8.2.2
7f3b764a0000-7f3b764a1000 rw-p 00083000 103:03 395299                    /usr/lib/x86_64-linux-gnu/libjpeg.so.8.2.2
7f3b764a6000-7f3b764aa000 ---p 00000000 00:00 0 
7f3b764aa000-7f3b764c8000 rw-p 00000000 00:00 0 
7f3b764c8000-7f3b764ca000 r--p 00000000 103:03 2273413                   /usr/lib/jvm/java-11-openjdk-amd64/lib/libjavajpeg.so
7f3b764ca000-7f3b764d1000 r-xp 00002000 103:03 2273413                   /usr/lib/jvm/java-11-openjdk-amd64/lib/libjavajpeg.so
7f3b764d1000-7f3b764d2000 r--p 00009000 103:03 2273413                   /usr/lib/jvm/java-11-openjdk-amd64/lib/libjavajpeg.so
7f3b764d2000-7f3b764d3000 ---p 0000a000 103:03 2273413                   /usr/lib/jvm/java-11-openjdk-amd64/lib/libjavajpeg.so
7f3b764d3000-7f3b764d4000 r--p 0000a000 103:03 2273413                   /usr/lib/jvm/java-11-openjdk-amd64/lib/libjavajpeg.so
7f3b764d4000-7f3b764d5000 rw-p 0000b000 103:03 2273413                   /usr/lib/jvm/java-11-openjdk-amd64/lib/libjavajpeg.so
7f3b764d5000-7f3b764d9000 ---p 00000000 00:00 0 
7f3b764d9000-7f3b765d6000 rw-p 00000000 00:00 0 
7f3b765d6000-7f3b765da000 ---p 00000000 00:00 0 
7f3b765da000-7f3b766d7000 rw-p 00000000 00:00 0 
7f3b766d7000-7f3b766db000 ---p 00000000 00:00 0 
7f3b766db000-7f3b767d8000 rw-p 00000000 00:00 0 
7f3b767d8000-7f3b767e3000 r--p 00000000 103:03 401372                    /usr/lib/x86_64-linux-gnu/libxcb.so.1.1.0
7f3b767e3000-7f3b767f7000 r-xp 0000b000 103:03 401372                    /usr/lib/x86_64-linux-gnu/libxcb.so.1.1.0
7f3b767f7000-7f3b76800000 r--p 0001f000 103:03 401372                    /usr/lib/x86_64-linux-gnu/libxcb.so.1.1.0
7f3b76800000-7f3b76801000 r--p 00027000 103:03 401372                    /usr/lib/x86_64-linux-gnu/libxcb.so.1.1.0
7f3b76801000-7f3b76802000 rw-p 00028000 103:03 401372                    /usr/lib/x86_64-linux-gnu/libxcb.so.1.1.0
7f3b76802000-7f3b76807000 r-xp 00000000 103:03 400073                    /usr/lib/x86_64-linux-gnu/libXtst.so.6.1.0
7f3b76807000-7f3b76a06000 ---p 00005000 103:03 400073                    /usr/lib/x86_64-linux-gnu/libXtst.so.6.1.0
7f3b76a06000-7f3b76a07000 r--p 00004000 103:03 400073                    /usr/lib/x86_64-linux-gnu/libXtst.so.6.1.0
7f3b76a07000-7f3b76a08000 rw-p 00005000 103:03 400073                    /usr/lib/x86_64-linux-gnu/libXtst.so.6.1.0
7f3b76a08000-7f3b76a11000 r-xp 00000000 103:03 400067                    /usr/lib/x86_64-linux-gnu/libXrender.so.1.3.0
7f3b76a11000-7f3b76c10000 ---p 00009000 103:03 400067                    /usr/lib/x86_64-linux-gnu/libXrender.so.1.3.0
7f3b76c10000-7f3b76c11000 r--p 00008000 103:03 400067                    /usr/lib/x86_64-linux-gnu/libXrender.so.1.3.0
7f3b76c11000-7f3b76c12000 rw-p 00009000 103:03 400067                    /usr/lib/x86_64-linux-gnu/libXrender.so.1.3.0
7f3b76c12000-7f3b76c2a000 r--p 00000000 103:03 397401                    /usr/lib/x86_64-linux-gnu/libX11.so.6.3.0
7f3b76c2a000-7f3b76cb5000 r-xp 00018000 103:03 397401                    /usr/lib/x86_64-linux-gnu/libX11.so.6.3.0
7f3b76cb5000-7f3b76d49000 r--p 000a3000 103:03 397401                    /usr/lib/x86_64-linux-gnu/libX11.so.6.3.0
7f3b76d49000-7f3b76d4a000 ---p 00137000 103:03 397401                    /usr/lib/x86_64-linux-gnu/libX11.so.6.3.0
7f3b76d4a000-7f3b76d4b000 r--p 00137000 103:03 397401                    /usr/lib/x86_64-linux-gnu/libX11.so.6.3.0
7f3b76d4b000-7f3b76d4f000 rw-p 00138000 103:03 397401                    /usr/lib/x86_64-linux-gnu/libX11.so.6.3.0
7f3b76d4f000-7f3b76d5f000 r--p 00000000 103:03 2273354                   /usr/lib/jvm/java-11-openjdk-amd64/lib/libawt_xawt.so
7f3b76d5f000-7f3b76d9f000 r-xp 00010000 103:03 2273354                   /usr/lib/jvm/java-11-openjdk-amd64/lib/libawt_xawt.so
7f3b76d9f000-7f3b76db1000 r--p 00050000 103:03 2273354                   /usr/lib/jvm/java-11-openjdk-amd64/lib/libawt_xawt.so
7f3b76db1000-7f3b76db2000 r--p 00061000 103:03 2273354                   /usr/lib/jvm/java-11-openjdk-amd64/lib/libawt_xawt.so
7f3b76db2000-7f3b76db4000 rw-p 00062000 103:03 2273354                   /usr/lib/jvm/java-11-openjdk-amd64/lib/libawt_xawt.so
7f3b76db4000-7f3b76db6000 rw-p 00000000 00:00 0 
7f3b76db6000-7f3b76de2000 r--p 00000000 103:03 2273402                   /usr/lib/jvm/java-11-openjdk-amd64/lib/libawt.so
7f3b76de2000-7f3b76e4b000 r-xp 0002c000 103:03 2273402                   /usr/lib/jvm/java-11-openjdk-amd64/lib/libawt.so
7f3b76e4b000-7f3b76e57000 r--p 00095000 103:03 2273402                   /usr/lib/jvm/java-11-openjdk-amd64/lib/libawt.so
7f3b76e57000-7f3b76e58000 ---p 000a1000 103:03 2273402                   /usr/lib/jvm/java-11-openjdk-amd64/lib/libawt.so
7f3b76e58000-7f3b76e59000 r--p 000a1000 103:03 2273402                   /usr/lib/jvm/java-11-openjdk-amd64/lib/libawt.so
7f3b76e59000-7f3b76e64000 rw-p 000a2000 103:03 2273402                   /usr/lib/jvm/java-11-openjdk-amd64/lib/libawt.so
7f3b76e64000-7f3b76e89000 rw-p 00000000 00:00 0 
7f3b76e89000-7f3b76e8d000 ---p 00000000 00:00 0 
7f3b76e8d000-7f3b76f8a000 rw-p 00000000 00:00 0 
7f3b76f8a000-7f3b76f8b000 ---p 00000000 00:00 0 
7f3b76f8b000-7f3b7708c000 rw-p 00000000 00:00 0 
7f3b7708c000-7f3b77090000 ---p 00000000 00:00 0 
7f3b77090000-7f3b7718d000 rw-p 00000000 00:00 0 
7f3b7718d000-7f3b77191000 ---p 00000000 00:00 0 
7f3b77191000-7f3b7728e000 rw-p 00000000 00:00 0 
7f3b7728e000-7f3b77800000 r--p 00000000 103:03 394020                    /usr/lib/locale/locale-archive
7f3b77800000-7f3b77cc0000 rw-p 00000000 00:00 0 
7f3b77cc0000-7f3b78000000 ---p 00000000 00:00 0 
7f3b78000000-7f3b78021000 rw-p 00000000 00:00 0 
7f3b78021000-7f3b7c000000 ---p 00000000 00:00 0 
7f3b7c000000-7f3b7c021000 rw-p 00000000 00:00 0 
7f3b7c021000-7f3b80000000 ---p 00000000 00:00 0 
7f3b80000000-7f3b80021000 rw-p 00000000 00:00 0 
7f3b80021000-7f3b84000000 ---p 00000000 00:00 0 
7f3b84001000-7f3b84005000 r--p 00000000 103:03 400198                    /usr/lib/x86_64-linux-gnu/libbsd.so.0.10.0
7f3b84005000-7f3b84014000 r-xp 00004000 103:03 400198                    /usr/lib/x86_64-linux-gnu/libbsd.so.0.10.0
7f3b84014000-7f3b84017000 r--p 00013000 103:03 400198                    /usr/lib/x86_64-linux-gnu/libbsd.so.0.10.0
7f3b84017000-7f3b84018000 ---p 00016000 103:03 400198                    /usr/lib/x86_64-linux-gnu/libbsd.so.0.10.0
7f3b84018000-7f3b84019000 r--p 00016000 103:03 400198                    /usr/lib/x86_64-linux-gnu/libbsd.so.0.10.0
7f3b84019000-7f3b8401a000 rw-p 00017000 103:03 400198                    /usr/lib/x86_64-linux-gnu/libbsd.so.0.10.0
7f3b8401a000-7f3b8401b000 rw-p 00000000 00:00 0 
7f3b8401b000-7f3b8401d000 r--p 00000000 103:03 400055                    /usr/lib/x86_64-linux-gnu/libXi.so.6.1.0
7f3b8401d000-7f3b84028000 r-xp 00002000 103:03 400055                    /usr/lib/x86_64-linux-gnu/libXi.so.6.1.0
7f3b84028000-7f3b8402b000 r--p 0000d000 103:03 400055                    /usr/lib/x86_64-linux-gnu/libXi.so.6.1.0
7f3b8402b000-7f3b8402c000 r--p 0000f000 103:03 400055                    /usr/lib/x86_64-linux-gnu/libXi.so.6.1.0
7f3b8402c000-7f3b8402d000 rw-p 00010000 103:03 400055                    /usr/lib/x86_64-linux-gnu/libXi.so.6.1.0
7f3b8402e000-7f3b84054000 r--p 00000000 103:03 2622352                   /usr/share/locale-langpack/pt_BR/LC_MESSAGES/libc.mo
7f3b84054000-7f3b84085000 rw-p 00000000 00:00 0 
7f3b84085000-7f3b84089000 ---p 00000000 00:00 0 
7f3b84089000-7f3b84186000 rw-p 00000000 00:00 0 
7f3b84186000-7f3b8418a000 ---p 00000000 00:00 0 
7f3b8418a000-7f3b84287000 rw-p 00000000 00:00 0 
7f3b84287000-7f3b8428b000 ---p 00000000 00:00 0 
7f3b8428b000-7f3b84388000 rw-p 00000000 00:00 0 
7f3b84388000-7f3b8438c000 ---p 00000000 00:00 0 
7f3b8438c000-7f3b84489000 rw-p 00000000 00:00 0 
7f3b84489000-7f3b8448d000 ---p 00000000 00:00 0 
7f3b8448d000-7f3b8458a000 rw-p 00000000 00:00 0 
7f3b8458a000-7f3b8458b000 ---p 00000000 00:00 0 
7f3b8458b000-7f3b8470d000 rw-p 00000000 00:00 0 
7f3b8470d000-7f3b8470e000 ---p 00000000 00:00 0 
7f3b8470e000-7f3b8480f000 rw-p 00000000 00:00 0 
7f3b8480f000-7f3b84810000 ---p 00000000 00:00 0 
7f3b84810000-7f3b871ee000 rw-p 00000000 00:00 0 
7f3b871ee000-7f3b89b7e000 ---p 00000000 00:00 0 
7f3b89b7e000-7f3b89b86000 rw-p 00000000 00:00 0 
7f3b89b86000-7f3b8ab86000 ---p 00000000 00:00 0 
7f3b8ab86000-7f3b8af5e000 rw-p 00000000 00:00 0 
7f3b8af5e000-7f3b8d8ee000 ---p 00000000 00:00 0 
7f3b8d8ee000-7f3b8d8f6000 rw-p 00000000 00:00 0 
7f3b8d8f6000-7f3b8e8f6000 ---p 00000000 00:00 0 
7f3b8e8f6000-7f3b8e971000 rw-p 00000000 00:00 0 
7f3b8e971000-7f3b8eea3000 ---p 00000000 00:00 0 
7f3b8eea3000-7f3b8eea4000 rw-p 00000000 00:00 0 
7f3b8eea4000-7f3b8f0a4000 ---p 00000000 00:00 0 
7f3b8f0a4000-7f3b8f11f000 rw-p 00000000 00:00 0 
7f3b8f11f000-7f3b8f651000 ---p 00000000 00:00 0 
7f3b8f651000-7f3b8f652000 rw-p 00000000 00:00 0 
7f3b8f652000-7f3b8f852000 ---p 00000000 00:00 0 
7f3b8f852000-7f3b8f8cd000 rw-p 00000000 00:00 0 
7f3b8f8cd000-7f3b8fdff000 ---p 00000000 00:00 0 
7f3b8fdff000-7f3b8fe00000 rw-p 00000000 00:00 0 
7f3b8fe00000-7f3b90000000 ---p 00000000 00:00 0 
7f3b90000000-7f3b90021000 rw-p 00000000 00:00 0 
7f3b90021000-7f3b94000000 ---p 00000000 00:00 0 
7f3b94006000-7f3b9400a000 r--p 00000000 103:03 400047                    /usr/lib/x86_64-linux-gnu/libXext.so.6.4.0
7f3b9400a000-7f3b94015000 r-xp 00004000 103:03 400047                    /usr/lib/x86_64-linux-gnu/libXext.so.6.4.0
7f3b94015000-7f3b94019000 r--p 0000f000 103:03 400047                    /usr/lib/x86_64-linux-gnu/libXext.so.6.4.0
7f3b94019000-7f3b9401a000 r--p 00012000 103:03 400047                    /usr/lib/x86_64-linux-gnu/libXext.so.6.4.0
7f3b9401a000-7f3b9401b000 rw-p 00013000 103:03 400047                    /usr/lib/x86_64-linux-gnu/libXext.so.6.4.0
7f3b9401b000-7f3b9401f000 r--p 00000000 103:03 2273423                   /usr/lib/jvm/java-11-openjdk-amd64/lib/libnet.so
7f3b9401f000-7f3b9402d000 r-xp 00004000 103:03 2273423                   /usr/lib/jvm/java-11-openjdk-amd64/lib/libnet.so
7f3b9402d000-7f3b94031000 r--p 00012000 103:03 2273423                   /usr/lib/jvm/java-11-openjdk-amd64/lib/libnet.so
7f3b94031000-7f3b94032000 r--p 00015000 103:03 2273423                   /usr/lib/jvm/java-11-openjdk-amd64/lib/libnet.so
7f3b94032000-7f3b94033000 rw-p 00016000 103:03 2273423                   /usr/lib/jvm/java-11-openjdk-amd64/lib/libnet.so
7f3b94033000-7f3b9403a000 r--p 00000000 103:03 2273424                   /usr/lib/jvm/java-11-openjdk-amd64/lib/libnio.so
7f3b9403a000-7f3b94042000 r-xp 00007000 103:03 2273424                   /usr/lib/jvm/java-11-openjdk-amd64/lib/libnio.so
7f3b94042000-7f3b94045000 r--p 0000f000 103:03 2273424                   /usr/lib/jvm/java-11-openjdk-amd64/lib/libnio.so
7f3b94045000-7f3b94046000 r--p 00011000 103:03 2273424                   /usr/lib/jvm/java-11-openjdk-amd64/lib/libnio.so
7f3b94046000-7f3b94047000 rw-p 00012000 103:03 2273424                   /usr/lib/jvm/java-11-openjdk-amd64/lib/libnio.so
7f3b94047000-7f3b943ee000 rw-p 00000000 00:00 0 
7f3b943ee000-7f3b943ef000 ---p 00000000 00:00 0 
7f3b943ef000-7f3b944f0000 rw-p 00000000 00:00 0 
7f3b944f0000-7f3b944f1000 ---p 00000000 00:00 0 
7f3b944f1000-7f3b947f1000 rw-p 00000000 00:00 0 
7f3b947f1000-7f3b94a61000 rwxp 00000000 00:00 0 
7f3b94a61000-7f3b94d82000 ---p 00000000 00:00 0 
7f3b94d82000-7f3b94ff2000 rwxp 00000000 00:00 0 
7f3b94ff2000-7f3b9c2b9000 ---p 00000000 00:00 0 
7f3b9c2b9000-7f3b9c529000 rwxp 00000000 00:00 0 
7f3b9c529000-7f3ba37f1000 ---p 00000000 00:00 0 
7f3ba37f1000-7f3bac000000 r--s 00000000 103:03 2273433                   /usr/lib/jvm/java-11-openjdk-amd64/lib/modules
7f3bac000000-7f3bac3b2000 rw-p 00000000 00:00 0 
7f3bac3b2000-7f3bb0000000 ---p 00000000 00:00 0 
7f3bb0009000-7f3bb0010000 r--s 00000000 103:03 931822                    /usr/lib/x86_64-linux-gnu/gconv/gconv-modules.cache
7f3bb0010000-7f3bb0738000 rw-p 00000000 00:00 0 
7f3bb0738000-7f3bb0739000 ---p 00000000 00:00 0 
7f3bb0739000-7f3bb083f000 rw-p 00000000 00:00 0 
7f3bb083f000-7f3bb0925000 ---p 00000000 00:00 0 
7f3bb0925000-7f3bb092a000 rw-p 00000000 00:00 0 
7f3bb092a000-7f3bb0a10000 ---p 00000000 00:00 0 
7f3bb0a10000-7f3bb0a13000 r--p 00000000 103:03 394907                    /usr/lib/x86_64-linux-gnu/libnss_files-2.31.so
7f3bb0a13000-7f3bb0a1a000 r-xp 00003000 103:03 394907                    /usr/lib/x86_64-linux-gnu/libnss_files-2.31.so
7f3bb0a1a000-7f3bb0a1c000 r--p 0000a000 103:03 394907                    /usr/lib/x86_64-linux-gnu/libnss_files-2.31.so
7f3bb0a1c000-7f3bb0a1d000 r--p 0000b000 103:03 394907                    /usr/lib/x86_64-linux-gnu/libnss_files-2.31.so
7f3bb0a1d000-7f3bb0a1e000 rw-p 0000c000 103:03 394907                    /usr/lib/x86_64-linux-gnu/libnss_files-2.31.so
7f3bb0a1e000-7f3bb0a24000 rw-p 00000000 00:00 0 
7f3bb0a26000-7f3bb0a28000 r--p 00000000 103:03 400045                    /usr/lib/x86_64-linux-gnu/libXdmcp.so.6.0.0
7f3bb0a28000-7f3bb0a2a000 r-xp 00002000 103:03 400045                    /usr/lib/x86_64-linux-gnu/libXdmcp.so.6.0.0
7f3bb0a2a000-7f3bb0a2c000 r--p 00004000 103:03 400045                    /usr/lib/x86_64-linux-gnu/libXdmcp.so.6.0.0
7f3bb0a2c000-7f3bb0a2d000 r--p 00005000 103:03 400045                    /usr/lib/x86_64-linux-gnu/libXdmcp.so.6.0.0
7f3bb0a2d000-7f3bb0a2e000 rw-p 00006000 103:03 400045                    /usr/lib/x86_64-linux-gnu/libXdmcp.so.6.0.0
7f3bb0a2e000-7f3bb0a2f000 r--p 00000000 103:03 400034                    /usr/lib/x86_64-linux-gnu/libXau.so.6.0.0
7f3bb0a2f000-7f3bb0a31000 r-xp 00001000 103:03 400034                    /usr/lib/x86_64-linux-gnu/libXau.so.6.0.0
7f3bb0a31000-7f3bb0a32000 r--p 00003000 103:03 400034                    /usr/lib/x86_64-linux-gnu/libXau.so.6.0.0
7f3bb0a32000-7f3bb0a33000 r--p 00003000 103:03 400034                    /usr/lib/x86_64-linux-gnu/libXau.so.6.0.0
7f3bb0a33000-7f3bb0a34000 rw-p 00004000 103:03 400034                    /usr/lib/x86_64-linux-gnu/libXau.so.6.0.0
7f3bb0a34000-7f3bb0a39000 rw-p 00000000 00:00 0 
7f3bb0a39000-7f3bb0a40000 ---p 00000000 00:00 0 
7f3bb0a40000-7f3bb0a42000 r--p 00000000 103:03 2273432                   /usr/lib/jvm/java-11-openjdk-amd64/lib/libzip.so
7f3bb0a42000-7f3bb0a47000 r-xp 00002000 103:03 2273432                   /usr/lib/jvm/java-11-openjdk-amd64/lib/libzip.so
7f3bb0a47000-7f3bb0a49000 r--p 00007000 103:03 2273432                   /usr/lib/jvm/java-11-openjdk-amd64/lib/libzip.so
7f3bb0a49000-7f3bb0a4a000 r--p 00008000 103:03 2273432                   /usr/lib/jvm/java-11-openjdk-amd64/lib/libzip.so
7f3bb0a4a000-7f3bb0a4b000 rw-p 00009000 103:03 2273432                   /usr/lib/jvm/java-11-openjdk-amd64/lib/libzip.so
7f3bb0a4b000-7f3bb0a59000 r--p 00000000 103:03 2273412                   /usr/lib/jvm/java-11-openjdk-amd64/lib/libjava.so
7f3bb0a59000-7f3bb0a6f000 r-xp 0000e000 103:03 2273412                   /usr/lib/jvm/java-11-openjdk-amd64/lib/libjava.so
7f3bb0a6f000-7f3bb0a76000 r--p 00024000 103:03 2273412                   /usr/lib/jvm/java-11-openjdk-amd64/lib/libjava.so
7f3bb0a76000-7f3bb0a77000 r--p 0002a000 103:03 2273412                   /usr/lib/jvm/java-11-openjdk-amd64/lib/libjava.so
7f3bb0a77000-7f3bb0a78000 rw-p 0002b000 103:03 2273412                   /usr/lib/jvm/java-11-openjdk-amd64/lib/libjava.so
7f3bb0a78000-7f3bb0a79000 rw-p 00000000 00:00 0 
7f3bb0a79000-7f3bb0a7b000 r--p 00000000 103:03 395360                    /usr/lib/x86_64-linux-gnu/librt-2.31.so
7f3bb0a7b000-7f3bb0a7f000 r-xp 00002000 103:03 395360                    /usr/lib/x86_64-linux-gnu/librt-2.31.so
7f3bb0a7f000-7f3bb0a81000 r--p 00006000 103:03 395360                    /usr/lib/x86_64-linux-gnu/librt-2.31.so
7f3bb0a81000-7f3bb0a82000 r--p 00007000 103:03 395360                    /usr/lib/x86_64-linux-gnu/librt-2.31.so
7f3bb0a82000-7f3bb0a83000 rw-p 00008000 103:03 395360                    /usr/lib/x86_64-linux-gnu/librt-2.31.so
7f3bb0a83000-7f3bb0a87000 ---p 00000000 00:00 0 
7f3bb0a87000-7f3bb0b84000 rw-p 00000000 00:00 0 
7f3bb0b84000-7f3bb0b87000 r--p 00000000 103:03 395513                    /usr/lib/x86_64-linux-gnu/libgcc_s.so.1
7f3bb0b87000-7f3bb0b99000 r-xp 00003000 103:03 395513                    /usr/lib/x86_64-linux-gnu/libgcc_s.so.1
7f3bb0b99000-7f3bb0b9d000 r--p 00015000 103:03 395513                    /usr/lib/x86_64-linux-gnu/libgcc_s.so.1
7f3bb0b9d000-7f3bb0b9e000 r--p 00018000 103:03 395513                    /usr/lib/x86_64-linux-gnu/libgcc_s.so.1
7f3bb0b9e000-7f3bb0b9f000 rw-p 00019000 103:03 395513                    /usr/lib/x86_64-linux-gnu/libgcc_s.so.1
7f3bb0b9f000-7f3bb0bac000 r--p 00000000 103:03 393842                    /usr/lib/x86_64-linux-gnu/libm-2.31.so
7f3bb0bac000-7f3bb0c53000 r-xp 0000d000 103:03 393842                    /usr/lib/x86_64-linux-gnu/libm-2.31.so
7f3bb0c53000-7f3bb0cec000 r--p 000b4000 103:03 393842                    /usr/lib/x86_64-linux-gnu/libm-2.31.so
7f3bb0cec000-7f3bb0ced000 r--p 0014c000 103:03 393842                    /usr/lib/x86_64-linux-gnu/libm-2.31.so
7f3bb0ced000-7f3bb0cee000 rw-p 0014d000 103:03 393842                    /usr/lib/x86_64-linux-gnu/libm-2.31.so
7f3bb0cee000-7f3bb0d84000 r--p 00000000 103:03 394152                    /usr/lib/x86_64-linux-gnu/libstdc++.so.6.0.28
7f3bb0d84000-7f3bb0e75000 r-xp 00096000 103:03 394152                    /usr/lib/x86_64-linux-gnu/libstdc++.so.6.0.28
7f3bb0e75000-7f3bb0ebe000 r--p 00187000 103:03 394152                    /usr/lib/x86_64-linux-gnu/libstdc++.so.6.0.28
7f3bb0ebe000-7f3bb0ebf000 ---p 001d0000 103:03 394152                    /usr/lib/x86_64-linux-gnu/libstdc++.so.6.0.28
7f3bb0ebf000-7f3bb0eca000 r--p 001d0000 103:03 394152                    /usr/lib/x86_64-linux-gnu/libstdc++.so.6.0.28
7f3bb0eca000-7f3bb0ecd000 rw-p 001db000 103:03 394152                    /usr/lib/x86_64-linux-gnu/libstdc++.so.6.0.28
7f3bb0ecd000-7f3bb0ed0000 rw-p 00000000 00:00 0 
7f3bb0ed0000-7f3bb1152000 r--p 00000000 103:03 2273436                   /usr/lib/jvm/java-11-openjdk-amd64/lib/server/libjvm.so
7f3bb1152000-7f3bb1de3000 r-xp 00282000 103:03 2273436                   /usr/lib/jvm/java-11-openjdk-amd64/lib/server/libjvm.so
7f3bb1de3000-7f3bb2042000 r--p 00f13000 103:03 2273436                   /usr/lib/jvm/java-11-openjdk-amd64/lib/server/libjvm.so
7f3bb2042000-7f3bb2106000 r--p 01171000 103:03 2273436                   /usr/lib/jvm/java-11-openjdk-amd64/lib/server/libjvm.so
7f3bb2106000-7f3bb2141000 rw-p 01235000 103:03 2273436                   /usr/lib/jvm/java-11-openjdk-amd64/lib/server/libjvm.so
7f3bb2141000-7f3bb219a000 rw-p 00000000 00:00 0 
7f3bb219a000-7f3bb21bc000 r--p 00000000 103:03 393319                    /usr/lib/x86_64-linux-gnu/libc-2.31.so
7f3bb21bc000-7f3bb2334000 r-xp 00022000 103:03 393319                    /usr/lib/x86_64-linux-gnu/libc-2.31.so
7f3bb2334000-7f3bb2382000 r--p 0019a000 103:03 393319                    /usr/lib/x86_64-linux-gnu/libc-2.31.so
7f3bb2382000-7f3bb2386000 r--p 001e7000 103:03 393319                    /usr/lib/x86_64-linux-gnu/libc-2.31.so
7f3bb2386000-7f3bb2388000 rw-p 001eb000 103:03 393319                    /usr/lib/x86_64-linux-gnu/libc-2.31.so
7f3bb2388000-7f3bb238c000 rw-p 00000000 00:00 0 
7f3bb238c000-7f3bb238d000 r--p 00000000 103:03 393432                    /usr/lib/x86_64-linux-gnu/libdl-2.31.so
7f3bb238d000-7f3bb238f000 r-xp 00001000 103:03 393432                    /usr/lib/x86_64-linux-gnu/libdl-2.31.so
7f3bb238f000-7f3bb2390000 r--p 00003000 103:03 393432                    /usr/lib/x86_64-linux-gnu/libdl-2.31.so
7f3bb2390000-7f3bb2391000 r--p 00003000 103:03 393432                    /usr/lib/x86_64-linux-gnu/libdl-2.31.so
7f3bb2391000-7f3bb2392000 rw-p 00004000 103:03 393432                    /usr/lib/x86_64-linux-gnu/libdl-2.31.so
7f3bb2392000-7f3bb2395000 r--p 00000000 103:03 2273397                   /usr/lib/jvm/java-11-openjdk-amd64/lib/jli/libjli.so
7f3bb2395000-7f3bb239f000 r-xp 00003000 103:03 2273397                   /usr/lib/jvm/java-11-openjdk-amd64/lib/jli/libjli.so
7f3bb239f000-7f3bb23a2000 r--p 0000d000 103:03 2273397                   /usr/lib/jvm/java-11-openjdk-amd64/lib/jli/libjli.so
7f3bb23a2000-7f3bb23a3000 ---p 00010000 103:03 2273397                   /usr/lib/jvm/java-11-openjdk-amd64/lib/jli/libjli.so
7f3bb23a3000-7f3bb23a4000 r--p 00010000 103:03 2273397                   /usr/lib/jvm/java-11-openjdk-amd64/lib/jli/libjli.so
7f3bb23a4000-7f3bb23a5000 rw-p 00011000 103:03 2273397                   /usr/lib/jvm/java-11-openjdk-amd64/lib/jli/libjli.so
7f3bb23a5000-7f3bb23ab000 r--p 00000000 103:03 395358                    /usr/lib/x86_64-linux-gnu/libpthread-2.31.so
7f3bb23ab000-7f3bb23bc000 r-xp 00006000 103:03 395358                    /usr/lib/x86_64-linux-gnu/libpthread-2.31.so
7f3bb23bc000-7f3bb23c2000 r--p 00017000 103:03 395358                    /usr/lib/x86_64-linux-gnu/libpthread-2.31.so
7f3bb23c2000-7f3bb23c3000 r--p 0001c000 103:03 395358                    /usr/lib/x86_64-linux-gnu/libpthread-2.31.so
7f3bb23c3000-7f3bb23c4000 rw-p 0001d000 103:03 395358                    /usr/lib/x86_64-linux-gnu/libpthread-2.31.so
7f3bb23c4000-7f3bb23c8000 rw-p 00000000 00:00 0 
7f3bb23c8000-7f3bb23ca000 r--p 00000000 103:03 393419                    /usr/lib/x86_64-linux-gnu/libz.so.1.2.11
7f3bb23ca000-7f3bb23db000 r-xp 00002000 103:03 393419                    /usr/lib/x86_64-linux-gnu/libz.so.1.2.11
7f3bb23db000-7f3bb23e1000 r--p 00013000 103:03 393419                    /usr/lib/x86_64-linux-gnu/libz.so.1.2.11
7f3bb23e1000-7f3bb23e2000 ---p 00019000 103:03 393419                    /usr/lib/x86_64-linux-gnu/libz.so.1.2.11
7f3bb23e2000-7f3bb23e3000 r--p 00019000 103:03 393419                    /usr/lib/x86_64-linux-gnu/libz.so.1.2.11
7f3bb23e3000-7f3bb23e4000 rw-p 0001a000 103:03 393419                    /usr/lib/x86_64-linux-gnu/libz.so.1.2.11
7f3bb23e6000-7f3bb23ee000 rw-s 00000000 103:03 12714068                  /tmp/hsperfdata_eduardo/118998
7f3bb23ee000-7f3bb23ef000 ---p 00000000 00:00 0 
7f3bb23ef000-7f3bb23f0000 r--p 00000000 00:00 0 
7f3bb23f0000-7f3bb23f2000 r--p 00000000 103:03 2273415                   /usr/lib/jvm/java-11-openjdk-amd64/lib/libjimage.so
7f3bb23f2000-7f3bb23f5000 r-xp 00002000 103:03 2273415                   /usr/lib/jvm/java-11-openjdk-amd64/lib/libjimage.so
7f3bb23f5000-7f3bb23f6000 r--p 00005000 103:03 2273415                   /usr/lib/jvm/java-11-openjdk-amd64/lib/libjimage.so
7f3bb23f6000-7f3bb23f7000 ---p 00006000 103:03 2273415                   /usr/lib/jvm/java-11-openjdk-amd64/lib/libjimage.so
7f3bb23f7000-7f3bb23f8000 r--p 00006000 103:03 2273415                   /usr/lib/jvm/java-11-openjdk-amd64/lib/libjimage.so
7f3bb23f8000-7f3bb23f9000 rw-p 00007000 103:03 2273415                   /usr/lib/jvm/java-11-openjdk-amd64/lib/libjimage.so
7f3bb23f9000-7f3bb23fe000 r--p 00000000 103:03 2273431                   /usr/lib/jvm/java-11-openjdk-amd64/lib/libverify.so
7f3bb23fe000-7f3bb2405000 r-xp 00005000 103:03 2273431                   /usr/lib/jvm/java-11-openjdk-amd64/lib/libverify.so
7f3bb2405000-7f3bb2407000 r--p 0000c000 103:03 2273431                   /usr/lib/jvm/java-11-openjdk-amd64/lib/libverify.so
7f3bb2407000-7f3bb2408000 ---p 0000e000 103:03 2273431                   /usr/lib/jvm/java-11-openjdk-amd64/lib/libverify.so
7f3bb2408000-7f3bb240a000 r--p 0000e000 103:03 2273431                   /usr/lib/jvm/java-11-openjdk-amd64/lib/libverify.so
7f3bb240a000-7f3bb240b000 rw-p 00010000 103:03 2273431                   /usr/lib/jvm/java-11-openjdk-amd64/lib/libverify.so
7f3bb240b000-7f3bb240d000 rw-p 00000000 00:00 0 
7f3bb240d000-7f3bb240e000 r--p 00000000 103:03 393292                    /usr/lib/x86_64-linux-gnu/ld-2.31.so
7f3bb240e000-7f3bb2431000 r-xp 00001000 103:03 393292                    /usr/lib/x86_64-linux-gnu/ld-2.31.so
7f3bb2431000-7f3bb2439000 r--p 00024000 103:03 393292                    /usr/lib/x86_64-linux-gnu/ld-2.31.so
7f3bb243a000-7f3bb243b000 r--p 0002c000 103:03 393292                    /usr/lib/x86_64-linux-gnu/ld-2.31.so
7f3bb243b000-7f3bb243c000 rw-p 0002d000 103:03 393292                    /usr/lib/x86_64-linux-gnu/ld-2.31.so
7f3bb243c000-7f3bb243d000 rw-p 00000000 00:00 0 
7fff1869b000-7fff186bc000 rw-p 00000000 00:00 0                          [stack]
7fff186de000-7fff186e2000 r--p 00000000 00:00 0                          [vvar]
7fff186e2000-7fff186e4000 r-xp 00000000 00:00 0                          [vdso]
ffffffffff600000-ffffffffff601000 --xp 00000000 00:00 0                  [vsyscall]


VM Arguments:
jvm_args: -Dfile.encoding=UTF-8 
java_command: loadCplus.ZXingBarcodeReader
java_class_path (initial): /home/eduardo/Documentos/Workspaces/Projetos/loadCplus/target/classes:/home/eduardo/.m2/repository/net/java/dev/jna/jna/5.13.0/jna-5.13.0.jar
Launcher Type: SUN_STANDARD

[Global flags]
     intx CICompilerCount                          = 4                                         {product} {ergonomic}
     uint ConcGCThreads                            = 2                                         {product} {ergonomic}
     uint G1ConcRefinementThreads                  = 8                                         {product} {ergonomic}
   size_t G1HeapRegionSize                         = 1048576                                   {product} {ergonomic}
    uintx GCDrainStackTargetSize                   = 64                                        {product} {ergonomic}
   size_t InitialHeapSize                          = 257949696                                 {product} {ergonomic}
   size_t MarkStackSize                            = 4194304                                   {product} {ergonomic}
   size_t MaxHeapSize                              = 4123000832                                {product} {ergonomic}
   size_t MaxNewSize                               = 2473590784                                {product} {ergonomic}
   size_t MinHeapDeltaBytes                        = 1048576                                   {product} {ergonomic}
    uintx NonNMethodCodeHeapSize                   = 5836300                                {pd product} {ergonomic}
    uintx NonProfiledCodeHeapSize                  = 122910970                              {pd product} {ergonomic}
    uintx ProfiledCodeHeapSize                     = 122910970                              {pd product} {ergonomic}
    uintx ReservedCodeCacheSize                    = 251658240                              {pd product} {ergonomic}
     bool SegmentedCodeCache                       = true                                      {product} {ergonomic}
     bool UseCompressedClassPointers               = true                                 {lp64_product} {ergonomic}
     bool UseCompressedOops                        = true                                 {lp64_product} {ergonomic}
     bool UseG1GC                                  = true                                      {product} {ergonomic}

Logging:
Log output configuration:
 #0: stdout all=warning uptime,level,tags
 #1: stderr all=off uptime,level,tags

Environment Variables:
JAVA_HOME=/usr/lib/jvm/java-11-openjdk-amd64/
JRE_HOME=/usr/lib/jvm/java-11-openjdk-amd64/bin/java/jre/
PATH=/home/eduardo/.local/bin:/usr/lib/jvm/jdk1.8.0_202/bin:/usr/local/sbin:/usr/local/bin:/usr/sbin:/usr/bin:/sbin:/bin:/usr/games:/usr/local/games:/snap/bin/usr/lib/jvm/jdk1.8.0_202/bin:/usr/lib/jvm/jdk1.8.0_202/db/bin:/usr/lib/jvm/jdk1.8.0_202/jre/bin:/snap/bin:/usr/lib/jvm/java-11-openjdk-amd64/bin
USERNAME=eduardo
SHELL=/usr/bin/zsh
DISPLAY=:0
LANG=pt_BR.UTF-8

Signal Handlers:
SIGSEGV: [libjvm.so+0xea02e0], sa_mask[0]=11111111011111111101111111111110, sa_flags=SA_RESTART|SA_SIGINFO
SIGBUS: [libjvm.so+0xea02e0], sa_mask[0]=11111111011111111101111111111110, sa_flags=SA_RESTART|SA_SIGINFO
SIGFPE: [libjvm.so+0xea02e0], sa_mask[0]=11111111011111111101111111111110, sa_flags=SA_RESTART|SA_SIGINFO
SIGPIPE: [libjvm.so+0xbe5be0], sa_mask[0]=11111111011111111101111111111110, sa_flags=SA_RESTART|SA_SIGINFO
SIGXFSZ: [libjvm.so+0xbe5be0], sa_mask[0]=11111111011111111101111111111110, sa_flags=SA_RESTART|SA_SIGINFO
SIGILL: [libjvm.so+0xea02e0], sa_mask[0]=11111111011111111101111111111110, sa_flags=SA_RESTART|SA_SIGINFO
SIGUSR2: [libjvm.so+0xbe5a80], sa_mask[0]=00100000000000000000000000000000, sa_flags=SA_RESTART|SA_SIGINFO
SIGHUP: [libjvm.so+0xbe6130], sa_mask[0]=11111111011111111101111111111110, sa_flags=SA_RESTART|SA_SIGINFO
SIGINT: [libjvm.so+0xbe6130], sa_mask[0]=11111111011111111101111111111110, sa_flags=SA_RESTART|SA_SIGINFO
SIGTERM: [libjvm.so+0xbe6130], sa_mask[0]=11111111011111111101111111111110, sa_flags=SA_RESTART|SA_SIGINFO
SIGQUIT: [libjvm.so+0xbe6130], sa_mask[0]=11111111011111111101111111111110, sa_flags=SA_RESTART|SA_SIGINFO


---------------  S Y S T E M  ---------------

OS:DISTRIB_ID=Ubuntu
DISTRIB_RELEASE=20.04
DISTRIB_CODENAME=focal
DISTRIB_DESCRIPTION="Ubuntu 20.04.6 LTS"
uname:Linux 5.15.0-87-generic #97~20.04.1-Ubuntu SMP Thu Oct 5 08:25:28 UTC 2023 x86_64
OS uptime: 0 days 9:49 hours
libc:glibc 2.31 NPTL 2.31 
rlimit (soft/hard): STACK 8192k/infinity , CORE 0k/infinity , NPROC 62439/62439 , NOFILE 1048576/1048576 , AS infinity/infinity , CPU infinity/infinity , DATA infinity/infinity , FSIZE infinity/infinity , MEMLOCK 65536k/65536k
load average:1,69 2,17 1,94

/proc/meminfo:
MemTotal:       16102516 kB
MemFree:         2357760 kB
MemAvailable:    6219716 kB
Buffers:          210152 kB
Cached:          5645760 kB
SwapCached:       233160 kB
Active:          3377716 kB
Inactive:        8375012 kB
Active(anon):    1688776 kB
Inactive(anon):  6044240 kB
Active(file):    1688940 kB
Inactive(file):  2330772 kB
Unevictable:     1203696 kB
Mlocked:             160 kB
SwapTotal:      10485752 kB
SwapFree:        7671800 kB
Dirty:              9532 kB
Writeback:             0 kB
AnonPages:       6996008 kB
Mapped:          1530808 kB
Shmem:           1842912 kB
KReclaimable:     184804 kB
Slab:             433044 kB
SReclaimable:     184804 kB
SUnreclaim:       248240 kB
KernelStack:       38112 kB
PageTables:       113000 kB
NFS_Unstable:          0 kB
Bounce:                0 kB
WritebackTmp:          0 kB
CommitLimit:    18537008 kB
Committed_AS:   29956004 kB
VmallocTotal:   34359738367 kB
VmallocUsed:       76212 kB
VmallocChunk:          0 kB
Percpu:            11584 kB
HardwareCorrupted:     0 kB
AnonHugePages:         0 kB
ShmemHugePages:        0 kB
ShmemPmdMapped:        0 kB
FileHugePages:         0 kB
FilePmdMapped:         0 kB
HugePages_Total:       0
HugePages_Free:        0
HugePages_Rsvd:        0
HugePages_Surp:        0
Hugepagesize:       2048 kB
Hugetlb:               0 kB
DirectMap4k:      726188 kB
DirectMap2M:    15779840 kB
DirectMap1G:     1048576 kB

/sys/kernel/mm/transparent_hugepage/enabled:
always [madvise] never
/sys/kernel/mm/transparent_hugepage/defrag (defrag/compaction efforts parameter):
always defer defer+madvise [madvise] never

Process Memory:
Virtual Size: 7122916K (peak: 15535056K)
Resident Set Size: 65612K (peak: 66028K) (anon: 35124K, file: 30488K, shmem: 0K)
Swapped out: 0K
C-Heap outstanding allocations: 26688K, retained: 3915K
glibc malloc tunables: (default)

/proc/sys/kernel/threads-max (system-wide limit on the number of threads):
124879
/proc/sys/vm/max_map_count (maximum number of memory map areas a process may have):
65530
/proc/sys/kernel/pid_max (system-wide limit on number of process identifiers):
4194304

container (cgroup) information:
container_type: cgroupv1
cpu_cpuset_cpus: 0-7
cpu_memory_nodes: 0
active_processor_count: 8
cpu_quota: no quota
cpu_period: 100000
cpu_shares: no shares
memory_limit_in_bytes: unlimited
memory_and_swap_limit_in_bytes: unlimited
memory_soft_limit_in_bytes: unlimited
memory_usage_in_bytes: 12030340 k
memory_max_usage_in_bytes: 15207036 k
kernel_memory_usage_in_bytes: 319160 k
kernel_memory_max_usage_in_bytes: unlimited
kernel_memory_limit_in_bytes: 405272 k
maximum number of tasks: unlimited
current number of tasks: 1920

Steal ticks since vm start: 0
Steal ticks percentage since vm start:  0,000

CPU:total 8 (initial active 8) (4 cores per cpu, 2 threads per core) family 6 model 140 stepping 1 microcode 0xac, cmov, cx8, fxsr, mmx, sse, sse2, sse3, ssse3, sse4.1, sse4.2, popcnt, avx, avx2, aes, clmul, erms, 3dnowpref, lzcnt, ht, tsc, tscinvbit, bmi1, bmi2, adx, evex, sha, fma
CPU Model and flags from /proc/cpuinfo:
model name	: 11th Gen Intel(R) Core(TM) i7-1165G7 @ 2.80GHz
flags		: fpu vme de pse tsc msr pae mce cx8 apic sep mtrr pge mca cmov pat pse36 clflush dts acpi mmx fxsr sse sse2 ss ht tm pbe syscall nx pdpe1gb rdtscp lm constant_tsc art arch_perfmon pebs bts rep_good nopl xtopology nonstop_tsc cpuid aperfmperf tsc_known_freq pni pclmulqdq dtes64 monitor ds_cpl vmx est tm2 ssse3 sdbg fma cx16 xtpr pdcm pcid sse4_1 sse4_2 x2apic movbe popcnt tsc_deadline_timer aes xsave avx f16c rdrand lahf_lm abm 3dnowprefetch cpuid_fault epb cat_l2 invpcid_single cdp_l2 ssbd ibrs ibpb stibp ibrs_enhanced tpr_shadow vnmi flexpriority ept vpid ept_ad fsgsbase tsc_adjust bmi1 avx2 smep bmi2 erms invpcid rdt_a avx512f avx512dq rdseed adx smap avx512ifma clflushopt clwb intel_pt avx512cd sha_ni avx512bw avx512vl xsaveopt xsavec xgetbv1 xsaves split_lock_detect dtherm ida arat pln pts hwp hwp_notify hwp_act_window hwp_epp hwp_pkg_req avx512vbmi umip pku ospke avx512_vbmi2 gfni vaes vpclmulqdq avx512_vnni avx512_bitalg avx512_vpopcntdq rdpid movdiri movdir64b fsrm avx512_vp2intersect md_clear flush_l1d arch_capabilities
Online cpus:
0-7
Offline cpus:

BIOS frequency limitation:
<Not Available>
Frequency switch latency (ns):
0
Available cpu frequencies:
<Not Available>
Current governor:
powersave
Core performance/turbo boost:
<Not Available>

Memory: 4k page, physical 16102516k(2357760k free), swap 10485752k(7671800k free)

vm_info: OpenJDK 64-Bit Server VM (11.0.20.1+1-post-Ubuntu-0ubuntu120.04) for linux-amd64 JRE (11.0.20.1+1-post-Ubuntu-0ubuntu120.04), built on Aug 24 2023 23:12:13 by "unknown" with gcc 9.4.0

END.
