#
# A fatal error has been detected by the Java Runtime Environment:
#
#  SIGSEGV (0xb) at pc=0x00007f642e4cc2c3, pid=110736, tid=110741
#
# JRE version: OpenJDK Runtime Environment (11.0.20.1+1) (build 11.0.20.1+1-post-Ubuntu-0ubuntu120.04)
# Java VM: OpenJDK 64-Bit Server VM (11.0.20.1+1-post-Ubuntu-0ubuntu120.04, mixed mode, sharing, tiered, compressed oops, g1 gc, linux-amd64)
# Problematic frame:
# C  [libZXing.so+0x542c3]  ZXing::SetupLumImageView(ZXing::ImageView, ZXing::LumImage&, ZXing::DecodeHints const&)+0x983
#
# Core dump will be written. Default location: Core dumps may be processed with "/usr/share/apport/apport -p%p -s%s -c%c -d%d -P%P -u%u -g%g -- %E" (or dumping to /home/eduardo/Documentos/Workspaces/Projetos/loadCplus/core.110736)
#
# If you would like to submit a bug report, please visit:
#   https://bugs.launchpad.net/ubuntu/+source/openjdk-lts
# The crash happened outside the Java Virtual Machine in native code.
# See problematic frame for where to report the bug.
#

---------------  S U M M A R Y ------------

Command Line: -Dfile.encoding=UTF-8 loadCplus.ZXingBarcodeReader

Host: 11th Gen Intel(R) Core(TM) i7-1165G7 @ 2.80GHz, 8 cores, 15G, Ubuntu 20.04.6 LTS
Time: Tue Oct 24 17:26:43 2023 -03 elapsed time: 0.304290 seconds (0d 0h 0m 0s)

---------------  T H R E A D  ---------------

Current thread (0x00007f646c016800):  JavaThread "main" [_thread_in_native, id=110741, stack(0x00007f6470e93000,0x00007f6470f94000)]

Stack: [0x00007f6470e93000,0x00007f6470f94000],  sp=0x00007f6470f91910,  free space=1018k
Native frames: (J=compiled Java code, A=aot compiled Java code, j=interpreted, Vv=VM code, C=native code)
C  [libZXing.so+0x542c3]  ZXing::SetupLumImageView(ZXing::ImageView, ZXing::LumImage&, ZXing::DecodeHints const&)+0x983

Java frames: (J=compiled Java code, j=interpreted, Vv=VM code)
j  com.sun.jna.Native.invokePointer(Lcom/sun/jna/Function;JI[Ljava/lang/Object;)J+0
j  com.sun.jna.Function.invokePointer(I[Ljava/lang/Object;)Lcom/sun/jna/Pointer;+7
j  com.sun.jna.Function.invoke([Ljava/lang/Object;Ljava/lang/Class;ZI)Ljava/lang/Object;+520
j  com.sun.jna.Function.invoke(Ljava/lang/reflect/Method;[Ljava/lang/Class;Ljava/lang/Class;[Ljava/lang/Object;Ljava/util/Map;)Ljava/lang/Object;+271
j  com.sun.jna.Library$Handler.invoke(Ljava/lang/Object;Ljava/lang/reflect/Method;[Ljava/lang/Object;)Ljava/lang/Object;+390
j  com.sun.proxy.$Proxy0.JavaReadBarcodes([BIII[Ljava/lang/String;)[Ljava/lang/String;+43
j  loadCplus.ZXingBarcodeReader.main([Ljava/lang/String;)V+59
v  ~StubRoutines::call_stub

siginfo: si_signo: 11 (SIGSEGV), si_code: 1 (SEGV_MAPERR), si_addr: 0x00007f647284d001

Register to memory mapping:

RAX=0x00007f647284d001 is an unknown value
RBX=0x0000000000000002 is an unknown value
RCX=0x0 is NULL
RDX=0x00007f642e306565 points into unknown readable memory: 00 00 00
RSP=0x00007f6470f91910 is pointing into the stack for thread: 0x00007f646c016800
RBP=0x00007f647284c842 points into unknown readable memory: 00 00 00 00 00 00
RSI=0x00007f647284d001 is an unknown value
RDI=0x00007f642e3065f0 points into unknown readable memory: 0x0000000000000000 | 00 00 00 00 00 00 00 00
R8 =0x0000000000000006 is an unknown value
R9 =0xfffffffffffffce0 is an unknown value
R10=0x0000000000000003 is an unknown value
R11=0x0 is NULL
R12=0x0 is NULL
R13=0x0000000000000001 is an unknown value
R14=0x0000000000000320 is an unknown value
R15=0x0000000000000960 is an unknown value


Registers:
RAX=0x00007f647284d001, RBX=0x0000000000000002, RCX=0x0000000000000000, RDX=0x00007f642e306565
RSP=0x00007f6470f91910, RBP=0x00007f647284c842, RSI=0x00007f647284d001, RDI=0x00007f642e3065f0
R8 =0x0000000000000006, R9 =0xfffffffffffffce0, R10=0x0000000000000003, R11=0x0000000000000000
R12=0x0000000000000000, R13=0x0000000000000001, R14=0x0000000000000320, R15=0x0000000000000960
RIP=0x00007f642e4cc2c3, EFLAGS=0x0000000000010283, CSGSFS=0x002b000000000033, ERR=0x0000000000000004
  TRAPNO=0x000000000000000e

Top of Stack: (sp=0x00007f6470f91910)
0x00007f6470f91910:   0000000000000000 00007f6470f91a80
0x00007f6470f91920:   00007f642e305010 0000032000000243
0x00007f6470f91930:   00007f6470f91ac0 0000000000000000
0x00007f6470f91940:   cafebabe00000001 0000000000000000 

Instructions: (pc=0x00007f642e4cc2c3)
0x00007f642e4cc1c3:   80 00 00 00 00 48 8b 44 24 30 41 83 c3 01 48 03
0x00007f642e4cc1d3:   54 24 28 48 8d 7c 07 01 44 39 5c 24 18 0f 85 ca
0x00007f642e4cc1e3:   f9 ff ff 4c 8b 74 24 58 48 8b 44 24 10 8b 5c 24
0x00007f642e4cc1f3:   18 41 89 4e 0c 49 8b 7e 20 41 c7 46 08 00 00 00
0x00007f642e4cc203:   01 49 89 06 41 89 5e 10 41 c7 46 14 01 00 00 00
0x00007f642e4cc213:   41 89 4e 18 49 89 46 20 48 85 ff 74 0e e8 0b a1
0x00007f642e4cc223:   fc ff 49 8b 46 20 48 89 44 24 10 48 83 7c 24 10
0x00007f642e4cc233:   00 0f 84 36 f8 ff ff 48 8b 7c 24 08 49 8b 46 10
0x00007f642e4cc243:   f3 41 0f 6f 36 48 89 47 10 41 8b 46 18 0f 11 37
0x00007f642e4cc253:   89 47 18 48 83 c4 68 48 89 f8 5b 5d 41 5c 41 5d
0x00007f642e4cc263:   41 5e 41 5f c3 0f 1f 84 00 00 00 00 00 48 89 fe
0x00007f642e4cc273:   31 c0 e9 08 fb ff ff 66 0f 1f 44 00 00 44 8d 51
0x00007f642e4cc283:   ff 48 8b 7c 24 10 48 01 dd 45 31 c0 49 8d 42 01
0x00007f642e4cc293:   49 f7 d2 4c 63 6c 24 30 4c 89 74 24 20 4d 89 d1
0x00007f642e4cc2a3:   4c 63 54 24 1c 89 4c 24 1c 48 01 c7 49 89 c6 66
0x00007f642e4cc2b3:   0f 1f 44 00 00 49 8d 14 39 48 89 e8 90 48 89 c6
0x00007f642e4cc2c3:   44 0f b6 18 48 83 c2 01 4c 01 d0 48 29 de 42 0f
0x00007f642e4cc2d3:   b6 0c 26 42 0f b6 34 2e 45 6b db 75 69 c9 32 01
0x00007f642e4cc2e3:   00 00 69 f6 59 02 00 00 41 8d 8c 0b 00 02 00 00
0x00007f642e4cc2f3:   01 f1 c1 e9 0a 88 4a ff 48 39 fa 75 c0 41 83 c0
0x00007f642e4cc303:   01 4c 01 f7 4c 01 fd 44 3b 44 24 18 75 a7 8b 4c
0x00007f642e4cc313:   24 1c 4c 8b 74 24 20 e9 cc fe ff ff 90 f3 0f 1e
0x00007f642e4cc323:   fa 41 55 41 54 49 89 fc 55 48 89 d5 40 80 fe 02
0x00007f642e4cc333:   74 7b 77 31 40 84 f6 0f 84 b0 00 00 00 bf 38 00
0x00007f642e4cc343:   00 00 e8 26 9b fc ff 48 89 ee 48 89 c7 49 89 c5
0x00007f642e4cc353:   e8 48 9c fc ff 4d 89 2c 24 4c 89 e0 5d 41 5c 41
0x00007f642e4cc363:   5d c3 0f 1f 00 40 80 fe 03 0f 85 9e 00 00 00 bf
0x00007f642e4cc373:   40 00 00 00 e8 f4 9a fc ff 48 89 ee 48 89 c7 49
0x00007f642e4cc383:   89 c5 e8 b6 95 fc ff 48 8b 05 8f 3a 11 00 41 c6
0x00007f642e4cc393:   45 38 00 48 83 c0 10 49 89 45 00 4c 89 e0 5d 4d
0x00007f642e4cc3a3:   89 2c 24 41 5c 41 5d c3 0f 1f 44 00 00 bf 40 00
0x00007f642e4cc3b3:   00 00 e8 b6 9a fc ff 48 89 ee 48 89 c7 49 89 c5 


Stack slot to memory mapping:
stack at sp + 0 slots: 0x0 is NULL
stack at sp + 1 slots: 0x00007f6470f91a80 is pointing into the stack for thread: 0x00007f646c016800
stack at sp + 2 slots: 0x00007f642e305010 points into unknown readable memory: 0x0000000000000000 | 00 00 00 00 00 00 00 00
stack at sp + 3 slots: 0x0000032000000243 is an unknown value
stack at sp + 4 slots: 0x00007f6470f91ac0 is pointing into the stack for thread: 0x00007f646c016800
stack at sp + 5 slots: 0x0 is NULL
stack at sp + 6 slots: 0xcafebabe00000001 is an unknown value
stack at sp + 7 slots: 0x0 is NULL


---------------  P R O C E S S  ---------------

Threads class SMR info:
_java_thread_list=0x00007f646c317820, length=14, elements={
0x00007f646c016800, 0x00007f646c1ca000, 0x00007f646c1cc000, 0x00007f646c1d2000,
0x00007f646c1d4000, 0x00007f646c1d6000, 0x00007f646c1d8000, 0x00007f646c1da000,
0x00007f646c21e000, 0x00007f646c2b0000, 0x00007f6418230800, 0x00007f6418232800,
0x00007f646c312000, 0x00007f646c2d0800
}

Java Threads: ( => current thread )
=>0x00007f646c016800 JavaThread "main" [_thread_in_native, id=110741, stack(0x00007f6470e93000,0x00007f6470f94000)]
  0x00007f646c1ca000 JavaThread "Reference Handler" daemon [_thread_blocked, id=110748, stack(0x00007f64440b1000,0x00007f64441b2000)]
  0x00007f646c1cc000 JavaThread "Finalizer" daemon [_thread_blocked, id=110749, stack(0x00007f642feff000,0x00007f6430000000)]
  0x00007f646c1d2000 JavaThread "Signal Dispatcher" daemon [_thread_blocked, id=110750, stack(0x00007f642f88c000,0x00007f642f98d000)]
  0x00007f646c1d4000 JavaThread "Service Thread" daemon [_thread_blocked, id=110751, stack(0x00007f642f78b000,0x00007f642f88c000)]
  0x00007f646c1d6000 JavaThread "C2 CompilerThread0" daemon [_thread_blocked, id=110752, stack(0x00007f642f68a000,0x00007f642f78b000)]
  0x00007f646c1d8000 JavaThread "C1 CompilerThread0" daemon [_thread_blocked, id=110753, stack(0x00007f642f589000,0x00007f642f68a000)]
  0x00007f646c1da000 JavaThread "Sweeper thread" daemon [_thread_blocked, id=110754, stack(0x00007f642f488000,0x00007f642f589000)]
  0x00007f646c21e000 JavaThread "Common-Cleaner" daemon [_thread_blocked, id=110756, stack(0x00007f642f285000,0x00007f642f386000)]
  0x00007f646c2b0000 JavaThread "Java2D Disposer" daemon [_thread_blocked, id=110757, stack(0x00007f642eae7000,0x00007f642ebe8000)]
  0x00007f6418230800 JavaThread "C2 CompilerThread1" daemon [_thread_in_native, id=110758, stack(0x00007f642e9e6000,0x00007f642eae7000)]
  0x00007f6418232800 JavaThread "C2 CompilerThread2" daemon [_thread_blocked, id=110759, stack(0x00007f642e82c000,0x00007f642e92d000)]
  0x00007f646c312000 JavaThread "process reaper" daemon [_thread_blocked, id=110761, stack(0x00007f642e9b7000,0x00007f642e9d9000)]
  0x00007f646c2d0800 JavaThread "JNA Cleaner" daemon [_thread_blocked, id=110762, stack(0x00007f642e377000,0x00007f642e478000)]

Other Threads:
  0x00007f646c1c7800 VMThread "VM Thread" [stack: 0x00007f64441b4000,0x00007f64442b4000] [id=110747]
  0x00007f646c21b800 WatcherThread [stack: 0x00007f642f388000,0x00007f642f488000] [id=110755]
  0x00007f646c02e000 GCTaskThread "GC Thread#0" [stack: 0x00007f6470b4a000,0x00007f6470c4a000] [id=110742]
  0x00007f646c08b000 ConcurrentGCThread "G1 Main Marker" [stack: 0x00007f6470142000,0x00007f6470242000] [id=110743]
  0x00007f646c08d000 ConcurrentGCThread "G1 Conc#0" [stack: 0x00007f6470040000,0x00007f6470140000] [id=110744]
  0x00007f646c189800 ConcurrentGCThread "G1 Refine#0" [stack: 0x00007f6444cbc000,0x00007f6444dbc000] [id=110745]
  0x00007f646c18b000 ConcurrentGCThread "G1 Young RemSet Sampling" [stack: 0x00007f6444bba000,0x00007f6444cba000] [id=110746]

Threads with active compile tasks:
C2 CompilerThread1      306  534 % !   4       java.io.BufferedReader::readLine @ 131 (304 bytes)

VM state:not at safepoint (normal execution)

VM Mutex/Monitor currently owned by a thread: None

Heap address: 0x000000070a400000, size: 3932 MB, Compressed Oops mode: Zero based, Oop shift amount: 3
Narrow klass base: 0x0000000800000000, Narrow klass shift: 3
Compressed class space size: 1073741824 Address: 0x0000000840000000

Heap:
 garbage-first heap   total 253952K, used 8912K [0x000000070a400000, 0x0000000800000000)
  region size 1024K, 7 young (7168K), 0 survivors (0K)
 Metaspace       used 3545K, capacity 5201K, committed 5504K, reserved 1056768K
  class space    used 366K, capacity 532K, committed 640K, reserved 1048576K
Heap Regions: E=young(eden), S=young(survivor), O=old, HS=humongous(starts), HC=humongous(continues), CS=collection set, F=free, A=archive, TAMS=top-at-mark-start (previous, next)
|   0|0x000000070a400000, 0x000000070a500000, 0x000000070a500000|100%|HS|  |TAMS 0x000000070a400000, 0x000000070a400000| Complete 
|   1|0x000000070a500000, 0x000000070a600000, 0x000000070a600000|100%|HC|  |TAMS 0x000000070a500000, 0x000000070a500000| Complete 
|   2|0x000000070a600000, 0x000000070a600000, 0x000000070a700000|  0%| F|  |TAMS 0x000000070a600000, 0x000000070a600000| Untracked 
|   3|0x000000070a700000, 0x000000070a700000, 0x000000070a800000|  0%| F|  |TAMS 0x000000070a700000, 0x000000070a700000| Untracked 
|   4|0x000000070a800000, 0x000000070a800000, 0x000000070a900000|  0%| F|  |TAMS 0x000000070a800000, 0x000000070a800000| Untracked 
|   5|0x000000070a900000, 0x000000070a900000, 0x000000070aa00000|  0%| F|  |TAMS 0x000000070a900000, 0x000000070a900000| Untracked 
|   6|0x000000070aa00000, 0x000000070aa00000, 0x000000070ab00000|  0%| F|  |TAMS 0x000000070aa00000, 0x000000070aa00000| Untracked 
|   7|0x000000070ab00000, 0x000000070ab00000, 0x000000070ac00000|  0%| F|  |TAMS 0x000000070ab00000, 0x000000070ab00000| Untracked 
|   8|0x000000070ac00000, 0x000000070ac00000, 0x000000070ad00000|  0%| F|  |TAMS 0x000000070ac00000, 0x000000070ac00000| Untracked 
|   9|0x000000070ad00000, 0x000000070ad00000, 0x000000070ae00000|  0%| F|  |TAMS 0x000000070ad00000, 0x000000070ad00000| Untracked 
|  10|0x000000070ae00000, 0x000000070ae00000, 0x000000070af00000|  0%| F|  |TAMS 0x000000070ae00000, 0x000000070ae00000| Untracked 
|  11|0x000000070af00000, 0x000000070af00000, 0x000000070b000000|  0%| F|  |TAMS 0x000000070af00000, 0x000000070af00000| Untracked 
|  12|0x000000070b000000, 0x000000070b000000, 0x000000070b100000|  0%| F|  |TAMS 0x000000070b000000, 0x000000070b000000| Untracked 
|  13|0x000000070b100000, 0x000000070b100000, 0x000000070b200000|  0%| F|  |TAMS 0x000000070b100000, 0x000000070b100000| Untracked 
|  14|0x000000070b200000, 0x000000070b200000, 0x000000070b300000|  0%| F|  |TAMS 0x000000070b200000, 0x000000070b200000| Untracked 
|  15|0x000000070b300000, 0x000000070b300000, 0x000000070b400000|  0%| F|  |TAMS 0x000000070b300000, 0x000000070b300000| Untracked 
|  16|0x000000070b400000, 0x000000070b400000, 0x000000070b500000|  0%| F|  |TAMS 0x000000070b400000, 0x000000070b400000| Untracked 
|  17|0x000000070b500000, 0x000000070b500000, 0x000000070b600000|  0%| F|  |TAMS 0x000000070b500000, 0x000000070b500000| Untracked 
|  18|0x000000070b600000, 0x000000070b600000, 0x000000070b700000|  0%| F|  |TAMS 0x000000070b600000, 0x000000070b600000| Untracked 
|  19|0x000000070b700000, 0x000000070b700000, 0x000000070b800000|  0%| F|  |TAMS 0x000000070b700000, 0x000000070b700000| Untracked 
|  20|0x000000070b800000, 0x000000070b800000, 0x000000070b900000|  0%| F|  |TAMS 0x000000070b800000, 0x000000070b800000| Untracked 
|  21|0x000000070b900000, 0x000000070b900000, 0x000000070ba00000|  0%| F|  |TAMS 0x000000070b900000, 0x000000070b900000| Untracked 
|  22|0x000000070ba00000, 0x000000070ba00000, 0x000000070bb00000|  0%| F|  |TAMS 0x000000070ba00000, 0x000000070ba00000| Untracked 
|  23|0x000000070bb00000, 0x000000070bb00000, 0x000000070bc00000|  0%| F|  |TAMS 0x000000070bb00000, 0x000000070bb00000| Untracked 
|  24|0x000000070bc00000, 0x000000070bc00000, 0x000000070bd00000|  0%| F|  |TAMS 0x000000070bc00000, 0x000000070bc00000| Untracked 
|  25|0x000000070bd00000, 0x000000070bd00000, 0x000000070be00000|  0%| F|  |TAMS 0x000000070bd00000, 0x000000070bd00000| Untracked 
|  26|0x000000070be00000, 0x000000070be00000, 0x000000070bf00000|  0%| F|  |TAMS 0x000000070be00000, 0x000000070be00000| Untracked 
|  27|0x000000070bf00000, 0x000000070bf00000, 0x000000070c000000|  0%| F|  |TAMS 0x000000070bf00000, 0x000000070bf00000| Untracked 
|  28|0x000000070c000000, 0x000000070c000000, 0x000000070c100000|  0%| F|  |TAMS 0x000000070c000000, 0x000000070c000000| Untracked 
|  29|0x000000070c100000, 0x000000070c100000, 0x000000070c200000|  0%| F|  |TAMS 0x000000070c100000, 0x000000070c100000| Untracked 
|  30|0x000000070c200000, 0x000000070c200000, 0x000000070c300000|  0%| F|  |TAMS 0x000000070c200000, 0x000000070c200000| Untracked 
|  31|0x000000070c300000, 0x000000070c300000, 0x000000070c400000|  0%| F|  |TAMS 0x000000070c300000, 0x000000070c300000| Untracked 
|  32|0x000000070c400000, 0x000000070c400000, 0x000000070c500000|  0%| F|  |TAMS 0x000000070c400000, 0x000000070c400000| Untracked 
|  33|0x000000070c500000, 0x000000070c500000, 0x000000070c600000|  0%| F|  |TAMS 0x000000070c500000, 0x000000070c500000| Untracked 
|  34|0x000000070c600000, 0x000000070c600000, 0x000000070c700000|  0%| F|  |TAMS 0x000000070c600000, 0x000000070c600000| Untracked 
|  35|0x000000070c700000, 0x000000070c700000, 0x000000070c800000|  0%| F|  |TAMS 0x000000070c700000, 0x000000070c700000| Untracked 
|  36|0x000000070c800000, 0x000000070c800000, 0x000000070c900000|  0%| F|  |TAMS 0x000000070c800000, 0x000000070c800000| Untracked 
|  37|0x000000070c900000, 0x000000070c900000, 0x000000070ca00000|  0%| F|  |TAMS 0x000000070c900000, 0x000000070c900000| Untracked 
|  38|0x000000070ca00000, 0x000000070ca00000, 0x000000070cb00000|  0%| F|  |TAMS 0x000000070ca00000, 0x000000070ca00000| Untracked 
|  39|0x000000070cb00000, 0x000000070cb00000, 0x000000070cc00000|  0%| F|  |TAMS 0x000000070cb00000, 0x000000070cb00000| Untracked 
|  40|0x000000070cc00000, 0x000000070cc00000, 0x000000070cd00000|  0%| F|  |TAMS 0x000000070cc00000, 0x000000070cc00000| Untracked 
|  41|0x000000070cd00000, 0x000000070cd00000, 0x000000070ce00000|  0%| F|  |TAMS 0x000000070cd00000, 0x000000070cd00000| Untracked 
|  42|0x000000070ce00000, 0x000000070ce00000, 0x000000070cf00000|  0%| F|  |TAMS 0x000000070ce00000, 0x000000070ce00000| Untracked 
|  43|0x000000070cf00000, 0x000000070cf00000, 0x000000070d000000|  0%| F|  |TAMS 0x000000070cf00000, 0x000000070cf00000| Untracked 
|  44|0x000000070d000000, 0x000000070d000000, 0x000000070d100000|  0%| F|  |TAMS 0x000000070d000000, 0x000000070d000000| Untracked 
|  45|0x000000070d100000, 0x000000070d100000, 0x000000070d200000|  0%| F|  |TAMS 0x000000070d100000, 0x000000070d100000| Untracked 
|  46|0x000000070d200000, 0x000000070d200000, 0x000000070d300000|  0%| F|  |TAMS 0x000000070d200000, 0x000000070d200000| Untracked 
|  47|0x000000070d300000, 0x000000070d300000, 0x000000070d400000|  0%| F|  |TAMS 0x000000070d300000, 0x000000070d300000| Untracked 
|  48|0x000000070d400000, 0x000000070d400000, 0x000000070d500000|  0%| F|  |TAMS 0x000000070d400000, 0x000000070d400000| Untracked 
|  49|0x000000070d500000, 0x000000070d500000, 0x000000070d600000|  0%| F|  |TAMS 0x000000070d500000, 0x000000070d500000| Untracked 
|  50|0x000000070d600000, 0x000000070d600000, 0x000000070d700000|  0%| F|  |TAMS 0x000000070d600000, 0x000000070d600000| Untracked 
|  51|0x000000070d700000, 0x000000070d700000, 0x000000070d800000|  0%| F|  |TAMS 0x000000070d700000, 0x000000070d700000| Untracked 
|  52|0x000000070d800000, 0x000000070d800000, 0x000000070d900000|  0%| F|  |TAMS 0x000000070d800000, 0x000000070d800000| Untracked 
|  53|0x000000070d900000, 0x000000070d900000, 0x000000070da00000|  0%| F|  |TAMS 0x000000070d900000, 0x000000070d900000| Untracked 
|  54|0x000000070da00000, 0x000000070da00000, 0x000000070db00000|  0%| F|  |TAMS 0x000000070da00000, 0x000000070da00000| Untracked 
|  55|0x000000070db00000, 0x000000070db00000, 0x000000070dc00000|  0%| F|  |TAMS 0x000000070db00000, 0x000000070db00000| Untracked 
|  56|0x000000070dc00000, 0x000000070dc00000, 0x000000070dd00000|  0%| F|  |TAMS 0x000000070dc00000, 0x000000070dc00000| Untracked 
|  57|0x000000070dd00000, 0x000000070dd00000, 0x000000070de00000|  0%| F|  |TAMS 0x000000070dd00000, 0x000000070dd00000| Untracked 
|  58|0x000000070de00000, 0x000000070de00000, 0x000000070df00000|  0%| F|  |TAMS 0x000000070de00000, 0x000000070de00000| Untracked 
|  59|0x000000070df00000, 0x000000070df00000, 0x000000070e000000|  0%| F|  |TAMS 0x000000070df00000, 0x000000070df00000| Untracked 
|  60|0x000000070e000000, 0x000000070e000000, 0x000000070e100000|  0%| F|  |TAMS 0x000000070e000000, 0x000000070e000000| Untracked 
|  61|0x000000070e100000, 0x000000070e100000, 0x000000070e200000|  0%| F|  |TAMS 0x000000070e100000, 0x000000070e100000| Untracked 
|  62|0x000000070e200000, 0x000000070e200000, 0x000000070e300000|  0%| F|  |TAMS 0x000000070e200000, 0x000000070e200000| Untracked 
|  63|0x000000070e300000, 0x000000070e300000, 0x000000070e400000|  0%| F|  |TAMS 0x000000070e300000, 0x000000070e300000| Untracked 
|  64|0x000000070e400000, 0x000000070e400000, 0x000000070e500000|  0%| F|  |TAMS 0x000000070e400000, 0x000000070e400000| Untracked 
|  65|0x000000070e500000, 0x000000070e500000, 0x000000070e600000|  0%| F|  |TAMS 0x000000070e500000, 0x000000070e500000| Untracked 
|  66|0x000000070e600000, 0x000000070e600000, 0x000000070e700000|  0%| F|  |TAMS 0x000000070e600000, 0x000000070e600000| Untracked 
|  67|0x000000070e700000, 0x000000070e700000, 0x000000070e800000|  0%| F|  |TAMS 0x000000070e700000, 0x000000070e700000| Untracked 
|  68|0x000000070e800000, 0x000000070e800000, 0x000000070e900000|  0%| F|  |TAMS 0x000000070e800000, 0x000000070e800000| Untracked 
|  69|0x000000070e900000, 0x000000070e900000, 0x000000070ea00000|  0%| F|  |TAMS 0x000000070e900000, 0x000000070e900000| Untracked 
|  70|0x000000070ea00000, 0x000000070ea00000, 0x000000070eb00000|  0%| F|  |TAMS 0x000000070ea00000, 0x000000070ea00000| Untracked 
|  71|0x000000070eb00000, 0x000000070eb00000, 0x000000070ec00000|  0%| F|  |TAMS 0x000000070eb00000, 0x000000070eb00000| Untracked 
|  72|0x000000070ec00000, 0x000000070ec00000, 0x000000070ed00000|  0%| F|  |TAMS 0x000000070ec00000, 0x000000070ec00000| Untracked 
|  73|0x000000070ed00000, 0x000000070ed00000, 0x000000070ee00000|  0%| F|  |TAMS 0x000000070ed00000, 0x000000070ed00000| Untracked 
|  74|0x000000070ee00000, 0x000000070ee00000, 0x000000070ef00000|  0%| F|  |TAMS 0x000000070ee00000, 0x000000070ee00000| Untracked 
|  75|0x000000070ef00000, 0x000000070ef00000, 0x000000070f000000|  0%| F|  |TAMS 0x000000070ef00000, 0x000000070ef00000| Untracked 
|  76|0x000000070f000000, 0x000000070f000000, 0x000000070f100000|  0%| F|  |TAMS 0x000000070f000000, 0x000000070f000000| Untracked 
|  77|0x000000070f100000, 0x000000070f100000, 0x000000070f200000|  0%| F|  |TAMS 0x000000070f100000, 0x000000070f100000| Untracked 
|  78|0x000000070f200000, 0x000000070f200000, 0x000000070f300000|  0%| F|  |TAMS 0x000000070f200000, 0x000000070f200000| Untracked 
|  79|0x000000070f300000, 0x000000070f300000, 0x000000070f400000|  0%| F|  |TAMS 0x000000070f300000, 0x000000070f300000| Untracked 
|  80|0x000000070f400000, 0x000000070f400000, 0x000000070f500000|  0%| F|  |TAMS 0x000000070f400000, 0x000000070f400000| Untracked 
|  81|0x000000070f500000, 0x000000070f500000, 0x000000070f600000|  0%| F|  |TAMS 0x000000070f500000, 0x000000070f500000| Untracked 
|  82|0x000000070f600000, 0x000000070f600000, 0x000000070f700000|  0%| F|  |TAMS 0x000000070f600000, 0x000000070f600000| Untracked 
|  83|0x000000070f700000, 0x000000070f700000, 0x000000070f800000|  0%| F|  |TAMS 0x000000070f700000, 0x000000070f700000| Untracked 
|  84|0x000000070f800000, 0x000000070f800000, 0x000000070f900000|  0%| F|  |TAMS 0x000000070f800000, 0x000000070f800000| Untracked 
|  85|0x000000070f900000, 0x000000070f900000, 0x000000070fa00000|  0%| F|  |TAMS 0x000000070f900000, 0x000000070f900000| Untracked 
|  86|0x000000070fa00000, 0x000000070fa00000, 0x000000070fb00000|  0%| F|  |TAMS 0x000000070fa00000, 0x000000070fa00000| Untracked 
|  87|0x000000070fb00000, 0x000000070fb00000, 0x000000070fc00000|  0%| F|  |TAMS 0x000000070fb00000, 0x000000070fb00000| Untracked 
|  88|0x000000070fc00000, 0x000000070fc00000, 0x000000070fd00000|  0%| F|  |TAMS 0x000000070fc00000, 0x000000070fc00000| Untracked 
|  89|0x000000070fd00000, 0x000000070fd00000, 0x000000070fe00000|  0%| F|  |TAMS 0x000000070fd00000, 0x000000070fd00000| Untracked 
|  90|0x000000070fe00000, 0x000000070fe00000, 0x000000070ff00000|  0%| F|  |TAMS 0x000000070fe00000, 0x000000070fe00000| Untracked 
|  91|0x000000070ff00000, 0x000000070ff00000, 0x0000000710000000|  0%| F|  |TAMS 0x000000070ff00000, 0x000000070ff00000| Untracked 
|  92|0x0000000710000000, 0x0000000710000000, 0x0000000710100000|  0%| F|  |TAMS 0x0000000710000000, 0x0000000710000000| Untracked 
|  93|0x0000000710100000, 0x0000000710100000, 0x0000000710200000|  0%| F|  |TAMS 0x0000000710100000, 0x0000000710100000| Untracked 
|  94|0x0000000710200000, 0x0000000710200000, 0x0000000710300000|  0%| F|  |TAMS 0x0000000710200000, 0x0000000710200000| Untracked 
|  95|0x0000000710300000, 0x0000000710300000, 0x0000000710400000|  0%| F|  |TAMS 0x0000000710300000, 0x0000000710300000| Untracked 
|  96|0x0000000710400000, 0x0000000710400000, 0x0000000710500000|  0%| F|  |TAMS 0x0000000710400000, 0x0000000710400000| Untracked 
|  97|0x0000000710500000, 0x0000000710500000, 0x0000000710600000|  0%| F|  |TAMS 0x0000000710500000, 0x0000000710500000| Untracked 
|  98|0x0000000710600000, 0x0000000710600000, 0x0000000710700000|  0%| F|  |TAMS 0x0000000710600000, 0x0000000710600000| Untracked 
|  99|0x0000000710700000, 0x0000000710700000, 0x0000000710800000|  0%| F|  |TAMS 0x0000000710700000, 0x0000000710700000| Untracked 
| 100|0x0000000710800000, 0x0000000710800000, 0x0000000710900000|  0%| F|  |TAMS 0x0000000710800000, 0x0000000710800000| Untracked 
| 101|0x0000000710900000, 0x0000000710900000, 0x0000000710a00000|  0%| F|  |TAMS 0x0000000710900000, 0x0000000710900000| Untracked 
| 102|0x0000000710a00000, 0x0000000710a00000, 0x0000000710b00000|  0%| F|  |TAMS 0x0000000710a00000, 0x0000000710a00000| Untracked 
| 103|0x0000000710b00000, 0x0000000710b00000, 0x0000000710c00000|  0%| F|  |TAMS 0x0000000710b00000, 0x0000000710b00000| Untracked 
| 104|0x0000000710c00000, 0x0000000710c00000, 0x0000000710d00000|  0%| F|  |TAMS 0x0000000710c00000, 0x0000000710c00000| Untracked 
| 105|0x0000000710d00000, 0x0000000710d00000, 0x0000000710e00000|  0%| F|  |TAMS 0x0000000710d00000, 0x0000000710d00000| Untracked 
| 106|0x0000000710e00000, 0x0000000710e00000, 0x0000000710f00000|  0%| F|  |TAMS 0x0000000710e00000, 0x0000000710e00000| Untracked 
| 107|0x0000000710f00000, 0x0000000710f00000, 0x0000000711000000|  0%| F|  |TAMS 0x0000000710f00000, 0x0000000710f00000| Untracked 
| 108|0x0000000711000000, 0x0000000711000000, 0x0000000711100000|  0%| F|  |TAMS 0x0000000711000000, 0x0000000711000000| Untracked 
| 109|0x0000000711100000, 0x0000000711100000, 0x0000000711200000|  0%| F|  |TAMS 0x0000000711100000, 0x0000000711100000| Untracked 
| 110|0x0000000711200000, 0x0000000711200000, 0x0000000711300000|  0%| F|  |TAMS 0x0000000711200000, 0x0000000711200000| Untracked 
| 111|0x0000000711300000, 0x0000000711300000, 0x0000000711400000|  0%| F|  |TAMS 0x0000000711300000, 0x0000000711300000| Untracked 
| 112|0x0000000711400000, 0x0000000711400000, 0x0000000711500000|  0%| F|  |TAMS 0x0000000711400000, 0x0000000711400000| Untracked 
| 113|0x0000000711500000, 0x0000000711500000, 0x0000000711600000|  0%| F|  |TAMS 0x0000000711500000, 0x0000000711500000| Untracked 
| 114|0x0000000711600000, 0x0000000711600000, 0x0000000711700000|  0%| F|  |TAMS 0x0000000711600000, 0x0000000711600000| Untracked 
| 115|0x0000000711700000, 0x0000000711700000, 0x0000000711800000|  0%| F|  |TAMS 0x0000000711700000, 0x0000000711700000| Untracked 
| 116|0x0000000711800000, 0x0000000711800000, 0x0000000711900000|  0%| F|  |TAMS 0x0000000711800000, 0x0000000711800000| Untracked 
| 117|0x0000000711900000, 0x0000000711900000, 0x0000000711a00000|  0%| F|  |TAMS 0x0000000711900000, 0x0000000711900000| Untracked 
| 118|0x0000000711a00000, 0x0000000711a00000, 0x0000000711b00000|  0%| F|  |TAMS 0x0000000711a00000, 0x0000000711a00000| Untracked 
| 119|0x0000000711b00000, 0x0000000711b00000, 0x0000000711c00000|  0%| F|  |TAMS 0x0000000711b00000, 0x0000000711b00000| Untracked 
| 120|0x0000000711c00000, 0x0000000711c00000, 0x0000000711d00000|  0%| F|  |TAMS 0x0000000711c00000, 0x0000000711c00000| Untracked 
| 121|0x0000000711d00000, 0x0000000711d00000, 0x0000000711e00000|  0%| F|  |TAMS 0x0000000711d00000, 0x0000000711d00000| Untracked 
| 122|0x0000000711e00000, 0x0000000711e00000, 0x0000000711f00000|  0%| F|  |TAMS 0x0000000711e00000, 0x0000000711e00000| Untracked 
| 123|0x0000000711f00000, 0x0000000711f00000, 0x0000000712000000|  0%| F|  |TAMS 0x0000000711f00000, 0x0000000711f00000| Untracked 
| 124|0x0000000712000000, 0x0000000712000000, 0x0000000712100000|  0%| F|  |TAMS 0x0000000712000000, 0x0000000712000000| Untracked 
| 125|0x0000000712100000, 0x0000000712100000, 0x0000000712200000|  0%| F|  |TAMS 0x0000000712100000, 0x0000000712100000| Untracked 
| 126|0x0000000712200000, 0x0000000712200000, 0x0000000712300000|  0%| F|  |TAMS 0x0000000712200000, 0x0000000712200000| Untracked 
| 127|0x0000000712300000, 0x0000000712300000, 0x0000000712400000|  0%| F|  |TAMS 0x0000000712300000, 0x0000000712300000| Untracked 
| 128|0x0000000712400000, 0x0000000712400000, 0x0000000712500000|  0%| F|  |TAMS 0x0000000712400000, 0x0000000712400000| Untracked 
| 129|0x0000000712500000, 0x0000000712500000, 0x0000000712600000|  0%| F|  |TAMS 0x0000000712500000, 0x0000000712500000| Untracked 
| 130|0x0000000712600000, 0x0000000712600000, 0x0000000712700000|  0%| F|  |TAMS 0x0000000712600000, 0x0000000712600000| Untracked 
| 131|0x0000000712700000, 0x0000000712700000, 0x0000000712800000|  0%| F|  |TAMS 0x0000000712700000, 0x0000000712700000| Untracked 
| 132|0x0000000712800000, 0x0000000712800000, 0x0000000712900000|  0%| F|  |TAMS 0x0000000712800000, 0x0000000712800000| Untracked 
| 133|0x0000000712900000, 0x0000000712900000, 0x0000000712a00000|  0%| F|  |TAMS 0x0000000712900000, 0x0000000712900000| Untracked 
| 134|0x0000000712a00000, 0x0000000712a00000, 0x0000000712b00000|  0%| F|  |TAMS 0x0000000712a00000, 0x0000000712a00000| Untracked 
| 135|0x0000000712b00000, 0x0000000712b00000, 0x0000000712c00000|  0%| F|  |TAMS 0x0000000712b00000, 0x0000000712b00000| Untracked 
| 136|0x0000000712c00000, 0x0000000712c00000, 0x0000000712d00000|  0%| F|  |TAMS 0x0000000712c00000, 0x0000000712c00000| Untracked 
| 137|0x0000000712d00000, 0x0000000712d00000, 0x0000000712e00000|  0%| F|  |TAMS 0x0000000712d00000, 0x0000000712d00000| Untracked 
| 138|0x0000000712e00000, 0x0000000712e00000, 0x0000000712f00000|  0%| F|  |TAMS 0x0000000712e00000, 0x0000000712e00000| Untracked 
| 139|0x0000000712f00000, 0x0000000712f00000, 0x0000000713000000|  0%| F|  |TAMS 0x0000000712f00000, 0x0000000712f00000| Untracked 
| 140|0x0000000713000000, 0x0000000713000000, 0x0000000713100000|  0%| F|  |TAMS 0x0000000713000000, 0x0000000713000000| Untracked 
| 141|0x0000000713100000, 0x0000000713100000, 0x0000000713200000|  0%| F|  |TAMS 0x0000000713100000, 0x0000000713100000| Untracked 
| 142|0x0000000713200000, 0x0000000713200000, 0x0000000713300000|  0%| F|  |TAMS 0x0000000713200000, 0x0000000713200000| Untracked 
| 143|0x0000000713300000, 0x0000000713300000, 0x0000000713400000|  0%| F|  |TAMS 0x0000000713300000, 0x0000000713300000| Untracked 
| 144|0x0000000713400000, 0x0000000713400000, 0x0000000713500000|  0%| F|  |TAMS 0x0000000713400000, 0x0000000713400000| Untracked 
| 145|0x0000000713500000, 0x0000000713500000, 0x0000000713600000|  0%| F|  |TAMS 0x0000000713500000, 0x0000000713500000| Untracked 
| 146|0x0000000713600000, 0x0000000713600000, 0x0000000713700000|  0%| F|  |TAMS 0x0000000713600000, 0x0000000713600000| Untracked 
| 147|0x0000000713700000, 0x0000000713700000, 0x0000000713800000|  0%| F|  |TAMS 0x0000000713700000, 0x0000000713700000| Untracked 
| 148|0x0000000713800000, 0x0000000713800000, 0x0000000713900000|  0%| F|  |TAMS 0x0000000713800000, 0x0000000713800000| Untracked 
| 149|0x0000000713900000, 0x0000000713900000, 0x0000000713a00000|  0%| F|  |TAMS 0x0000000713900000, 0x0000000713900000| Untracked 
| 150|0x0000000713a00000, 0x0000000713a00000, 0x0000000713b00000|  0%| F|  |TAMS 0x0000000713a00000, 0x0000000713a00000| Untracked 
| 151|0x0000000713b00000, 0x0000000713b00000, 0x0000000713c00000|  0%| F|  |TAMS 0x0000000713b00000, 0x0000000713b00000| Untracked 
| 152|0x0000000713c00000, 0x0000000713c00000, 0x0000000713d00000|  0%| F|  |TAMS 0x0000000713c00000, 0x0000000713c00000| Untracked 
| 153|0x0000000713d00000, 0x0000000713d00000, 0x0000000713e00000|  0%| F|  |TAMS 0x0000000713d00000, 0x0000000713d00000| Untracked 
| 154|0x0000000713e00000, 0x0000000713e00000, 0x0000000713f00000|  0%| F|  |TAMS 0x0000000713e00000, 0x0000000713e00000| Untracked 
| 155|0x0000000713f00000, 0x0000000713f00000, 0x0000000714000000|  0%| F|  |TAMS 0x0000000713f00000, 0x0000000713f00000| Untracked 
| 156|0x0000000714000000, 0x0000000714000000, 0x0000000714100000|  0%| F|  |TAMS 0x0000000714000000, 0x0000000714000000| Untracked 
| 157|0x0000000714100000, 0x0000000714100000, 0x0000000714200000|  0%| F|  |TAMS 0x0000000714100000, 0x0000000714100000| Untracked 
| 158|0x0000000714200000, 0x0000000714200000, 0x0000000714300000|  0%| F|  |TAMS 0x0000000714200000, 0x0000000714200000| Untracked 
| 159|0x0000000714300000, 0x0000000714300000, 0x0000000714400000|  0%| F|  |TAMS 0x0000000714300000, 0x0000000714300000| Untracked 
| 160|0x0000000714400000, 0x0000000714400000, 0x0000000714500000|  0%| F|  |TAMS 0x0000000714400000, 0x0000000714400000| Untracked 
| 161|0x0000000714500000, 0x0000000714500000, 0x0000000714600000|  0%| F|  |TAMS 0x0000000714500000, 0x0000000714500000| Untracked 
| 162|0x0000000714600000, 0x0000000714600000, 0x0000000714700000|  0%| F|  |TAMS 0x0000000714600000, 0x0000000714600000| Untracked 
| 163|0x0000000714700000, 0x0000000714700000, 0x0000000714800000|  0%| F|  |TAMS 0x0000000714700000, 0x0000000714700000| Untracked 
| 164|0x0000000714800000, 0x0000000714800000, 0x0000000714900000|  0%| F|  |TAMS 0x0000000714800000, 0x0000000714800000| Untracked 
| 165|0x0000000714900000, 0x0000000714900000, 0x0000000714a00000|  0%| F|  |TAMS 0x0000000714900000, 0x0000000714900000| Untracked 
| 166|0x0000000714a00000, 0x0000000714a00000, 0x0000000714b00000|  0%| F|  |TAMS 0x0000000714a00000, 0x0000000714a00000| Untracked 
| 167|0x0000000714b00000, 0x0000000714b00000, 0x0000000714c00000|  0%| F|  |TAMS 0x0000000714b00000, 0x0000000714b00000| Untracked 
| 168|0x0000000714c00000, 0x0000000714c00000, 0x0000000714d00000|  0%| F|  |TAMS 0x0000000714c00000, 0x0000000714c00000| Untracked 
| 169|0x0000000714d00000, 0x0000000714d00000, 0x0000000714e00000|  0%| F|  |TAMS 0x0000000714d00000, 0x0000000714d00000| Untracked 
| 170|0x0000000714e00000, 0x0000000714e00000, 0x0000000714f00000|  0%| F|  |TAMS 0x0000000714e00000, 0x0000000714e00000| Untracked 
| 171|0x0000000714f00000, 0x0000000714f00000, 0x0000000715000000|  0%| F|  |TAMS 0x0000000714f00000, 0x0000000714f00000| Untracked 
| 172|0x0000000715000000, 0x0000000715000000, 0x0000000715100000|  0%| F|  |TAMS 0x0000000715000000, 0x0000000715000000| Untracked 
| 173|0x0000000715100000, 0x0000000715100000, 0x0000000715200000|  0%| F|  |TAMS 0x0000000715100000, 0x0000000715100000| Untracked 
| 174|0x0000000715200000, 0x0000000715200000, 0x0000000715300000|  0%| F|  |TAMS 0x0000000715200000, 0x0000000715200000| Untracked 
| 175|0x0000000715300000, 0x0000000715300000, 0x0000000715400000|  0%| F|  |TAMS 0x0000000715300000, 0x0000000715300000| Untracked 
| 176|0x0000000715400000, 0x0000000715400000, 0x0000000715500000|  0%| F|  |TAMS 0x0000000715400000, 0x0000000715400000| Untracked 
| 177|0x0000000715500000, 0x0000000715500000, 0x0000000715600000|  0%| F|  |TAMS 0x0000000715500000, 0x0000000715500000| Untracked 
| 178|0x0000000715600000, 0x0000000715600000, 0x0000000715700000|  0%| F|  |TAMS 0x0000000715600000, 0x0000000715600000| Untracked 
| 179|0x0000000715700000, 0x0000000715700000, 0x0000000715800000|  0%| F|  |TAMS 0x0000000715700000, 0x0000000715700000| Untracked 
| 180|0x0000000715800000, 0x0000000715800000, 0x0000000715900000|  0%| F|  |TAMS 0x0000000715800000, 0x0000000715800000| Untracked 
| 181|0x0000000715900000, 0x0000000715900000, 0x0000000715a00000|  0%| F|  |TAMS 0x0000000715900000, 0x0000000715900000| Untracked 
| 182|0x0000000715a00000, 0x0000000715a00000, 0x0000000715b00000|  0%| F|  |TAMS 0x0000000715a00000, 0x0000000715a00000| Untracked 
| 183|0x0000000715b00000, 0x0000000715b00000, 0x0000000715c00000|  0%| F|  |TAMS 0x0000000715b00000, 0x0000000715b00000| Untracked 
| 184|0x0000000715c00000, 0x0000000715c00000, 0x0000000715d00000|  0%| F|  |TAMS 0x0000000715c00000, 0x0000000715c00000| Untracked 
| 185|0x0000000715d00000, 0x0000000715d00000, 0x0000000715e00000|  0%| F|  |TAMS 0x0000000715d00000, 0x0000000715d00000| Untracked 
| 186|0x0000000715e00000, 0x0000000715e00000, 0x0000000715f00000|  0%| F|  |TAMS 0x0000000715e00000, 0x0000000715e00000| Untracked 
| 187|0x0000000715f00000, 0x0000000715f00000, 0x0000000716000000|  0%| F|  |TAMS 0x0000000715f00000, 0x0000000715f00000| Untracked 
| 188|0x0000000716000000, 0x0000000716000000, 0x0000000716100000|  0%| F|  |TAMS 0x0000000716000000, 0x0000000716000000| Untracked 
| 189|0x0000000716100000, 0x0000000716100000, 0x0000000716200000|  0%| F|  |TAMS 0x0000000716100000, 0x0000000716100000| Untracked 
| 190|0x0000000716200000, 0x0000000716200000, 0x0000000716300000|  0%| F|  |TAMS 0x0000000716200000, 0x0000000716200000| Untracked 
| 191|0x0000000716300000, 0x0000000716300000, 0x0000000716400000|  0%| F|  |TAMS 0x0000000716300000, 0x0000000716300000| Untracked 
| 192|0x0000000716400000, 0x0000000716400000, 0x0000000716500000|  0%| F|  |TAMS 0x0000000716400000, 0x0000000716400000| Untracked 
| 193|0x0000000716500000, 0x0000000716500000, 0x0000000716600000|  0%| F|  |TAMS 0x0000000716500000, 0x0000000716500000| Untracked 
| 194|0x0000000716600000, 0x0000000716600000, 0x0000000716700000|  0%| F|  |TAMS 0x0000000716600000, 0x0000000716600000| Untracked 
| 195|0x0000000716700000, 0x0000000716700000, 0x0000000716800000|  0%| F|  |TAMS 0x0000000716700000, 0x0000000716700000| Untracked 
| 196|0x0000000716800000, 0x0000000716800000, 0x0000000716900000|  0%| F|  |TAMS 0x0000000716800000, 0x0000000716800000| Untracked 
| 197|0x0000000716900000, 0x0000000716900000, 0x0000000716a00000|  0%| F|  |TAMS 0x0000000716900000, 0x0000000716900000| Untracked 
| 198|0x0000000716a00000, 0x0000000716a00000, 0x0000000716b00000|  0%| F|  |TAMS 0x0000000716a00000, 0x0000000716a00000| Untracked 
| 199|0x0000000716b00000, 0x0000000716b00000, 0x0000000716c00000|  0%| F|  |TAMS 0x0000000716b00000, 0x0000000716b00000| Untracked 
| 200|0x0000000716c00000, 0x0000000716c00000, 0x0000000716d00000|  0%| F|  |TAMS 0x0000000716c00000, 0x0000000716c00000| Untracked 
| 201|0x0000000716d00000, 0x0000000716d00000, 0x0000000716e00000|  0%| F|  |TAMS 0x0000000716d00000, 0x0000000716d00000| Untracked 
| 202|0x0000000716e00000, 0x0000000716e00000, 0x0000000716f00000|  0%| F|  |TAMS 0x0000000716e00000, 0x0000000716e00000| Untracked 
| 203|0x0000000716f00000, 0x0000000716f00000, 0x0000000717000000|  0%| F|  |TAMS 0x0000000716f00000, 0x0000000716f00000| Untracked 
| 204|0x0000000717000000, 0x0000000717000000, 0x0000000717100000|  0%| F|  |TAMS 0x0000000717000000, 0x0000000717000000| Untracked 
| 205|0x0000000717100000, 0x0000000717100000, 0x0000000717200000|  0%| F|  |TAMS 0x0000000717100000, 0x0000000717100000| Untracked 
| 206|0x0000000717200000, 0x0000000717200000, 0x0000000717300000|  0%| F|  |TAMS 0x0000000717200000, 0x0000000717200000| Untracked 
| 207|0x0000000717300000, 0x0000000717300000, 0x0000000717400000|  0%| F|  |TAMS 0x0000000717300000, 0x0000000717300000| Untracked 
| 208|0x0000000717400000, 0x0000000717400000, 0x0000000717500000|  0%| F|  |TAMS 0x0000000717400000, 0x0000000717400000| Untracked 
| 209|0x0000000717500000, 0x0000000717500000, 0x0000000717600000|  0%| F|  |TAMS 0x0000000717500000, 0x0000000717500000| Untracked 
| 210|0x0000000717600000, 0x0000000717600000, 0x0000000717700000|  0%| F|  |TAMS 0x0000000717600000, 0x0000000717600000| Untracked 
| 211|0x0000000717700000, 0x0000000717700000, 0x0000000717800000|  0%| F|  |TAMS 0x0000000717700000, 0x0000000717700000| Untracked 
| 212|0x0000000717800000, 0x0000000717800000, 0x0000000717900000|  0%| F|  |TAMS 0x0000000717800000, 0x0000000717800000| Untracked 
| 213|0x0000000717900000, 0x0000000717900000, 0x0000000717a00000|  0%| F|  |TAMS 0x0000000717900000, 0x0000000717900000| Untracked 
| 214|0x0000000717a00000, 0x0000000717a00000, 0x0000000717b00000|  0%| F|  |TAMS 0x0000000717a00000, 0x0000000717a00000| Untracked 
| 215|0x0000000717b00000, 0x0000000717b00000, 0x0000000717c00000|  0%| F|  |TAMS 0x0000000717b00000, 0x0000000717b00000| Untracked 
| 216|0x0000000717c00000, 0x0000000717c00000, 0x0000000717d00000|  0%| F|  |TAMS 0x0000000717c00000, 0x0000000717c00000| Untracked 
| 217|0x0000000717d00000, 0x0000000717d00000, 0x0000000717e00000|  0%| F|  |TAMS 0x0000000717d00000, 0x0000000717d00000| Untracked 
| 218|0x0000000717e00000, 0x0000000717e00000, 0x0000000717f00000|  0%| F|  |TAMS 0x0000000717e00000, 0x0000000717e00000| Untracked 
| 219|0x0000000717f00000, 0x0000000717f00000, 0x0000000718000000|  0%| F|  |TAMS 0x0000000717f00000, 0x0000000717f00000| Untracked 
| 220|0x0000000718000000, 0x0000000718000000, 0x0000000718100000|  0%| F|  |TAMS 0x0000000718000000, 0x0000000718000000| Untracked 
| 221|0x0000000718100000, 0x0000000718100000, 0x0000000718200000|  0%| F|  |TAMS 0x0000000718100000, 0x0000000718100000| Untracked 
| 222|0x0000000718200000, 0x0000000718200000, 0x0000000718300000|  0%| F|  |TAMS 0x0000000718200000, 0x0000000718200000| Untracked 
| 223|0x0000000718300000, 0x0000000718300000, 0x0000000718400000|  0%| F|  |TAMS 0x0000000718300000, 0x0000000718300000| Untracked 
| 224|0x0000000718400000, 0x0000000718400000, 0x0000000718500000|  0%| F|  |TAMS 0x0000000718400000, 0x0000000718400000| Untracked 
| 225|0x0000000718500000, 0x0000000718500000, 0x0000000718600000|  0%| F|  |TAMS 0x0000000718500000, 0x0000000718500000| Untracked 
| 226|0x0000000718600000, 0x0000000718600000, 0x0000000718700000|  0%| F|  |TAMS 0x0000000718600000, 0x0000000718600000| Untracked 
| 227|0x0000000718700000, 0x0000000718700000, 0x0000000718800000|  0%| F|  |TAMS 0x0000000718700000, 0x0000000718700000| Untracked 
| 228|0x0000000718800000, 0x0000000718800000, 0x0000000718900000|  0%| F|  |TAMS 0x0000000718800000, 0x0000000718800000| Untracked 
| 229|0x0000000718900000, 0x0000000718900000, 0x0000000718a00000|  0%| F|  |TAMS 0x0000000718900000, 0x0000000718900000| Untracked 
| 230|0x0000000718a00000, 0x0000000718a00000, 0x0000000718b00000|  0%| F|  |TAMS 0x0000000718a00000, 0x0000000718a00000| Untracked 
| 231|0x0000000718b00000, 0x0000000718b00000, 0x0000000718c00000|  0%| F|  |TAMS 0x0000000718b00000, 0x0000000718b00000| Untracked 
| 232|0x0000000718c00000, 0x0000000718c00000, 0x0000000718d00000|  0%| F|  |TAMS 0x0000000718c00000, 0x0000000718c00000| Untracked 
| 233|0x0000000718d00000, 0x0000000718d00000, 0x0000000718e00000|  0%| F|  |TAMS 0x0000000718d00000, 0x0000000718d00000| Untracked 
| 234|0x0000000718e00000, 0x0000000718e00000, 0x0000000718f00000|  0%| F|  |TAMS 0x0000000718e00000, 0x0000000718e00000| Untracked 
| 235|0x0000000718f00000, 0x0000000718f00000, 0x0000000719000000|  0%| F|  |TAMS 0x0000000718f00000, 0x0000000718f00000| Untracked 
| 236|0x0000000719000000, 0x0000000719000000, 0x0000000719100000|  0%| F|  |TAMS 0x0000000719000000, 0x0000000719000000| Untracked 
| 237|0x0000000719100000, 0x0000000719100000, 0x0000000719200000|  0%| F|  |TAMS 0x0000000719100000, 0x0000000719100000| Untracked 
| 238|0x0000000719200000, 0x0000000719200000, 0x0000000719300000|  0%| F|  |TAMS 0x0000000719200000, 0x0000000719200000| Untracked 
| 239|0x0000000719300000, 0x00000007193f6488, 0x0000000719400000| 96%| E|  |TAMS 0x0000000719300000, 0x0000000719300000| Complete 
| 240|0x0000000719400000, 0x0000000719500000, 0x0000000719500000|100%| E|CS|TAMS 0x0000000719400000, 0x0000000719400000| Complete 
| 241|0x0000000719500000, 0x0000000719600000, 0x0000000719600000|100%| E|CS|TAMS 0x0000000719500000, 0x0000000719500000| Complete 
| 242|0x0000000719600000, 0x0000000719700000, 0x0000000719700000|100%| E|CS|TAMS 0x0000000719600000, 0x0000000719600000| Complete 
| 243|0x0000000719700000, 0x0000000719800000, 0x0000000719800000|100%| E|CS|TAMS 0x0000000719700000, 0x0000000719700000| Complete 
| 244|0x0000000719800000, 0x0000000719900000, 0x0000000719900000|100%| E|CS|TAMS 0x0000000719800000, 0x0000000719800000| Complete 
| 245|0x0000000719900000, 0x0000000719a00000, 0x0000000719a00000|100%| E|CS|TAMS 0x0000000719900000, 0x0000000719900000| Complete 
|2906|0x00000007bfe00000, 0x00000007bfe48000, 0x00000007bff00000| 28%|OA|  |TAMS 0x00000007bfe00000, 0x00000007bfe00000| Untracked 
|2907|0x00000007bff00000, 0x00000007bff6c000, 0x00000007c0000000| 42%|CA|  |TAMS 0x00000007bff00000, 0x00000007bff00000| Untracked 

Card table byte_map: [0x00007f644f852000,0x00007f6450000000] _byte_map_base: 0x00007f644c000000

Marking Bits (Prev, Next): (CMBitMap*) 0x00007f646c07af18, (CMBitMap*) 0x00007f646c07af50
 Prev Bits: [0x00007f644b334000, 0x00007f644f0a4000)
 Next Bits: [0x00007f64475c4000, 0x00007f644b334000)

Polling page: 0x00007f64727fe000

Metaspace:

Usage:
  Non-class:      4,56 MB capacity,     3,10 MB ( 68%) used,     1,44 MB ( 32%) free+waste,    11,88 KB ( <1%) overhead. 
      Class:    532,00 KB capacity,   366,94 KB ( 69%) used,   157,94 KB ( 30%) free+waste,     7,12 KB (  1%) overhead. 
       Both:      5,08 MB capacity,     3,46 MB ( 68%) used,     1,60 MB ( 31%) free+waste,    19,00 KB ( <1%) overhead. 

Virtual space:
  Non-class space:        8,00 MB reserved,       4,75 MB ( 59%) committed 
      Class space:        1,00 GB reserved,     640,00 KB ( <1%) committed 
             Both:        1,01 GB reserved,       5,38 MB ( <1%) committed 

Chunk freelists:
   Non-Class:  35,00 KB
       Class:  12,00 KB
        Both:  47,00 KB

MaxMetaspaceSize: unlimited
CompressedClassSpaceSize: 1,00 GB
Initial GC threshold: 20,80 MB
Current GC threshold: 20,80 MB
CDS: on

CodeHeap 'non-profiled nmethods': size=120032Kb used=199Kb max_used=199Kb free=119832Kb
 bounds [0x00007f645c2b9000, 0x00007f645c529000, 0x00007f64637f1000]
CodeHeap 'profiled nmethods': size=120028Kb used=859Kb max_used=859Kb free=119168Kb
 bounds [0x00007f6454d82000, 0x00007f6454ff2000, 0x00007f645c2b9000]
CodeHeap 'non-nmethods': size=5700Kb used=1157Kb max_used=1174Kb free=4542Kb
 bounds [0x00007f64547f1000, 0x00007f6454a61000, 0x00007f6454d82000]
 total_blobs=961 nmethods=552 adapters=323
 compilation: enabled
              stopped_count=0, restarted_count=0
 full_count=0

Compilation events (20 events):
Event: 0,277 Thread 0x00007f646c1d8000 nmethod 540 0x00007f6454e51e10 code [0x00007f6454e51fc0, 0x00007f6454e520f0]
Event: 0,277 Thread 0x00007f646c1d8000  541       3       java.io.DataOutputStream::incCount (20 bytes)
Event: 0,277 Thread 0x00007f646c1d8000 nmethod 541 0x00007f6454e52190 code [0x00007f6454e52340, 0x00007f6454e52490]
Event: 0,277 Thread 0x00007f646c1d8000  542       3       java.io.DataOutputStream::writeByte (14 bytes)
Event: 0,277 Thread 0x00007f646c1d8000 nmethod 542 0x00007f6454e52510 code [0x00007f6454e526e0, 0x00007f6454e52980]
Event: 0,277 Thread 0x00007f646c1d8000  543  s    3       java.io.DataOutputStream::write (14 bytes)
Event: 0,277 Thread 0x00007f646c1d8000 nmethod 543 0x00007f6454e52a90 code [0x00007f6454e52c60, 0x00007f6454e530a0]
Event: 0,277 Thread 0x00007f646c1d8000  544       3       java.io.DataOutputStream::writeShort (35 bytes)
Event: 0,277 Thread 0x00007f646c1d8000 nmethod 544 0x00007f6454e53190 code [0x00007f6454e53360, 0x00007f6454e536f0]
Event: 0,279 Thread 0x00007f646c1d8000  545       3       java.lang.PublicMethods$Key::matches (31 bytes)
Event: 0,279 Thread 0x00007f646c1d8000 nmethod 545 0x00007f6454e53810 code [0x00007f6454e53a20, 0x00007f6454e53eb0]
Event: 0,280 Thread 0x00007f646c1d8000  547       3       java.lang.Class::getPackageName (81 bytes)
Event: 0,280 Thread 0x00007f646c1d8000 nmethod 547 0x00007f6454e54090 code [0x00007f6454e54320, 0x00007f6454e54c40]
Event: 0,281 Thread 0x00007f646c1d8000  548       3       java.io.UnixFileSystem::normalize (75 bytes)
Event: 0,282 Thread 0x00007f646c1d8000 nmethod 548 0x00007f6454e54f90 code [0x00007f6454e551e0, 0x00007f6454e55b30]
Event: 0,282 Thread 0x00007f646c1d8000  549       3       java.lang.String::substring (68 bytes)
Event: 0,282 Thread 0x00007f646c1d8000 nmethod 549 0x00007f6454e55f10 code [0x00007f6454e56160, 0x00007f6454e568d0]
Event: 0,282 Thread 0x00007f646c1d8000  550       3       sun.net.www.ParseUtil::firstEncodeIndex (86 bytes)
Event: 0,283 Thread 0x00007f646c1d8000 nmethod 550 0x00007f6454e56b90 code [0x00007f6454e56de0, 0x00007f6454e57780]
Event: 0,283 Thread 0x00007f646c1d8000  551       3       java.util.concurrent.ConcurrentHashMap$Traverser::advance (188 bytes)

GC Heap History (0 events):
No events

Deoptimization events (18 events):
Event: 0,188 Thread 0x00007f646c016800 DEOPT PACKING pc=0x00007f6454e0c760 sp=0x00007f6470f91bf0
Event: 0,188 Thread 0x00007f646c016800 DEOPT UNPACKING pc=0x00007f645483a9fa sp=0x00007f6470f910e8 mode 0
Event: 0,188 Thread 0x00007f646c016800 DEOPT PACKING pc=0x00007f6454e0c760 sp=0x00007f6470f91bf0
Event: 0,188 Thread 0x00007f646c016800 DEOPT UNPACKING pc=0x00007f645483a9fa sp=0x00007f6470f910e8 mode 0
Event: 0,188 Thread 0x00007f646c016800 DEOPT PACKING pc=0x00007f6454e0c760 sp=0x00007f6470f91bf0
Event: 0,188 Thread 0x00007f646c016800 DEOPT UNPACKING pc=0x00007f645483a9fa sp=0x00007f6470f910e8 mode 0
Event: 0,188 Thread 0x00007f646c016800 DEOPT PACKING pc=0x00007f6454e0c760 sp=0x00007f6470f91bf0
Event: 0,188 Thread 0x00007f646c016800 DEOPT UNPACKING pc=0x00007f645483a9fa sp=0x00007f6470f910e8 mode 0
Event: 0,266 Thread 0x00007f646c016800 DEOPT PACKING pc=0x00007f6454d9869c sp=0x00007f6470f915b0
Event: 0,266 Thread 0x00007f646c016800 DEOPT UNPACKING pc=0x00007f645483a9fa sp=0x00007f6470f90a68 mode 0
Event: 0,267 Thread 0x00007f646c016800 DEOPT PACKING pc=0x00007f6454d9869c sp=0x00007f6470f915a0
Event: 0,267 Thread 0x00007f646c016800 DEOPT UNPACKING pc=0x00007f645483a9fa sp=0x00007f6470f90a58 mode 0
Event: 0,268 Thread 0x00007f646c016800 DEOPT PACKING pc=0x00007f6454d9869c sp=0x00007f6470f915a0
Event: 0,268 Thread 0x00007f646c016800 DEOPT UNPACKING pc=0x00007f645483a9fa sp=0x00007f6470f90a58 mode 0
Event: 0,268 Thread 0x00007f646c016800 DEOPT PACKING pc=0x00007f6454d9869c sp=0x00007f6470f91640
Event: 0,268 Thread 0x00007f646c016800 DEOPT UNPACKING pc=0x00007f645483a9fa sp=0x00007f6470f90ad0 mode 0
Event: 0,269 Thread 0x00007f646c016800 DEOPT PACKING pc=0x00007f6454d9869c sp=0x00007f6470f91640
Event: 0,269 Thread 0x00007f646c016800 DEOPT UNPACKING pc=0x00007f645483a9fa sp=0x00007f6470f90ad0 mode 0

Classes redefined (0 events):
No events

Internal exceptions (12 events):
Event: 0,066 Thread 0x00007f646c016800 Exception <a 'java/lang/ClassNotFoundException'{0x0000000719802340}: sun/awt/resources/spi/awtProvider> (0x0000000719802340) thrown at [src/hotspot/share/classfile/systemDictionary.cpp, line 230]
Event: 0,097 Thread 0x00007f646c016800 Exception <a 'java/io/FileNotFoundException'{0x00000007198a1398}> (0x00000007198a1398) thrown at [src/hotspot/share/prims/jni.cpp, line 617]
Event: 0,106 Thread 0x00007f646c016800 Exception <a 'java/lang/NoSuchMethodError'{0x00000007198fc178}: 'java.lang.Object java.lang.invoke.DirectMethodHandle$Holder.invokeStatic(java.lang.Object, java.lang.Object, java.lang.Object, java.lang.Object, java.lang.Object, java.lang.Object, java.lang.Object, java.lang.Object, java.lang.Object, java.lang.Object, java.lang.Object, java.lang.Object, java.lang.Object, java.lang.Object, java.lang.Object)'> (0x00000007198fc178) thrown at [src/hotspot/share/interpreter/linkResolver.cpp, line 772]
Event: 0,108 Thread 0x00007f646c016800 Exception <a 'java/lang/NoSuchMethodError'{0x000000071970a2a0}: 'java.lang.Object java.lang.invoke.DirectMethodHandle$Holder.invokeStatic(java.lang.Object, java.lang.Object, java.lang.Object, java.lang.Object, java.lang.Object, java.lang.Object, java.lang.Object, java.lang.Object, java.lang.Object, java.lang.Object, java.lang.Object, java.lang.Object, java.lang.Object, java.lang.Object, java.lang.Object, java.lang.Object)'> (0x000000071970a2a0) thrown at [src/hotspot/share/interpreter/linkResolver.cpp, lin
Event: 0,110 Thread 0x00007f646c016800 Exception <a 'java/lang/NoSuchMethodError'{0x0000000719717f10}: 'java.lang.Object java.lang.invoke.DirectMethodHandle$Holder.invokeSpecial(java.lang.Object, java.lang.Object, int, int, java.lang.Object, java.lang.Object, java.lang.Object)'> (0x0000000719717f10) thrown at [src/hotspot/share/interpreter/linkResolver.cpp, line 772]
Event: 0,110 Thread 0x00007f646c016800 Exception <a 'java/lang/NoSuchMethodError'{0x000000071971b4a0}: 'java.lang.Object java.lang.invoke.DelegatingMethodHandle$Holder.reinvoke_L(java.lang.Object, int, int, java.lang.Object, java.lang.Object, java.lang.Object)'> (0x000000071971b4a0) thrown at [src/hotspot/share/interpreter/linkResolver.cpp, line 772]
Event: 0,110 Thread 0x00007f646c016800 Exception <a 'java/lang/NoSuchMethodError'{0x000000071971f828}: 'java.lang.Object java.lang.invoke.DirectMethodHandle$Holder.invokeStatic(java.lang.Object, java.lang.Object, java.lang.Object, java.lang.Object, int)'> (0x000000071971f828) thrown at [src/hotspot/share/interpreter/linkResolver.cpp, line 772]
Event: 0,245 Thread 0x00007f646c016800 Exception <a 'java/lang/NoSuchMethodError'{0x00000007194b52e0}: 'java.lang.Object java.lang.invoke.DirectMethodHandle$Holder.invokeStaticInit(java.lang.Object, java.lang.Object, long, java.lang.Object)'> (0x00000007194b52e0) thrown at [src/hotspot/share/interpreter/linkResolver.cpp, line 772]
Event: 0,246 Thread 0x00007f646c016800 Exception <a 'java/lang/NoSuchMethodError'{0x00000007194c1440}: 'java.lang.Object java.lang.invoke.Invokers$Holder.linkToTargetMethod(java.lang.Object, long, java.lang.Object)'> (0x00000007194c1440) thrown at [src/hotspot/share/interpreter/linkResolver.cpp, line 772]
Event: 0,248 Thread 0x00007f646c016800 Exception <a 'java/lang/NoSuchMethodError'{0x00000007194c8398}: 'java.lang.Object java.lang.invoke.DirectMethodHandle$Holder.invokeStatic(java.lang.Object, java.lang.Object, java.lang.Object, int)'> (0x00000007194c8398) thrown at [src/hotspot/share/interpreter/linkResolver.cpp, line 772]
Event: 0,249 Thread 0x00007f646c016800 Exception <a 'java/lang/NoSuchMethodError'{0x00000007194cbcb0}: 'java.lang.Object java.lang.invoke.DirectMethodHandle$Holder.invokeSpecial(java.lang.Object, java.lang.Object, java.lang.Object, java.lang.Object, int)'> (0x00000007194cbcb0) thrown at [src/hotspot/share/interpreter/linkResolver.cpp, line 772]
Event: 0,249 Thread 0x00007f646c016800 Exception <a 'java/lang/NoSuchMethodError'{0x00000007194ced18}: 'java.lang.Object java.lang.invoke.Invokers$Holder.linkToTargetMethod(java.lang.Object, java.lang.Object, int, java.lang.Object)'> (0x00000007194ced18) thrown at [src/hotspot/share/interpreter/linkResolver.cpp, line 772]

Events (20 events):
Event: 0,279 loading class java/lang/reflect/TypeVariable done
Event: 0,279 loading class java/lang/reflect/AnnotatedType
Event: 0,279 loading class java/lang/reflect/AnnotatedType done
Event: 0,279 loading class java/lang/TypeNotPresentException
Event: 0,279 loading class java/lang/TypeNotPresentException done
Event: 0,280 loading class com/sun/jna/Function
Event: 0,280 loading class com/sun/jna/Function done
Event: 0,281 loading class com/sun/jna/MethodParameterContext
Event: 0,281 loading class com/sun/jna/MethodParameterContext done
Event: 0,281 loading class com/sun/jna/FunctionParameterContext
Event: 0,281 loading class com/sun/jna/FunctionParameterContext done
Event: 0,282 loading class com/sun/jna/VarArgsChecker
Event: 0,282 loading class com/sun/jna/VarArgsChecker done
Event: 0,282 loading class com/sun/jna/VarArgsChecker$RealVarArgsChecker
Event: 0,282 loading class com/sun/jna/VarArgsChecker$RealVarArgsChecker done
Event: 0,282 loading class com/sun/jna/VarArgsChecker$NoVarArgsChecker
Event: 0,282 loading class com/sun/jna/VarArgsChecker$NoVarArgsChecker done
Event: 0,282 loading class com/sun/jna/Library$Handler$FunctionInfo
Event: 0,282 loading class com/sun/jna/Library$Handler$FunctionInfo done
Event: 0,283 Protecting memory [0x00007f6472849000,0x00007f647284a000] with protection modes 1


Dynamic libraries:
70a400000-719a00000 rw-p 00000000 00:00 0 
719a00000-7bfe00000 ---p 00000000 00:00 0 
7bfe00000-7bfe48000 rw-p 00b13000 103:03 2232165                         /usr/lib/jvm/java-11-openjdk-amd64/lib/server/classes.jsa
7bfe48000-7bff00000 rw-p 00000000 00:00 0 
7bff00000-7bff6c000 rw-p 00aa7000 103:03 2232165                         /usr/lib/jvm/java-11-openjdk-amd64/lib/server/classes.jsa
7bff6c000-7c0000000 rw-p 00000000 00:00 0 
7c0000000-800000000 ---p 00000000 00:00 0 
800000000-800002000 rwxp 00001000 103:03 2232165                         /usr/lib/jvm/java-11-openjdk-amd64/lib/server/classes.jsa
800002000-8003ce000 rw-p 00003000 103:03 2232165                         /usr/lib/jvm/java-11-openjdk-amd64/lib/server/classes.jsa
8003ce000-800aa5000 r--p 003cf000 103:03 2232165                         /usr/lib/jvm/java-11-openjdk-amd64/lib/server/classes.jsa
800aa5000-800aa6000 rw-p 00aa6000 103:03 2232165                         /usr/lib/jvm/java-11-openjdk-amd64/lib/server/classes.jsa
840000000-8400a0000 rw-p 00000000 00:00 0 
8400a0000-880000000 ---p 00000000 00:00 0 
5606e4b8b000-5606e4b8c000 r--p 00000000 103:03 2230722                   /usr/lib/jvm/java-11-openjdk-amd64/bin/java
5606e4b8c000-5606e4b8d000 r-xp 00001000 103:03 2230722                   /usr/lib/jvm/java-11-openjdk-amd64/bin/java
5606e4b8d000-5606e4b8e000 r--p 00002000 103:03 2230722                   /usr/lib/jvm/java-11-openjdk-amd64/bin/java
5606e4b8e000-5606e4b8f000 r--p 00002000 103:03 2230722                   /usr/lib/jvm/java-11-openjdk-amd64/bin/java
5606e4b8f000-5606e4b90000 rw-p 00003000 103:03 2230722                   /usr/lib/jvm/java-11-openjdk-amd64/bin/java
5606e5a55000-5606e5a76000 rw-p 00000000 00:00 0                          [heap]
7f63f4000000-7f63f4021000 rw-p 00000000 00:00 0 
7f63f4021000-7f63f8000000 ---p 00000000 00:00 0 
7f63f8000000-7f63f8021000 rw-p 00000000 00:00 0 
7f63f8021000-7f63fc000000 ---p 00000000 00:00 0 
7f63fc000000-7f63fc104000 rw-p 00000000 00:00 0 
7f63fc104000-7f6400000000 ---p 00000000 00:00 0 
7f6400000000-7f640002b000 rw-p 00000000 00:00 0 
7f640002b000-7f6404000000 ---p 00000000 00:00 0 
7f6404000000-7f6404021000 rw-p 00000000 00:00 0 
7f6404021000-7f6408000000 ---p 00000000 00:00 0 
7f6408000000-7f6408021000 rw-p 00000000 00:00 0 
7f6408021000-7f640c000000 ---p 00000000 00:00 0 
7f640c000000-7f640c021000 rw-p 00000000 00:00 0 
7f640c021000-7f6410000000 ---p 00000000 00:00 0 
7f6410000000-7f6410021000 rw-p 00000000 00:00 0 
7f6410021000-7f6414000000 ---p 00000000 00:00 0 
7f6414000000-7f64141ac000 rw-p 00000000 00:00 0 
7f64141ac000-7f6418000000 ---p 00000000 00:00 0 
7f6418000000-7f641823f000 rw-p 00000000 00:00 0 
7f641823f000-7f641c000000 ---p 00000000 00:00 0 
7f641c000000-7f641c021000 rw-p 00000000 00:00 0 
7f641c021000-7f6420000000 ---p 00000000 00:00 0 
7f6420000000-7f6420021000 rw-p 00000000 00:00 0 
7f6420021000-7f6424000000 ---p 00000000 00:00 0 
7f6424000000-7f6424021000 rw-p 00000000 00:00 0 
7f6424021000-7f6428000000 ---p 00000000 00:00 0 
7f6428000000-7f6428021000 rw-p 00000000 00:00 0 
7f6428021000-7f642c000000 ---p 00000000 00:00 0 
7f642e305000-7f642e377000 rw-p 00000000 00:00 0 
7f642e377000-7f642e37b000 ---p 00000000 00:00 0 
7f642e37b000-7f642e478000 rw-p 00000000 00:00 0 
7f642e478000-7f642e493000 r--p 00000000 103:03 1052772                   /usr/local/lib/libZXing.so.2.1.0
7f642e493000-7f642e567000 r-xp 0001b000 103:03 1052772                   /usr/local/lib/libZXing.so.2.1.0
7f642e567000-7f642e5dd000 r--p 000ef000 103:03 1052772                   /usr/local/lib/libZXing.so.2.1.0
7f642e5dd000-7f642e5de000 ---p 00165000 103:03 1052772                   /usr/local/lib/libZXing.so.2.1.0
7f642e5de000-7f642e5e0000 r--p 00165000 103:03 1052772                   /usr/local/lib/libZXing.so.2.1.0
7f642e5e0000-7f642e5e2000 rw-p 00167000 103:03 1052772                   /usr/local/lib/libZXing.so.2.1.0
7f642e5e2000-7f642e5e6000 rw-p 00000000 00:00 0 
7f642e60d000-7f642e62b000 r-xp 00000000 103:03 5377553                   /home/eduardo/.cache/JNA/temp/jna12121737979141593830.tmp (deleted)
7f642e62b000-7f642e82a000 ---p 0001e000 103:03 5377553                   /home/eduardo/.cache/JNA/temp/jna12121737979141593830.tmp (deleted)
7f642e82a000-7f642e82b000 rw-p 0001d000 103:03 5377553                   /home/eduardo/.cache/JNA/temp/jna12121737979141593830.tmp (deleted)
7f642e82b000-7f642e82c000 rw-p 00000000 00:00 0 
7f642e82c000-7f642e830000 ---p 00000000 00:00 0 
7f642e830000-7f642e92d000 rw-p 00000000 00:00 0 
7f642e92d000-7f642e931000 r--p 00000000 103:03 395299                    /usr/lib/x86_64-linux-gnu/libjpeg.so.8.2.2
7f642e931000-7f642e975000 r-xp 00004000 103:03 395299                    /usr/lib/x86_64-linux-gnu/libjpeg.so.8.2.2
7f642e975000-7f642e9af000 r--p 00048000 103:03 395299                    /usr/lib/x86_64-linux-gnu/libjpeg.so.8.2.2
7f642e9af000-7f642e9b0000 ---p 00082000 103:03 395299                    /usr/lib/x86_64-linux-gnu/libjpeg.so.8.2.2
7f642e9b0000-7f642e9b1000 r--p 00082000 103:03 395299                    /usr/lib/x86_64-linux-gnu/libjpeg.so.8.2.2
7f642e9b1000-7f642e9b2000 rw-p 00083000 103:03 395299                    /usr/lib/x86_64-linux-gnu/libjpeg.so.8.2.2
7f642e9b7000-7f642e9bb000 ---p 00000000 00:00 0 
7f642e9bb000-7f642e9d9000 rw-p 00000000 00:00 0 
7f642e9d9000-7f642e9db000 r--p 00000000 103:03 2273413                   /usr/lib/jvm/java-11-openjdk-amd64/lib/libjavajpeg.so
7f642e9db000-7f642e9e2000 r-xp 00002000 103:03 2273413                   /usr/lib/jvm/java-11-openjdk-amd64/lib/libjavajpeg.so
7f642e9e2000-7f642e9e3000 r--p 00009000 103:03 2273413                   /usr/lib/jvm/java-11-openjdk-amd64/lib/libjavajpeg.so
7f642e9e3000-7f642e9e4000 ---p 0000a000 103:03 2273413                   /usr/lib/jvm/java-11-openjdk-amd64/lib/libjavajpeg.so
7f642e9e4000-7f642e9e5000 r--p 0000a000 103:03 2273413                   /usr/lib/jvm/java-11-openjdk-amd64/lib/libjavajpeg.so
7f642e9e5000-7f642e9e6000 rw-p 0000b000 103:03 2273413                   /usr/lib/jvm/java-11-openjdk-amd64/lib/libjavajpeg.so
7f642e9e6000-7f642e9ea000 ---p 00000000 00:00 0 
7f642e9ea000-7f642eae7000 rw-p 00000000 00:00 0 
7f642eae7000-7f642eaeb000 ---p 00000000 00:00 0 
7f642eaeb000-7f642ebe8000 rw-p 00000000 00:00 0 
7f642ebe8000-7f642ebec000 r--p 00000000 103:03 400198                    /usr/lib/x86_64-linux-gnu/libbsd.so.0.10.0
7f642ebec000-7f642ebfb000 r-xp 00004000 103:03 400198                    /usr/lib/x86_64-linux-gnu/libbsd.so.0.10.0
7f642ebfb000-7f642ebfe000 r--p 00013000 103:03 400198                    /usr/lib/x86_64-linux-gnu/libbsd.so.0.10.0
7f642ebfe000-7f642ebff000 ---p 00016000 103:03 400198                    /usr/lib/x86_64-linux-gnu/libbsd.so.0.10.0
7f642ebff000-7f642ec00000 r--p 00016000 103:03 400198                    /usr/lib/x86_64-linux-gnu/libbsd.so.0.10.0
7f642ec00000-7f642ec01000 rw-p 00017000 103:03 400198                    /usr/lib/x86_64-linux-gnu/libbsd.so.0.10.0
7f642ec01000-7f642ec02000 rw-p 00000000 00:00 0 
7f642ec02000-7f642ec0d000 r--p 00000000 103:03 401372                    /usr/lib/x86_64-linux-gnu/libxcb.so.1.1.0
7f642ec0d000-7f642ec21000 r-xp 0000b000 103:03 401372                    /usr/lib/x86_64-linux-gnu/libxcb.so.1.1.0
7f642ec21000-7f642ec2a000 r--p 0001f000 103:03 401372                    /usr/lib/x86_64-linux-gnu/libxcb.so.1.1.0
7f642ec2a000-7f642ec2b000 r--p 00027000 103:03 401372                    /usr/lib/x86_64-linux-gnu/libxcb.so.1.1.0
7f642ec2b000-7f642ec2c000 rw-p 00028000 103:03 401372                    /usr/lib/x86_64-linux-gnu/libxcb.so.1.1.0
7f642ec2c000-7f642ec2e000 r--p 00000000 103:03 400055                    /usr/lib/x86_64-linux-gnu/libXi.so.6.1.0
7f642ec2e000-7f642ec39000 r-xp 00002000 103:03 400055                    /usr/lib/x86_64-linux-gnu/libXi.so.6.1.0
7f642ec39000-7f642ec3c000 r--p 0000d000 103:03 400055                    /usr/lib/x86_64-linux-gnu/libXi.so.6.1.0
7f642ec3c000-7f642ec3d000 r--p 0000f000 103:03 400055                    /usr/lib/x86_64-linux-gnu/libXi.so.6.1.0
7f642ec3d000-7f642ec3e000 rw-p 00010000 103:03 400055                    /usr/lib/x86_64-linux-gnu/libXi.so.6.1.0
7f642ec3e000-7f642ec43000 r-xp 00000000 103:03 400073                    /usr/lib/x86_64-linux-gnu/libXtst.so.6.1.0
7f642ec43000-7f642ee42000 ---p 00005000 103:03 400073                    /usr/lib/x86_64-linux-gnu/libXtst.so.6.1.0
7f642ee42000-7f642ee43000 r--p 00004000 103:03 400073                    /usr/lib/x86_64-linux-gnu/libXtst.so.6.1.0
7f642ee43000-7f642ee44000 rw-p 00005000 103:03 400073                    /usr/lib/x86_64-linux-gnu/libXtst.so.6.1.0
7f642ee44000-7f642ee4d000 r-xp 00000000 103:03 400067                    /usr/lib/x86_64-linux-gnu/libXrender.so.1.3.0
7f642ee4d000-7f642f04c000 ---p 00009000 103:03 400067                    /usr/lib/x86_64-linux-gnu/libXrender.so.1.3.0
7f642f04c000-7f642f04d000 r--p 00008000 103:03 400067                    /usr/lib/x86_64-linux-gnu/libXrender.so.1.3.0
7f642f04d000-7f642f04e000 rw-p 00009000 103:03 400067                    /usr/lib/x86_64-linux-gnu/libXrender.so.1.3.0
7f642f04e000-7f642f066000 r--p 00000000 103:03 397401                    /usr/lib/x86_64-linux-gnu/libX11.so.6.3.0
7f642f066000-7f642f0f1000 r-xp 00018000 103:03 397401                    /usr/lib/x86_64-linux-gnu/libX11.so.6.3.0
7f642f0f1000-7f642f185000 r--p 000a3000 103:03 397401                    /usr/lib/x86_64-linux-gnu/libX11.so.6.3.0
7f642f185000-7f642f186000 ---p 00137000 103:03 397401                    /usr/lib/x86_64-linux-gnu/libX11.so.6.3.0
7f642f186000-7f642f187000 r--p 00137000 103:03 397401                    /usr/lib/x86_64-linux-gnu/libX11.so.6.3.0
7f642f187000-7f642f18b000 rw-p 00138000 103:03 397401                    /usr/lib/x86_64-linux-gnu/libX11.so.6.3.0
7f642f18c000-7f642f1b2000 r--p 00000000 103:03 2622352                   /usr/share/locale-langpack/pt_BR/LC_MESSAGES/libc.mo
7f642f1b2000-7f642f1de000 r--p 00000000 103:03 2273402                   /usr/lib/jvm/java-11-openjdk-amd64/lib/libawt.so
7f642f1de000-7f642f247000 r-xp 0002c000 103:03 2273402                   /usr/lib/jvm/java-11-openjdk-amd64/lib/libawt.so
7f642f247000-7f642f253000 r--p 00095000 103:03 2273402                   /usr/lib/jvm/java-11-openjdk-amd64/lib/libawt.so
7f642f253000-7f642f254000 ---p 000a1000 103:03 2273402                   /usr/lib/jvm/java-11-openjdk-amd64/lib/libawt.so
7f642f254000-7f642f255000 r--p 000a1000 103:03 2273402                   /usr/lib/jvm/java-11-openjdk-amd64/lib/libawt.so
7f642f255000-7f642f260000 rw-p 000a2000 103:03 2273402                   /usr/lib/jvm/java-11-openjdk-amd64/lib/libawt.so
7f642f260000-7f642f285000 rw-p 00000000 00:00 0 
7f642f285000-7f642f289000 ---p 00000000 00:00 0 
7f642f289000-7f642f386000 rw-p 00000000 00:00 0 
7f642f386000-7f642f387000 ---p 00000000 00:00 0 
7f642f387000-7f642f488000 rw-p 00000000 00:00 0 
7f642f488000-7f642f48c000 ---p 00000000 00:00 0 
7f642f48c000-7f642f589000 rw-p 00000000 00:00 0 
7f642f589000-7f642f58d000 ---p 00000000 00:00 0 
7f642f58d000-7f642f68a000 rw-p 00000000 00:00 0 
7f642f68a000-7f642f68e000 ---p 00000000 00:00 0 
7f642f68e000-7f642f78b000 rw-p 00000000 00:00 0 
7f642f78b000-7f642f78f000 ---p 00000000 00:00 0 
7f642f78f000-7f642f88c000 rw-p 00000000 00:00 0 
7f642f88c000-7f642f890000 ---p 00000000 00:00 0 
7f642f890000-7f642f98d000 rw-p 00000000 00:00 0 
7f642f98d000-7f642feff000 r--p 00000000 103:03 394020                    /usr/lib/locale/locale-archive
7f642feff000-7f642ff03000 ---p 00000000 00:00 0 
7f642ff03000-7f6430000000 rw-p 00000000 00:00 0 
7f6430000000-7f6430021000 rw-p 00000000 00:00 0 
7f6430021000-7f6434000000 ---p 00000000 00:00 0 
7f6434000000-7f6434021000 rw-p 00000000 00:00 0 
7f6434021000-7f6438000000 ---p 00000000 00:00 0 
7f6438000000-7f6438021000 rw-p 00000000 00:00 0 
7f6438021000-7f643c000000 ---p 00000000 00:00 0 
7f643c000000-7f643c021000 rw-p 00000000 00:00 0 
7f643c021000-7f6440000000 ---p 00000000 00:00 0 
7f6440000000-7f6440021000 rw-p 00000000 00:00 0 
7f6440021000-7f6444000000 ---p 00000000 00:00 0 
7f6444004000-7f6444008000 r--p 00000000 103:03 400047                    /usr/lib/x86_64-linux-gnu/libXext.so.6.4.0
7f6444008000-7f6444013000 r-xp 00004000 103:03 400047                    /usr/lib/x86_64-linux-gnu/libXext.so.6.4.0
7f6444013000-7f6444017000 r--p 0000f000 103:03 400047                    /usr/lib/x86_64-linux-gnu/libXext.so.6.4.0
7f6444017000-7f6444018000 r--p 00012000 103:03 400047                    /usr/lib/x86_64-linux-gnu/libXext.so.6.4.0
7f6444018000-7f6444019000 rw-p 00013000 103:03 400047                    /usr/lib/x86_64-linux-gnu/libXext.so.6.4.0
7f6444019000-7f6444029000 r--p 00000000 103:03 2273354                   /usr/lib/jvm/java-11-openjdk-amd64/lib/libawt_xawt.so
7f6444029000-7f6444069000 r-xp 00010000 103:03 2273354                   /usr/lib/jvm/java-11-openjdk-amd64/lib/libawt_xawt.so
7f6444069000-7f644407b000 r--p 00050000 103:03 2273354                   /usr/lib/jvm/java-11-openjdk-amd64/lib/libawt_xawt.so
7f644407b000-7f644407c000 r--p 00061000 103:03 2273354                   /usr/lib/jvm/java-11-openjdk-amd64/lib/libawt_xawt.so
7f644407c000-7f644407e000 rw-p 00062000 103:03 2273354                   /usr/lib/jvm/java-11-openjdk-amd64/lib/libawt_xawt.so
7f644407e000-7f64440b1000 rw-p 00000000 00:00 0 
7f64440b1000-7f64440b5000 ---p 00000000 00:00 0 
7f64440b5000-7f64441b2000 rw-p 00000000 00:00 0 
7f64441b2000-7f64441b3000 ---p 00000000 00:00 0 
7f64441b3000-7f6444878000 rw-p 00000000 00:00 0 
7f6444878000-7f6444bb8000 ---p 00000000 00:00 0 
7f6444bb8000-7f6444bb9000 ---p 00000000 00:00 0 
7f6444bb9000-7f6444cba000 rw-p 00000000 00:00 0 
7f6444cba000-7f6444cbb000 ---p 00000000 00:00 0 
7f6444cbb000-7f644799c000 rw-p 00000000 00:00 0 
7f644799c000-7f644a32c000 ---p 00000000 00:00 0 
7f644a32c000-7f644a334000 rw-p 00000000 00:00 0 
7f644a334000-7f644b334000 ---p 00000000 00:00 0 
7f644b334000-7f644b70c000 rw-p 00000000 00:00 0 
7f644b70c000-7f644e09c000 ---p 00000000 00:00 0 
7f644e09c000-7f644e0a4000 rw-p 00000000 00:00 0 
7f644e0a4000-7f644f0a4000 ---p 00000000 00:00 0 
7f644f0a4000-7f644f11f000 rw-p 00000000 00:00 0 
7f644f11f000-7f644f651000 ---p 00000000 00:00 0 
7f644f651000-7f644f652000 rw-p 00000000 00:00 0 
7f644f652000-7f644f852000 ---p 00000000 00:00 0 
7f644f852000-7f644f8cd000 rw-p 00000000 00:00 0 
7f644f8cd000-7f644fdff000 ---p 00000000 00:00 0 
7f644fdff000-7f644fe00000 rw-p 00000000 00:00 0 
7f644fe00000-7f6450000000 ---p 00000000 00:00 0 
7f6450000000-7f6450021000 rw-p 00000000 00:00 0 
7f6450021000-7f6454000000 ---p 00000000 00:00 0 
7f645400a000-7f645400e000 r--p 00000000 103:03 2273423                   /usr/lib/jvm/java-11-openjdk-amd64/lib/libnet.so
7f645400e000-7f645401c000 r-xp 00004000 103:03 2273423                   /usr/lib/jvm/java-11-openjdk-amd64/lib/libnet.so
7f645401c000-7f6454020000 r--p 00012000 103:03 2273423                   /usr/lib/jvm/java-11-openjdk-amd64/lib/libnet.so
7f6454020000-7f6454021000 r--p 00015000 103:03 2273423                   /usr/lib/jvm/java-11-openjdk-amd64/lib/libnet.so
7f6454021000-7f6454022000 rw-p 00016000 103:03 2273423                   /usr/lib/jvm/java-11-openjdk-amd64/lib/libnet.so
7f6454022000-7f64540be000 rw-p 00000000 00:00 0 
7f64540be000-7f64545f0000 ---p 00000000 00:00 0 
7f64545f0000-7f64545f1000 rw-p 00000000 00:00 0 
7f64545f1000-7f64547f1000 ---p 00000000 00:00 0 
7f64547f1000-7f6454a61000 rwxp 00000000 00:00 0 
7f6454a61000-7f6454d82000 ---p 00000000 00:00 0 
7f6454d82000-7f6454ff2000 rwxp 00000000 00:00 0 
7f6454ff2000-7f645c2b9000 ---p 00000000 00:00 0 
7f645c2b9000-7f645c529000 rwxp 00000000 00:00 0 
7f645c529000-7f64637f1000 ---p 00000000 00:00 0 
7f64637f1000-7f646c000000 r--s 00000000 103:03 2273433                   /usr/lib/jvm/java-11-openjdk-amd64/lib/modules
7f646c000000-7f646c32c000 rw-p 00000000 00:00 0 
7f646c32c000-7f6470000000 ---p 00000000 00:00 0 
7f6470002000-7f6470009000 r--s 00000000 103:03 931822                    /usr/lib/x86_64-linux-gnu/gconv/gconv-modules.cache
7f6470009000-7f6470010000 r--p 00000000 103:03 2273424                   /usr/lib/jvm/java-11-openjdk-amd64/lib/libnio.so
7f6470010000-7f6470018000 r-xp 00007000 103:03 2273424                   /usr/lib/jvm/java-11-openjdk-amd64/lib/libnio.so
7f6470018000-7f647001b000 r--p 0000f000 103:03 2273424                   /usr/lib/jvm/java-11-openjdk-amd64/lib/libnio.so
7f647001b000-7f647001c000 r--p 00011000 103:03 2273424                   /usr/lib/jvm/java-11-openjdk-amd64/lib/libnio.so
7f647001c000-7f647001d000 rw-p 00012000 103:03 2273424                   /usr/lib/jvm/java-11-openjdk-amd64/lib/libnio.so
7f647001d000-7f647003e000 rw-p 00000000 00:00 0 
7f647003e000-7f647003f000 ---p 00000000 00:00 0 
7f647003f000-7f6470140000 rw-p 00000000 00:00 0 
7f6470140000-7f6470141000 ---p 00000000 00:00 0 
7f6470141000-7f6470b48000 rw-p 00000000 00:00 0 
7f6470b48000-7f6470b49000 ---p 00000000 00:00 0 
7f6470b49000-7f6470c4f000 rw-p 00000000 00:00 0 
7f6470c4f000-7f6470d35000 ---p 00000000 00:00 0 
7f6470d35000-7f6470d3a000 rw-p 00000000 00:00 0 
7f6470d3a000-7f6470e20000 ---p 00000000 00:00 0 
7f6470e20000-7f6470e23000 r--p 00000000 103:03 394907                    /usr/lib/x86_64-linux-gnu/libnss_files-2.31.so
7f6470e23000-7f6470e2a000 r-xp 00003000 103:03 394907                    /usr/lib/x86_64-linux-gnu/libnss_files-2.31.so
7f6470e2a000-7f6470e2c000 r--p 0000a000 103:03 394907                    /usr/lib/x86_64-linux-gnu/libnss_files-2.31.so
7f6470e2c000-7f6470e2d000 r--p 0000b000 103:03 394907                    /usr/lib/x86_64-linux-gnu/libnss_files-2.31.so
7f6470e2d000-7f6470e2e000 rw-p 0000c000 103:03 394907                    /usr/lib/x86_64-linux-gnu/libnss_files-2.31.so
7f6470e2e000-7f6470e34000 rw-p 00000000 00:00 0 
7f6470e36000-7f6470e38000 r--p 00000000 103:03 400045                    /usr/lib/x86_64-linux-gnu/libXdmcp.so.6.0.0
7f6470e38000-7f6470e3a000 r-xp 00002000 103:03 400045                    /usr/lib/x86_64-linux-gnu/libXdmcp.so.6.0.0
7f6470e3a000-7f6470e3c000 r--p 00004000 103:03 400045                    /usr/lib/x86_64-linux-gnu/libXdmcp.so.6.0.0
7f6470e3c000-7f6470e3d000 r--p 00005000 103:03 400045                    /usr/lib/x86_64-linux-gnu/libXdmcp.so.6.0.0
7f6470e3d000-7f6470e3e000 rw-p 00006000 103:03 400045                    /usr/lib/x86_64-linux-gnu/libXdmcp.so.6.0.0
7f6470e3e000-7f6470e3f000 r--p 00000000 103:03 400034                    /usr/lib/x86_64-linux-gnu/libXau.so.6.0.0
7f6470e3f000-7f6470e41000 r-xp 00001000 103:03 400034                    /usr/lib/x86_64-linux-gnu/libXau.so.6.0.0
7f6470e41000-7f6470e42000 r--p 00003000 103:03 400034                    /usr/lib/x86_64-linux-gnu/libXau.so.6.0.0
7f6470e42000-7f6470e43000 r--p 00003000 103:03 400034                    /usr/lib/x86_64-linux-gnu/libXau.so.6.0.0
7f6470e43000-7f6470e44000 rw-p 00004000 103:03 400034                    /usr/lib/x86_64-linux-gnu/libXau.so.6.0.0
7f6470e44000-7f6470e49000 rw-p 00000000 00:00 0 
7f6470e49000-7f6470e50000 ---p 00000000 00:00 0 
7f6470e50000-7f6470e52000 r--p 00000000 103:03 2273432                   /usr/lib/jvm/java-11-openjdk-amd64/lib/libzip.so
7f6470e52000-7f6470e57000 r-xp 00002000 103:03 2273432                   /usr/lib/jvm/java-11-openjdk-amd64/lib/libzip.so
7f6470e57000-7f6470e59000 r--p 00007000 103:03 2273432                   /usr/lib/jvm/java-11-openjdk-amd64/lib/libzip.so
7f6470e59000-7f6470e5a000 r--p 00008000 103:03 2273432                   /usr/lib/jvm/java-11-openjdk-amd64/lib/libzip.so
7f6470e5a000-7f6470e5b000 rw-p 00009000 103:03 2273432                   /usr/lib/jvm/java-11-openjdk-amd64/lib/libzip.so
7f6470e5b000-7f6470e69000 r--p 00000000 103:03 2273412                   /usr/lib/jvm/java-11-openjdk-amd64/lib/libjava.so
7f6470e69000-7f6470e7f000 r-xp 0000e000 103:03 2273412                   /usr/lib/jvm/java-11-openjdk-amd64/lib/libjava.so
7f6470e7f000-7f6470e86000 r--p 00024000 103:03 2273412                   /usr/lib/jvm/java-11-openjdk-amd64/lib/libjava.so
7f6470e86000-7f6470e87000 r--p 0002a000 103:03 2273412                   /usr/lib/jvm/java-11-openjdk-amd64/lib/libjava.so
7f6470e87000-7f6470e88000 rw-p 0002b000 103:03 2273412                   /usr/lib/jvm/java-11-openjdk-amd64/lib/libjava.so
7f6470e88000-7f6470e89000 rw-p 00000000 00:00 0 
7f6470e89000-7f6470e8b000 r--p 00000000 103:03 395360                    /usr/lib/x86_64-linux-gnu/librt-2.31.so
7f6470e8b000-7f6470e8f000 r-xp 00002000 103:03 395360                    /usr/lib/x86_64-linux-gnu/librt-2.31.so
7f6470e8f000-7f6470e91000 r--p 00006000 103:03 395360                    /usr/lib/x86_64-linux-gnu/librt-2.31.so
7f6470e91000-7f6470e92000 r--p 00007000 103:03 395360                    /usr/lib/x86_64-linux-gnu/librt-2.31.so
7f6470e92000-7f6470e93000 rw-p 00008000 103:03 395360                    /usr/lib/x86_64-linux-gnu/librt-2.31.so
7f6470e93000-7f6470e97000 ---p 00000000 00:00 0 
7f6470e97000-7f6470f94000 rw-p 00000000 00:00 0 
7f6470f94000-7f6470f97000 r--p 00000000 103:03 395513                    /usr/lib/x86_64-linux-gnu/libgcc_s.so.1
7f6470f97000-7f6470fa9000 r-xp 00003000 103:03 395513                    /usr/lib/x86_64-linux-gnu/libgcc_s.so.1
7f6470fa9000-7f6470fad000 r--p 00015000 103:03 395513                    /usr/lib/x86_64-linux-gnu/libgcc_s.so.1
7f6470fad000-7f6470fae000 r--p 00018000 103:03 395513                    /usr/lib/x86_64-linux-gnu/libgcc_s.so.1
7f6470fae000-7f6470faf000 rw-p 00019000 103:03 395513                    /usr/lib/x86_64-linux-gnu/libgcc_s.so.1
7f6470faf000-7f6470fbc000 r--p 00000000 103:03 393842                    /usr/lib/x86_64-linux-gnu/libm-2.31.so
7f6470fbc000-7f6471063000 r-xp 0000d000 103:03 393842                    /usr/lib/x86_64-linux-gnu/libm-2.31.so
7f6471063000-7f64710fc000 r--p 000b4000 103:03 393842                    /usr/lib/x86_64-linux-gnu/libm-2.31.so
7f64710fc000-7f64710fd000 r--p 0014c000 103:03 393842                    /usr/lib/x86_64-linux-gnu/libm-2.31.so
7f64710fd000-7f64710fe000 rw-p 0014d000 103:03 393842                    /usr/lib/x86_64-linux-gnu/libm-2.31.so
7f64710fe000-7f6471194000 r--p 00000000 103:03 394152                    /usr/lib/x86_64-linux-gnu/libstdc++.so.6.0.28
7f6471194000-7f6471285000 r-xp 00096000 103:03 394152                    /usr/lib/x86_64-linux-gnu/libstdc++.so.6.0.28
7f6471285000-7f64712ce000 r--p 00187000 103:03 394152                    /usr/lib/x86_64-linux-gnu/libstdc++.so.6.0.28
7f64712ce000-7f64712cf000 ---p 001d0000 103:03 394152                    /usr/lib/x86_64-linux-gnu/libstdc++.so.6.0.28
7f64712cf000-7f64712da000 r--p 001d0000 103:03 394152                    /usr/lib/x86_64-linux-gnu/libstdc++.so.6.0.28
7f64712da000-7f64712dd000 rw-p 001db000 103:03 394152                    /usr/lib/x86_64-linux-gnu/libstdc++.so.6.0.28
7f64712dd000-7f64712e0000 rw-p 00000000 00:00 0 
7f64712e0000-7f6471562000 r--p 00000000 103:03 2273436                   /usr/lib/jvm/java-11-openjdk-amd64/lib/server/libjvm.so
7f6471562000-7f64721f3000 r-xp 00282000 103:03 2273436                   /usr/lib/jvm/java-11-openjdk-amd64/lib/server/libjvm.so
7f64721f3000-7f6472452000 r--p 00f13000 103:03 2273436                   /usr/lib/jvm/java-11-openjdk-amd64/lib/server/libjvm.so
7f6472452000-7f6472516000 r--p 01171000 103:03 2273436                   /usr/lib/jvm/java-11-openjdk-amd64/lib/server/libjvm.so
7f6472516000-7f6472551000 rw-p 01235000 103:03 2273436                   /usr/lib/jvm/java-11-openjdk-amd64/lib/server/libjvm.so
7f6472551000-7f64725aa000 rw-p 00000000 00:00 0 
7f64725aa000-7f64725cc000 r--p 00000000 103:03 393319                    /usr/lib/x86_64-linux-gnu/libc-2.31.so
7f64725cc000-7f6472744000 r-xp 00022000 103:03 393319                    /usr/lib/x86_64-linux-gnu/libc-2.31.so
7f6472744000-7f6472792000 r--p 0019a000 103:03 393319                    /usr/lib/x86_64-linux-gnu/libc-2.31.so
7f6472792000-7f6472796000 r--p 001e7000 103:03 393319                    /usr/lib/x86_64-linux-gnu/libc-2.31.so
7f6472796000-7f6472798000 rw-p 001eb000 103:03 393319                    /usr/lib/x86_64-linux-gnu/libc-2.31.so
7f6472798000-7f647279c000 rw-p 00000000 00:00 0 
7f647279c000-7f647279d000 r--p 00000000 103:03 393432                    /usr/lib/x86_64-linux-gnu/libdl-2.31.so
7f647279d000-7f647279f000 r-xp 00001000 103:03 393432                    /usr/lib/x86_64-linux-gnu/libdl-2.31.so
7f647279f000-7f64727a0000 r--p 00003000 103:03 393432                    /usr/lib/x86_64-linux-gnu/libdl-2.31.so
7f64727a0000-7f64727a1000 r--p 00003000 103:03 393432                    /usr/lib/x86_64-linux-gnu/libdl-2.31.so
7f64727a1000-7f64727a2000 rw-p 00004000 103:03 393432                    /usr/lib/x86_64-linux-gnu/libdl-2.31.so
7f64727a2000-7f64727a5000 r--p 00000000 103:03 2273397                   /usr/lib/jvm/java-11-openjdk-amd64/lib/jli/libjli.so
7f64727a5000-7f64727af000 r-xp 00003000 103:03 2273397                   /usr/lib/jvm/java-11-openjdk-amd64/lib/jli/libjli.so
7f64727af000-7f64727b2000 r--p 0000d000 103:03 2273397                   /usr/lib/jvm/java-11-openjdk-amd64/lib/jli/libjli.so
7f64727b2000-7f64727b3000 ---p 00010000 103:03 2273397                   /usr/lib/jvm/java-11-openjdk-amd64/lib/jli/libjli.so
7f64727b3000-7f64727b4000 r--p 00010000 103:03 2273397                   /usr/lib/jvm/java-11-openjdk-amd64/lib/jli/libjli.so
7f64727b4000-7f64727b5000 rw-p 00011000 103:03 2273397                   /usr/lib/jvm/java-11-openjdk-amd64/lib/jli/libjli.so
7f64727b5000-7f64727bb000 r--p 00000000 103:03 395358                    /usr/lib/x86_64-linux-gnu/libpthread-2.31.so
7f64727bb000-7f64727cc000 r-xp 00006000 103:03 395358                    /usr/lib/x86_64-linux-gnu/libpthread-2.31.so
7f64727cc000-7f64727d2000 r--p 00017000 103:03 395358                    /usr/lib/x86_64-linux-gnu/libpthread-2.31.so
7f64727d2000-7f64727d3000 r--p 0001c000 103:03 395358                    /usr/lib/x86_64-linux-gnu/libpthread-2.31.so
7f64727d3000-7f64727d4000 rw-p 0001d000 103:03 395358                    /usr/lib/x86_64-linux-gnu/libpthread-2.31.so
7f64727d4000-7f64727d8000 rw-p 00000000 00:00 0 
7f64727d8000-7f64727da000 r--p 00000000 103:03 393419                    /usr/lib/x86_64-linux-gnu/libz.so.1.2.11
7f64727da000-7f64727eb000 r-xp 00002000 103:03 393419                    /usr/lib/x86_64-linux-gnu/libz.so.1.2.11
7f64727eb000-7f64727f1000 r--p 00013000 103:03 393419                    /usr/lib/x86_64-linux-gnu/libz.so.1.2.11
7f64727f1000-7f64727f2000 ---p 00019000 103:03 393419                    /usr/lib/x86_64-linux-gnu/libz.so.1.2.11
7f64727f2000-7f64727f3000 r--p 00019000 103:03 393419                    /usr/lib/x86_64-linux-gnu/libz.so.1.2.11
7f64727f3000-7f64727f4000 rw-p 0001a000 103:03 393419                    /usr/lib/x86_64-linux-gnu/libz.so.1.2.11
7f64727f6000-7f64727fe000 rw-s 00000000 103:03 12714068                  /tmp/hsperfdata_eduardo/110736
7f64727fe000-7f64727ff000 ---p 00000000 00:00 0 
7f64727ff000-7f6472800000 r--p 00000000 00:00 0 
7f6472800000-7f6472802000 r--p 00000000 103:03 2273415                   /usr/lib/jvm/java-11-openjdk-amd64/lib/libjimage.so
7f6472802000-7f6472805000 r-xp 00002000 103:03 2273415                   /usr/lib/jvm/java-11-openjdk-amd64/lib/libjimage.so
7f6472805000-7f6472806000 r--p 00005000 103:03 2273415                   /usr/lib/jvm/java-11-openjdk-amd64/lib/libjimage.so
7f6472806000-7f6472807000 ---p 00006000 103:03 2273415                   /usr/lib/jvm/java-11-openjdk-amd64/lib/libjimage.so
7f6472807000-7f6472808000 r--p 00006000 103:03 2273415                   /usr/lib/jvm/java-11-openjdk-amd64/lib/libjimage.so
7f6472808000-7f6472809000 rw-p 00007000 103:03 2273415                   /usr/lib/jvm/java-11-openjdk-amd64/lib/libjimage.so
7f6472809000-7f647280e000 r--p 00000000 103:03 2273431                   /usr/lib/jvm/java-11-openjdk-amd64/lib/libverify.so
7f647280e000-7f6472815000 r-xp 00005000 103:03 2273431                   /usr/lib/jvm/java-11-openjdk-amd64/lib/libverify.so
7f6472815000-7f6472817000 r--p 0000c000 103:03 2273431                   /usr/lib/jvm/java-11-openjdk-amd64/lib/libverify.so
7f6472817000-7f6472818000 ---p 0000e000 103:03 2273431                   /usr/lib/jvm/java-11-openjdk-amd64/lib/libverify.so
7f6472818000-7f647281a000 r--p 0000e000 103:03 2273431                   /usr/lib/jvm/java-11-openjdk-amd64/lib/libverify.so
7f647281a000-7f647281b000 rw-p 00010000 103:03 2273431                   /usr/lib/jvm/java-11-openjdk-amd64/lib/libverify.so
7f647281b000-7f647281d000 rw-p 00000000 00:00 0 
7f647281d000-7f647281e000 r--p 00000000 103:03 393292                    /usr/lib/x86_64-linux-gnu/ld-2.31.so
7f647281e000-7f6472841000 r-xp 00001000 103:03 393292                    /usr/lib/x86_64-linux-gnu/ld-2.31.so
7f6472841000-7f6472849000 r--p 00024000 103:03 393292                    /usr/lib/x86_64-linux-gnu/ld-2.31.so
7f6472849000-7f647284a000 r--p 00000000 00:00 0 
7f647284a000-7f647284b000 r--p 0002c000 103:03 393292                    /usr/lib/x86_64-linux-gnu/ld-2.31.so
7f647284b000-7f647284c000 rw-p 0002d000 103:03 393292                    /usr/lib/x86_64-linux-gnu/ld-2.31.so
7f647284c000-7f647284d000 rw-p 00000000 00:00 0 
7ffd6734d000-7ffd6736e000 rw-p 00000000 00:00 0                          [stack]
7ffd673ec000-7ffd673f0000 r--p 00000000 00:00 0                          [vvar]
7ffd673f0000-7ffd673f2000 r-xp 00000000 00:00 0                          [vdso]
ffffffffff600000-ffffffffff601000 --xp 00000000 00:00 0                  [vsyscall]


VM Arguments:
jvm_args: -Dfile.encoding=UTF-8 
java_command: loadCplus.ZXingBarcodeReader
java_class_path (initial): /home/eduardo/Documentos/Workspaces/Projetos/loadCplus/target/classes:/home/eduardo/.m2/repository/net/java/dev/jna/jna/5.13.0/jna-5.13.0.jar
Launcher Type: SUN_STANDARD

[Global flags]
     intx CICompilerCount                          = 4                                         {product} {ergonomic}
     uint ConcGCThreads                            = 2                                         {product} {ergonomic}
     uint G1ConcRefinementThreads                  = 8                                         {product} {ergonomic}
   size_t G1HeapRegionSize                         = 1048576                                   {product} {ergonomic}
    uintx GCDrainStackTargetSize                   = 64                                        {product} {ergonomic}
   size_t InitialHeapSize                          = 257949696                                 {product} {ergonomic}
   size_t MarkStackSize                            = 4194304                                   {product} {ergonomic}
   size_t MaxHeapSize                              = 4123000832                                {product} {ergonomic}
   size_t MaxNewSize                               = 2473590784                                {product} {ergonomic}
   size_t MinHeapDeltaBytes                        = 1048576                                   {product} {ergonomic}
    uintx NonNMethodCodeHeapSize                   = 5836300                                {pd product} {ergonomic}
    uintx NonProfiledCodeHeapSize                  = 122910970                              {pd product} {ergonomic}
    uintx ProfiledCodeHeapSize                     = 122910970                              {pd product} {ergonomic}
    uintx ReservedCodeCacheSize                    = 251658240                              {pd product} {ergonomic}
     bool SegmentedCodeCache                       = true                                      {product} {ergonomic}
     bool UseCompressedClassPointers               = true                                 {lp64_product} {ergonomic}
     bool UseCompressedOops                        = true                                 {lp64_product} {ergonomic}
     bool UseG1GC                                  = true                                      {product} {ergonomic}

Logging:
Log output configuration:
 #0: stdout all=warning uptime,level,tags
 #1: stderr all=off uptime,level,tags

Environment Variables:
JAVA_HOME=/usr/lib/jvm/java-11-openjdk-amd64/
JRE_HOME=/usr/lib/jvm/java-11-openjdk-amd64/bin/java/jre/
PATH=/home/eduardo/.local/bin:/usr/lib/jvm/jdk1.8.0_202/bin:/usr/local/sbin:/usr/local/bin:/usr/sbin:/usr/bin:/sbin:/bin:/usr/games:/usr/local/games:/snap/bin/usr/lib/jvm/jdk1.8.0_202/bin:/usr/lib/jvm/jdk1.8.0_202/db/bin:/usr/lib/jvm/jdk1.8.0_202/jre/bin:/snap/bin:/usr/lib/jvm/java-11-openjdk-amd64/bin
USERNAME=eduardo
SHELL=/usr/bin/zsh
DISPLAY=:0
LANG=pt_BR.UTF-8

Signal Handlers:
SIGSEGV: [libjvm.so+0xea02e0], sa_mask[0]=11111111011111111101111111111110, sa_flags=SA_RESTART|SA_SIGINFO
SIGBUS: [libjvm.so+0xea02e0], sa_mask[0]=11111111011111111101111111111110, sa_flags=SA_RESTART|SA_SIGINFO
SIGFPE: [libjvm.so+0xea02e0], sa_mask[0]=11111111011111111101111111111110, sa_flags=SA_RESTART|SA_SIGINFO
SIGPIPE: [libjvm.so+0xbe5be0], sa_mask[0]=11111111011111111101111111111110, sa_flags=SA_RESTART|SA_SIGINFO
SIGXFSZ: [libjvm.so+0xbe5be0], sa_mask[0]=11111111011111111101111111111110, sa_flags=SA_RESTART|SA_SIGINFO
SIGILL: [libjvm.so+0xea02e0], sa_mask[0]=11111111011111111101111111111110, sa_flags=SA_RESTART|SA_SIGINFO
SIGUSR2: [libjvm.so+0xbe5a80], sa_mask[0]=00100000000000000000000000000000, sa_flags=SA_RESTART|SA_SIGINFO
SIGHUP: [libjvm.so+0xbe6130], sa_mask[0]=11111111011111111101111111111110, sa_flags=SA_RESTART|SA_SIGINFO
SIGINT: [libjvm.so+0xbe6130], sa_mask[0]=11111111011111111101111111111110, sa_flags=SA_RESTART|SA_SIGINFO
SIGTERM: [libjvm.so+0xbe6130], sa_mask[0]=11111111011111111101111111111110, sa_flags=SA_RESTART|SA_SIGINFO
SIGQUIT: [libjvm.so+0xbe6130], sa_mask[0]=11111111011111111101111111111110, sa_flags=SA_RESTART|SA_SIGINFO


---------------  S Y S T E M  ---------------

OS:DISTRIB_ID=Ubuntu
DISTRIB_RELEASE=20.04
DISTRIB_CODENAME=focal
DISTRIB_DESCRIPTION="Ubuntu 20.04.6 LTS"
uname:Linux 5.15.0-87-generic #97~20.04.1-Ubuntu SMP Thu Oct 5 08:25:28 UTC 2023 x86_64
OS uptime: 0 days 9:21 hours
libc:glibc 2.31 NPTL 2.31 
rlimit (soft/hard): STACK 8192k/infinity , CORE 0k/infinity , NPROC 62439/62439 , NOFILE 1048576/1048576 , AS infinity/infinity , CPU infinity/infinity , DATA infinity/infinity , FSIZE infinity/infinity , MEMLOCK 65536k/65536k
load average:3,69 2,23 1,80

/proc/meminfo:
MemTotal:       16102516 kB
MemFree:         2707932 kB
MemAvailable:    6437336 kB
Buffers:          190936 kB
Cached:          5504192 kB
SwapCached:       233284 kB
Active:          3372740 kB
Inactive:        8092100 kB
Active(anon):    1715056 kB
Inactive(anon):  5858840 kB
Active(file):    1657684 kB
Inactive(file):  2233260 kB
Unevictable:     1146928 kB
Mlocked:             144 kB
SwapTotal:      10485752 kB
SwapFree:        7592184 kB
Dirty:             15768 kB
Writeback:             0 kB
AnonPages:       6811772 kB
Mapped:          1505696 kB
Shmem:           1809056 kB
KReclaimable:     181020 kB
Slab:             427572 kB
SReclaimable:     181020 kB
SUnreclaim:       246552 kB
KernelStack:       38576 kB
PageTables:       112896 kB
NFS_Unstable:          0 kB
Bounce:                0 kB
WritebackTmp:          0 kB
CommitLimit:    18537008 kB
Committed_AS:   30152072 kB
VmallocTotal:   34359738367 kB
VmallocUsed:       76652 kB
VmallocChunk:          0 kB
Percpu:            11584 kB
HardwareCorrupted:     0 kB
AnonHugePages:         0 kB
ShmemHugePages:        0 kB
ShmemPmdMapped:        0 kB
FileHugePages:         0 kB
FilePmdMapped:         0 kB
HugePages_Total:       0
HugePages_Free:        0
HugePages_Rsvd:        0
HugePages_Surp:        0
Hugepagesize:       2048 kB
Hugetlb:               0 kB
DirectMap4k:      722092 kB
DirectMap2M:    15783936 kB
DirectMap1G:     1048576 kB

/sys/kernel/mm/transparent_hugepage/enabled:
always [madvise] never
/sys/kernel/mm/transparent_hugepage/defrag (defrag/compaction efforts parameter):
always defer defer+madvise [madvise] never

Process Memory:
Virtual Size: 7122920K (peak: 15535056K)
Resident Set Size: 58668K (peak: 59152K) (anon: 28144K, file: 30524K, shmem: 0K)
Swapped out: 0K
C-Heap outstanding allocations: 24728K, retained: 3087K
glibc malloc tunables: (default)

/proc/sys/kernel/threads-max (system-wide limit on the number of threads):
124879
/proc/sys/vm/max_map_count (maximum number of memory map areas a process may have):
65530
/proc/sys/kernel/pid_max (system-wide limit on number of process identifiers):
4194304

container (cgroup) information:
container_type: cgroupv1
cpu_cpuset_cpus: 0-7
cpu_memory_nodes: 0
active_processor_count: 8
cpu_quota: no quota
cpu_period: 100000
cpu_shares: no shares
memory_limit_in_bytes: unlimited
memory_and_swap_limit_in_bytes: unlimited
memory_soft_limit_in_bytes: unlimited
memory_usage_in_bytes: 11698148 k
memory_max_usage_in_bytes: 15207036 k
kernel_memory_usage_in_bytes: 314956 k
kernel_memory_max_usage_in_bytes: unlimited
kernel_memory_limit_in_bytes: 405272 k
maximum number of tasks: unlimited
current number of tasks: 1931

Steal ticks since vm start: 0
Steal ticks percentage since vm start:  0,000

CPU:total 8 (initial active 8) (4 cores per cpu, 2 threads per core) family 6 model 140 stepping 1 microcode 0xac, cmov, cx8, fxsr, mmx, sse, sse2, sse3, ssse3, sse4.1, sse4.2, popcnt, avx, avx2, aes, clmul, erms, 3dnowpref, lzcnt, ht, tsc, tscinvbit, bmi1, bmi2, adx, evex, sha, fma
CPU Model and flags from /proc/cpuinfo:
model name	: 11th Gen Intel(R) Core(TM) i7-1165G7 @ 2.80GHz
flags		: fpu vme de pse tsc msr pae mce cx8 apic sep mtrr pge mca cmov pat pse36 clflush dts acpi mmx fxsr sse sse2 ss ht tm pbe syscall nx pdpe1gb rdtscp lm constant_tsc art arch_perfmon pebs bts rep_good nopl xtopology nonstop_tsc cpuid aperfmperf tsc_known_freq pni pclmulqdq dtes64 monitor ds_cpl vmx est tm2 ssse3 sdbg fma cx16 xtpr pdcm pcid sse4_1 sse4_2 x2apic movbe popcnt tsc_deadline_timer aes xsave avx f16c rdrand lahf_lm abm 3dnowprefetch cpuid_fault epb cat_l2 invpcid_single cdp_l2 ssbd ibrs ibpb stibp ibrs_enhanced tpr_shadow vnmi flexpriority ept vpid ept_ad fsgsbase tsc_adjust bmi1 avx2 smep bmi2 erms invpcid rdt_a avx512f avx512dq rdseed adx smap avx512ifma clflushopt clwb intel_pt avx512cd sha_ni avx512bw avx512vl xsaveopt xsavec xgetbv1 xsaves split_lock_detect dtherm ida arat pln pts hwp hwp_notify hwp_act_window hwp_epp hwp_pkg_req avx512vbmi umip pku ospke avx512_vbmi2 gfni vaes vpclmulqdq avx512_vnni avx512_bitalg avx512_vpopcntdq rdpid movdiri movdir64b fsrm avx512_vp2intersect md_clear flush_l1d arch_capabilities
Online cpus:
0-7
Offline cpus:

BIOS frequency limitation:
<Not Available>
Frequency switch latency (ns):
0
Available cpu frequencies:
<Not Available>
Current governor:
powersave
Core performance/turbo boost:
<Not Available>

Memory: 4k page, physical 16102516k(2707932k free), swap 10485752k(7592184k free)

vm_info: OpenJDK 64-Bit Server VM (11.0.20.1+1-post-Ubuntu-0ubuntu120.04) for linux-amd64 JRE (11.0.20.1+1-post-Ubuntu-0ubuntu120.04), built on Aug 24 2023 23:12:13 by "unknown" with gcc 9.4.0

END.
