#
# A fatal error has been detected by the Java Runtime Environment:
#
#  SIGSEGV (0xb) at pc=0x00007f626e9622c3, pid=110224, tid=110232
#
# JRE version: OpenJDK Runtime Environment (11.0.20.1+1) (build 11.0.20.1+1-post-Ubuntu-0ubuntu120.04)
# Java VM: OpenJDK 64-Bit Server VM (11.0.20.1+1-post-Ubuntu-0ubuntu120.04, mixed mode, sharing, tiered, compressed oops, g1 gc, linux-amd64)
# Problematic frame:
# C  [libZXing.so+0x542c3]  ZXing::SetupLumImageView(ZXing::ImageView, ZXing::LumImage&, ZXing::DecodeHints const&)+0x983
#
# Core dump will be written. Default location: Core dumps may be processed with "/usr/share/apport/apport -p%p -s%s -c%c -d%d -P%P -u%u -g%g -- %E" (or dumping to /home/eduardo/Documentos/Workspaces/Projetos/loadCplus/core.110224)
#
# If you would like to submit a bug report, please visit:
#   https://bugs.launchpad.net/ubuntu/+source/openjdk-lts
# The crash happened outside the Java Virtual Machine in native code.
# See problematic frame for where to report the bug.
#

---------------  S U M M A R Y ------------

Command Line: -Dfile.encoding=UTF-8 loadCplus.ZXingBarcodeReader

Host: 11th Gen Intel(R) Core(TM) i7-1165G7 @ 2.80GHz, 8 cores, 15G, Ubuntu 20.04.6 LTS
Time: Tue Oct 24 17:26:08 2023 -03 elapsed time: 0.237093 seconds (0d 0h 0m 0s)

---------------  T H R E A D  ---------------

Current thread (0x00007f62b4016800):  JavaThread "main" [_thread_in_native, id=110232, stack(0x00007f62b931c000,0x00007f62b941d000)]

Stack: [0x00007f62b931c000,0x00007f62b941d000],  sp=0x00007f62b941a910,  free space=1018k
Native frames: (J=compiled Java code, A=aot compiled Java code, j=interpreted, Vv=VM code, C=native code)
C  [libZXing.so+0x542c3]  ZXing::SetupLumImageView(ZXing::ImageView, ZXing::LumImage&, ZXing::DecodeHints const&)+0x983

Java frames: (J=compiled Java code, j=interpreted, Vv=VM code)
j  com.sun.jna.Native.invokePointer(Lcom/sun/jna/Function;JI[Ljava/lang/Object;)J+0
j  com.sun.jna.Function.invokePointer(I[Ljava/lang/Object;)Lcom/sun/jna/Pointer;+7
j  com.sun.jna.Function.invoke([Ljava/lang/Object;Ljava/lang/Class;ZI)Ljava/lang/Object;+520
j  com.sun.jna.Function.invoke(Ljava/lang/reflect/Method;[Ljava/lang/Class;Ljava/lang/Class;[Ljava/lang/Object;Ljava/util/Map;)Ljava/lang/Object;+271
j  com.sun.jna.Library$Handler.invoke(Ljava/lang/Object;Ljava/lang/reflect/Method;[Ljava/lang/Object;)Ljava/lang/Object;+390
j  com.sun.proxy.$Proxy0.JavaReadBarcodes([BIII[Ljava/lang/String;)[Ljava/lang/String;+43
j  loadCplus.ZXingBarcodeReader.main([Ljava/lang/String;)V+59
v  ~StubRoutines::call_stub

siginfo: si_signo: 11 (SIGSEGV), si_code: 1 (SEGV_MAPERR), si_addr: 0x00007f62bacd6001

Register to memory mapping:

RAX=0x00007f62bacd6001 is an unknown value
RBX=0x0000000000000002 is an unknown value
RCX=0x0 is NULL
RDX=0x00007f626e79c565 points into unknown readable memory: 00 00 00
RSP=0x00007f62b941a910 is pointing into the stack for thread: 0x00007f62b4016800
RBP=0x00007f62bacd5842 points into unknown readable memory: 00 00 00 00 00 00
RSI=0x00007f62bacd6001 is an unknown value
RDI=0x00007f626e79c5f0 points into unknown readable memory: 0x0000000000000000 | 00 00 00 00 00 00 00 00
R8 =0x0000000000000006 is an unknown value
R9 =0xfffffffffffffce0 is an unknown value
R10=0x0000000000000003 is an unknown value
R11=0x0 is NULL
R12=0x0 is NULL
R13=0x0000000000000001 is an unknown value
R14=0x0000000000000320 is an unknown value
R15=0x0000000000000960 is an unknown value


Registers:
RAX=0x00007f62bacd6001, RBX=0x0000000000000002, RCX=0x0000000000000000, RDX=0x00007f626e79c565
RSP=0x00007f62b941a910, RBP=0x00007f62bacd5842, RSI=0x00007f62bacd6001, RDI=0x00007f626e79c5f0
R8 =0x0000000000000006, R9 =0xfffffffffffffce0, R10=0x0000000000000003, R11=0x0000000000000000
R12=0x0000000000000000, R13=0x0000000000000001, R14=0x0000000000000320, R15=0x0000000000000960
RIP=0x00007f626e9622c3, EFLAGS=0x0000000000010283, CSGSFS=0x002b000000000033, ERR=0x0000000000000004
  TRAPNO=0x000000000000000e

Top of Stack: (sp=0x00007f62b941a910)
0x00007f62b941a910:   0000000000000000 00007f62b941aa80
0x00007f62b941a920:   00007f626e79b010 0000032000000243
0x00007f62b941a930:   00007f62b941aac0 0000000000000000
0x00007f62b941a940:   cafebabe00000001 0000000000000000 

Instructions: (pc=0x00007f626e9622c3)
0x00007f626e9621c3:   80 00 00 00 00 48 8b 44 24 30 41 83 c3 01 48 03
0x00007f626e9621d3:   54 24 28 48 8d 7c 07 01 44 39 5c 24 18 0f 85 ca
0x00007f626e9621e3:   f9 ff ff 4c 8b 74 24 58 48 8b 44 24 10 8b 5c 24
0x00007f626e9621f3:   18 41 89 4e 0c 49 8b 7e 20 41 c7 46 08 00 00 00
0x00007f626e962203:   01 49 89 06 41 89 5e 10 41 c7 46 14 01 00 00 00
0x00007f626e962213:   41 89 4e 18 49 89 46 20 48 85 ff 74 0e e8 0b a1
0x00007f626e962223:   fc ff 49 8b 46 20 48 89 44 24 10 48 83 7c 24 10
0x00007f626e962233:   00 0f 84 36 f8 ff ff 48 8b 7c 24 08 49 8b 46 10
0x00007f626e962243:   f3 41 0f 6f 36 48 89 47 10 41 8b 46 18 0f 11 37
0x00007f626e962253:   89 47 18 48 83 c4 68 48 89 f8 5b 5d 41 5c 41 5d
0x00007f626e962263:   41 5e 41 5f c3 0f 1f 84 00 00 00 00 00 48 89 fe
0x00007f626e962273:   31 c0 e9 08 fb ff ff 66 0f 1f 44 00 00 44 8d 51
0x00007f626e962283:   ff 48 8b 7c 24 10 48 01 dd 45 31 c0 49 8d 42 01
0x00007f626e962293:   49 f7 d2 4c 63 6c 24 30 4c 89 74 24 20 4d 89 d1
0x00007f626e9622a3:   4c 63 54 24 1c 89 4c 24 1c 48 01 c7 49 89 c6 66
0x00007f626e9622b3:   0f 1f 44 00 00 49 8d 14 39 48 89 e8 90 48 89 c6
0x00007f626e9622c3:   44 0f b6 18 48 83 c2 01 4c 01 d0 48 29 de 42 0f
0x00007f626e9622d3:   b6 0c 26 42 0f b6 34 2e 45 6b db 75 69 c9 32 01
0x00007f626e9622e3:   00 00 69 f6 59 02 00 00 41 8d 8c 0b 00 02 00 00
0x00007f626e9622f3:   01 f1 c1 e9 0a 88 4a ff 48 39 fa 75 c0 41 83 c0
0x00007f626e962303:   01 4c 01 f7 4c 01 fd 44 3b 44 24 18 75 a7 8b 4c
0x00007f626e962313:   24 1c 4c 8b 74 24 20 e9 cc fe ff ff 90 f3 0f 1e
0x00007f626e962323:   fa 41 55 41 54 49 89 fc 55 48 89 d5 40 80 fe 02
0x00007f626e962333:   74 7b 77 31 40 84 f6 0f 84 b0 00 00 00 bf 38 00
0x00007f626e962343:   00 00 e8 26 9b fc ff 48 89 ee 48 89 c7 49 89 c5
0x00007f626e962353:   e8 48 9c fc ff 4d 89 2c 24 4c 89 e0 5d 41 5c 41
0x00007f626e962363:   5d c3 0f 1f 00 40 80 fe 03 0f 85 9e 00 00 00 bf
0x00007f626e962373:   40 00 00 00 e8 f4 9a fc ff 48 89 ee 48 89 c7 49
0x00007f626e962383:   89 c5 e8 b6 95 fc ff 48 8b 05 8f 3a 11 00 41 c6
0x00007f626e962393:   45 38 00 48 83 c0 10 49 89 45 00 4c 89 e0 5d 4d
0x00007f626e9623a3:   89 2c 24 41 5c 41 5d c3 0f 1f 44 00 00 bf 40 00
0x00007f626e9623b3:   00 00 e8 b6 9a fc ff 48 89 ee 48 89 c7 49 89 c5 


Stack slot to memory mapping:
stack at sp + 0 slots: 0x0 is NULL
stack at sp + 1 slots: 0x00007f62b941aa80 is pointing into the stack for thread: 0x00007f62b4016800
stack at sp + 2 slots: 0x00007f626e79b010 points into unknown readable memory: 0x0000000000000000 | 00 00 00 00 00 00 00 00
stack at sp + 3 slots: 0x0000032000000243 is an unknown value
stack at sp + 4 slots: 0x00007f62b941aac0 is pointing into the stack for thread: 0x00007f62b4016800
stack at sp + 5 slots: 0x0 is NULL
stack at sp + 6 slots: 0xcafebabe00000001 is an unknown value
stack at sp + 7 slots: 0x0 is NULL


---------------  P R O C E S S  ---------------

Threads class SMR info:
_java_thread_list=0x00007f62b4302f00, length=14, elements={
0x00007f62b4016800, 0x00007f62b41ca000, 0x00007f62b41cc000, 0x00007f62b41d2000,
0x00007f62b41d4000, 0x00007f62b41d6000, 0x00007f62b41d8000, 0x00007f62b41da000,
0x00007f62b422d000, 0x00007f62581f1000, 0x00007f62581f3000, 0x00007f62b429f000,
0x00007f62b42fd800, 0x00007f62b4302000
}

Java Threads: ( => current thread )
=>0x00007f62b4016800 JavaThread "main" [_thread_in_native, id=110232, stack(0x00007f62b931c000,0x00007f62b941d000)]
  0x00007f62b41ca000 JavaThread "Reference Handler" daemon [_thread_blocked, id=110239, stack(0x00007f628c55d000,0x00007f628c65e000)]
  0x00007f62b41cc000 JavaThread "Finalizer" daemon [_thread_blocked, id=110240, stack(0x00007f628c45c000,0x00007f628c55d000)]
  0x00007f62b41d2000 JavaThread "Signal Dispatcher" daemon [_thread_blocked, id=110241, stack(0x00007f628c35b000,0x00007f628c45c000)]
  0x00007f62b41d4000 JavaThread "Service Thread" daemon [_thread_blocked, id=110242, stack(0x00007f628c25a000,0x00007f628c35b000)]
  0x00007f62b41d6000 JavaThread "C2 CompilerThread0" daemon [_thread_blocked, id=110243, stack(0x00007f628c159000,0x00007f628c25a000)]
  0x00007f62b41d8000 JavaThread "C1 CompilerThread0" daemon [_thread_blocked, id=110244, stack(0x00007f628c058000,0x00007f628c159000)]
  0x00007f62b41da000 JavaThread "Sweeper thread" daemon [_thread_blocked, id=110245, stack(0x00007f626f98d000,0x00007f626fa8e000)]
  0x00007f62b422d000 JavaThread "Common-Cleaner" daemon [_thread_blocked, id=110248, stack(0x00007f626f78a000,0x00007f626f88b000)]
  0x00007f62581f1000 JavaThread "C2 CompilerThread1" daemon [_thread_blocked, id=110249, stack(0x00007f626ef70000,0x00007f626f071000)]
  0x00007f62581f3000 JavaThread "C2 CompilerThread2" daemon [_thread_blocked, id=110250, stack(0x00007f626ee6f000,0x00007f626ef70000)]
  0x00007f62b429f000 JavaThread "Java2D Disposer" daemon [_thread_blocked, id=110251, stack(0x00007f626ed6e000,0x00007f626ee6f000)]
  0x00007f62b42fd800 JavaThread "process reaper" daemon [_thread_blocked, id=110253, stack(0x00007f626ed4c000,0x00007f626ed6e000)]
  0x00007f62b4302000 JavaThread "JNA Cleaner" daemon [_thread_blocked, id=110254, stack(0x00007f626e80d000,0x00007f626e90e000)]

Other Threads:
  0x00007f62b41c7800 VMThread "VM Thread" [stack: 0x00007f628c660000,0x00007f628c760000] [id=110238]
  0x00007f62b422a800 WatcherThread [stack: 0x00007f626f88d000,0x00007f626f98d000] [id=110247]
  0x00007f62b402e000 GCTaskThread "GC Thread#0" [stack: 0x00007f62b8fd3000,0x00007f62b90d3000] [id=110233]
  0x00007f62b408b000 ConcurrentGCThread "G1 Main Marker" [stack: 0x00007f628fb74000,0x00007f628fc74000] [id=110234]
  0x00007f62b408d000 ConcurrentGCThread "G1 Conc#0" [stack: 0x00007f628fa72000,0x00007f628fb72000] [id=110235]
  0x00007f62b4189800 ConcurrentGCThread "G1 Refine#0" [stack: 0x00007f628d168000,0x00007f628d268000] [id=110236]
  0x00007f62b418b000 ConcurrentGCThread "G1 Young RemSet Sampling" [stack: 0x00007f628d066000,0x00007f628d166000] [id=110237]

Threads with active compile tasks:

VM state:not at safepoint (normal execution)

VM Mutex/Monitor currently owned by a thread: None

Heap address: 0x000000070a400000, size: 3932 MB, Compressed Oops mode: Zero based, Oop shift amount: 3
Narrow klass base: 0x0000000800000000, Narrow klass shift: 3
Compressed class space size: 1073741824 Address: 0x0000000840000000

Heap:
 garbage-first heap   total 253952K, used 8912K [0x000000070a400000, 0x0000000800000000)
  region size 1024K, 7 young (7168K), 0 survivors (0K)
 Metaspace       used 3556K, capacity 5201K, committed 5504K, reserved 1056768K
  class space    used 366K, capacity 532K, committed 640K, reserved 1048576K
Heap Regions: E=young(eden), S=young(survivor), O=old, HS=humongous(starts), HC=humongous(continues), CS=collection set, F=free, A=archive, TAMS=top-at-mark-start (previous, next)
|   0|0x000000070a400000, 0x000000070a500000, 0x000000070a500000|100%|HS|  |TAMS 0x000000070a400000, 0x000000070a400000| Complete 
|   1|0x000000070a500000, 0x000000070a600000, 0x000000070a600000|100%|HC|  |TAMS 0x000000070a500000, 0x000000070a500000| Complete 
|   2|0x000000070a600000, 0x000000070a600000, 0x000000070a700000|  0%| F|  |TAMS 0x000000070a600000, 0x000000070a600000| Untracked 
|   3|0x000000070a700000, 0x000000070a700000, 0x000000070a800000|  0%| F|  |TAMS 0x000000070a700000, 0x000000070a700000| Untracked 
|   4|0x000000070a800000, 0x000000070a800000, 0x000000070a900000|  0%| F|  |TAMS 0x000000070a800000, 0x000000070a800000| Untracked 
|   5|0x000000070a900000, 0x000000070a900000, 0x000000070aa00000|  0%| F|  |TAMS 0x000000070a900000, 0x000000070a900000| Untracked 
|   6|0x000000070aa00000, 0x000000070aa00000, 0x000000070ab00000|  0%| F|  |TAMS 0x000000070aa00000, 0x000000070aa00000| Untracked 
|   7|0x000000070ab00000, 0x000000070ab00000, 0x000000070ac00000|  0%| F|  |TAMS 0x000000070ab00000, 0x000000070ab00000| Untracked 
|   8|0x000000070ac00000, 0x000000070ac00000, 0x000000070ad00000|  0%| F|  |TAMS 0x000000070ac00000, 0x000000070ac00000| Untracked 
|   9|0x000000070ad00000, 0x000000070ad00000, 0x000000070ae00000|  0%| F|  |TAMS 0x000000070ad00000, 0x000000070ad00000| Untracked 
|  10|0x000000070ae00000, 0x000000070ae00000, 0x000000070af00000|  0%| F|  |TAMS 0x000000070ae00000, 0x000000070ae00000| Untracked 
|  11|0x000000070af00000, 0x000000070af00000, 0x000000070b000000|  0%| F|  |TAMS 0x000000070af00000, 0x000000070af00000| Untracked 
|  12|0x000000070b000000, 0x000000070b000000, 0x000000070b100000|  0%| F|  |TAMS 0x000000070b000000, 0x000000070b000000| Untracked 
|  13|0x000000070b100000, 0x000000070b100000, 0x000000070b200000|  0%| F|  |TAMS 0x000000070b100000, 0x000000070b100000| Untracked 
|  14|0x000000070b200000, 0x000000070b200000, 0x000000070b300000|  0%| F|  |TAMS 0x000000070b200000, 0x000000070b200000| Untracked 
|  15|0x000000070b300000, 0x000000070b300000, 0x000000070b400000|  0%| F|  |TAMS 0x000000070b300000, 0x000000070b300000| Untracked 
|  16|0x000000070b400000, 0x000000070b400000, 0x000000070b500000|  0%| F|  |TAMS 0x000000070b400000, 0x000000070b400000| Untracked 
|  17|0x000000070b500000, 0x000000070b500000, 0x000000070b600000|  0%| F|  |TAMS 0x000000070b500000, 0x000000070b500000| Untracked 
|  18|0x000000070b600000, 0x000000070b600000, 0x000000070b700000|  0%| F|  |TAMS 0x000000070b600000, 0x000000070b600000| Untracked 
|  19|0x000000070b700000, 0x000000070b700000, 0x000000070b800000|  0%| F|  |TAMS 0x000000070b700000, 0x000000070b700000| Untracked 
|  20|0x000000070b800000, 0x000000070b800000, 0x000000070b900000|  0%| F|  |TAMS 0x000000070b800000, 0x000000070b800000| Untracked 
|  21|0x000000070b900000, 0x000000070b900000, 0x000000070ba00000|  0%| F|  |TAMS 0x000000070b900000, 0x000000070b900000| Untracked 
|  22|0x000000070ba00000, 0x000000070ba00000, 0x000000070bb00000|  0%| F|  |TAMS 0x000000070ba00000, 0x000000070ba00000| Untracked 
|  23|0x000000070bb00000, 0x000000070bb00000, 0x000000070bc00000|  0%| F|  |TAMS 0x000000070bb00000, 0x000000070bb00000| Untracked 
|  24|0x000000070bc00000, 0x000000070bc00000, 0x000000070bd00000|  0%| F|  |TAMS 0x000000070bc00000, 0x000000070bc00000| Untracked 
|  25|0x000000070bd00000, 0x000000070bd00000, 0x000000070be00000|  0%| F|  |TAMS 0x000000070bd00000, 0x000000070bd00000| Untracked 
|  26|0x000000070be00000, 0x000000070be00000, 0x000000070bf00000|  0%| F|  |TAMS 0x000000070be00000, 0x000000070be00000| Untracked 
|  27|0x000000070bf00000, 0x000000070bf00000, 0x000000070c000000|  0%| F|  |TAMS 0x000000070bf00000, 0x000000070bf00000| Untracked 
|  28|0x000000070c000000, 0x000000070c000000, 0x000000070c100000|  0%| F|  |TAMS 0x000000070c000000, 0x000000070c000000| Untracked 
|  29|0x000000070c100000, 0x000000070c100000, 0x000000070c200000|  0%| F|  |TAMS 0x000000070c100000, 0x000000070c100000| Untracked 
|  30|0x000000070c200000, 0x000000070c200000, 0x000000070c300000|  0%| F|  |TAMS 0x000000070c200000, 0x000000070c200000| Untracked 
|  31|0x000000070c300000, 0x000000070c300000, 0x000000070c400000|  0%| F|  |TAMS 0x000000070c300000, 0x000000070c300000| Untracked 
|  32|0x000000070c400000, 0x000000070c400000, 0x000000070c500000|  0%| F|  |TAMS 0x000000070c400000, 0x000000070c400000| Untracked 
|  33|0x000000070c500000, 0x000000070c500000, 0x000000070c600000|  0%| F|  |TAMS 0x000000070c500000, 0x000000070c500000| Untracked 
|  34|0x000000070c600000, 0x000000070c600000, 0x000000070c700000|  0%| F|  |TAMS 0x000000070c600000, 0x000000070c600000| Untracked 
|  35|0x000000070c700000, 0x000000070c700000, 0x000000070c800000|  0%| F|  |TAMS 0x000000070c700000, 0x000000070c700000| Untracked 
|  36|0x000000070c800000, 0x000000070c800000, 0x000000070c900000|  0%| F|  |TAMS 0x000000070c800000, 0x000000070c800000| Untracked 
|  37|0x000000070c900000, 0x000000070c900000, 0x000000070ca00000|  0%| F|  |TAMS 0x000000070c900000, 0x000000070c900000| Untracked 
|  38|0x000000070ca00000, 0x000000070ca00000, 0x000000070cb00000|  0%| F|  |TAMS 0x000000070ca00000, 0x000000070ca00000| Untracked 
|  39|0x000000070cb00000, 0x000000070cb00000, 0x000000070cc00000|  0%| F|  |TAMS 0x000000070cb00000, 0x000000070cb00000| Untracked 
|  40|0x000000070cc00000, 0x000000070cc00000, 0x000000070cd00000|  0%| F|  |TAMS 0x000000070cc00000, 0x000000070cc00000| Untracked 
|  41|0x000000070cd00000, 0x000000070cd00000, 0x000000070ce00000|  0%| F|  |TAMS 0x000000070cd00000, 0x000000070cd00000| Untracked 
|  42|0x000000070ce00000, 0x000000070ce00000, 0x000000070cf00000|  0%| F|  |TAMS 0x000000070ce00000, 0x000000070ce00000| Untracked 
|  43|0x000000070cf00000, 0x000000070cf00000, 0x000000070d000000|  0%| F|  |TAMS 0x000000070cf00000, 0x000000070cf00000| Untracked 
|  44|0x000000070d000000, 0x000000070d000000, 0x000000070d100000|  0%| F|  |TAMS 0x000000070d000000, 0x000000070d000000| Untracked 
|  45|0x000000070d100000, 0x000000070d100000, 0x000000070d200000|  0%| F|  |TAMS 0x000000070d100000, 0x000000070d100000| Untracked 
|  46|0x000000070d200000, 0x000000070d200000, 0x000000070d300000|  0%| F|  |TAMS 0x000000070d200000, 0x000000070d200000| Untracked 
|  47|0x000000070d300000, 0x000000070d300000, 0x000000070d400000|  0%| F|  |TAMS 0x000000070d300000, 0x000000070d300000| Untracked 
|  48|0x000000070d400000, 0x000000070d400000, 0x000000070d500000|  0%| F|  |TAMS 0x000000070d400000, 0x000000070d400000| Untracked 
|  49|0x000000070d500000, 0x000000070d500000, 0x000000070d600000|  0%| F|  |TAMS 0x000000070d500000, 0x000000070d500000| Untracked 
|  50|0x000000070d600000, 0x000000070d600000, 0x000000070d700000|  0%| F|  |TAMS 0x000000070d600000, 0x000000070d600000| Untracked 
|  51|0x000000070d700000, 0x000000070d700000, 0x000000070d800000|  0%| F|  |TAMS 0x000000070d700000, 0x000000070d700000| Untracked 
|  52|0x000000070d800000, 0x000000070d800000, 0x000000070d900000|  0%| F|  |TAMS 0x000000070d800000, 0x000000070d800000| Untracked 
|  53|0x000000070d900000, 0x000000070d900000, 0x000000070da00000|  0%| F|  |TAMS 0x000000070d900000, 0x000000070d900000| Untracked 
|  54|0x000000070da00000, 0x000000070da00000, 0x000000070db00000|  0%| F|  |TAMS 0x000000070da00000, 0x000000070da00000| Untracked 
|  55|0x000000070db00000, 0x000000070db00000, 0x000000070dc00000|  0%| F|  |TAMS 0x000000070db00000, 0x000000070db00000| Untracked 
|  56|0x000000070dc00000, 0x000000070dc00000, 0x000000070dd00000|  0%| F|  |TAMS 0x000000070dc00000, 0x000000070dc00000| Untracked 
|  57|0x000000070dd00000, 0x000000070dd00000, 0x000000070de00000|  0%| F|  |TAMS 0x000000070dd00000, 0x000000070dd00000| Untracked 
|  58|0x000000070de00000, 0x000000070de00000, 0x000000070df00000|  0%| F|  |TAMS 0x000000070de00000, 0x000000070de00000| Untracked 
|  59|0x000000070df00000, 0x000000070df00000, 0x000000070e000000|  0%| F|  |TAMS 0x000000070df00000, 0x000000070df00000| Untracked 
|  60|0x000000070e000000, 0x000000070e000000, 0x000000070e100000|  0%| F|  |TAMS 0x000000070e000000, 0x000000070e000000| Untracked 
|  61|0x000000070e100000, 0x000000070e100000, 0x000000070e200000|  0%| F|  |TAMS 0x000000070e100000, 0x000000070e100000| Untracked 
|  62|0x000000070e200000, 0x000000070e200000, 0x000000070e300000|  0%| F|  |TAMS 0x000000070e200000, 0x000000070e200000| Untracked 
|  63|0x000000070e300000, 0x000000070e300000, 0x000000070e400000|  0%| F|  |TAMS 0x000000070e300000, 0x000000070e300000| Untracked 
|  64|0x000000070e400000, 0x000000070e400000, 0x000000070e500000|  0%| F|  |TAMS 0x000000070e400000, 0x000000070e400000| Untracked 
|  65|0x000000070e500000, 0x000000070e500000, 0x000000070e600000|  0%| F|  |TAMS 0x000000070e500000, 0x000000070e500000| Untracked 
|  66|0x000000070e600000, 0x000000070e600000, 0x000000070e700000|  0%| F|  |TAMS 0x000000070e600000, 0x000000070e600000| Untracked 
|  67|0x000000070e700000, 0x000000070e700000, 0x000000070e800000|  0%| F|  |TAMS 0x000000070e700000, 0x000000070e700000| Untracked 
|  68|0x000000070e800000, 0x000000070e800000, 0x000000070e900000|  0%| F|  |TAMS 0x000000070e800000, 0x000000070e800000| Untracked 
|  69|0x000000070e900000, 0x000000070e900000, 0x000000070ea00000|  0%| F|  |TAMS 0x000000070e900000, 0x000000070e900000| Untracked 
|  70|0x000000070ea00000, 0x000000070ea00000, 0x000000070eb00000|  0%| F|  |TAMS 0x000000070ea00000, 0x000000070ea00000| Untracked 
|  71|0x000000070eb00000, 0x000000070eb00000, 0x000000070ec00000|  0%| F|  |TAMS 0x000000070eb00000, 0x000000070eb00000| Untracked 
|  72|0x000000070ec00000, 0x000000070ec00000, 0x000000070ed00000|  0%| F|  |TAMS 0x000000070ec00000, 0x000000070ec00000| Untracked 
|  73|0x000000070ed00000, 0x000000070ed00000, 0x000000070ee00000|  0%| F|  |TAMS 0x000000070ed00000, 0x000000070ed00000| Untracked 
|  74|0x000000070ee00000, 0x000000070ee00000, 0x000000070ef00000|  0%| F|  |TAMS 0x000000070ee00000, 0x000000070ee00000| Untracked 
|  75|0x000000070ef00000, 0x000000070ef00000, 0x000000070f000000|  0%| F|  |TAMS 0x000000070ef00000, 0x000000070ef00000| Untracked 
|  76|0x000000070f000000, 0x000000070f000000, 0x000000070f100000|  0%| F|  |TAMS 0x000000070f000000, 0x000000070f000000| Untracked 
|  77|0x000000070f100000, 0x000000070f100000, 0x000000070f200000|  0%| F|  |TAMS 0x000000070f100000, 0x000000070f100000| Untracked 
|  78|0x000000070f200000, 0x000000070f200000, 0x000000070f300000|  0%| F|  |TAMS 0x000000070f200000, 0x000000070f200000| Untracked 
|  79|0x000000070f300000, 0x000000070f300000, 0x000000070f400000|  0%| F|  |TAMS 0x000000070f300000, 0x000000070f300000| Untracked 
|  80|0x000000070f400000, 0x000000070f400000, 0x000000070f500000|  0%| F|  |TAMS 0x000000070f400000, 0x000000070f400000| Untracked 
|  81|0x000000070f500000, 0x000000070f500000, 0x000000070f600000|  0%| F|  |TAMS 0x000000070f500000, 0x000000070f500000| Untracked 
|  82|0x000000070f600000, 0x000000070f600000, 0x000000070f700000|  0%| F|  |TAMS 0x000000070f600000, 0x000000070f600000| Untracked 
|  83|0x000000070f700000, 0x000000070f700000, 0x000000070f800000|  0%| F|  |TAMS 0x000000070f700000, 0x000000070f700000| Untracked 
|  84|0x000000070f800000, 0x000000070f800000, 0x000000070f900000|  0%| F|  |TAMS 0x000000070f800000, 0x000000070f800000| Untracked 
|  85|0x000000070f900000, 0x000000070f900000, 0x000000070fa00000|  0%| F|  |TAMS 0x000000070f900000, 0x000000070f900000| Untracked 
|  86|0x000000070fa00000, 0x000000070fa00000, 0x000000070fb00000|  0%| F|  |TAMS 0x000000070fa00000, 0x000000070fa00000| Untracked 
|  87|0x000000070fb00000, 0x000000070fb00000, 0x000000070fc00000|  0%| F|  |TAMS 0x000000070fb00000, 0x000000070fb00000| Untracked 
|  88|0x000000070fc00000, 0x000000070fc00000, 0x000000070fd00000|  0%| F|  |TAMS 0x000000070fc00000, 0x000000070fc00000| Untracked 
|  89|0x000000070fd00000, 0x000000070fd00000, 0x000000070fe00000|  0%| F|  |TAMS 0x000000070fd00000, 0x000000070fd00000| Untracked 
|  90|0x000000070fe00000, 0x000000070fe00000, 0x000000070ff00000|  0%| F|  |TAMS 0x000000070fe00000, 0x000000070fe00000| Untracked 
|  91|0x000000070ff00000, 0x000000070ff00000, 0x0000000710000000|  0%| F|  |TAMS 0x000000070ff00000, 0x000000070ff00000| Untracked 
|  92|0x0000000710000000, 0x0000000710000000, 0x0000000710100000|  0%| F|  |TAMS 0x0000000710000000, 0x0000000710000000| Untracked 
|  93|0x0000000710100000, 0x0000000710100000, 0x0000000710200000|  0%| F|  |TAMS 0x0000000710100000, 0x0000000710100000| Untracked 
|  94|0x0000000710200000, 0x0000000710200000, 0x0000000710300000|  0%| F|  |TAMS 0x0000000710200000, 0x0000000710200000| Untracked 
|  95|0x0000000710300000, 0x0000000710300000, 0x0000000710400000|  0%| F|  |TAMS 0x0000000710300000, 0x0000000710300000| Untracked 
|  96|0x0000000710400000, 0x0000000710400000, 0x0000000710500000|  0%| F|  |TAMS 0x0000000710400000, 0x0000000710400000| Untracked 
|  97|0x0000000710500000, 0x0000000710500000, 0x0000000710600000|  0%| F|  |TAMS 0x0000000710500000, 0x0000000710500000| Untracked 
|  98|0x0000000710600000, 0x0000000710600000, 0x0000000710700000|  0%| F|  |TAMS 0x0000000710600000, 0x0000000710600000| Untracked 
|  99|0x0000000710700000, 0x0000000710700000, 0x0000000710800000|  0%| F|  |TAMS 0x0000000710700000, 0x0000000710700000| Untracked 
| 100|0x0000000710800000, 0x0000000710800000, 0x0000000710900000|  0%| F|  |TAMS 0x0000000710800000, 0x0000000710800000| Untracked 
| 101|0x0000000710900000, 0x0000000710900000, 0x0000000710a00000|  0%| F|  |TAMS 0x0000000710900000, 0x0000000710900000| Untracked 
| 102|0x0000000710a00000, 0x0000000710a00000, 0x0000000710b00000|  0%| F|  |TAMS 0x0000000710a00000, 0x0000000710a00000| Untracked 
| 103|0x0000000710b00000, 0x0000000710b00000, 0x0000000710c00000|  0%| F|  |TAMS 0x0000000710b00000, 0x0000000710b00000| Untracked 
| 104|0x0000000710c00000, 0x0000000710c00000, 0x0000000710d00000|  0%| F|  |TAMS 0x0000000710c00000, 0x0000000710c00000| Untracked 
| 105|0x0000000710d00000, 0x0000000710d00000, 0x0000000710e00000|  0%| F|  |TAMS 0x0000000710d00000, 0x0000000710d00000| Untracked 
| 106|0x0000000710e00000, 0x0000000710e00000, 0x0000000710f00000|  0%| F|  |TAMS 0x0000000710e00000, 0x0000000710e00000| Untracked 
| 107|0x0000000710f00000, 0x0000000710f00000, 0x0000000711000000|  0%| F|  |TAMS 0x0000000710f00000, 0x0000000710f00000| Untracked 
| 108|0x0000000711000000, 0x0000000711000000, 0x0000000711100000|  0%| F|  |TAMS 0x0000000711000000, 0x0000000711000000| Untracked 
| 109|0x0000000711100000, 0x0000000711100000, 0x0000000711200000|  0%| F|  |TAMS 0x0000000711100000, 0x0000000711100000| Untracked 
| 110|0x0000000711200000, 0x0000000711200000, 0x0000000711300000|  0%| F|  |TAMS 0x0000000711200000, 0x0000000711200000| Untracked 
| 111|0x0000000711300000, 0x0000000711300000, 0x0000000711400000|  0%| F|  |TAMS 0x0000000711300000, 0x0000000711300000| Untracked 
| 112|0x0000000711400000, 0x0000000711400000, 0x0000000711500000|  0%| F|  |TAMS 0x0000000711400000, 0x0000000711400000| Untracked 
| 113|0x0000000711500000, 0x0000000711500000, 0x0000000711600000|  0%| F|  |TAMS 0x0000000711500000, 0x0000000711500000| Untracked 
| 114|0x0000000711600000, 0x0000000711600000, 0x0000000711700000|  0%| F|  |TAMS 0x0000000711600000, 0x0000000711600000| Untracked 
| 115|0x0000000711700000, 0x0000000711700000, 0x0000000711800000|  0%| F|  |TAMS 0x0000000711700000, 0x0000000711700000| Untracked 
| 116|0x0000000711800000, 0x0000000711800000, 0x0000000711900000|  0%| F|  |TAMS 0x0000000711800000, 0x0000000711800000| Untracked 
| 117|0x0000000711900000, 0x0000000711900000, 0x0000000711a00000|  0%| F|  |TAMS 0x0000000711900000, 0x0000000711900000| Untracked 
| 118|0x0000000711a00000, 0x0000000711a00000, 0x0000000711b00000|  0%| F|  |TAMS 0x0000000711a00000, 0x0000000711a00000| Untracked 
| 119|0x0000000711b00000, 0x0000000711b00000, 0x0000000711c00000|  0%| F|  |TAMS 0x0000000711b00000, 0x0000000711b00000| Untracked 
| 120|0x0000000711c00000, 0x0000000711c00000, 0x0000000711d00000|  0%| F|  |TAMS 0x0000000711c00000, 0x0000000711c00000| Untracked 
| 121|0x0000000711d00000, 0x0000000711d00000, 0x0000000711e00000|  0%| F|  |TAMS 0x0000000711d00000, 0x0000000711d00000| Untracked 
| 122|0x0000000711e00000, 0x0000000711e00000, 0x0000000711f00000|  0%| F|  |TAMS 0x0000000711e00000, 0x0000000711e00000| Untracked 
| 123|0x0000000711f00000, 0x0000000711f00000, 0x0000000712000000|  0%| F|  |TAMS 0x0000000711f00000, 0x0000000711f00000| Untracked 
| 124|0x0000000712000000, 0x0000000712000000, 0x0000000712100000|  0%| F|  |TAMS 0x0000000712000000, 0x0000000712000000| Untracked 
| 125|0x0000000712100000, 0x0000000712100000, 0x0000000712200000|  0%| F|  |TAMS 0x0000000712100000, 0x0000000712100000| Untracked 
| 126|0x0000000712200000, 0x0000000712200000, 0x0000000712300000|  0%| F|  |TAMS 0x0000000712200000, 0x0000000712200000| Untracked 
| 127|0x0000000712300000, 0x0000000712300000, 0x0000000712400000|  0%| F|  |TAMS 0x0000000712300000, 0x0000000712300000| Untracked 
| 128|0x0000000712400000, 0x0000000712400000, 0x0000000712500000|  0%| F|  |TAMS 0x0000000712400000, 0x0000000712400000| Untracked 
| 129|0x0000000712500000, 0x0000000712500000, 0x0000000712600000|  0%| F|  |TAMS 0x0000000712500000, 0x0000000712500000| Untracked 
| 130|0x0000000712600000, 0x0000000712600000, 0x0000000712700000|  0%| F|  |TAMS 0x0000000712600000, 0x0000000712600000| Untracked 
| 131|0x0000000712700000, 0x0000000712700000, 0x0000000712800000|  0%| F|  |TAMS 0x0000000712700000, 0x0000000712700000| Untracked 
| 132|0x0000000712800000, 0x0000000712800000, 0x0000000712900000|  0%| F|  |TAMS 0x0000000712800000, 0x0000000712800000| Untracked 
| 133|0x0000000712900000, 0x0000000712900000, 0x0000000712a00000|  0%| F|  |TAMS 0x0000000712900000, 0x0000000712900000| Untracked 
| 134|0x0000000712a00000, 0x0000000712a00000, 0x0000000712b00000|  0%| F|  |TAMS 0x0000000712a00000, 0x0000000712a00000| Untracked 
| 135|0x0000000712b00000, 0x0000000712b00000, 0x0000000712c00000|  0%| F|  |TAMS 0x0000000712b00000, 0x0000000712b00000| Untracked 
| 136|0x0000000712c00000, 0x0000000712c00000, 0x0000000712d00000|  0%| F|  |TAMS 0x0000000712c00000, 0x0000000712c00000| Untracked 
| 137|0x0000000712d00000, 0x0000000712d00000, 0x0000000712e00000|  0%| F|  |TAMS 0x0000000712d00000, 0x0000000712d00000| Untracked 
| 138|0x0000000712e00000, 0x0000000712e00000, 0x0000000712f00000|  0%| F|  |TAMS 0x0000000712e00000, 0x0000000712e00000| Untracked 
| 139|0x0000000712f00000, 0x0000000712f00000, 0x0000000713000000|  0%| F|  |TAMS 0x0000000712f00000, 0x0000000712f00000| Untracked 
| 140|0x0000000713000000, 0x0000000713000000, 0x0000000713100000|  0%| F|  |TAMS 0x0000000713000000, 0x0000000713000000| Untracked 
| 141|0x0000000713100000, 0x0000000713100000, 0x0000000713200000|  0%| F|  |TAMS 0x0000000713100000, 0x0000000713100000| Untracked 
| 142|0x0000000713200000, 0x0000000713200000, 0x0000000713300000|  0%| F|  |TAMS 0x0000000713200000, 0x0000000713200000| Untracked 
| 143|0x0000000713300000, 0x0000000713300000, 0x0000000713400000|  0%| F|  |TAMS 0x0000000713300000, 0x0000000713300000| Untracked 
| 144|0x0000000713400000, 0x0000000713400000, 0x0000000713500000|  0%| F|  |TAMS 0x0000000713400000, 0x0000000713400000| Untracked 
| 145|0x0000000713500000, 0x0000000713500000, 0x0000000713600000|  0%| F|  |TAMS 0x0000000713500000, 0x0000000713500000| Untracked 
| 146|0x0000000713600000, 0x0000000713600000, 0x0000000713700000|  0%| F|  |TAMS 0x0000000713600000, 0x0000000713600000| Untracked 
| 147|0x0000000713700000, 0x0000000713700000, 0x0000000713800000|  0%| F|  |TAMS 0x0000000713700000, 0x0000000713700000| Untracked 
| 148|0x0000000713800000, 0x0000000713800000, 0x0000000713900000|  0%| F|  |TAMS 0x0000000713800000, 0x0000000713800000| Untracked 
| 149|0x0000000713900000, 0x0000000713900000, 0x0000000713a00000|  0%| F|  |TAMS 0x0000000713900000, 0x0000000713900000| Untracked 
| 150|0x0000000713a00000, 0x0000000713a00000, 0x0000000713b00000|  0%| F|  |TAMS 0x0000000713a00000, 0x0000000713a00000| Untracked 
| 151|0x0000000713b00000, 0x0000000713b00000, 0x0000000713c00000|  0%| F|  |TAMS 0x0000000713b00000, 0x0000000713b00000| Untracked 
| 152|0x0000000713c00000, 0x0000000713c00000, 0x0000000713d00000|  0%| F|  |TAMS 0x0000000713c00000, 0x0000000713c00000| Untracked 
| 153|0x0000000713d00000, 0x0000000713d00000, 0x0000000713e00000|  0%| F|  |TAMS 0x0000000713d00000, 0x0000000713d00000| Untracked 
| 154|0x0000000713e00000, 0x0000000713e00000, 0x0000000713f00000|  0%| F|  |TAMS 0x0000000713e00000, 0x0000000713e00000| Untracked 
| 155|0x0000000713f00000, 0x0000000713f00000, 0x0000000714000000|  0%| F|  |TAMS 0x0000000713f00000, 0x0000000713f00000| Untracked 
| 156|0x0000000714000000, 0x0000000714000000, 0x0000000714100000|  0%| F|  |TAMS 0x0000000714000000, 0x0000000714000000| Untracked 
| 157|0x0000000714100000, 0x0000000714100000, 0x0000000714200000|  0%| F|  |TAMS 0x0000000714100000, 0x0000000714100000| Untracked 
| 158|0x0000000714200000, 0x0000000714200000, 0x0000000714300000|  0%| F|  |TAMS 0x0000000714200000, 0x0000000714200000| Untracked 
| 159|0x0000000714300000, 0x0000000714300000, 0x0000000714400000|  0%| F|  |TAMS 0x0000000714300000, 0x0000000714300000| Untracked 
| 160|0x0000000714400000, 0x0000000714400000, 0x0000000714500000|  0%| F|  |TAMS 0x0000000714400000, 0x0000000714400000| Untracked 
| 161|0x0000000714500000, 0x0000000714500000, 0x0000000714600000|  0%| F|  |TAMS 0x0000000714500000, 0x0000000714500000| Untracked 
| 162|0x0000000714600000, 0x0000000714600000, 0x0000000714700000|  0%| F|  |TAMS 0x0000000714600000, 0x0000000714600000| Untracked 
| 163|0x0000000714700000, 0x0000000714700000, 0x0000000714800000|  0%| F|  |TAMS 0x0000000714700000, 0x0000000714700000| Untracked 
| 164|0x0000000714800000, 0x0000000714800000, 0x0000000714900000|  0%| F|  |TAMS 0x0000000714800000, 0x0000000714800000| Untracked 
| 165|0x0000000714900000, 0x0000000714900000, 0x0000000714a00000|  0%| F|  |TAMS 0x0000000714900000, 0x0000000714900000| Untracked 
| 166|0x0000000714a00000, 0x0000000714a00000, 0x0000000714b00000|  0%| F|  |TAMS 0x0000000714a00000, 0x0000000714a00000| Untracked 
| 167|0x0000000714b00000, 0x0000000714b00000, 0x0000000714c00000|  0%| F|  |TAMS 0x0000000714b00000, 0x0000000714b00000| Untracked 
| 168|0x0000000714c00000, 0x0000000714c00000, 0x0000000714d00000|  0%| F|  |TAMS 0x0000000714c00000, 0x0000000714c00000| Untracked 
| 169|0x0000000714d00000, 0x0000000714d00000, 0x0000000714e00000|  0%| F|  |TAMS 0x0000000714d00000, 0x0000000714d00000| Untracked 
| 170|0x0000000714e00000, 0x0000000714e00000, 0x0000000714f00000|  0%| F|  |TAMS 0x0000000714e00000, 0x0000000714e00000| Untracked 
| 171|0x0000000714f00000, 0x0000000714f00000, 0x0000000715000000|  0%| F|  |TAMS 0x0000000714f00000, 0x0000000714f00000| Untracked 
| 172|0x0000000715000000, 0x0000000715000000, 0x0000000715100000|  0%| F|  |TAMS 0x0000000715000000, 0x0000000715000000| Untracked 
| 173|0x0000000715100000, 0x0000000715100000, 0x0000000715200000|  0%| F|  |TAMS 0x0000000715100000, 0x0000000715100000| Untracked 
| 174|0x0000000715200000, 0x0000000715200000, 0x0000000715300000|  0%| F|  |TAMS 0x0000000715200000, 0x0000000715200000| Untracked 
| 175|0x0000000715300000, 0x0000000715300000, 0x0000000715400000|  0%| F|  |TAMS 0x0000000715300000, 0x0000000715300000| Untracked 
| 176|0x0000000715400000, 0x0000000715400000, 0x0000000715500000|  0%| F|  |TAMS 0x0000000715400000, 0x0000000715400000| Untracked 
| 177|0x0000000715500000, 0x0000000715500000, 0x0000000715600000|  0%| F|  |TAMS 0x0000000715500000, 0x0000000715500000| Untracked 
| 178|0x0000000715600000, 0x0000000715600000, 0x0000000715700000|  0%| F|  |TAMS 0x0000000715600000, 0x0000000715600000| Untracked 
| 179|0x0000000715700000, 0x0000000715700000, 0x0000000715800000|  0%| F|  |TAMS 0x0000000715700000, 0x0000000715700000| Untracked 
| 180|0x0000000715800000, 0x0000000715800000, 0x0000000715900000|  0%| F|  |TAMS 0x0000000715800000, 0x0000000715800000| Untracked 
| 181|0x0000000715900000, 0x0000000715900000, 0x0000000715a00000|  0%| F|  |TAMS 0x0000000715900000, 0x0000000715900000| Untracked 
| 182|0x0000000715a00000, 0x0000000715a00000, 0x0000000715b00000|  0%| F|  |TAMS 0x0000000715a00000, 0x0000000715a00000| Untracked 
| 183|0x0000000715b00000, 0x0000000715b00000, 0x0000000715c00000|  0%| F|  |TAMS 0x0000000715b00000, 0x0000000715b00000| Untracked 
| 184|0x0000000715c00000, 0x0000000715c00000, 0x0000000715d00000|  0%| F|  |TAMS 0x0000000715c00000, 0x0000000715c00000| Untracked 
| 185|0x0000000715d00000, 0x0000000715d00000, 0x0000000715e00000|  0%| F|  |TAMS 0x0000000715d00000, 0x0000000715d00000| Untracked 
| 186|0x0000000715e00000, 0x0000000715e00000, 0x0000000715f00000|  0%| F|  |TAMS 0x0000000715e00000, 0x0000000715e00000| Untracked 
| 187|0x0000000715f00000, 0x0000000715f00000, 0x0000000716000000|  0%| F|  |TAMS 0x0000000715f00000, 0x0000000715f00000| Untracked 
| 188|0x0000000716000000, 0x0000000716000000, 0x0000000716100000|  0%| F|  |TAMS 0x0000000716000000, 0x0000000716000000| Untracked 
| 189|0x0000000716100000, 0x0000000716100000, 0x0000000716200000|  0%| F|  |TAMS 0x0000000716100000, 0x0000000716100000| Untracked 
| 190|0x0000000716200000, 0x0000000716200000, 0x0000000716300000|  0%| F|  |TAMS 0x0000000716200000, 0x0000000716200000| Untracked 
| 191|0x0000000716300000, 0x0000000716300000, 0x0000000716400000|  0%| F|  |TAMS 0x0000000716300000, 0x0000000716300000| Untracked 
| 192|0x0000000716400000, 0x0000000716400000, 0x0000000716500000|  0%| F|  |TAMS 0x0000000716400000, 0x0000000716400000| Untracked 
| 193|0x0000000716500000, 0x0000000716500000, 0x0000000716600000|  0%| F|  |TAMS 0x0000000716500000, 0x0000000716500000| Untracked 
| 194|0x0000000716600000, 0x0000000716600000, 0x0000000716700000|  0%| F|  |TAMS 0x0000000716600000, 0x0000000716600000| Untracked 
| 195|0x0000000716700000, 0x0000000716700000, 0x0000000716800000|  0%| F|  |TAMS 0x0000000716700000, 0x0000000716700000| Untracked 
| 196|0x0000000716800000, 0x0000000716800000, 0x0000000716900000|  0%| F|  |TAMS 0x0000000716800000, 0x0000000716800000| Untracked 
| 197|0x0000000716900000, 0x0000000716900000, 0x0000000716a00000|  0%| F|  |TAMS 0x0000000716900000, 0x0000000716900000| Untracked 
| 198|0x0000000716a00000, 0x0000000716a00000, 0x0000000716b00000|  0%| F|  |TAMS 0x0000000716a00000, 0x0000000716a00000| Untracked 
| 199|0x0000000716b00000, 0x0000000716b00000, 0x0000000716c00000|  0%| F|  |TAMS 0x0000000716b00000, 0x0000000716b00000| Untracked 
| 200|0x0000000716c00000, 0x0000000716c00000, 0x0000000716d00000|  0%| F|  |TAMS 0x0000000716c00000, 0x0000000716c00000| Untracked 
| 201|0x0000000716d00000, 0x0000000716d00000, 0x0000000716e00000|  0%| F|  |TAMS 0x0000000716d00000, 0x0000000716d00000| Untracked 
| 202|0x0000000716e00000, 0x0000000716e00000, 0x0000000716f00000|  0%| F|  |TAMS 0x0000000716e00000, 0x0000000716e00000| Untracked 
| 203|0x0000000716f00000, 0x0000000716f00000, 0x0000000717000000|  0%| F|  |TAMS 0x0000000716f00000, 0x0000000716f00000| Untracked 
| 204|0x0000000717000000, 0x0000000717000000, 0x0000000717100000|  0%| F|  |TAMS 0x0000000717000000, 0x0000000717000000| Untracked 
| 205|0x0000000717100000, 0x0000000717100000, 0x0000000717200000|  0%| F|  |TAMS 0x0000000717100000, 0x0000000717100000| Untracked 
| 206|0x0000000717200000, 0x0000000717200000, 0x0000000717300000|  0%| F|  |TAMS 0x0000000717200000, 0x0000000717200000| Untracked 
| 207|0x0000000717300000, 0x0000000717300000, 0x0000000717400000|  0%| F|  |TAMS 0x0000000717300000, 0x0000000717300000| Untracked 
| 208|0x0000000717400000, 0x0000000717400000, 0x0000000717500000|  0%| F|  |TAMS 0x0000000717400000, 0x0000000717400000| Untracked 
| 209|0x0000000717500000, 0x0000000717500000, 0x0000000717600000|  0%| F|  |TAMS 0x0000000717500000, 0x0000000717500000| Untracked 
| 210|0x0000000717600000, 0x0000000717600000, 0x0000000717700000|  0%| F|  |TAMS 0x0000000717600000, 0x0000000717600000| Untracked 
| 211|0x0000000717700000, 0x0000000717700000, 0x0000000717800000|  0%| F|  |TAMS 0x0000000717700000, 0x0000000717700000| Untracked 
| 212|0x0000000717800000, 0x0000000717800000, 0x0000000717900000|  0%| F|  |TAMS 0x0000000717800000, 0x0000000717800000| Untracked 
| 213|0x0000000717900000, 0x0000000717900000, 0x0000000717a00000|  0%| F|  |TAMS 0x0000000717900000, 0x0000000717900000| Untracked 
| 214|0x0000000717a00000, 0x0000000717a00000, 0x0000000717b00000|  0%| F|  |TAMS 0x0000000717a00000, 0x0000000717a00000| Untracked 
| 215|0x0000000717b00000, 0x0000000717b00000, 0x0000000717c00000|  0%| F|  |TAMS 0x0000000717b00000, 0x0000000717b00000| Untracked 
| 216|0x0000000717c00000, 0x0000000717c00000, 0x0000000717d00000|  0%| F|  |TAMS 0x0000000717c00000, 0x0000000717c00000| Untracked 
| 217|0x0000000717d00000, 0x0000000717d00000, 0x0000000717e00000|  0%| F|  |TAMS 0x0000000717d00000, 0x0000000717d00000| Untracked 
| 218|0x0000000717e00000, 0x0000000717e00000, 0x0000000717f00000|  0%| F|  |TAMS 0x0000000717e00000, 0x0000000717e00000| Untracked 
| 219|0x0000000717f00000, 0x0000000717f00000, 0x0000000718000000|  0%| F|  |TAMS 0x0000000717f00000, 0x0000000717f00000| Untracked 
| 220|0x0000000718000000, 0x0000000718000000, 0x0000000718100000|  0%| F|  |TAMS 0x0000000718000000, 0x0000000718000000| Untracked 
| 221|0x0000000718100000, 0x0000000718100000, 0x0000000718200000|  0%| F|  |TAMS 0x0000000718100000, 0x0000000718100000| Untracked 
| 222|0x0000000718200000, 0x0000000718200000, 0x0000000718300000|  0%| F|  |TAMS 0x0000000718200000, 0x0000000718200000| Untracked 
| 223|0x0000000718300000, 0x0000000718300000, 0x0000000718400000|  0%| F|  |TAMS 0x0000000718300000, 0x0000000718300000| Untracked 
| 224|0x0000000718400000, 0x0000000718400000, 0x0000000718500000|  0%| F|  |TAMS 0x0000000718400000, 0x0000000718400000| Untracked 
| 225|0x0000000718500000, 0x0000000718500000, 0x0000000718600000|  0%| F|  |TAMS 0x0000000718500000, 0x0000000718500000| Untracked 
| 226|0x0000000718600000, 0x0000000718600000, 0x0000000718700000|  0%| F|  |TAMS 0x0000000718600000, 0x0000000718600000| Untracked 
| 227|0x0000000718700000, 0x0000000718700000, 0x0000000718800000|  0%| F|  |TAMS 0x0000000718700000, 0x0000000718700000| Untracked 
| 228|0x0000000718800000, 0x0000000718800000, 0x0000000718900000|  0%| F|  |TAMS 0x0000000718800000, 0x0000000718800000| Untracked 
| 229|0x0000000718900000, 0x0000000718900000, 0x0000000718a00000|  0%| F|  |TAMS 0x0000000718900000, 0x0000000718900000| Untracked 
| 230|0x0000000718a00000, 0x0000000718a00000, 0x0000000718b00000|  0%| F|  |TAMS 0x0000000718a00000, 0x0000000718a00000| Untracked 
| 231|0x0000000718b00000, 0x0000000718b00000, 0x0000000718c00000|  0%| F|  |TAMS 0x0000000718b00000, 0x0000000718b00000| Untracked 
| 232|0x0000000718c00000, 0x0000000718c00000, 0x0000000718d00000|  0%| F|  |TAMS 0x0000000718c00000, 0x0000000718c00000| Untracked 
| 233|0x0000000718d00000, 0x0000000718d00000, 0x0000000718e00000|  0%| F|  |TAMS 0x0000000718d00000, 0x0000000718d00000| Untracked 
| 234|0x0000000718e00000, 0x0000000718e00000, 0x0000000718f00000|  0%| F|  |TAMS 0x0000000718e00000, 0x0000000718e00000| Untracked 
| 235|0x0000000718f00000, 0x0000000718f00000, 0x0000000719000000|  0%| F|  |TAMS 0x0000000718f00000, 0x0000000718f00000| Untracked 
| 236|0x0000000719000000, 0x0000000719000000, 0x0000000719100000|  0%| F|  |TAMS 0x0000000719000000, 0x0000000719000000| Untracked 
| 237|0x0000000719100000, 0x0000000719100000, 0x0000000719200000|  0%| F|  |TAMS 0x0000000719100000, 0x0000000719100000| Untracked 
| 238|0x0000000719200000, 0x0000000719200000, 0x0000000719300000|  0%| F|  |TAMS 0x0000000719200000, 0x0000000719200000| Untracked 
| 239|0x0000000719300000, 0x00000007193fe840, 0x0000000719400000| 99%| E|  |TAMS 0x0000000719300000, 0x0000000719300000| Complete 
| 240|0x0000000719400000, 0x0000000719500000, 0x0000000719500000|100%| E|CS|TAMS 0x0000000719400000, 0x0000000719400000| Complete 
| 241|0x0000000719500000, 0x0000000719600000, 0x0000000719600000|100%| E|CS|TAMS 0x0000000719500000, 0x0000000719500000| Complete 
| 242|0x0000000719600000, 0x0000000719700000, 0x0000000719700000|100%| E|CS|TAMS 0x0000000719600000, 0x0000000719600000| Complete 
| 243|0x0000000719700000, 0x0000000719800000, 0x0000000719800000|100%| E|CS|TAMS 0x0000000719700000, 0x0000000719700000| Complete 
| 244|0x0000000719800000, 0x0000000719900000, 0x0000000719900000|100%| E|CS|TAMS 0x0000000719800000, 0x0000000719800000| Complete 
| 245|0x0000000719900000, 0x0000000719a00000, 0x0000000719a00000|100%| E|CS|TAMS 0x0000000719900000, 0x0000000719900000| Complete 
|2906|0x00000007bfe00000, 0x00000007bfe48000, 0x00000007bff00000| 28%|OA|  |TAMS 0x00000007bfe00000, 0x00000007bfe00000| Untracked 
|2907|0x00000007bff00000, 0x00000007bff6c000, 0x00000007c0000000| 42%|CA|  |TAMS 0x00000007bff00000, 0x00000007bff00000| Untracked 

Card table byte_map: [0x00007f629c043000,0x00007f629c7f1000] _byte_map_base: 0x00007f62987f1000

Marking Bits (Prev, Next): (CMBitMap*) 0x00007f62b407af18, (CMBitMap*) 0x00007f62b407af50
 Prev Bits: [0x00007f6293ae2000, 0x00007f6297852000)
 Next Bits: [0x00007f628fd72000, 0x00007f6293ae2000)

Polling page: 0x00007f62bac87000

Metaspace:

Usage:
  Non-class:      4,56 MB capacity,     3,12 MB ( 68%) used,     1,43 MB ( 31%) free+waste,    11,88 KB ( <1%) overhead. 
      Class:    532,00 KB capacity,   366,94 KB ( 69%) used,   157,94 KB ( 30%) free+waste,     7,12 KB (  1%) overhead. 
       Both:      5,08 MB capacity,     3,47 MB ( 68%) used,     1,59 MB ( 31%) free+waste,    19,00 KB ( <1%) overhead. 

Virtual space:
  Non-class space:        8,00 MB reserved,       4,75 MB ( 59%) committed 
      Class space:        1,00 GB reserved,     640,00 KB ( <1%) committed 
             Both:        1,01 GB reserved,       5,38 MB ( <1%) committed 

Chunk freelists:
   Non-Class:  51,00 KB
       Class:  12,00 KB
        Both:  63,00 KB

MaxMetaspaceSize: unlimited
CompressedClassSpaceSize: 1,00 GB
Initial GC threshold: 20,80 MB
Current GC threshold: 20,80 MB
CDS: on

CodeHeap 'non-profiled nmethods': size=120032Kb used=201Kb max_used=201Kb free=119830Kb
 bounds [0x00007f62a42b9000, 0x00007f62a4529000, 0x00007f62ab7f1000]
CodeHeap 'profiled nmethods': size=120028Kb used=916Kb max_used=916Kb free=119111Kb
 bounds [0x00007f629cd82000, 0x00007f629cff2000, 0x00007f62a42b9000]
CodeHeap 'non-nmethods': size=5700Kb used=1157Kb max_used=1180Kb free=4542Kb
 bounds [0x00007f629c7f1000, 0x00007f629ca61000, 0x00007f629cd82000]
 total_blobs=995 nmethods=586 adapters=323
 compilation: enabled
              stopped_count=0, restarted_count=0
 full_count=0

Compilation events (20 events):
Event: 0,216 Thread 0x00007f62b41d8000  577       3       java.io.DataOutputStream::incCount (20 bytes)
Event: 0,216 Thread 0x00007f62b41d8000 nmethod 577 0x00007f629ce61990 code [0x00007f629ce61b40, 0x00007f629ce61c90]
Event: 0,216 Thread 0x00007f62b41d8000  578  s    3       java.io.DataOutputStream::write (14 bytes)
Event: 0,216 Thread 0x00007f62b41d8000 nmethod 578 0x00007f629ce61d10 code [0x00007f629ce61ee0, 0x00007f629ce62320]
Event: 0,216 Thread 0x00007f62b41d8000  576       3       java.lang.Integer::shortValue (6 bytes)
Event: 0,216 Thread 0x00007f62b41d8000 nmethod 576 0x00007f629ce62410 code [0x00007f629ce625c0, 0x00007f629ce626f0]
Event: 0,216 Thread 0x00007f62b41d8000  579       3       java.io.DataOutputStream::writeShort (35 bytes)
Event: 0,217 Thread 0x00007f62b41d8000 nmethod 579 0x00007f629ce62790 code [0x00007f629ce62960, 0x00007f629ce62cf0]
Event: 0,218 Thread 0x00007f62b41d8000  580       3       java.lang.PublicMethods$Key::matches (31 bytes)
Event: 0,218 Thread 0x00007f62b41d8000 nmethod 580 0x00007f629ce62e10 code [0x00007f629ce63020, 0x00007f629ce634b0]
Event: 0,218 Thread 0x00007f62b41d8000  582       3       java.lang.Class::getPackageName (81 bytes)
Event: 0,219 Thread 0x00007f62b41d8000 nmethod 582 0x00007f629ce63690 code [0x00007f629ce63920, 0x00007f629ce64240]
Event: 0,219 Thread 0x00007f62b41d8000  583       3       java.io.UnixFileSystem::normalize (75 bytes)
Event: 0,219 Thread 0x00007f62b41d8000 nmethod 583 0x00007f629ce64590 code [0x00007f629ce647e0, 0x00007f629ce65130]
Event: 0,219 Thread 0x00007f62b41d8000  584       3       java.lang.String::substring (68 bytes)
Event: 0,220 Thread 0x00007f62b41d8000 nmethod 584 0x00007f629ce65510 code [0x00007f629ce65760, 0x00007f629ce65ed0]
Event: 0,220 Thread 0x00007f62b41d8000  585       3       sun.net.www.ParseUtil::firstEncodeIndex (86 bytes)
Event: 0,220 Thread 0x00007f62b41d8000 nmethod 585 0x00007f629ce66190 code [0x00007f629ce663e0, 0x00007f629ce66d80]
Event: 0,220 Thread 0x00007f62b41d8000  586       1       java.lang.reflect.Method::getModifiers (5 bytes)
Event: 0,220 Thread 0x00007f62b41d8000 nmethod 586 0x00007f62a42e8e90 code [0x00007f62a42e9040, 0x00007f62a42e9110]

GC Heap History (0 events):
No events

Deoptimization events (0 events):
No events

Classes redefined (0 events):
No events

Internal exceptions (12 events):
Event: 0,087 Thread 0x00007f62b4016800 Exception <a 'java/lang/ClassNotFoundException'{0x0000000719802230}: sun/awt/resources/spi/awtProvider> (0x0000000719802230) thrown at [src/hotspot/share/classfile/systemDictionary.cpp, line 230]
Event: 0,115 Thread 0x00007f62b4016800 Exception <a 'java/io/FileNotFoundException'{0x00000007198a12c0}> (0x00000007198a12c0) thrown at [src/hotspot/share/prims/jni.cpp, line 617]
Event: 0,123 Thread 0x00007f62b4016800 Exception <a 'java/lang/NoSuchMethodError'{0x00000007198fc0a0}: 'java.lang.Object java.lang.invoke.DirectMethodHandle$Holder.invokeStatic(java.lang.Object, java.lang.Object, java.lang.Object, java.lang.Object, java.lang.Object, java.lang.Object, java.lang.Object, java.lang.Object, java.lang.Object, java.lang.Object, java.lang.Object, java.lang.Object, java.lang.Object, java.lang.Object, java.lang.Object)'> (0x00000007198fc0a0) thrown at [src/hotspot/share/interpreter/linkResolver.cpp, line 772]
Event: 0,125 Thread 0x00007f62b4016800 Exception <a 'java/lang/NoSuchMethodError'{0x000000071970a1d8}: 'java.lang.Object java.lang.invoke.DirectMethodHandle$Holder.invokeStatic(java.lang.Object, java.lang.Object, java.lang.Object, java.lang.Object, java.lang.Object, java.lang.Object, java.lang.Object, java.lang.Object, java.lang.Object, java.lang.Object, java.lang.Object, java.lang.Object, java.lang.Object, java.lang.Object, java.lang.Object, java.lang.Object)'> (0x000000071970a1d8) thrown at [src/hotspot/share/interpreter/linkResolver.cpp, lin
Event: 0,126 Thread 0x00007f62b4016800 Exception <a 'java/lang/NoSuchMethodError'{0x0000000719717e48}: 'java.lang.Object java.lang.invoke.DirectMethodHandle$Holder.invokeSpecial(java.lang.Object, java.lang.Object, int, int, java.lang.Object, java.lang.Object, java.lang.Object)'> (0x0000000719717e48) thrown at [src/hotspot/share/interpreter/linkResolver.cpp, line 772]
Event: 0,126 Thread 0x00007f62b4016800 Exception <a 'java/lang/NoSuchMethodError'{0x000000071971b3d8}: 'java.lang.Object java.lang.invoke.DelegatingMethodHandle$Holder.reinvoke_L(java.lang.Object, int, int, java.lang.Object, java.lang.Object, java.lang.Object)'> (0x000000071971b3d8) thrown at [src/hotspot/share/interpreter/linkResolver.cpp, line 772]
Event: 0,126 Thread 0x00007f62b4016800 Exception <a 'java/lang/NoSuchMethodError'{0x000000071971f760}: 'java.lang.Object java.lang.invoke.DirectMethodHandle$Holder.invokeStatic(java.lang.Object, java.lang.Object, java.lang.Object, java.lang.Object, int)'> (0x000000071971f760) thrown at [src/hotspot/share/interpreter/linkResolver.cpp, line 772]
Event: 0,199 Thread 0x00007f62b4016800 Exception <a 'java/lang/NoSuchMethodError'{0x00000007194b52e0}: 'java.lang.Object java.lang.invoke.DirectMethodHandle$Holder.invokeStaticInit(java.lang.Object, java.lang.Object, long, java.lang.Object)'> (0x00000007194b52e0) thrown at [src/hotspot/share/interpreter/linkResolver.cpp, line 772]
Event: 0,199 Thread 0x00007f62b4016800 Exception <a 'java/lang/NoSuchMethodError'{0x00000007194c1440}: 'java.lang.Object java.lang.invoke.Invokers$Holder.linkToTargetMethod(java.lang.Object, long, java.lang.Object)'> (0x00000007194c1440) thrown at [src/hotspot/share/interpreter/linkResolver.cpp, line 772]
Event: 0,200 Thread 0x00007f62b4016800 Exception <a 'java/lang/NoSuchMethodError'{0x00000007194c8398}: 'java.lang.Object java.lang.invoke.DirectMethodHandle$Holder.invokeStatic(java.lang.Object, java.lang.Object, java.lang.Object, int)'> (0x00000007194c8398) thrown at [src/hotspot/share/interpreter/linkResolver.cpp, line 772]
Event: 0,201 Thread 0x00007f62b4016800 Exception <a 'java/lang/NoSuchMethodError'{0x00000007194cbcb0}: 'java.lang.Object java.lang.invoke.DirectMethodHandle$Holder.invokeSpecial(java.lang.Object, java.lang.Object, java.lang.Object, java.lang.Object, int)'> (0x00000007194cbcb0) thrown at [src/hotspot/share/interpreter/linkResolver.cpp, line 772]
Event: 0,201 Thread 0x00007f62b4016800 Exception <a 'java/lang/NoSuchMethodError'{0x00000007194ced18}: 'java.lang.Object java.lang.invoke.Invokers$Holder.linkToTargetMethod(java.lang.Object, java.lang.Object, int, java.lang.Object)'> (0x00000007194ced18) thrown at [src/hotspot/share/interpreter/linkResolver.cpp, line 772]

Events (20 events):
Event: 0,217 loading class java/lang/reflect/TypeVariable done
Event: 0,217 loading class java/lang/reflect/AnnotatedType
Event: 0,217 loading class java/lang/reflect/AnnotatedType done
Event: 0,218 loading class java/lang/TypeNotPresentException
Event: 0,218 loading class java/lang/TypeNotPresentException done
Event: 0,218 loading class com/sun/jna/Function
Event: 0,218 loading class com/sun/jna/Function done
Event: 0,219 loading class com/sun/jna/MethodParameterContext
Event: 0,219 loading class com/sun/jna/MethodParameterContext done
Event: 0,219 loading class com/sun/jna/FunctionParameterContext
Event: 0,219 loading class com/sun/jna/FunctionParameterContext done
Event: 0,219 loading class com/sun/jna/VarArgsChecker
Event: 0,219 loading class com/sun/jna/VarArgsChecker done
Event: 0,220 loading class com/sun/jna/VarArgsChecker$RealVarArgsChecker
Event: 0,220 loading class com/sun/jna/VarArgsChecker$RealVarArgsChecker done
Event: 0,220 loading class com/sun/jna/VarArgsChecker$NoVarArgsChecker
Event: 0,220 loading class com/sun/jna/VarArgsChecker$NoVarArgsChecker done
Event: 0,220 loading class com/sun/jna/Library$Handler$FunctionInfo
Event: 0,220 loading class com/sun/jna/Library$Handler$FunctionInfo done
Event: 0,220 Protecting memory [0x00007f62bacd2000,0x00007f62bacd3000] with protection modes 1


Dynamic libraries:
70a400000-719a00000 rw-p 00000000 00:00 0 
719a00000-7bfe00000 ---p 00000000 00:00 0 
7bfe00000-7bfe48000 rw-p 00b13000 103:03 2232165                         /usr/lib/jvm/java-11-openjdk-amd64/lib/server/classes.jsa
7bfe48000-7bff00000 rw-p 00000000 00:00 0 
7bff00000-7bff6c000 rw-p 00aa7000 103:03 2232165                         /usr/lib/jvm/java-11-openjdk-amd64/lib/server/classes.jsa
7bff6c000-7c0000000 rw-p 00000000 00:00 0 
7c0000000-800000000 ---p 00000000 00:00 0 
800000000-800002000 rwxp 00001000 103:03 2232165                         /usr/lib/jvm/java-11-openjdk-amd64/lib/server/classes.jsa
800002000-8003ce000 rw-p 00003000 103:03 2232165                         /usr/lib/jvm/java-11-openjdk-amd64/lib/server/classes.jsa
8003ce000-800aa5000 r--p 003cf000 103:03 2232165                         /usr/lib/jvm/java-11-openjdk-amd64/lib/server/classes.jsa
800aa5000-800aa6000 rw-p 00aa6000 103:03 2232165                         /usr/lib/jvm/java-11-openjdk-amd64/lib/server/classes.jsa
840000000-8400a0000 rw-p 00000000 00:00 0 
8400a0000-880000000 ---p 00000000 00:00 0 
5597bb396000-5597bb397000 r--p 00000000 103:03 2230722                   /usr/lib/jvm/java-11-openjdk-amd64/bin/java
5597bb397000-5597bb398000 r-xp 00001000 103:03 2230722                   /usr/lib/jvm/java-11-openjdk-amd64/bin/java
5597bb398000-5597bb399000 r--p 00002000 103:03 2230722                   /usr/lib/jvm/java-11-openjdk-amd64/bin/java
5597bb399000-5597bb39a000 r--p 00002000 103:03 2230722                   /usr/lib/jvm/java-11-openjdk-amd64/bin/java
5597bb39a000-5597bb39b000 rw-p 00003000 103:03 2230722                   /usr/lib/jvm/java-11-openjdk-amd64/bin/java
5597bc74d000-5597bc76e000 rw-p 00000000 00:00 0                          [heap]
7f6238000000-7f6238021000 rw-p 00000000 00:00 0 
7f6238021000-7f623c000000 ---p 00000000 00:00 0 
7f6240000000-7f6240021000 rw-p 00000000 00:00 0 
7f6240021000-7f6244000000 ---p 00000000 00:00 0 
7f6244000000-7f6244021000 rw-p 00000000 00:00 0 
7f6244021000-7f6248000000 ---p 00000000 00:00 0 
7f6248000000-7f624808d000 rw-p 00000000 00:00 0 
7f624808d000-7f624c000000 ---p 00000000 00:00 0 
7f624c000000-7f624c13b000 rw-p 00000000 00:00 0 
7f624c13b000-7f6250000000 ---p 00000000 00:00 0 
7f6250000000-7f6250021000 rw-p 00000000 00:00 0 
7f6250021000-7f6254000000 ---p 00000000 00:00 0 
7f6254000000-7f6254021000 rw-p 00000000 00:00 0 
7f6254021000-7f6258000000 ---p 00000000 00:00 0 
7f6258000000-7f6258230000 rw-p 00000000 00:00 0 
7f6258230000-7f625c000000 ---p 00000000 00:00 0 
7f625c000000-7f625c021000 rw-p 00000000 00:00 0 
7f625c021000-7f6260000000 ---p 00000000 00:00 0 
7f6260000000-7f6260021000 rw-p 00000000 00:00 0 
7f6260021000-7f6264000000 ---p 00000000 00:00 0 
7f6264000000-7f62641fc000 rw-p 00000000 00:00 0 
7f62641fc000-7f6268000000 ---p 00000000 00:00 0 
7f6268000000-7f6268021000 rw-p 00000000 00:00 0 
7f6268021000-7f626c000000 ---p 00000000 00:00 0 
7f626e79b000-7f626e80d000 rw-p 00000000 00:00 0 
7f626e80d000-7f626e811000 ---p 00000000 00:00 0 
7f626e811000-7f626e90e000 rw-p 00000000 00:00 0 
7f626e90e000-7f626e929000 r--p 00000000 103:03 1052772                   /usr/local/lib/libZXing.so.2.1.0
7f626e929000-7f626e9fd000 r-xp 0001b000 103:03 1052772                   /usr/local/lib/libZXing.so.2.1.0
7f626e9fd000-7f626ea73000 r--p 000ef000 103:03 1052772                   /usr/local/lib/libZXing.so.2.1.0
7f626ea73000-7f626ea74000 ---p 00165000 103:03 1052772                   /usr/local/lib/libZXing.so.2.1.0
7f626ea74000-7f626ea76000 r--p 00165000 103:03 1052772                   /usr/local/lib/libZXing.so.2.1.0
7f626ea76000-7f626ea78000 rw-p 00167000 103:03 1052772                   /usr/local/lib/libZXing.so.2.1.0
7f626ea78000-7f626ea7c000 rw-p 00000000 00:00 0 
7f626eaa3000-7f626eac1000 r-xp 00000000 103:03 5377553                   /home/eduardo/.cache/JNA/temp/jna6067165884333010167.tmp (deleted)
7f626eac1000-7f626ecc0000 ---p 0001e000 103:03 5377553                   /home/eduardo/.cache/JNA/temp/jna6067165884333010167.tmp (deleted)
7f626ecc0000-7f626ecc1000 rw-p 0001d000 103:03 5377553                   /home/eduardo/.cache/JNA/temp/jna6067165884333010167.tmp (deleted)
7f626ecc1000-7f626ecc2000 rw-p 00000000 00:00 0 
7f626ecc2000-7f626ecc6000 r--p 00000000 103:03 395299                    /usr/lib/x86_64-linux-gnu/libjpeg.so.8.2.2
7f626ecc6000-7f626ed0a000 r-xp 00004000 103:03 395299                    /usr/lib/x86_64-linux-gnu/libjpeg.so.8.2.2
7f626ed0a000-7f626ed44000 r--p 00048000 103:03 395299                    /usr/lib/x86_64-linux-gnu/libjpeg.so.8.2.2
7f626ed44000-7f626ed45000 ---p 00082000 103:03 395299                    /usr/lib/x86_64-linux-gnu/libjpeg.so.8.2.2
7f626ed45000-7f626ed46000 r--p 00082000 103:03 395299                    /usr/lib/x86_64-linux-gnu/libjpeg.so.8.2.2
7f626ed46000-7f626ed47000 rw-p 00083000 103:03 395299                    /usr/lib/x86_64-linux-gnu/libjpeg.so.8.2.2
7f626ed4c000-7f626ed50000 ---p 00000000 00:00 0 
7f626ed50000-7f626ed6e000 rw-p 00000000 00:00 0 
7f626ed6e000-7f626ed72000 ---p 00000000 00:00 0 
7f626ed72000-7f626ee6f000 rw-p 00000000 00:00 0 
7f626ee6f000-7f626ee73000 ---p 00000000 00:00 0 
7f626ee73000-7f626ef70000 rw-p 00000000 00:00 0 
7f626ef70000-7f626ef74000 ---p 00000000 00:00 0 
7f626ef74000-7f626f071000 rw-p 00000000 00:00 0 
7f626f071000-7f626f075000 r--p 00000000 103:03 400198                    /usr/lib/x86_64-linux-gnu/libbsd.so.0.10.0
7f626f075000-7f626f084000 r-xp 00004000 103:03 400198                    /usr/lib/x86_64-linux-gnu/libbsd.so.0.10.0
7f626f084000-7f626f087000 r--p 00013000 103:03 400198                    /usr/lib/x86_64-linux-gnu/libbsd.so.0.10.0
7f626f087000-7f626f088000 ---p 00016000 103:03 400198                    /usr/lib/x86_64-linux-gnu/libbsd.so.0.10.0
7f626f088000-7f626f089000 r--p 00016000 103:03 400198                    /usr/lib/x86_64-linux-gnu/libbsd.so.0.10.0
7f626f089000-7f626f08a000 rw-p 00017000 103:03 400198                    /usr/lib/x86_64-linux-gnu/libbsd.so.0.10.0
7f626f08a000-7f626f08b000 rw-p 00000000 00:00 0 
7f626f08b000-7f626f096000 r--p 00000000 103:03 401372                    /usr/lib/x86_64-linux-gnu/libxcb.so.1.1.0
7f626f096000-7f626f0aa000 r-xp 0000b000 103:03 401372                    /usr/lib/x86_64-linux-gnu/libxcb.so.1.1.0
7f626f0aa000-7f626f0b3000 r--p 0001f000 103:03 401372                    /usr/lib/x86_64-linux-gnu/libxcb.so.1.1.0
7f626f0b3000-7f626f0b4000 r--p 00027000 103:03 401372                    /usr/lib/x86_64-linux-gnu/libxcb.so.1.1.0
7f626f0b4000-7f626f0b5000 rw-p 00028000 103:03 401372                    /usr/lib/x86_64-linux-gnu/libxcb.so.1.1.0
7f626f0b5000-7f626f0b7000 r--p 00000000 103:03 400055                    /usr/lib/x86_64-linux-gnu/libXi.so.6.1.0
7f626f0b7000-7f626f0c2000 r-xp 00002000 103:03 400055                    /usr/lib/x86_64-linux-gnu/libXi.so.6.1.0
7f626f0c2000-7f626f0c5000 r--p 0000d000 103:03 400055                    /usr/lib/x86_64-linux-gnu/libXi.so.6.1.0
7f626f0c5000-7f626f0c6000 r--p 0000f000 103:03 400055                    /usr/lib/x86_64-linux-gnu/libXi.so.6.1.0
7f626f0c6000-7f626f0c7000 rw-p 00010000 103:03 400055                    /usr/lib/x86_64-linux-gnu/libXi.so.6.1.0
7f626f0c7000-7f626f0cc000 r-xp 00000000 103:03 400073                    /usr/lib/x86_64-linux-gnu/libXtst.so.6.1.0
7f626f0cc000-7f626f2cb000 ---p 00005000 103:03 400073                    /usr/lib/x86_64-linux-gnu/libXtst.so.6.1.0
7f626f2cb000-7f626f2cc000 r--p 00004000 103:03 400073                    /usr/lib/x86_64-linux-gnu/libXtst.so.6.1.0
7f626f2cc000-7f626f2cd000 rw-p 00005000 103:03 400073                    /usr/lib/x86_64-linux-gnu/libXtst.so.6.1.0
7f626f2cd000-7f626f2d6000 r-xp 00000000 103:03 400067                    /usr/lib/x86_64-linux-gnu/libXrender.so.1.3.0
7f626f2d6000-7f626f4d5000 ---p 00009000 103:03 400067                    /usr/lib/x86_64-linux-gnu/libXrender.so.1.3.0
7f626f4d5000-7f626f4d6000 r--p 00008000 103:03 400067                    /usr/lib/x86_64-linux-gnu/libXrender.so.1.3.0
7f626f4d6000-7f626f4d7000 rw-p 00009000 103:03 400067                    /usr/lib/x86_64-linux-gnu/libXrender.so.1.3.0
7f626f4d7000-7f626f4ef000 r--p 00000000 103:03 397401                    /usr/lib/x86_64-linux-gnu/libX11.so.6.3.0
7f626f4ef000-7f626f57a000 r-xp 00018000 103:03 397401                    /usr/lib/x86_64-linux-gnu/libX11.so.6.3.0
7f626f57a000-7f626f60e000 r--p 000a3000 103:03 397401                    /usr/lib/x86_64-linux-gnu/libX11.so.6.3.0
7f626f60e000-7f626f60f000 ---p 00137000 103:03 397401                    /usr/lib/x86_64-linux-gnu/libX11.so.6.3.0
7f626f60f000-7f626f610000 r--p 00137000 103:03 397401                    /usr/lib/x86_64-linux-gnu/libX11.so.6.3.0
7f626f610000-7f626f614000 rw-p 00138000 103:03 397401                    /usr/lib/x86_64-linux-gnu/libX11.so.6.3.0
7f626f614000-7f626f618000 r--p 00000000 103:03 400047                    /usr/lib/x86_64-linux-gnu/libXext.so.6.4.0
7f626f618000-7f626f623000 r-xp 00004000 103:03 400047                    /usr/lib/x86_64-linux-gnu/libXext.so.6.4.0
7f626f623000-7f626f627000 r--p 0000f000 103:03 400047                    /usr/lib/x86_64-linux-gnu/libXext.so.6.4.0
7f626f627000-7f626f628000 r--p 00012000 103:03 400047                    /usr/lib/x86_64-linux-gnu/libXext.so.6.4.0
7f626f628000-7f626f629000 rw-p 00013000 103:03 400047                    /usr/lib/x86_64-linux-gnu/libXext.so.6.4.0
7f626f62a000-7f626f650000 r--p 00000000 103:03 2622352                   /usr/share/locale-langpack/pt_BR/LC_MESSAGES/libc.mo
7f626f650000-7f626f660000 r--p 00000000 103:03 2273354                   /usr/lib/jvm/java-11-openjdk-amd64/lib/libawt_xawt.so
7f626f660000-7f626f6a0000 r-xp 00010000 103:03 2273354                   /usr/lib/jvm/java-11-openjdk-amd64/lib/libawt_xawt.so
7f626f6a0000-7f626f6b2000 r--p 00050000 103:03 2273354                   /usr/lib/jvm/java-11-openjdk-amd64/lib/libawt_xawt.so
7f626f6b2000-7f626f6b3000 r--p 00061000 103:03 2273354                   /usr/lib/jvm/java-11-openjdk-amd64/lib/libawt_xawt.so
7f626f6b3000-7f626f6b5000 rw-p 00062000 103:03 2273354                   /usr/lib/jvm/java-11-openjdk-amd64/lib/libawt_xawt.so
7f626f6b5000-7f626f6b7000 rw-p 00000000 00:00 0 
7f626f6b7000-7f626f6e3000 r--p 00000000 103:03 2273402                   /usr/lib/jvm/java-11-openjdk-amd64/lib/libawt.so
7f626f6e3000-7f626f74c000 r-xp 0002c000 103:03 2273402                   /usr/lib/jvm/java-11-openjdk-amd64/lib/libawt.so
7f626f74c000-7f626f758000 r--p 00095000 103:03 2273402                   /usr/lib/jvm/java-11-openjdk-amd64/lib/libawt.so
7f626f758000-7f626f759000 ---p 000a1000 103:03 2273402                   /usr/lib/jvm/java-11-openjdk-amd64/lib/libawt.so
7f626f759000-7f626f75a000 r--p 000a1000 103:03 2273402                   /usr/lib/jvm/java-11-openjdk-amd64/lib/libawt.so
7f626f75a000-7f626f765000 rw-p 000a2000 103:03 2273402                   /usr/lib/jvm/java-11-openjdk-amd64/lib/libawt.so
7f626f765000-7f626f78a000 rw-p 00000000 00:00 0 
7f626f78a000-7f626f78e000 ---p 00000000 00:00 0 
7f626f78e000-7f626f88b000 rw-p 00000000 00:00 0 
7f626f88b000-7f626f88c000 ---p 00000000 00:00 0 
7f626f88c000-7f626f98d000 rw-p 00000000 00:00 0 
7f626f98d000-7f626f991000 ---p 00000000 00:00 0 
7f626f991000-7f626fa8e000 rw-p 00000000 00:00 0 
7f626fa8e000-7f6270000000 r--p 00000000 103:03 394020                    /usr/lib/locale/locale-archive
7f6270000000-7f6270021000 rw-p 00000000 00:00 0 
7f6270021000-7f6274000000 ---p 00000000 00:00 0 
7f6274000000-7f6274021000 rw-p 00000000 00:00 0 
7f6274021000-7f6278000000 ---p 00000000 00:00 0 
7f6278000000-7f6278021000 rw-p 00000000 00:00 0 
7f6278021000-7f627c000000 ---p 00000000 00:00 0 
7f627c000000-7f627c021000 rw-p 00000000 00:00 0 
7f627c021000-7f6280000000 ---p 00000000 00:00 0 
7f6280000000-7f6280021000 rw-p 00000000 00:00 0 
7f6280021000-7f6284000000 ---p 00000000 00:00 0 
7f6284000000-7f6284021000 rw-p 00000000 00:00 0 
7f6284021000-7f6288000000 ---p 00000000 00:00 0 
7f6288000000-7f6288021000 rw-p 00000000 00:00 0 
7f6288021000-7f628c000000 ---p 00000000 00:00 0 
7f628c002000-7f628c004000 r--p 00000000 103:03 2273413                   /usr/lib/jvm/java-11-openjdk-amd64/lib/libjavajpeg.so
7f628c004000-7f628c00b000 r-xp 00002000 103:03 2273413                   /usr/lib/jvm/java-11-openjdk-amd64/lib/libjavajpeg.so
7f628c00b000-7f628c00c000 r--p 00009000 103:03 2273413                   /usr/lib/jvm/java-11-openjdk-amd64/lib/libjavajpeg.so
7f628c00c000-7f628c00d000 ---p 0000a000 103:03 2273413                   /usr/lib/jvm/java-11-openjdk-amd64/lib/libjavajpeg.so
7f628c00d000-7f628c00e000 r--p 0000a000 103:03 2273413                   /usr/lib/jvm/java-11-openjdk-amd64/lib/libjavajpeg.so
7f628c00e000-7f628c00f000 rw-p 0000b000 103:03 2273413                   /usr/lib/jvm/java-11-openjdk-amd64/lib/libjavajpeg.so
7f628c00f000-7f628c040000 rw-p 00000000 00:00 0 
7f628c040000-7f628c044000 r--p 00000000 103:03 2273423                   /usr/lib/jvm/java-11-openjdk-amd64/lib/libnet.so
7f628c044000-7f628c052000 r-xp 00004000 103:03 2273423                   /usr/lib/jvm/java-11-openjdk-amd64/lib/libnet.so
7f628c052000-7f628c056000 r--p 00012000 103:03 2273423                   /usr/lib/jvm/java-11-openjdk-amd64/lib/libnet.so
7f628c056000-7f628c057000 r--p 00015000 103:03 2273423                   /usr/lib/jvm/java-11-openjdk-amd64/lib/libnet.so
7f628c057000-7f628c058000 rw-p 00016000 103:03 2273423                   /usr/lib/jvm/java-11-openjdk-amd64/lib/libnet.so
7f628c058000-7f628c05c000 ---p 00000000 00:00 0 
7f628c05c000-7f628c159000 rw-p 00000000 00:00 0 
7f628c159000-7f628c15d000 ---p 00000000 00:00 0 
7f628c15d000-7f628c25a000 rw-p 00000000 00:00 0 
7f628c25a000-7f628c25e000 ---p 00000000 00:00 0 
7f628c25e000-7f628c35b000 rw-p 00000000 00:00 0 
7f628c35b000-7f628c35f000 ---p 00000000 00:00 0 
7f628c35f000-7f628c45c000 rw-p 00000000 00:00 0 
7f628c45c000-7f628c460000 ---p 00000000 00:00 0 
7f628c460000-7f628c55d000 rw-p 00000000 00:00 0 
7f628c55d000-7f628c561000 ---p 00000000 00:00 0 
7f628c561000-7f628c65e000 rw-p 00000000 00:00 0 
7f628c65e000-7f628c65f000 ---p 00000000 00:00 0 
7f628c65f000-7f628cd24000 rw-p 00000000 00:00 0 
7f628cd24000-7f628d064000 ---p 00000000 00:00 0 
7f628d064000-7f628d065000 ---p 00000000 00:00 0 
7f628d065000-7f628d166000 rw-p 00000000 00:00 0 
7f628d166000-7f628d167000 ---p 00000000 00:00 0 
7f628d167000-7f628fa70000 rw-p 00000000 00:00 0 
7f628fa70000-7f628fa71000 ---p 00000000 00:00 0 
7f628fa71000-7f628fb72000 rw-p 00000000 00:00 0 
7f628fb72000-7f628fb73000 ---p 00000000 00:00 0 
7f628fb73000-7f629014a000 rw-p 00000000 00:00 0 
7f629014a000-7f6292ada000 ---p 00000000 00:00 0 
7f6292ada000-7f6292ae2000 rw-p 00000000 00:00 0 
7f6292ae2000-7f6293ae2000 ---p 00000000 00:00 0 
7f6293ae2000-7f6293eba000 rw-p 00000000 00:00 0 
7f6293eba000-7f629684a000 ---p 00000000 00:00 0 
7f629684a000-7f6296852000 rw-p 00000000 00:00 0 
7f6296852000-7f6297852000 ---p 00000000 00:00 0 
7f6297852000-7f62978cd000 rw-p 00000000 00:00 0 
7f62978cd000-7f6297dff000 ---p 00000000 00:00 0 
7f6297dff000-7f6297e00000 rw-p 00000000 00:00 0 
7f6297e00000-7f6298000000 ---p 00000000 00:00 0 
7f6298000000-7f6298021000 rw-p 00000000 00:00 0 
7f6298021000-7f629c000000 ---p 00000000 00:00 0 
7f629c001000-7f629c0be000 rw-p 00000000 00:00 0 
7f629c0be000-7f629c5f0000 ---p 00000000 00:00 0 
7f629c5f0000-7f629c5f1000 rw-p 00000000 00:00 0 
7f629c5f1000-7f629c7f1000 ---p 00000000 00:00 0 
7f629c7f1000-7f629ca61000 rwxp 00000000 00:00 0 
7f629ca61000-7f629cd82000 ---p 00000000 00:00 0 
7f629cd82000-7f629cff2000 rwxp 00000000 00:00 0 
7f629cff2000-7f62a42b9000 ---p 00000000 00:00 0 
7f62a42b9000-7f62a4529000 rwxp 00000000 00:00 0 
7f62a4529000-7f62ab7f1000 ---p 00000000 00:00 0 
7f62ab7f1000-7f62b4000000 r--s 00000000 103:03 2273433                   /usr/lib/jvm/java-11-openjdk-amd64/lib/modules
7f62b4000000-7f62b4317000 rw-p 00000000 00:00 0 
7f62b4317000-7f62b8000000 ---p 00000000 00:00 0 
7f62b8000000-7f62b8007000 r--s 00000000 103:03 931822                    /usr/lib/x86_64-linux-gnu/gconv/gconv-modules.cache
7f62b8007000-7f62b800e000 r--p 00000000 103:03 2273424                   /usr/lib/jvm/java-11-openjdk-amd64/lib/libnio.so
7f62b800e000-7f62b8016000 r-xp 00007000 103:03 2273424                   /usr/lib/jvm/java-11-openjdk-amd64/lib/libnio.so
7f62b8016000-7f62b8019000 r--p 0000f000 103:03 2273424                   /usr/lib/jvm/java-11-openjdk-amd64/lib/libnio.so
7f62b8019000-7f62b801a000 r--p 00011000 103:03 2273424                   /usr/lib/jvm/java-11-openjdk-amd64/lib/libnio.so
7f62b801a000-7f62b801b000 rw-p 00012000 103:03 2273424                   /usr/lib/jvm/java-11-openjdk-amd64/lib/libnio.so
7f62b801b000-7f62b8096000 rw-p 00000000 00:00 0 
7f62b8096000-7f62b85c8000 ---p 00000000 00:00 0 
7f62b85c8000-7f62b85c9000 rw-p 00000000 00:00 0 
7f62b85c9000-7f62b87c9000 ---p 00000000 00:00 0 
7f62b87c9000-7f62b8fd1000 rw-p 00000000 00:00 0 
7f62b8fd1000-7f62b8fd2000 ---p 00000000 00:00 0 
7f62b8fd2000-7f62b90d8000 rw-p 00000000 00:00 0 
7f62b90d8000-7f62b91be000 ---p 00000000 00:00 0 
7f62b91be000-7f62b91c3000 rw-p 00000000 00:00 0 
7f62b91c3000-7f62b92a9000 ---p 00000000 00:00 0 
7f62b92a9000-7f62b92ac000 r--p 00000000 103:03 394907                    /usr/lib/x86_64-linux-gnu/libnss_files-2.31.so
7f62b92ac000-7f62b92b3000 r-xp 00003000 103:03 394907                    /usr/lib/x86_64-linux-gnu/libnss_files-2.31.so
7f62b92b3000-7f62b92b5000 r--p 0000a000 103:03 394907                    /usr/lib/x86_64-linux-gnu/libnss_files-2.31.so
7f62b92b5000-7f62b92b6000 r--p 0000b000 103:03 394907                    /usr/lib/x86_64-linux-gnu/libnss_files-2.31.so
7f62b92b6000-7f62b92b7000 rw-p 0000c000 103:03 394907                    /usr/lib/x86_64-linux-gnu/libnss_files-2.31.so
7f62b92b7000-7f62b92bd000 rw-p 00000000 00:00 0 
7f62b92bf000-7f62b92c1000 r--p 00000000 103:03 400045                    /usr/lib/x86_64-linux-gnu/libXdmcp.so.6.0.0
7f62b92c1000-7f62b92c3000 r-xp 00002000 103:03 400045                    /usr/lib/x86_64-linux-gnu/libXdmcp.so.6.0.0
7f62b92c3000-7f62b92c5000 r--p 00004000 103:03 400045                    /usr/lib/x86_64-linux-gnu/libXdmcp.so.6.0.0
7f62b92c5000-7f62b92c6000 r--p 00005000 103:03 400045                    /usr/lib/x86_64-linux-gnu/libXdmcp.so.6.0.0
7f62b92c6000-7f62b92c7000 rw-p 00006000 103:03 400045                    /usr/lib/x86_64-linux-gnu/libXdmcp.so.6.0.0
7f62b92c7000-7f62b92c8000 r--p 00000000 103:03 400034                    /usr/lib/x86_64-linux-gnu/libXau.so.6.0.0
7f62b92c8000-7f62b92ca000 r-xp 00001000 103:03 400034                    /usr/lib/x86_64-linux-gnu/libXau.so.6.0.0
7f62b92ca000-7f62b92cb000 r--p 00003000 103:03 400034                    /usr/lib/x86_64-linux-gnu/libXau.so.6.0.0
7f62b92cb000-7f62b92cc000 r--p 00003000 103:03 400034                    /usr/lib/x86_64-linux-gnu/libXau.so.6.0.0
7f62b92cc000-7f62b92cd000 rw-p 00004000 103:03 400034                    /usr/lib/x86_64-linux-gnu/libXau.so.6.0.0
7f62b92cd000-7f62b92d2000 rw-p 00000000 00:00 0 
7f62b92d2000-7f62b92d9000 ---p 00000000 00:00 0 
7f62b92d9000-7f62b92db000 r--p 00000000 103:03 2273432                   /usr/lib/jvm/java-11-openjdk-amd64/lib/libzip.so
7f62b92db000-7f62b92e0000 r-xp 00002000 103:03 2273432                   /usr/lib/jvm/java-11-openjdk-amd64/lib/libzip.so
7f62b92e0000-7f62b92e2000 r--p 00007000 103:03 2273432                   /usr/lib/jvm/java-11-openjdk-amd64/lib/libzip.so
7f62b92e2000-7f62b92e3000 r--p 00008000 103:03 2273432                   /usr/lib/jvm/java-11-openjdk-amd64/lib/libzip.so
7f62b92e3000-7f62b92e4000 rw-p 00009000 103:03 2273432                   /usr/lib/jvm/java-11-openjdk-amd64/lib/libzip.so
7f62b92e4000-7f62b92f2000 r--p 00000000 103:03 2273412                   /usr/lib/jvm/java-11-openjdk-amd64/lib/libjava.so
7f62b92f2000-7f62b9308000 r-xp 0000e000 103:03 2273412                   /usr/lib/jvm/java-11-openjdk-amd64/lib/libjava.so
7f62b9308000-7f62b930f000 r--p 00024000 103:03 2273412                   /usr/lib/jvm/java-11-openjdk-amd64/lib/libjava.so
7f62b930f000-7f62b9310000 r--p 0002a000 103:03 2273412                   /usr/lib/jvm/java-11-openjdk-amd64/lib/libjava.so
7f62b9310000-7f62b9311000 rw-p 0002b000 103:03 2273412                   /usr/lib/jvm/java-11-openjdk-amd64/lib/libjava.so
7f62b9311000-7f62b9312000 rw-p 00000000 00:00 0 
7f62b9312000-7f62b9314000 r--p 00000000 103:03 395360                    /usr/lib/x86_64-linux-gnu/librt-2.31.so
7f62b9314000-7f62b9318000 r-xp 00002000 103:03 395360                    /usr/lib/x86_64-linux-gnu/librt-2.31.so
7f62b9318000-7f62b931a000 r--p 00006000 103:03 395360                    /usr/lib/x86_64-linux-gnu/librt-2.31.so
7f62b931a000-7f62b931b000 r--p 00007000 103:03 395360                    /usr/lib/x86_64-linux-gnu/librt-2.31.so
7f62b931b000-7f62b931c000 rw-p 00008000 103:03 395360                    /usr/lib/x86_64-linux-gnu/librt-2.31.so
7f62b931c000-7f62b9320000 ---p 00000000 00:00 0 
7f62b9320000-7f62b941d000 rw-p 00000000 00:00 0 
7f62b941d000-7f62b9420000 r--p 00000000 103:03 395513                    /usr/lib/x86_64-linux-gnu/libgcc_s.so.1
7f62b9420000-7f62b9432000 r-xp 00003000 103:03 395513                    /usr/lib/x86_64-linux-gnu/libgcc_s.so.1
7f62b9432000-7f62b9436000 r--p 00015000 103:03 395513                    /usr/lib/x86_64-linux-gnu/libgcc_s.so.1
7f62b9436000-7f62b9437000 r--p 00018000 103:03 395513                    /usr/lib/x86_64-linux-gnu/libgcc_s.so.1
7f62b9437000-7f62b9438000 rw-p 00019000 103:03 395513                    /usr/lib/x86_64-linux-gnu/libgcc_s.so.1
7f62b9438000-7f62b9445000 r--p 00000000 103:03 393842                    /usr/lib/x86_64-linux-gnu/libm-2.31.so
7f62b9445000-7f62b94ec000 r-xp 0000d000 103:03 393842                    /usr/lib/x86_64-linux-gnu/libm-2.31.so
7f62b94ec000-7f62b9585000 r--p 000b4000 103:03 393842                    /usr/lib/x86_64-linux-gnu/libm-2.31.so
7f62b9585000-7f62b9586000 r--p 0014c000 103:03 393842                    /usr/lib/x86_64-linux-gnu/libm-2.31.so
7f62b9586000-7f62b9587000 rw-p 0014d000 103:03 393842                    /usr/lib/x86_64-linux-gnu/libm-2.31.so
7f62b9587000-7f62b961d000 r--p 00000000 103:03 394152                    /usr/lib/x86_64-linux-gnu/libstdc++.so.6.0.28
7f62b961d000-7f62b970e000 r-xp 00096000 103:03 394152                    /usr/lib/x86_64-linux-gnu/libstdc++.so.6.0.28
7f62b970e000-7f62b9757000 r--p 00187000 103:03 394152                    /usr/lib/x86_64-linux-gnu/libstdc++.so.6.0.28
7f62b9757000-7f62b9758000 ---p 001d0000 103:03 394152                    /usr/lib/x86_64-linux-gnu/libstdc++.so.6.0.28
7f62b9758000-7f62b9763000 r--p 001d0000 103:03 394152                    /usr/lib/x86_64-linux-gnu/libstdc++.so.6.0.28
7f62b9763000-7f62b9766000 rw-p 001db000 103:03 394152                    /usr/lib/x86_64-linux-gnu/libstdc++.so.6.0.28
7f62b9766000-7f62b9769000 rw-p 00000000 00:00 0 
7f62b9769000-7f62b99eb000 r--p 00000000 103:03 2273436                   /usr/lib/jvm/java-11-openjdk-amd64/lib/server/libjvm.so
7f62b99eb000-7f62ba67c000 r-xp 00282000 103:03 2273436                   /usr/lib/jvm/java-11-openjdk-amd64/lib/server/libjvm.so
7f62ba67c000-7f62ba8db000 r--p 00f13000 103:03 2273436                   /usr/lib/jvm/java-11-openjdk-amd64/lib/server/libjvm.so
7f62ba8db000-7f62ba99f000 r--p 01171000 103:03 2273436                   /usr/lib/jvm/java-11-openjdk-amd64/lib/server/libjvm.so
7f62ba99f000-7f62ba9da000 rw-p 01235000 103:03 2273436                   /usr/lib/jvm/java-11-openjdk-amd64/lib/server/libjvm.so
7f62ba9da000-7f62baa33000 rw-p 00000000 00:00 0 
7f62baa33000-7f62baa55000 r--p 00000000 103:03 393319                    /usr/lib/x86_64-linux-gnu/libc-2.31.so
7f62baa55000-7f62babcd000 r-xp 00022000 103:03 393319                    /usr/lib/x86_64-linux-gnu/libc-2.31.so
7f62babcd000-7f62bac1b000 r--p 0019a000 103:03 393319                    /usr/lib/x86_64-linux-gnu/libc-2.31.so
7f62bac1b000-7f62bac1f000 r--p 001e7000 103:03 393319                    /usr/lib/x86_64-linux-gnu/libc-2.31.so
7f62bac1f000-7f62bac21000 rw-p 001eb000 103:03 393319                    /usr/lib/x86_64-linux-gnu/libc-2.31.so
7f62bac21000-7f62bac25000 rw-p 00000000 00:00 0 
7f62bac25000-7f62bac26000 r--p 00000000 103:03 393432                    /usr/lib/x86_64-linux-gnu/libdl-2.31.so
7f62bac26000-7f62bac28000 r-xp 00001000 103:03 393432                    /usr/lib/x86_64-linux-gnu/libdl-2.31.so
7f62bac28000-7f62bac29000 r--p 00003000 103:03 393432                    /usr/lib/x86_64-linux-gnu/libdl-2.31.so
7f62bac29000-7f62bac2a000 r--p 00003000 103:03 393432                    /usr/lib/x86_64-linux-gnu/libdl-2.31.so
7f62bac2a000-7f62bac2b000 rw-p 00004000 103:03 393432                    /usr/lib/x86_64-linux-gnu/libdl-2.31.so
7f62bac2b000-7f62bac2e000 r--p 00000000 103:03 2273397                   /usr/lib/jvm/java-11-openjdk-amd64/lib/jli/libjli.so
7f62bac2e000-7f62bac38000 r-xp 00003000 103:03 2273397                   /usr/lib/jvm/java-11-openjdk-amd64/lib/jli/libjli.so
7f62bac38000-7f62bac3b000 r--p 0000d000 103:03 2273397                   /usr/lib/jvm/java-11-openjdk-amd64/lib/jli/libjli.so
7f62bac3b000-7f62bac3c000 ---p 00010000 103:03 2273397                   /usr/lib/jvm/java-11-openjdk-amd64/lib/jli/libjli.so
7f62bac3c000-7f62bac3d000 r--p 00010000 103:03 2273397                   /usr/lib/jvm/java-11-openjdk-amd64/lib/jli/libjli.so
7f62bac3d000-7f62bac3e000 rw-p 00011000 103:03 2273397                   /usr/lib/jvm/java-11-openjdk-amd64/lib/jli/libjli.so
7f62bac3e000-7f62bac44000 r--p 00000000 103:03 395358                    /usr/lib/x86_64-linux-gnu/libpthread-2.31.so
7f62bac44000-7f62bac55000 r-xp 00006000 103:03 395358                    /usr/lib/x86_64-linux-gnu/libpthread-2.31.so
7f62bac55000-7f62bac5b000 r--p 00017000 103:03 395358                    /usr/lib/x86_64-linux-gnu/libpthread-2.31.so
7f62bac5b000-7f62bac5c000 r--p 0001c000 103:03 395358                    /usr/lib/x86_64-linux-gnu/libpthread-2.31.so
7f62bac5c000-7f62bac5d000 rw-p 0001d000 103:03 395358                    /usr/lib/x86_64-linux-gnu/libpthread-2.31.so
7f62bac5d000-7f62bac61000 rw-p 00000000 00:00 0 
7f62bac61000-7f62bac63000 r--p 00000000 103:03 393419                    /usr/lib/x86_64-linux-gnu/libz.so.1.2.11
7f62bac63000-7f62bac74000 r-xp 00002000 103:03 393419                    /usr/lib/x86_64-linux-gnu/libz.so.1.2.11
7f62bac74000-7f62bac7a000 r--p 00013000 103:03 393419                    /usr/lib/x86_64-linux-gnu/libz.so.1.2.11
7f62bac7a000-7f62bac7b000 ---p 00019000 103:03 393419                    /usr/lib/x86_64-linux-gnu/libz.so.1.2.11
7f62bac7b000-7f62bac7c000 r--p 00019000 103:03 393419                    /usr/lib/x86_64-linux-gnu/libz.so.1.2.11
7f62bac7c000-7f62bac7d000 rw-p 0001a000 103:03 393419                    /usr/lib/x86_64-linux-gnu/libz.so.1.2.11
7f62bac7f000-7f62bac87000 rw-s 00000000 103:03 12714068                  /tmp/hsperfdata_eduardo/110224
7f62bac87000-7f62bac88000 ---p 00000000 00:00 0 
7f62bac88000-7f62bac89000 r--p 00000000 00:00 0 
7f62bac89000-7f62bac8b000 r--p 00000000 103:03 2273415                   /usr/lib/jvm/java-11-openjdk-amd64/lib/libjimage.so
7f62bac8b000-7f62bac8e000 r-xp 00002000 103:03 2273415                   /usr/lib/jvm/java-11-openjdk-amd64/lib/libjimage.so
7f62bac8e000-7f62bac8f000 r--p 00005000 103:03 2273415                   /usr/lib/jvm/java-11-openjdk-amd64/lib/libjimage.so
7f62bac8f000-7f62bac90000 ---p 00006000 103:03 2273415                   /usr/lib/jvm/java-11-openjdk-amd64/lib/libjimage.so
7f62bac90000-7f62bac91000 r--p 00006000 103:03 2273415                   /usr/lib/jvm/java-11-openjdk-amd64/lib/libjimage.so
7f62bac91000-7f62bac92000 rw-p 00007000 103:03 2273415                   /usr/lib/jvm/java-11-openjdk-amd64/lib/libjimage.so
7f62bac92000-7f62bac97000 r--p 00000000 103:03 2273431                   /usr/lib/jvm/java-11-openjdk-amd64/lib/libverify.so
7f62bac97000-7f62bac9e000 r-xp 00005000 103:03 2273431                   /usr/lib/jvm/java-11-openjdk-amd64/lib/libverify.so
7f62bac9e000-7f62baca0000 r--p 0000c000 103:03 2273431                   /usr/lib/jvm/java-11-openjdk-amd64/lib/libverify.so
7f62baca0000-7f62baca1000 ---p 0000e000 103:03 2273431                   /usr/lib/jvm/java-11-openjdk-amd64/lib/libverify.so
7f62baca1000-7f62baca3000 r--p 0000e000 103:03 2273431                   /usr/lib/jvm/java-11-openjdk-amd64/lib/libverify.so
7f62baca3000-7f62baca4000 rw-p 00010000 103:03 2273431                   /usr/lib/jvm/java-11-openjdk-amd64/lib/libverify.so
7f62baca4000-7f62baca6000 rw-p 00000000 00:00 0 
7f62baca6000-7f62baca7000 r--p 00000000 103:03 393292                    /usr/lib/x86_64-linux-gnu/ld-2.31.so
7f62baca7000-7f62bacca000 r-xp 00001000 103:03 393292                    /usr/lib/x86_64-linux-gnu/ld-2.31.so
7f62bacca000-7f62bacd2000 r--p 00024000 103:03 393292                    /usr/lib/x86_64-linux-gnu/ld-2.31.so
7f62bacd2000-7f62bacd3000 r--p 00000000 00:00 0 
7f62bacd3000-7f62bacd4000 r--p 0002c000 103:03 393292                    /usr/lib/x86_64-linux-gnu/ld-2.31.so
7f62bacd4000-7f62bacd5000 rw-p 0002d000 103:03 393292                    /usr/lib/x86_64-linux-gnu/ld-2.31.so
7f62bacd5000-7f62bacd6000 rw-p 00000000 00:00 0 
7fff7bb21000-7fff7bb42000 rw-p 00000000 00:00 0                          [stack]
7fff7bbe6000-7fff7bbea000 r--p 00000000 00:00 0                          [vvar]
7fff7bbea000-7fff7bbec000 r-xp 00000000 00:00 0                          [vdso]
ffffffffff600000-ffffffffff601000 --xp 00000000 00:00 0                  [vsyscall]


VM Arguments:
jvm_args: -Dfile.encoding=UTF-8 
java_command: loadCplus.ZXingBarcodeReader
java_class_path (initial): /home/eduardo/Documentos/Workspaces/Projetos/loadCplus/target/classes:/home/eduardo/.m2/repository/net/java/dev/jna/jna/5.13.0/jna-5.13.0.jar
Launcher Type: SUN_STANDARD

[Global flags]
     intx CICompilerCount                          = 4                                         {product} {ergonomic}
     uint ConcGCThreads                            = 2                                         {product} {ergonomic}
     uint G1ConcRefinementThreads                  = 8                                         {product} {ergonomic}
   size_t G1HeapRegionSize                         = 1048576                                   {product} {ergonomic}
    uintx GCDrainStackTargetSize                   = 64                                        {product} {ergonomic}
   size_t InitialHeapSize                          = 257949696                                 {product} {ergonomic}
   size_t MarkStackSize                            = 4194304                                   {product} {ergonomic}
   size_t MaxHeapSize                              = 4123000832                                {product} {ergonomic}
   size_t MaxNewSize                               = 2473590784                                {product} {ergonomic}
   size_t MinHeapDeltaBytes                        = 1048576                                   {product} {ergonomic}
    uintx NonNMethodCodeHeapSize                   = 5836300                                {pd product} {ergonomic}
    uintx NonProfiledCodeHeapSize                  = 122910970                              {pd product} {ergonomic}
    uintx ProfiledCodeHeapSize                     = 122910970                              {pd product} {ergonomic}
    uintx ReservedCodeCacheSize                    = 251658240                              {pd product} {ergonomic}
     bool SegmentedCodeCache                       = true                                      {product} {ergonomic}
     bool UseCompressedClassPointers               = true                                 {lp64_product} {ergonomic}
     bool UseCompressedOops                        = true                                 {lp64_product} {ergonomic}
     bool UseG1GC                                  = true                                      {product} {ergonomic}

Logging:
Log output configuration:
 #0: stdout all=warning uptime,level,tags
 #1: stderr all=off uptime,level,tags

Environment Variables:
JAVA_HOME=/usr/lib/jvm/java-11-openjdk-amd64/
JRE_HOME=/usr/lib/jvm/java-11-openjdk-amd64/bin/java/jre/
PATH=/home/eduardo/.local/bin:/usr/lib/jvm/jdk1.8.0_202/bin:/usr/local/sbin:/usr/local/bin:/usr/sbin:/usr/bin:/sbin:/bin:/usr/games:/usr/local/games:/snap/bin/usr/lib/jvm/jdk1.8.0_202/bin:/usr/lib/jvm/jdk1.8.0_202/db/bin:/usr/lib/jvm/jdk1.8.0_202/jre/bin:/snap/bin:/usr/lib/jvm/java-11-openjdk-amd64/bin
USERNAME=eduardo
SHELL=/usr/bin/zsh
DISPLAY=:0
LANG=pt_BR.UTF-8

Signal Handlers:
SIGSEGV: [libjvm.so+0xea02e0], sa_mask[0]=11111111011111111101111111111110, sa_flags=SA_RESTART|SA_SIGINFO
SIGBUS: [libjvm.so+0xea02e0], sa_mask[0]=11111111011111111101111111111110, sa_flags=SA_RESTART|SA_SIGINFO
SIGFPE: [libjvm.so+0xea02e0], sa_mask[0]=11111111011111111101111111111110, sa_flags=SA_RESTART|SA_SIGINFO
SIGPIPE: [libjvm.so+0xbe5be0], sa_mask[0]=11111111011111111101111111111110, sa_flags=SA_RESTART|SA_SIGINFO
SIGXFSZ: [libjvm.so+0xbe5be0], sa_mask[0]=11111111011111111101111111111110, sa_flags=SA_RESTART|SA_SIGINFO
SIGILL: [libjvm.so+0xea02e0], sa_mask[0]=11111111011111111101111111111110, sa_flags=SA_RESTART|SA_SIGINFO
SIGUSR2: [libjvm.so+0xbe5a80], sa_mask[0]=00100000000000000000000000000000, sa_flags=SA_RESTART|SA_SIGINFO
SIGHUP: [libjvm.so+0xbe6130], sa_mask[0]=11111111011111111101111111111110, sa_flags=SA_RESTART|SA_SIGINFO
SIGINT: [libjvm.so+0xbe6130], sa_mask[0]=11111111011111111101111111111110, sa_flags=SA_RESTART|SA_SIGINFO
SIGTERM: [libjvm.so+0xbe6130], sa_mask[0]=11111111011111111101111111111110, sa_flags=SA_RESTART|SA_SIGINFO
SIGQUIT: [libjvm.so+0xbe6130], sa_mask[0]=11111111011111111101111111111110, sa_flags=SA_RESTART|SA_SIGINFO


---------------  S Y S T E M  ---------------

OS:DISTRIB_ID=Ubuntu
DISTRIB_RELEASE=20.04
DISTRIB_CODENAME=focal
DISTRIB_DESCRIPTION="Ubuntu 20.04.6 LTS"
uname:Linux 5.15.0-87-generic #97~20.04.1-Ubuntu SMP Thu Oct 5 08:25:28 UTC 2023 x86_64
OS uptime: 0 days 9:20 hours
libc:glibc 2.31 NPTL 2.31 
rlimit (soft/hard): STACK 8192k/infinity , CORE 0k/infinity , NPROC 62439/62439 , NOFILE 1048576/1048576 , AS infinity/infinity , CPU infinity/infinity , DATA infinity/infinity , FSIZE infinity/infinity , MEMLOCK 65536k/65536k
load average:2,01 1,75 1,63

/proc/meminfo:
MemTotal:       16102516 kB
MemFree:         2805976 kB
MemAvailable:    6528948 kB
Buffers:          190496 kB
Cached:          5444196 kB
SwapCached:       233272 kB
Active:          3372132 kB
Inactive:        8033832 kB
Active(anon):    1715056 kB
Inactive(anon):  5806252 kB
Active(file):    1657076 kB
Inactive(file):  2227580 kB
Unevictable:     1096136 kB
Mlocked:             144 kB
SwapTotal:      10485752 kB
SwapFree:        7591160 kB
Dirty:             17072 kB
Writeback:             0 kB
AnonPages:       6762524 kB
Mapped:          1504596 kB
Shmem:           1755392 kB
KReclaimable:     180876 kB
Slab:             427524 kB
SReclaimable:     180876 kB
SUnreclaim:       246648 kB
KernelStack:       38548 kB
PageTables:       112780 kB
NFS_Unstable:          0 kB
Bounce:                0 kB
WritebackTmp:          0 kB
CommitLimit:    18537008 kB
Committed_AS:   30076592 kB
VmallocTotal:   34359738367 kB
VmallocUsed:       76636 kB
VmallocChunk:          0 kB
Percpu:            11584 kB
HardwareCorrupted:     0 kB
AnonHugePages:         0 kB
ShmemHugePages:        0 kB
ShmemPmdMapped:        0 kB
FileHugePages:         0 kB
FilePmdMapped:         0 kB
HugePages_Total:       0
HugePages_Free:        0
HugePages_Rsvd:        0
HugePages_Surp:        0
Hugepagesize:       2048 kB
Hugetlb:               0 kB
DirectMap4k:      722092 kB
DirectMap2M:    15783936 kB
DirectMap1G:     1048576 kB

/sys/kernel/mm/transparent_hugepage/enabled:
always [madvise] never
/sys/kernel/mm/transparent_hugepage/defrag (defrag/compaction efforts parameter):
always defer defer+madvise [madvise] never

Process Memory:
Virtual Size: 7122920K (peak: 15535056K)
Resident Set Size: 59044K (peak: 59976K) (anon: 28744K, file: 30300K, shmem: 0K)
Swapped out: 0K
C-Heap outstanding allocations: 25804K, retained: 2555K
glibc malloc tunables: (default)

/proc/sys/kernel/threads-max (system-wide limit on the number of threads):
124879
/proc/sys/vm/max_map_count (maximum number of memory map areas a process may have):
65530
/proc/sys/kernel/pid_max (system-wide limit on number of process identifiers):
4194304

container (cgroup) information:
container_type: cgroupv1
cpu_cpuset_cpus: 0-7
cpu_memory_nodes: 0
active_processor_count: 8
cpu_quota: no quota
cpu_period: 100000
cpu_shares: no shares
memory_limit_in_bytes: unlimited
memory_and_swap_limit_in_bytes: unlimited
memory_soft_limit_in_bytes: unlimited
memory_usage_in_bytes: 11594116 k
memory_max_usage_in_bytes: 15207036 k
kernel_memory_usage_in_bytes: 314524 k
kernel_memory_max_usage_in_bytes: unlimited
kernel_memory_limit_in_bytes: 405272 k
maximum number of tasks: unlimited
current number of tasks: 1932

Steal ticks since vm start: 0
Steal ticks percentage since vm start:  0,000

CPU:total 8 (initial active 8) (4 cores per cpu, 2 threads per core) family 6 model 140 stepping 1 microcode 0xac, cmov, cx8, fxsr, mmx, sse, sse2, sse3, ssse3, sse4.1, sse4.2, popcnt, avx, avx2, aes, clmul, erms, 3dnowpref, lzcnt, ht, tsc, tscinvbit, bmi1, bmi2, adx, evex, sha, fma
CPU Model and flags from /proc/cpuinfo:
model name	: 11th Gen Intel(R) Core(TM) i7-1165G7 @ 2.80GHz
flags		: fpu vme de pse tsc msr pae mce cx8 apic sep mtrr pge mca cmov pat pse36 clflush dts acpi mmx fxsr sse sse2 ss ht tm pbe syscall nx pdpe1gb rdtscp lm constant_tsc art arch_perfmon pebs bts rep_good nopl xtopology nonstop_tsc cpuid aperfmperf tsc_known_freq pni pclmulqdq dtes64 monitor ds_cpl vmx est tm2 ssse3 sdbg fma cx16 xtpr pdcm pcid sse4_1 sse4_2 x2apic movbe popcnt tsc_deadline_timer aes xsave avx f16c rdrand lahf_lm abm 3dnowprefetch cpuid_fault epb cat_l2 invpcid_single cdp_l2 ssbd ibrs ibpb stibp ibrs_enhanced tpr_shadow vnmi flexpriority ept vpid ept_ad fsgsbase tsc_adjust bmi1 avx2 smep bmi2 erms invpcid rdt_a avx512f avx512dq rdseed adx smap avx512ifma clflushopt clwb intel_pt avx512cd sha_ni avx512bw avx512vl xsaveopt xsavec xgetbv1 xsaves split_lock_detect dtherm ida arat pln pts hwp hwp_notify hwp_act_window hwp_epp hwp_pkg_req avx512vbmi umip pku ospke avx512_vbmi2 gfni vaes vpclmulqdq avx512_vnni avx512_bitalg avx512_vpopcntdq rdpid movdiri movdir64b fsrm avx512_vp2intersect md_clear flush_l1d arch_capabilities
Online cpus:
0-7
Offline cpus:

BIOS frequency limitation:
<Not Available>
Frequency switch latency (ns):
0
Available cpu frequencies:
<Not Available>
Current governor:
powersave
Core performance/turbo boost:
<Not Available>

Memory: 4k page, physical 16102516k(2805976k free), swap 10485752k(7591160k free)

vm_info: OpenJDK 64-Bit Server VM (11.0.20.1+1-post-Ubuntu-0ubuntu120.04) for linux-amd64 JRE (11.0.20.1+1-post-Ubuntu-0ubuntu120.04), built on Aug 24 2023 23:12:13 by "unknown" with gcc 9.4.0

END.
